CRITICAL - 2022-12-16 05:08:14 --> Undefined property: stdClass::$error
in APPPATH/Controllers/Main.php on line 240.
 1 APPPATH/Controllers/Main.php(240): CodeIgniter\Debug\Exceptions->errorHandler(8, 'Undefined property: stdClass::$error', 'APPPATH/Controllers/Main.php', 240, [...])
 2 SYSTEMPATH/CodeIgniter.php(927): App\Controllers\Main->checkout()
 3 SYSTEMPATH/CodeIgniter.php(482): CodeIgniter\CodeIgniter->runController(Object(App\Controllers\Main))
 4 SYSTEMPATH/CodeIgniter.php(351): CodeIgniter\CodeIgniter->handleRequest(null, Object(Config\Cache), false)
 5 FCPATH/index.php(67): CodeIgniter\CodeIgniter->run()
CRITICAL - 2022-12-16 05:09:35 --> Undefined property: stdClass::$error
in APPPATH/Controllers/Main.php on line 240.
 1 APPPATH/Controllers/Main.php(240): CodeIgniter\Debug\Exceptions->errorHandler(8, 'Undefined property: stdClass::$error', 'APPPATH/Controllers/Main.php', 240, [...])
 2 SYSTEMPATH/CodeIgniter.php(927): App\Controllers\Main->checkout()
 3 SYSTEMPATH/CodeIgniter.php(482): CodeIgniter\CodeIgniter->runController(Object(App\Controllers\Main))
 4 SYSTEMPATH/CodeIgniter.php(351): CodeIgniter\CodeIgniter->handleRequest(null, Object(Config\Cache), false)
 5 FCPATH/index.php(67): CodeIgniter\CodeIgniter->run()
CRITICAL - 2022-12-16 05:09:59 --> Undefined property: stdClass::$error
in APPPATH/Controllers/Main.php on line 240.
 1 APPPATH/Controllers/Main.php(240): CodeIgniter\Debug\Exceptions->errorHandler(8, 'Undefined property: stdClass::$error', 'APPPATH/Controllers/Main.php', 240, [...])
 2 SYSTEMPATH/CodeIgniter.php(927): App\Controllers\Main->checkout()
 3 SYSTEMPATH/CodeIgniter.php(482): CodeIgniter\CodeIgniter->runController(Object(App\Controllers\Main))
 4 SYSTEMPATH/CodeIgniter.php(351): CodeIgniter\CodeIgniter->handleRequest(null, Object(Config\Cache), false)
 5 FCPATH/index.php(67): CodeIgniter\CodeIgniter->run()
CRITICAL - 2022-12-16 06:06:46 --> Undefined property: App\Controllers\Main::$form_validation
in APPPATH/Controllers/Main.php on line 317.
 1 APPPATH/Controllers/Main.php(317): CodeIgniter\Debug\Exceptions->errorHandler(8, 'Undefined property: App\\Controllers\\Main::$form_validation', 'APPPATH/Controllers/Main.php', 317, [...])
 2 SYSTEMPATH/CodeIgniter.php(927): App\Controllers\Main->reset_password()
 3 SYSTEMPATH/CodeIgniter.php(482): CodeIgniter\CodeIgniter->runController(Object(App\Controllers\Main))
 4 SYSTEMPATH/CodeIgniter.php(351): CodeIgniter\CodeIgniter->handleRequest(null, Object(Config\Cache), false)
 5 FCPATH/index.php(67): CodeIgniter\CodeIgniter->run()
CRITICAL - 2022-12-16 06:06:52 --> Undefined property: App\Controllers\Main::$form_validation
in APPPATH/Controllers/Main.php on line 317.
 1 APPPATH/Controllers/Main.php(317): CodeIgniter\Debug\Exceptions->errorHandler(8, 'Undefined property: App\\Controllers\\Main::$form_validation', 'APPPATH/Controllers/Main.php', 317, [...])
 2 SYSTEMPATH/CodeIgniter.php(927): App\Controllers\Main->reset_password()
 3 SYSTEMPATH/CodeIgniter.php(482): CodeIgniter\CodeIgniter->runController(Object(App\Controllers\Main))
 4 SYSTEMPATH/CodeIgniter.php(351): CodeIgniter\CodeIgniter->handleRequest(null, Object(Config\Cache), false)
 5 FCPATH/index.php(67): CodeIgniter\CodeIgniter->run()
CRITICAL - 2022-12-16 06:06:55 --> Undefined property: App\Controllers\Main::$form_validation
in APPPATH/Controllers/Main.php on line 317.
 1 APPPATH/Controllers/Main.php(317): CodeIgniter\Debug\Exceptions->errorHandler(8, 'Undefined property: App\\Controllers\\Main::$form_validation', 'APPPATH/Controllers/Main.php', 317, [...])
 2 SYSTEMPATH/CodeIgniter.php(927): App\Controllers\Main->reset_password()
 3 SYSTEMPATH/CodeIgniter.php(482): CodeIgniter\CodeIgniter->runController(Object(App\Controllers\Main))
 4 SYSTEMPATH/CodeIgniter.php(351): CodeIgniter\CodeIgniter->handleRequest(null, Object(Config\Cache), false)
 5 FCPATH/index.php(67): CodeIgniter\CodeIgniter->run()
CRITICAL - 2022-12-16 06:10:53 --> Undefined property: App\Controllers\Main::$form_validation
in APPPATH/Controllers/Main.php on line 317.
 1 APPPATH/Controllers/Main.php(317): CodeIgniter\Debug\Exceptions->errorHandler(8, 'Undefined property: App\\Controllers\\Main::$form_validation', 'APPPATH/Controllers/Main.php', 317, [...])
 2 SYSTEMPATH/CodeIgniter.php(927): App\Controllers\Main->reset_password()
 3 SYSTEMPATH/CodeIgniter.php(482): CodeIgniter\CodeIgniter->runController(Object(App\Controllers\Main))
 4 SYSTEMPATH/CodeIgniter.php(351): CodeIgniter\CodeIgniter->handleRequest(null, Object(Config\Cache), false)
 5 FCPATH/index.php(67): CodeIgniter\CodeIgniter->run()
CRITICAL - 2022-12-16 06:11:16 --> Undefined property: App\Controllers\Main::$form_validation
in APPPATH/Controllers/Main.php on line 317.
 1 APPPATH/Controllers/Main.php(317): CodeIgniter\Debug\Exceptions->errorHandler(8, 'Undefined property: App\\Controllers\\Main::$form_validation', 'APPPATH/Controllers/Main.php', 317, [...])
 2 SYSTEMPATH/CodeIgniter.php(927): App\Controllers\Main->reset_password()
 3 SYSTEMPATH/CodeIgniter.php(482): CodeIgniter\CodeIgniter->runController(Object(App\Controllers\Main))
 4 SYSTEMPATH/CodeIgniter.php(351): CodeIgniter\CodeIgniter->handleRequest(null, Object(Config\Cache), false)
 5 FCPATH/index.php(67): CodeIgniter\CodeIgniter->run()
CRITICAL - 2022-12-16 06:21:38 --> Undefined property: App\Controllers\Main::$form_validation
in APPPATH/Controllers/Main.php on line 317.
 1 APPPATH/Controllers/Main.php(317): CodeIgniter\Debug\Exceptions->errorHandler(8, 'Undefined property: App\\Controllers\\Main::$form_validation', 'APPPATH/Controllers/Main.php', 317, [...])
 2 SYSTEMPATH/CodeIgniter.php(927): App\Controllers\Main->reset_password()
 3 SYSTEMPATH/CodeIgniter.php(482): CodeIgniter\CodeIgniter->runController(Object(App\Controllers\Main))
 4 SYSTEMPATH/CodeIgniter.php(351): CodeIgniter\CodeIgniter->handleRequest(null, Object(Config\Cache), false)
 5 FCPATH/index.php(67): CodeIgniter\CodeIgniter->run()
CRITICAL - 2022-12-16 06:22:11 --> Undefined property: App\Controllers\Main::$form_validation
in APPPATH/Controllers/Main.php on line 317.
 1 APPPATH/Controllers/Main.php(317): CodeIgniter\Debug\Exceptions->errorHandler(8, 'Undefined property: App\\Controllers\\Main::$form_validation', 'APPPATH/Controllers/Main.php', 317, [...])
 2 SYSTEMPATH/CodeIgniter.php(927): App\Controllers\Main->reset_password()
 3 SYSTEMPATH/CodeIgniter.php(482): CodeIgniter\CodeIgniter->runController(Object(App\Controllers\Main))
 4 SYSTEMPATH/CodeIgniter.php(351): CodeIgniter\CodeIgniter->handleRequest(null, Object(Config\Cache), false)
 5 FCPATH/index.php(67): CodeIgniter\CodeIgniter->run()
CRITICAL - 2022-12-16 06:22:15 --> Undefined property: App\Controllers\Main::$form_validation
in APPPATH/Controllers/Main.php on line 317.
 1 APPPATH/Controllers/Main.php(317): CodeIgniter\Debug\Exceptions->errorHandler(8, 'Undefined property: App\\Controllers\\Main::$form_validation', 'APPPATH/Controllers/Main.php', 317, [...])
 2 SYSTEMPATH/CodeIgniter.php(927): App\Controllers\Main->reset_password()
 3 SYSTEMPATH/CodeIgniter.php(482): CodeIgniter\CodeIgniter->runController(Object(App\Controllers\Main))
 4 SYSTEMPATH/CodeIgniter.php(351): CodeIgniter\CodeIgniter->handleRequest(null, Object(Config\Cache), false)
 5 FCPATH/index.php(67): CodeIgniter\CodeIgniter->run()
CRITICAL - 2022-12-16 06:22:16 --> Undefined property: App\Controllers\Main::$form_validation
in APPPATH/Controllers/Main.php on line 317.
 1 APPPATH/Controllers/Main.php(317): CodeIgniter\Debug\Exceptions->errorHandler(8, 'Undefined property: App\\Controllers\\Main::$form_validation', 'APPPATH/Controllers/Main.php', 317, [...])
 2 SYSTEMPATH/CodeIgniter.php(927): App\Controllers\Main->reset_password()
 3 SYSTEMPATH/CodeIgniter.php(482): CodeIgniter\CodeIgniter->runController(Object(App\Controllers\Main))
 4 SYSTEMPATH/CodeIgniter.php(351): CodeIgniter\CodeIgniter->handleRequest(null, Object(Config\Cache), false)
 5 FCPATH/index.php(67): CodeIgniter\CodeIgniter->run()
CRITICAL - 2022-12-16 06:22:17 --> Undefined property: App\Controllers\Main::$form_validation
in APPPATH/Controllers/Main.php on line 317.
 1 APPPATH/Controllers/Main.php(317): CodeIgniter\Debug\Exceptions->errorHandler(8, 'Undefined property: App\\Controllers\\Main::$form_validation', 'APPPATH/Controllers/Main.php', 317, [...])
 2 SYSTEMPATH/CodeIgniter.php(927): App\Controllers\Main->reset_password()
 3 SYSTEMPATH/CodeIgniter.php(482): CodeIgniter\CodeIgniter->runController(Object(App\Controllers\Main))
 4 SYSTEMPATH/CodeIgniter.php(351): CodeIgniter\CodeIgniter->handleRequest(null, Object(Config\Cache), false)
 5 FCPATH/index.php(67): CodeIgniter\CodeIgniter->run()
CRITICAL - 2022-12-16 06:22:21 --> Undefined property: App\Controllers\Main::$form_validation
in APPPATH/Controllers/Main.php on line 317.
 1 APPPATH/Controllers/Main.php(317): CodeIgniter\Debug\Exceptions->errorHandler(8, 'Undefined property: App\\Controllers\\Main::$form_validation', 'APPPATH/Controllers/Main.php', 317, [...])
 2 SYSTEMPATH/CodeIgniter.php(927): App\Controllers\Main->reset_password()
 3 SYSTEMPATH/CodeIgniter.php(482): CodeIgniter\CodeIgniter->runController(Object(App\Controllers\Main))
 4 SYSTEMPATH/CodeIgniter.php(351): CodeIgniter\CodeIgniter->handleRequest(null, Object(Config\Cache), false)
 5 FCPATH/index.php(67): CodeIgniter\CodeIgniter->run()
CRITICAL - 2022-12-16 06:22:32 --> Undefined variable: order_id
in APPPATH/Views/layouts/payment.php on line 32.
 1 APPPATH/Views/layouts/payment.php(32): CodeIgniter\Debug\Exceptions->errorHandler(8, 'Undefined variable: order_id', 'APPPATH/Views/layouts/payment.php', 32, [])
 2 SYSTEMPATH/View/View.php(213): include('APPPATH/Views/layouts/payment.php')
 3 SYSTEMPATH/View/View.php(216): CodeIgniter\View\View->CodeIgniter\View\{closure}()
 4 SYSTEMPATH/Common.php(1134): CodeIgniter\View\View->render('layouts/payment', [], true)
 5 APPPATH/Controllers/Main.php(261): view('layouts/payment')
 6 SYSTEMPATH/CodeIgniter.php(927): App\Controllers\Main->payment()
 7 SYSTEMPATH/CodeIgniter.php(482): CodeIgniter\CodeIgniter->runController(Object(App\Controllers\Main))
 8 SYSTEMPATH/CodeIgniter.php(351): CodeIgniter\CodeIgniter->handleRequest(null, Object(Config\Cache), false)
 9 FCPATH/index.php(67): CodeIgniter\CodeIgniter->run()
CRITICAL - 2022-12-16 06:25:20 --> Undefined property: stdClass::$status
in APPPATH/Controllers/Main.php on line 234.
 1 APPPATH/Controllers/Main.php(234): CodeIgniter\Debug\Exceptions->errorHandler(8, 'Undefined property: stdClass::$status', 'APPPATH/Controllers/Main.php', 234, [...])
 2 SYSTEMPATH/CodeIgniter.php(927): App\Controllers\Main->checkout()
 3 SYSTEMPATH/CodeIgniter.php(482): CodeIgniter\CodeIgniter->runController(Object(App\Controllers\Main))
 4 SYSTEMPATH/CodeIgniter.php(351): CodeIgniter\CodeIgniter->handleRequest(null, Object(Config\Cache), false)
 5 FCPATH/index.php(67): CodeIgniter\CodeIgniter->run()
CRITICAL - 2022-12-16 06:44:20 --> Undefined property: stdClass::$status
in APPPATH/Controllers/Main.php on line 234.
 1 APPPATH/Controllers/Main.php(234): CodeIgniter\Debug\Exceptions->errorHandler(8, 'Undefined property: stdClass::$status', 'APPPATH/Controllers/Main.php', 234, [...])
 2 SYSTEMPATH/CodeIgniter.php(927): App\Controllers\Main->checkout()
 3 SYSTEMPATH/CodeIgniter.php(482): CodeIgniter\CodeIgniter->runController(Object(App\Controllers\Main))
 4 SYSTEMPATH/CodeIgniter.php(351): CodeIgniter\CodeIgniter->handleRequest(null, Object(Config\Cache), false)
 5 FCPATH/index.php(67): CodeIgniter\CodeIgniter->run()
CRITICAL - 2022-12-16 06:51:00 --> Undefined property: stdClass::$status
in APPPATH/Controllers/Main.php on line 234.
 1 APPPATH/Controllers/Main.php(234): CodeIgniter\Debug\Exceptions->errorHandler(8, 'Undefined property: stdClass::$status', 'APPPATH/Controllers/Main.php', 234, [...])
 2 SYSTEMPATH/CodeIgniter.php(927): App\Controllers\Main->checkout()
 3 SYSTEMPATH/CodeIgniter.php(482): CodeIgniter\CodeIgniter->runController(Object(App\Controllers\Main))
 4 SYSTEMPATH/CodeIgniter.php(351): CodeIgniter\CodeIgniter->handleRequest(null, Object(Config\Cache), false)
 5 FCPATH/index.php(67): CodeIgniter\CodeIgniter->run()
CRITICAL - 2022-12-16 06:55:15 --> Undefined index: first_name
in APPPATH/Controllers/Main.php on line 200.
 1 APPPATH/Controllers/Main.php(200): CodeIgniter\Debug\Exceptions->errorHandler(8, 'Undefined index: first_name', 'APPPATH/Controllers/Main.php', 200, [...])
 2 SYSTEMPATH/CodeIgniter.php(927): App\Controllers\Main->checkout()
 3 SYSTEMPATH/CodeIgniter.php(482): CodeIgniter\CodeIgniter->runController(Object(App\Controllers\Main))
 4 SYSTEMPATH/CodeIgniter.php(351): CodeIgniter\CodeIgniter->handleRequest(null, Object(Config\Cache), false)
 5 FCPATH/index.php(67): CodeIgniter\CodeIgniter->run()
CRITICAL - 2022-12-16 07:11:28 --> Undefined property: stdClass::$status
in APPPATH/Controllers/Main.php on line 234.
 1 APPPATH/Controllers/Main.php(234): CodeIgniter\Debug\Exceptions->errorHandler(8, 'Undefined property: stdClass::$status', 'APPPATH/Controllers/Main.php', 234, [...])
 2 SYSTEMPATH/CodeIgniter.php(927): App\Controllers\Main->checkout()
 3 SYSTEMPATH/CodeIgniter.php(482): CodeIgniter\CodeIgniter->runController(Object(App\Controllers\Main))
 4 SYSTEMPATH/CodeIgniter.php(351): CodeIgniter\CodeIgniter->handleRequest(null, Object(Config\Cache), false)
 5 FCPATH/index.php(67): CodeIgniter\CodeIgniter->run()
CRITICAL - 2022-12-16 07:13:12 --> Undefined property: stdClass::$status
in APPPATH/Controllers/Main.php on line 234.
 1 APPPATH/Controllers/Main.php(234): CodeIgniter\Debug\Exceptions->errorHandler(8, 'Undefined property: stdClass::$status', 'APPPATH/Controllers/Main.php', 234, [...])
 2 SYSTEMPATH/CodeIgniter.php(927): App\Controllers\Main->checkout()
 3 SYSTEMPATH/CodeIgniter.php(482): CodeIgniter\CodeIgniter->runController(Object(App\Controllers\Main))
 4 SYSTEMPATH/CodeIgniter.php(351): CodeIgniter\CodeIgniter->handleRequest(null, Object(Config\Cache), false)
 5 FCPATH/index.php(67): CodeIgniter\CodeIgniter->run()
CRITICAL - 2022-12-16 07:15:08 --> Undefined index: first_name
in APPPATH/Controllers/Main.php on line 200.
 1 APPPATH/Controllers/Main.php(200): CodeIgniter\Debug\Exceptions->errorHandler(8, 'Undefined index: first_name', 'APPPATH/Controllers/Main.php', 200, [...])
 2 SYSTEMPATH/CodeIgniter.php(927): App\Controllers\Main->checkout()
 3 SYSTEMPATH/CodeIgniter.php(482): CodeIgniter\CodeIgniter->runController(Object(App\Controllers\Main))
 4 SYSTEMPATH/CodeIgniter.php(351): CodeIgniter\CodeIgniter->handleRequest(null, Object(Config\Cache), false)
 5 FCPATH/index.php(67): CodeIgniter\CodeIgniter->run()
CRITICAL - 2022-12-16 07:16:29 --> Undefined index: first_name
in APPPATH/Controllers/Main.php on line 200.
 1 APPPATH/Controllers/Main.php(200): CodeIgniter\Debug\Exceptions->errorHandler(8, 'Undefined index: first_name', 'APPPATH/Controllers/Main.php', 200, [...])
 2 SYSTEMPATH/CodeIgniter.php(927): App\Controllers\Main->checkout()
 3 SYSTEMPATH/CodeIgniter.php(482): CodeIgniter\CodeIgniter->runController(Object(App\Controllers\Main))
 4 SYSTEMPATH/CodeIgniter.php(351): CodeIgniter\CodeIgniter->handleRequest(null, Object(Config\Cache), false)
 5 FCPATH/index.php(67): CodeIgniter\CodeIgniter->run()
CRITICAL - 2022-12-16 07:18:32 --> Undefined index: first_name
in APPPATH/Controllers/Main.php on line 200.
 1 APPPATH/Controllers/Main.php(200): CodeIgniter\Debug\Exceptions->errorHandler(8, 'Undefined index: first_name', 'APPPATH/Controllers/Main.php', 200, [...])
 2 SYSTEMPATH/CodeIgniter.php(927): App\Controllers\Main->checkout()
 3 SYSTEMPATH/CodeIgniter.php(482): CodeIgniter\CodeIgniter->runController(Object(App\Controllers\Main))
 4 SYSTEMPATH/CodeIgniter.php(351): CodeIgniter\CodeIgniter->handleRequest(null, Object(Config\Cache), false)
 5 FCPATH/index.php(67): CodeIgniter\CodeIgniter->run()
CRITICAL - 2022-12-16 07:22:20 --> Undefined variable: order_id
in APPPATH/Views/layouts/order_rcvd.php on line 24.
 1 APPPATH/Views/layouts/order_rcvd.php(24): CodeIgniter\Debug\Exceptions->errorHandler(8, 'Undefined variable: order_id', 'APPPATH/Views/layouts/order_rcvd.php', 24, [])
 2 SYSTEMPATH/View/View.php(213): include('APPPATH/Views/layouts/order_rcvd.php')
 3 SYSTEMPATH/View/View.php(216): CodeIgniter\View\View->CodeIgniter\View\{closure}()
 4 SYSTEMPATH/Common.php(1134): CodeIgniter\View\View->render('layouts/order_rcvd', [], true)
 5 APPPATH/Controllers/Main.php(258): view('layouts/order_rcvd')
 6 APPPATH/Controllers/Main.php(238): App\Controllers\Main->payment()
 7 SYSTEMPATH/CodeIgniter.php(927): App\Controllers\Main->checkout()
 8 SYSTEMPATH/CodeIgniter.php(482): CodeIgniter\CodeIgniter->runController(Object(App\Controllers\Main))
 9 SYSTEMPATH/CodeIgniter.php(351): CodeIgniter\CodeIgniter->handleRequest(null, Object(Config\Cache), false)
10 FCPATH/index.php(67): CodeIgniter\CodeIgniter->run()
CRITICAL - 2022-12-16 07:23:51 --> Undefined variable: order_id
in APPPATH/Views/layouts/order_rcvd.php on line 24.
 1 APPPATH/Views/layouts/order_rcvd.php(24): CodeIgniter\Debug\Exceptions->errorHandler(8, 'Undefined variable: order_id', 'APPPATH/Views/layouts/order_rcvd.php', 24, [])
 2 SYSTEMPATH/View/View.php(213): include('APPPATH/Views/layouts/order_rcvd.php')
 3 SYSTEMPATH/View/View.php(216): CodeIgniter\View\View->CodeIgniter\View\{closure}()
 4 SYSTEMPATH/Common.php(1134): CodeIgniter\View\View->render('layouts/order_rcvd', [], true)
 5 APPPATH/Controllers/Main.php(258): view('layouts/order_rcvd')
 6 APPPATH/Controllers/Main.php(238): App\Controllers\Main->payment()
 7 SYSTEMPATH/CodeIgniter.php(927): App\Controllers\Main->checkout()
 8 SYSTEMPATH/CodeIgniter.php(482): CodeIgniter\CodeIgniter->runController(Object(App\Controllers\Main))
 9 SYSTEMPATH/CodeIgniter.php(351): CodeIgniter\CodeIgniter->handleRequest(null, Object(Config\Cache), false)
10 FCPATH/index.php(67): CodeIgniter\CodeIgniter->run()
CRITICAL - 2022-12-16 07:27:17 --> Undefined variable: order_id
in APPPATH/Views/layouts/order_rcvd.php on line 24.
 1 APPPATH/Views/layouts/order_rcvd.php(24): CodeIgniter\Debug\Exceptions->errorHandler(8, 'Undefined variable: order_id', 'APPPATH/Views/layouts/order_rcvd.php', 24, [])
 2 SYSTEMPATH/View/View.php(213): include('APPPATH/Views/layouts/order_rcvd.php')
 3 SYSTEMPATH/View/View.php(216): CodeIgniter\View\View->CodeIgniter\View\{closure}()
 4 SYSTEMPATH/Common.php(1134): CodeIgniter\View\View->render('layouts/order_rcvd', [], true)
 5 APPPATH/Controllers/Main.php(259): view('layouts/order_rcvd')
 6 APPPATH/Controllers/Main.php(238): App\Controllers\Main->payment(21)
 7 SYSTEMPATH/CodeIgniter.php(927): App\Controllers\Main->checkout()
 8 SYSTEMPATH/CodeIgniter.php(482): CodeIgniter\CodeIgniter->runController(Object(App\Controllers\Main))
 9 SYSTEMPATH/CodeIgniter.php(351): CodeIgniter\CodeIgniter->handleRequest(null, Object(Config\Cache), false)
10 FCPATH/index.php(67): CodeIgniter\CodeIgniter->run()
