CRITICAL - 2022-11-21 00:11:05 --> Invalid file: index.php
in SYSTEMPATH\Exceptions\FrameworkException.php on line 33.
 1 SYSTEMPATH\View\View.php(201): CodeIgniter\Exceptions\FrameworkException::forInvalidFile('FCPATH\\index.php')
 2 SYSTEMPATH\Common.php(1134): CodeIgniter\View\View->render('index', [], true)
 3 APPPATH\Controllers\Main.php(19): view('index', [])
 4 SYSTEMPATH\CodeIgniter.php(927): App\Controllers\Main->index()
 5 SYSTEMPATH\CodeIgniter.php(482): CodeIgniter\CodeIgniter->runController(Object(App\Controllers\Main))
 6 SYSTEMPATH\CodeIgniter.php(351): CodeIgniter\CodeIgniter->handleRequest(null, Object(Config\Cache), false)
 7 FCPATH\index.php(67): CodeIgniter\CodeIgniter->run()
 8 SYSTEMPATH\Commands\Server\rewrite.php(46): require_once('FCPATH\\index.php')
CRITICAL - 2022-11-21 00:16:21 --> Invalid file: <layout/index.php
in SYSTEMPATH\Exceptions\FrameworkException.php on line 33.
 1 SYSTEMPATH\View\View.php(201): CodeIgniter\Exceptions\FrameworkException::forInvalidFile('<layout/index.php')
 2 SYSTEMPATH\Common.php(1134): CodeIgniter\View\View->render('<layout/index', [], true)
 3 APPPATH\Controllers\Main.php(19): view('<layout/index')
 4 SYSTEMPATH\CodeIgniter.php(927): App\Controllers\Main->index()
 5 SYSTEMPATH\CodeIgniter.php(482): CodeIgniter\CodeIgniter->runController(Object(App\Controllers\Main))
 6 SYSTEMPATH\CodeIgniter.php(351): CodeIgniter\CodeIgniter->handleRequest(null, Object(Config\Cache), false)
 7 FCPATH\index.php(67): CodeIgniter\CodeIgniter->run()
 8 SYSTEMPATH\Commands\Server\rewrite.php(46): require_once('FCPATH\\index.php')
CRITICAL - 2022-11-21 00:16:48 --> Invalid file: layouts/app.php
in SYSTEMPATH\Exceptions\FrameworkException.php on line 33.
 1 SYSTEMPATH\View\View.php(201): CodeIgniter\Exceptions\FrameworkException::forInvalidFile('layouts/app.php')
 2 SYSTEMPATH\View\View.php(229): CodeIgniter\View\View->render('layouts/app', [], true)
 3 SYSTEMPATH\Common.php(1134): CodeIgniter\View\View->render('layout/index', [], true)
 4 APPPATH\Controllers\Main.php(19): view('layout/index')
 5 SYSTEMPATH\CodeIgniter.php(927): App\Controllers\Main->index()
 6 SYSTEMPATH\CodeIgniter.php(482): CodeIgniter\CodeIgniter->runController(Object(App\Controllers\Main))
 7 SYSTEMPATH\CodeIgniter.php(351): CodeIgniter\CodeIgniter->handleRequest(null, Object(Config\Cache), false)
 8 FCPATH\index.php(67): CodeIgniter\CodeIgniter->run()
 9 SYSTEMPATH\Commands\Server\rewrite.php(46): require_once('FCPATH\\index.php')
CRITICAL - 2022-11-21 00:18:12 --> Invalid file: layout/index.php
in SYSTEMPATH\Exceptions\FrameworkException.php on line 33.
 1 SYSTEMPATH\View\View.php(201): CodeIgniter\Exceptions\FrameworkException::forInvalidFile('layout/index.php')
 2 SYSTEMPATH\Common.php(1134): CodeIgniter\View\View->render('layout/index', [], true)
 3 APPPATH\Controllers\Main.php(19): view('layout/index')
 4 SYSTEMPATH\CodeIgniter.php(927): App\Controllers\Main->index()
 5 SYSTEMPATH\CodeIgniter.php(482): CodeIgniter\CodeIgniter->runController(Object(App\Controllers\Main))
 6 SYSTEMPATH\CodeIgniter.php(351): CodeIgniter\CodeIgniter->handleRequest(null, Object(Config\Cache), false)
 7 FCPATH\index.php(67): CodeIgniter\CodeIgniter->run()
 8 SYSTEMPATH\Commands\Server\rewrite.php(46): require_once('FCPATH\\index.php')
