CRITICAL - 2023-03-06 13:00:02 --> Your card was declined. Your request was in test mode, but used a non test (live) card. For a list of valid test cards, visit: https://stripe.com/docs/testing.
in APPPATH/Libraries/stripe/stripe-php/lib/Exception/ApiErrorException.php on line 38.
 1 APPPATH/Libraries/stripe/stripe-php/lib/Exception/CardException.php(38): Stripe\Exception\ApiErrorException::factory('Your card was declined. Your request was in test mode, but used a non test (live) card. For a list of valid test cards, visit: https://stripe.com/docs/testing.', 402, '{
  "error": {
    "charge": "ch_3MijGQHksjqOOL270LGDr4wJ",
    "code": "card_declined",
    "decline_code": "test_mode_live_card",
    "doc_url": "https://stripe.com/docs/error-codes/card-declined",
    "message": "Your card was declined. Your request was in test mode, but used a non test (live) card. For a list of valid test cards, visit: https://stripe.com/docs/testing.",
    "request_log_url": "https://dashboard.stripe.com/test/logs/req_F6gqohlkIZudPN?t=1678129201",
    "type": "card_error"
  }
}
', [...], Object(Stripe\Util\CaseInsensitiveArray), 'card_declined')
 2 APPPATH/Libraries/stripe/stripe-php/lib/ApiRequestor.php(219): Stripe\Exception\CardException::factory('Your card was declined. Your request was in test mode, but used a non test (live) card. For a list of valid test cards, visit: https://stripe.com/docs/testing.', 402, '{
  "error": {
    "charge": "ch_3MijGQHksjqOOL270LGDr4wJ",
    "code": "card_declined",
    "decline_code": "test_mode_live_card",
    "doc_url": "https://stripe.com/docs/error-codes/card-declined",
    "message": "Your card was declined. Your request was in test mode, but used a non test (live) card. For a list of valid test cards, visit: https://stripe.com/docs/testing.",
    "request_log_url": "https://dashboard.stripe.com/test/logs/req_F6gqohlkIZudPN?t=1678129201",
    "type": "card_error"
  }
}
', [...], Object(Stripe\Util\CaseInsensitiveArray), 'card_declined', 'test_mode_live_card', null)
 3 APPPATH/Libraries/stripe/stripe-php/lib/ApiRequestor.php(175): Stripe\ApiRequestor::_specificAPIError('{
  "error": {
    "charge": "ch_3MijGQHksjqOOL270LGDr4wJ",
    "code": "card_declined",
    "decline_code": "test_mode_live_card",
    "doc_url": "https://stripe.com/docs/error-codes/card-declined",
    "message": "Your card was declined. Your request was in test mode, but used a non test (live) card. For a list of valid test cards, visit: https://stripe.com/docs/testing.",
    "request_log_url": "https://dashboard.stripe.com/test/logs/req_F6gqohlkIZudPN?t=1678129201",
    "type": "card_error"
  }
}
', 402, Object(Stripe\Util\CaseInsensitiveArray), [...], [...])
 4 APPPATH/Libraries/stripe/stripe-php/lib/ApiRequestor.php(558): Stripe\ApiRequestor->handleErrorResponse('{
  "error": {
    "charge": "ch_3MijGQHksjqOOL270LGDr4wJ",
    "code": "card_declined",
    "decline_code": "test_mode_live_card",
    "doc_url": "https://stripe.com/docs/error-codes/card-declined",
    "message": "Your card was declined. Your request was in test mode, but used a non test (live) card. For a list of valid test cards, visit: https://stripe.com/docs/testing.",
    "request_log_url": "https://dashboard.stripe.com/test/logs/req_F6gqohlkIZudPN?t=1678129201",
    "type": "card_error"
  }
}
', 402, Object(Stripe\Util\CaseInsensitiveArray), [...])
 5 APPPATH/Libraries/stripe/stripe-php/lib/ApiRequestor.php(124): Stripe\ApiRequestor->_interpretResponse('{
  "error": {
    "charge": "ch_3MijGQHksjqOOL270LGDr4wJ",
    "code": "card_declined",
    "decline_code": "test_mode_live_card",
    "doc_url": "https://stripe.com/docs/error-codes/card-declined",
    "message": "Your card was declined. Your request was in test mode, but used a non test (live) card. For a list of valid test cards, visit: https://stripe.com/docs/testing.",
    "request_log_url": "https://dashboard.stripe.com/test/logs/req_F6gqohlkIZudPN?t=1678129201",
    "type": "card_error"
  }
}
', 402, Object(Stripe\Util\CaseInsensitiveArray))
 6 APPPATH/Libraries/stripe/stripe-php/lib/ApiOperations/Request.php(78): Stripe\ApiRequestor->request('post', '/v1/charges', [...], [])
 7 APPPATH/Libraries/stripe/stripe-php/lib/ApiOperations/Create.php(25): Stripe\ApiResource::_staticRequest('post', '/v1/charges', [...], null)
 8 APPPATH/Controllers/Main.php(442): Stripe\Charge::create([...])
 9 SYSTEMPATH/CodeIgniter.php(927): App\Controllers\Main->order_rcvd()
10 SYSTEMPATH/CodeIgniter.php(482): CodeIgniter\CodeIgniter->runController(Object(App\Controllers\Main))
11 SYSTEMPATH/CodeIgniter.php(351): CodeIgniter\CodeIgniter->handleRequest(null, Object(Config\Cache), false)
12 FCPATH/index.php(67): CodeIgniter\CodeIgniter->run()
