CRITICAL - 2023-02-16 00:05:48 --> Undefined variable: container1
in APPPATH/Views/layouts/slimecontainer.php on line 73.
 1 APPPATH/Views/layouts/slimecontainer.php(73): CodeIgniter\Debug\Exceptions->errorHandler(8, 'Undefined variable: container1', 'APPPATH/Views/layouts/slimecontainer.php', 73, [...])
 2 SYSTEMPATH/View/View.php(213): include('APPPATH/Views/layouts/slimecontainer.php')
 3 SYSTEMPATH/View/View.php(216): CodeIgniter\View\View->CodeIgniter\View\{closure}()
 4 SYSTEMPATH/Common.php(1134): CodeIgniter\View\View->render('layouts/slimecontainer', [], true)
 5 APPPATH/Controllers/Main.php(109): view('layouts/slimecontainer', [...])
 6 SYSTEMPATH/CodeIgniter.php(927): App\Controllers\Main->slimecontainer()
 7 SYSTEMPATH/CodeIgniter.php(482): CodeIgniter\CodeIgniter->runController(Object(App\Controllers\Main))
 8 SYSTEMPATH/CodeIgniter.php(351): CodeIgniter\CodeIgniter->handleRequest(null, Object(Config\Cache), false)
 9 FCPATH/index.php(67): CodeIgniter\CodeIgniter->run()
CRITICAL - 2023-02-16 00:17:39 --> Undefined variable: container1
in APPPATH/Views/layouts/slimecontainer.php on line 73.
 1 APPPATH/Views/layouts/slimecontainer.php(73): CodeIgniter\Debug\Exceptions->errorHandler(8, 'Undefined variable: container1', 'APPPATH/Views/layouts/slimecontainer.php', 73, [...])
 2 SYSTEMPATH/View/View.php(213): include('APPPATH/Views/layouts/slimecontainer.php')
 3 SYSTEMPATH/View/View.php(216): CodeIgniter\View\View->CodeIgniter\View\{closure}()
 4 SYSTEMPATH/Common.php(1134): CodeIgniter\View\View->render('layouts/slimecontainer', [], true)
 5 APPPATH/Controllers/Main.php(109): view('layouts/slimecontainer', [...])
 6 SYSTEMPATH/CodeIgniter.php(927): App\Controllers\Main->slimecontainer()
 7 SYSTEMPATH/CodeIgniter.php(482): CodeIgniter\CodeIgniter->runController(Object(App\Controllers\Main))
 8 SYSTEMPATH/CodeIgniter.php(351): CodeIgniter\CodeIgniter->handleRequest(null, Object(Config\Cache), false)
 9 FCPATH/index.php(67): CodeIgniter\CodeIgniter->run()
CRITICAL - 2023-02-16 00:17:44 --> Undefined variable: container1
in APPPATH/Views/layouts/slimecontainer.php on line 73.
 1 APPPATH/Views/layouts/slimecontainer.php(73): CodeIgniter\Debug\Exceptions->errorHandler(8, 'Undefined variable: container1', 'APPPATH/Views/layouts/slimecontainer.php', 73, [...])
 2 SYSTEMPATH/View/View.php(213): include('APPPATH/Views/layouts/slimecontainer.php')
 3 SYSTEMPATH/View/View.php(216): CodeIgniter\View\View->CodeIgniter\View\{closure}()
 4 SYSTEMPATH/Common.php(1134): CodeIgniter\View\View->render('layouts/slimecontainer', [], true)
 5 APPPATH/Controllers/Main.php(109): view('layouts/slimecontainer', [...])
 6 SYSTEMPATH/CodeIgniter.php(927): App\Controllers\Main->slimecontainer()
 7 SYSTEMPATH/CodeIgniter.php(482): CodeIgniter\CodeIgniter->runController(Object(App\Controllers\Main))
 8 SYSTEMPATH/CodeIgniter.php(351): CodeIgniter\CodeIgniter->handleRequest(null, Object(Config\Cache), false)
 9 FCPATH/index.php(67): CodeIgniter\CodeIgniter->run()
CRITICAL - 2023-02-16 00:17:51 --> Undefined variable: container1
in APPPATH/Views/layouts/slimecontainer.php on line 73.
 1 APPPATH/Views/layouts/slimecontainer.php(73): CodeIgniter\Debug\Exceptions->errorHandler(8, 'Undefined variable: container1', 'APPPATH/Views/layouts/slimecontainer.php', 73, [...])
 2 SYSTEMPATH/View/View.php(213): include('APPPATH/Views/layouts/slimecontainer.php')
 3 SYSTEMPATH/View/View.php(216): CodeIgniter\View\View->CodeIgniter\View\{closure}()
 4 SYSTEMPATH/Common.php(1134): CodeIgniter\View\View->render('layouts/slimecontainer', [], true)
 5 APPPATH/Controllers/Main.php(109): view('layouts/slimecontainer', [...])
 6 SYSTEMPATH/CodeIgniter.php(927): App\Controllers\Main->slimecontainer()
 7 SYSTEMPATH/CodeIgniter.php(482): CodeIgniter\CodeIgniter->runController(Object(App\Controllers\Main))
 8 SYSTEMPATH/CodeIgniter.php(351): CodeIgniter\CodeIgniter->handleRequest(null, Object(Config\Cache), false)
 9 FCPATH/index.php(67): CodeIgniter\CodeIgniter->run()
CRITICAL - 2023-02-16 00:18:40 --> Undefined variable: container1
in APPPATH/Views/layouts/slimecontainer.php on line 73.
 1 APPPATH/Views/layouts/slimecontainer.php(73): CodeIgniter\Debug\Exceptions->errorHandler(8, 'Undefined variable: container1', 'APPPATH/Views/layouts/slimecontainer.php', 73, [...])
 2 SYSTEMPATH/View/View.php(213): include('APPPATH/Views/layouts/slimecontainer.php')
 3 SYSTEMPATH/View/View.php(216): CodeIgniter\View\View->CodeIgniter\View\{closure}()
 4 SYSTEMPATH/Common.php(1134): CodeIgniter\View\View->render('layouts/slimecontainer', [], true)
 5 APPPATH/Controllers/Main.php(110): view('layouts/slimecontainer', [...])
 6 SYSTEMPATH/CodeIgniter.php(927): App\Controllers\Main->slimecontainer()
 7 SYSTEMPATH/CodeIgniter.php(482): CodeIgniter\CodeIgniter->runController(Object(App\Controllers\Main))
 8 SYSTEMPATH/CodeIgniter.php(351): CodeIgniter\CodeIgniter->handleRequest(null, Object(Config\Cache), false)
 9 FCPATH/index.php(67): CodeIgniter\CodeIgniter->run()
CRITICAL - 2023-02-16 00:18:44 --> Undefined variable: container5
in APPPATH/Views/layouts/slimecontainer.php on line 79.
 1 APPPATH/Views/layouts/slimecontainer.php(79): CodeIgniter\Debug\Exceptions->errorHandler(8, 'Undefined variable: container5', 'APPPATH/Views/layouts/slimecontainer.php', 79, [...])
 2 SYSTEMPATH/View/View.php(213): include('APPPATH/Views/layouts/slimecontainer.php')
 3 SYSTEMPATH/View/View.php(216): CodeIgniter\View\View->CodeIgniter\View\{closure}()
 4 SYSTEMPATH/Common.php(1134): CodeIgniter\View\View->render('layouts/slimecontainer', [], true)
 5 APPPATH/Controllers/Main.php(110): view('layouts/slimecontainer', [...])
 6 SYSTEMPATH/CodeIgniter.php(927): App\Controllers\Main->slimecontainer()
 7 SYSTEMPATH/CodeIgniter.php(482): CodeIgniter\CodeIgniter->runController(Object(App\Controllers\Main))
 8 SYSTEMPATH/CodeIgniter.php(351): CodeIgniter\CodeIgniter->handleRequest(null, Object(Config\Cache), false)
 9 FCPATH/index.php(67): CodeIgniter\CodeIgniter->run()
CRITICAL - 2023-02-16 00:21:01 --> Undefined variable: container1
in APPPATH/Views/layouts/slimecontainer.php on line 88.
 1 APPPATH/Views/layouts/slimecontainer.php(88): CodeIgniter\Debug\Exceptions->errorHandler(8, 'Undefined variable: container1', 'APPPATH/Views/layouts/slimecontainer.php', 88, [...])
 2 SYSTEMPATH/View/View.php(213): include('APPPATH/Views/layouts/slimecontainer.php')
 3 SYSTEMPATH/View/View.php(216): CodeIgniter\View\View->CodeIgniter\View\{closure}()
 4 SYSTEMPATH/Common.php(1134): CodeIgniter\View\View->render('layouts/slimecontainer', [], true)
 5 APPPATH/Controllers/Main.php(110): view('layouts/slimecontainer', [...])
 6 SYSTEMPATH/CodeIgniter.php(927): App\Controllers\Main->slimecontainer()
 7 SYSTEMPATH/CodeIgniter.php(482): CodeIgniter\CodeIgniter->runController(Object(App\Controllers\Main))
 8 SYSTEMPATH/CodeIgniter.php(351): CodeIgniter\CodeIgniter->handleRequest(null, Object(Config\Cache), false)
 9 FCPATH/index.php(67): CodeIgniter\CodeIgniter->run()
CRITICAL - 2023-02-16 00:21:37 --> Undefined variable: container1
in APPPATH/Views/layouts/slimecontainer.php on line 88.
 1 APPPATH/Views/layouts/slimecontainer.php(88): CodeIgniter\Debug\Exceptions->errorHandler(8, 'Undefined variable: container1', 'APPPATH/Views/layouts/slimecontainer.php', 88, [...])
 2 SYSTEMPATH/View/View.php(213): include('APPPATH/Views/layouts/slimecontainer.php')
 3 SYSTEMPATH/View/View.php(216): CodeIgniter\View\View->CodeIgniter\View\{closure}()
 4 SYSTEMPATH/Common.php(1134): CodeIgniter\View\View->render('layouts/slimecontainer', [], true)
 5 APPPATH/Controllers/Main.php(110): view('layouts/slimecontainer', [...])
 6 SYSTEMPATH/CodeIgniter.php(927): App\Controllers\Main->slimecontainer()
 7 SYSTEMPATH/CodeIgniter.php(482): CodeIgniter\CodeIgniter->runController(Object(App\Controllers\Main))
 8 SYSTEMPATH/CodeIgniter.php(351): CodeIgniter\CodeIgniter->handleRequest(null, Object(Config\Cache), false)
 9 FCPATH/index.php(67): CodeIgniter\CodeIgniter->run()
CRITICAL - 2023-02-16 00:21:43 --> Undefined variable: container1
in APPPATH/Views/layouts/slimecontainer.php on line 88.
 1 APPPATH/Views/layouts/slimecontainer.php(88): CodeIgniter\Debug\Exceptions->errorHandler(8, 'Undefined variable: container1', 'APPPATH/Views/layouts/slimecontainer.php', 88, [...])
 2 SYSTEMPATH/View/View.php(213): include('APPPATH/Views/layouts/slimecontainer.php')
 3 SYSTEMPATH/View/View.php(216): CodeIgniter\View\View->CodeIgniter\View\{closure}()
 4 SYSTEMPATH/Common.php(1134): CodeIgniter\View\View->render('layouts/slimecontainer', [], true)
 5 APPPATH/Controllers/Main.php(110): view('layouts/slimecontainer', [...])
 6 SYSTEMPATH/CodeIgniter.php(927): App\Controllers\Main->slimecontainer()
 7 SYSTEMPATH/CodeIgniter.php(482): CodeIgniter\CodeIgniter->runController(Object(App\Controllers\Main))
 8 SYSTEMPATH/CodeIgniter.php(351): CodeIgniter\CodeIgniter->handleRequest(null, Object(Config\Cache), false)
 9 FCPATH/index.php(67): CodeIgniter\CodeIgniter->run()
CRITICAL - 2023-02-16 00:21:52 --> Undefined variable: container1
in APPPATH/Views/layouts/slimecontainer.php on line 88.
 1 APPPATH/Views/layouts/slimecontainer.php(88): CodeIgniter\Debug\Exceptions->errorHandler(8, 'Undefined variable: container1', 'APPPATH/Views/layouts/slimecontainer.php', 88, [...])
 2 SYSTEMPATH/View/View.php(213): include('APPPATH/Views/layouts/slimecontainer.php')
 3 SYSTEMPATH/View/View.php(216): CodeIgniter\View\View->CodeIgniter\View\{closure}()
 4 SYSTEMPATH/Common.php(1134): CodeIgniter\View\View->render('layouts/slimecontainer', [], true)
 5 APPPATH/Controllers/Main.php(110): view('layouts/slimecontainer', [...])
 6 SYSTEMPATH/CodeIgniter.php(927): App\Controllers\Main->slimecontainer()
 7 SYSTEMPATH/CodeIgniter.php(482): CodeIgniter\CodeIgniter->runController(Object(App\Controllers\Main))
 8 SYSTEMPATH/CodeIgniter.php(351): CodeIgniter\CodeIgniter->handleRequest(null, Object(Config\Cache), false)
 9 FCPATH/index.php(67): CodeIgniter\CodeIgniter->run()
CRITICAL - 2023-02-16 00:37:04 --> Undefined variable: cont1
in APPPATH/Views/layouts/slimecontainer.php on line 160.
 1 APPPATH/Views/layouts/slimecontainer.php(160): CodeIgniter\Debug\Exceptions->errorHandler(8, 'Undefined variable: cont1', 'APPPATH/Views/layouts/slimecontainer.php', 160, [...])
 2 SYSTEMPATH/View/View.php(213): include('APPPATH/Views/layouts/slimecontainer.php')
 3 SYSTEMPATH/View/View.php(216): CodeIgniter\View\View->CodeIgniter\View\{closure}()
 4 SYSTEMPATH/Common.php(1134): CodeIgniter\View\View->render('layouts/slimecontainer', [], true)
 5 APPPATH/Controllers/Main.php(110): view('layouts/slimecontainer', [...])
 6 SYSTEMPATH/CodeIgniter.php(927): App\Controllers\Main->slimecontainer()
 7 SYSTEMPATH/CodeIgniter.php(482): CodeIgniter\CodeIgniter->runController(Object(App\Controllers\Main))
 8 SYSTEMPATH/CodeIgniter.php(351): CodeIgniter\CodeIgniter->handleRequest(null, Object(Config\Cache), false)
 9 FCPATH/index.php(67): CodeIgniter\CodeIgniter->run()
CRITICAL - 2023-02-16 00:37:33 --> Undefined variable: cont1
in APPPATH/Views/layouts/slimecontainer.php on line 160.
 1 APPPATH/Views/layouts/slimecontainer.php(160): CodeIgniter\Debug\Exceptions->errorHandler(8, 'Undefined variable: cont1', 'APPPATH/Views/layouts/slimecontainer.php', 160, [...])
 2 SYSTEMPATH/View/View.php(213): include('APPPATH/Views/layouts/slimecontainer.php')
 3 SYSTEMPATH/View/View.php(216): CodeIgniter\View\View->CodeIgniter\View\{closure}()
 4 SYSTEMPATH/Common.php(1134): CodeIgniter\View\View->render('layouts/slimecontainer', [], true)
 5 APPPATH/Controllers/Main.php(110): view('layouts/slimecontainer', [...])
 6 SYSTEMPATH/CodeIgniter.php(927): App\Controllers\Main->slimecontainer()
 7 SYSTEMPATH/CodeIgniter.php(482): CodeIgniter\CodeIgniter->runController(Object(App\Controllers\Main))
 8 SYSTEMPATH/CodeIgniter.php(351): CodeIgniter\CodeIgniter->handleRequest(null, Object(Config\Cache), false)
 9 FCPATH/index.php(67): CodeIgniter\CodeIgniter->run()
CRITICAL - 2023-02-16 00:37:38 --> Undefined variable: cont1
in APPPATH/Views/layouts/slimecontainer.php on line 160.
 1 APPPATH/Views/layouts/slimecontainer.php(160): CodeIgniter\Debug\Exceptions->errorHandler(8, 'Undefined variable: cont1', 'APPPATH/Views/layouts/slimecontainer.php', 160, [...])
 2 SYSTEMPATH/View/View.php(213): include('APPPATH/Views/layouts/slimecontainer.php')
 3 SYSTEMPATH/View/View.php(216): CodeIgniter\View\View->CodeIgniter\View\{closure}()
 4 SYSTEMPATH/Common.php(1134): CodeIgniter\View\View->render('layouts/slimecontainer', [], true)
 5 APPPATH/Controllers/Main.php(110): view('layouts/slimecontainer', [...])
 6 SYSTEMPATH/CodeIgniter.php(927): App\Controllers\Main->slimecontainer()
 7 SYSTEMPATH/CodeIgniter.php(482): CodeIgniter\CodeIgniter->runController(Object(App\Controllers\Main))
 8 SYSTEMPATH/CodeIgniter.php(351): CodeIgniter\CodeIgniter->handleRequest(null, Object(Config\Cache), false)
 9 FCPATH/index.php(67): CodeIgniter\CodeIgniter->run()
CRITICAL - 2023-02-16 00:37:41 --> Undefined variable: cont1
in APPPATH/Views/layouts/slimecontainer.php on line 160.
 1 APPPATH/Views/layouts/slimecontainer.php(160): CodeIgniter\Debug\Exceptions->errorHandler(8, 'Undefined variable: cont1', 'APPPATH/Views/layouts/slimecontainer.php', 160, [...])
 2 SYSTEMPATH/View/View.php(213): include('APPPATH/Views/layouts/slimecontainer.php')
 3 SYSTEMPATH/View/View.php(216): CodeIgniter\View\View->CodeIgniter\View\{closure}()
 4 SYSTEMPATH/Common.php(1134): CodeIgniter\View\View->render('layouts/slimecontainer', [], true)
 5 APPPATH/Controllers/Main.php(110): view('layouts/slimecontainer', [...])
 6 SYSTEMPATH/CodeIgniter.php(927): App\Controllers\Main->slimecontainer()
 7 SYSTEMPATH/CodeIgniter.php(482): CodeIgniter\CodeIgniter->runController(Object(App\Controllers\Main))
 8 SYSTEMPATH/CodeIgniter.php(351): CodeIgniter\CodeIgniter->handleRequest(null, Object(Config\Cache), false)
 9 FCPATH/index.php(67): CodeIgniter\CodeIgniter->run()
CRITICAL - 2023-02-16 03:54:00 --> Undefined variable: width
in APPPATH/Views/layouts/container1.php on line 58.
 1 APPPATH/Views/layouts/container1.php(58): CodeIgniter\Debug\Exceptions->errorHandler(8, 'Undefined variable: width', 'APPPATH/Views/layouts/container1.php', 58, [...])
 2 SYSTEMPATH/View/View.php(213): include('APPPATH/Views/layouts/container1.php')
 3 SYSTEMPATH/View/View.php(216): CodeIgniter\View\View->CodeIgniter\View\{closure}()
 4 SYSTEMPATH/Common.php(1134): CodeIgniter\View\View->render('layouts/container1', [], true)
 5 APPPATH/Controllers/Main.php(84): view('layouts/container1', [...])
 6 SYSTEMPATH/CodeIgniter.php(927): App\Controllers\Main->container1()
 7 SYSTEMPATH/CodeIgniter.php(482): CodeIgniter\CodeIgniter->runController(Object(App\Controllers\Main))
 8 SYSTEMPATH/CodeIgniter.php(351): CodeIgniter\CodeIgniter->handleRequest(null, Object(Config\Cache), false)
 9 FCPATH/index.php(67): CodeIgniter\CodeIgniter->run()
CRITICAL - 2023-02-16 04:02:11 --> Undefined index: width
in APPPATH/Views/layouts/container1.php on line 54.
 1 APPPATH/Views/layouts/container1.php(54): CodeIgniter\Debug\Exceptions->errorHandler(8, 'Undefined index: width', 'APPPATH/Views/layouts/container1.php', 54, [...])
 2 SYSTEMPATH/View/View.php(213): include('APPPATH/Views/layouts/container1.php')
 3 SYSTEMPATH/View/View.php(216): CodeIgniter\View\View->CodeIgniter\View\{closure}()
 4 SYSTEMPATH/Common.php(1134): CodeIgniter\View\View->render('layouts/container1', [], true)
 5 APPPATH/Controllers/Main.php(84): view('layouts/container1', [...])
 6 SYSTEMPATH/CodeIgniter.php(927): App\Controllers\Main->container1()
 7 SYSTEMPATH/CodeIgniter.php(482): CodeIgniter\CodeIgniter->runController(Object(App\Controllers\Main))
 8 SYSTEMPATH/CodeIgniter.php(351): CodeIgniter\CodeIgniter->handleRequest(null, Object(Config\Cache), false)
 9 FCPATH/index.php(67): CodeIgniter\CodeIgniter->run()
CRITICAL - 2023-02-16 04:02:33 --> Undefined index: width
in APPPATH/Views/layouts/container1.php on line 54.
 1 APPPATH/Views/layouts/container1.php(54): CodeIgniter\Debug\Exceptions->errorHandler(8, 'Undefined index: width', 'APPPATH/Views/layouts/container1.php', 54, [...])
 2 SYSTEMPATH/View/View.php(213): include('APPPATH/Views/layouts/container1.php')
 3 SYSTEMPATH/View/View.php(216): CodeIgniter\View\View->CodeIgniter\View\{closure}()
 4 SYSTEMPATH/Common.php(1134): CodeIgniter\View\View->render('layouts/container1', [], true)
 5 APPPATH/Controllers/Main.php(84): view('layouts/container1', [...])
 6 SYSTEMPATH/CodeIgniter.php(927): App\Controllers\Main->container1()
 7 SYSTEMPATH/CodeIgniter.php(482): CodeIgniter\CodeIgniter->runController(Object(App\Controllers\Main))
 8 SYSTEMPATH/CodeIgniter.php(351): CodeIgniter\CodeIgniter->handleRequest(null, Object(Config\Cache), false)
 9 FCPATH/index.php(67): CodeIgniter\CodeIgniter->run()
CRITICAL - 2023-02-16 04:39:47 --> Undefined index: screenwidth
in APPPATH/Controllers/Main.php on line 332.
 1 APPPATH/Controllers/Main.php(332): CodeIgniter\Debug\Exceptions->errorHandler(8, 'Undefined index: screenwidth', 'APPPATH/Controllers/Main.php', 332, [])
 2 SYSTEMPATH/CodeIgniter.php(927): App\Controllers\Main->update_ajax()
 3 SYSTEMPATH/CodeIgniter.php(482): CodeIgniter\CodeIgniter->runController(Object(App\Controllers\Main))
 4 SYSTEMPATH/CodeIgniter.php(351): CodeIgniter\CodeIgniter->handleRequest(null, Object(Config\Cache), false)
 5 FCPATH/index.php(67): CodeIgniter\CodeIgniter->run()
CRITICAL - 2023-02-16 04:39:52 --> Undefined index: screenwidth
in APPPATH/Controllers/Main.php on line 332.
 1 APPPATH/Controllers/Main.php(332): CodeIgniter\Debug\Exceptions->errorHandler(8, 'Undefined index: screenwidth', 'APPPATH/Controllers/Main.php', 332, [])
 2 SYSTEMPATH/CodeIgniter.php(927): App\Controllers\Main->update_ajax()
 3 SYSTEMPATH/CodeIgniter.php(482): CodeIgniter\CodeIgniter->runController(Object(App\Controllers\Main))
 4 SYSTEMPATH/CodeIgniter.php(351): CodeIgniter\CodeIgniter->handleRequest(null, Object(Config\Cache), false)
 5 FCPATH/index.php(67): CodeIgniter\CodeIgniter->run()
CRITICAL - 2023-02-16 07:36:04 --> Undefined index: screenwidth
in APPPATH/Controllers/Main.php on line 332.
 1 APPPATH/Controllers/Main.php(332): CodeIgniter\Debug\Exceptions->errorHandler(8, 'Undefined index: screenwidth', 'APPPATH/Controllers/Main.php', 332, [])
 2 SYSTEMPATH/CodeIgniter.php(927): App\Controllers\Main->update_ajax()
 3 SYSTEMPATH/CodeIgniter.php(482): CodeIgniter\CodeIgniter->runController(Object(App\Controllers\Main))
 4 SYSTEMPATH/CodeIgniter.php(351): CodeIgniter\CodeIgniter->handleRequest(null, Object(Config\Cache), false)
 5 FCPATH/index.php(67): CodeIgniter\CodeIgniter->run()
CRITICAL - 2023-02-16 22:00:13 --> Undefined index: width
in APPPATH/Views/layouts/container1.php on line 55.
 1 APPPATH/Views/layouts/container1.php(55): CodeIgniter\Debug\Exceptions->errorHandler(8, 'Undefined index: width', 'APPPATH/Views/layouts/container1.php', 55, [...])
 2 SYSTEMPATH/View/View.php(213): include('APPPATH/Views/layouts/container1.php')
 3 SYSTEMPATH/View/View.php(216): CodeIgniter\View\View->CodeIgniter\View\{closure}()
 4 SYSTEMPATH/Common.php(1134): CodeIgniter\View\View->render('layouts/container1', [], true)
 5 APPPATH/Controllers/Main.php(84): view('layouts/container1', [...])
 6 SYSTEMPATH/CodeIgniter.php(927): App\Controllers\Main->container1()
 7 SYSTEMPATH/CodeIgniter.php(482): CodeIgniter\CodeIgniter->runController(Object(App\Controllers\Main))
 8 SYSTEMPATH/CodeIgniter.php(351): CodeIgniter\CodeIgniter->handleRequest(null, Object(Config\Cache), false)
 9 FCPATH/index.php(67): CodeIgniter\CodeIgniter->run()
CRITICAL - 2023-02-16 22:00:52 --> Undefined index: width
in APPPATH/Views/layouts/container1.php on line 55.
 1 APPPATH/Views/layouts/container1.php(55): CodeIgniter\Debug\Exceptions->errorHandler(8, 'Undefined index: width', 'APPPATH/Views/layouts/container1.php', 55, [...])
 2 SYSTEMPATH/View/View.php(213): include('APPPATH/Views/layouts/container1.php')
 3 SYSTEMPATH/View/View.php(216): CodeIgniter\View\View->CodeIgniter\View\{closure}()
 4 SYSTEMPATH/Common.php(1134): CodeIgniter\View\View->render('layouts/container1', [], true)
 5 APPPATH/Controllers/Main.php(84): view('layouts/container1', [...])
 6 SYSTEMPATH/CodeIgniter.php(927): App\Controllers\Main->container1()
 7 SYSTEMPATH/CodeIgniter.php(482): CodeIgniter\CodeIgniter->runController(Object(App\Controllers\Main))
 8 SYSTEMPATH/CodeIgniter.php(351): CodeIgniter\CodeIgniter->handleRequest(null, Object(Config\Cache), false)
 9 FCPATH/index.php(67): CodeIgniter\CodeIgniter->run()
CRITICAL - 2023-02-16 22:02:22 --> Undefined index: width
in APPPATH/Views/layouts/container1.php on line 55.
 1 APPPATH/Views/layouts/container1.php(55): CodeIgniter\Debug\Exceptions->errorHandler(8, 'Undefined index: width', 'APPPATH/Views/layouts/container1.php', 55, [...])
 2 SYSTEMPATH/View/View.php(213): include('APPPATH/Views/layouts/container1.php')
 3 SYSTEMPATH/View/View.php(216): CodeIgniter\View\View->CodeIgniter\View\{closure}()
 4 SYSTEMPATH/Common.php(1134): CodeIgniter\View\View->render('layouts/container1', [], true)
 5 APPPATH/Controllers/Main.php(84): view('layouts/container1', [...])
 6 SYSTEMPATH/CodeIgniter.php(927): App\Controllers\Main->container1()
 7 SYSTEMPATH/CodeIgniter.php(482): CodeIgniter\CodeIgniter->runController(Object(App\Controllers\Main))
 8 SYSTEMPATH/CodeIgniter.php(351): CodeIgniter\CodeIgniter->handleRequest(null, Object(Config\Cache), false)
 9 FCPATH/index.php(67): CodeIgniter\CodeIgniter->run()
CRITICAL - 2023-02-16 22:10:17 --> Undefined index: width
in APPPATH/Views/layouts/container1.php on line 55.
 1 APPPATH/Views/layouts/container1.php(55): CodeIgniter\Debug\Exceptions->errorHandler(8, 'Undefined index: width', 'APPPATH/Views/layouts/container1.php', 55, [...])
 2 SYSTEMPATH/View/View.php(213): include('APPPATH/Views/layouts/container1.php')
 3 SYSTEMPATH/View/View.php(216): CodeIgniter\View\View->CodeIgniter\View\{closure}()
 4 SYSTEMPATH/Common.php(1134): CodeIgniter\View\View->render('layouts/container1', [], true)
 5 APPPATH/Controllers/Main.php(84): view('layouts/container1', [...])
 6 SYSTEMPATH/CodeIgniter.php(927): App\Controllers\Main->container1()
 7 SYSTEMPATH/CodeIgniter.php(482): CodeIgniter\CodeIgniter->runController(Object(App\Controllers\Main))
 8 SYSTEMPATH/CodeIgniter.php(351): CodeIgniter\CodeIgniter->handleRequest(null, Object(Config\Cache), false)
 9 FCPATH/index.php(67): CodeIgniter\CodeIgniter->run()
