CRITICAL - 2023-02-23 23:25:06 --> Trying to get property 'slime_seat' of non-object
in APPPATH/Views/layouts/billing.php on line 58.
 1 APPPATH/Views/layouts/billing.php(58): CodeIgniter\Debug\Exceptions->errorHandler(8, 'Trying to get property \'slime_seat\' of non-object', 'APPPATH/Views/layouts/billing.php', 58, [...])
 2 SYSTEMPATH/View/View.php(213): include('APPPATH/Views/layouts/billing.php')
 3 SYSTEMPATH/View/View.php(216): CodeIgniter\View\View->CodeIgniter\View\{closure}()
 4 SYSTEMPATH/Common.php(1134): CodeIgniter\View\View->render('layouts/billing', [], true)
 5 APPPATH/Controllers/Main.php(649): view('layouts/billing', [...])
 6 SYSTEMPATH/CodeIgniter.php(927): App\Controllers\Main->billing()
 7 SYSTEMPATH/CodeIgniter.php(482): CodeIgniter\CodeIgniter->runController(Object(App\Controllers\Main))
 8 SYSTEMPATH/CodeIgniter.php(351): CodeIgniter\CodeIgniter->handleRequest(null, Object(Config\Cache), false)
 9 FCPATH/index.php(67): CodeIgniter\CodeIgniter->run()
CRITICAL - 2023-02-23 23:27:16 --> Trying to get property 'slime_seat' of non-object
in APPPATH/Views/layouts/billing.php on line 58.
 1 APPPATH/Views/layouts/billing.php(58): CodeIgniter\Debug\Exceptions->errorHandler(8, 'Trying to get property \'slime_seat\' of non-object', 'APPPATH/Views/layouts/billing.php', 58, [...])
 2 SYSTEMPATH/View/View.php(213): include('APPPATH/Views/layouts/billing.php')
 3 SYSTEMPATH/View/View.php(216): CodeIgniter\View\View->CodeIgniter\View\{closure}()
 4 SYSTEMPATH/Common.php(1134): CodeIgniter\View\View->render('layouts/billing', [], true)
 5 APPPATH/Controllers/Main.php(649): view('layouts/billing', [...])
 6 SYSTEMPATH/CodeIgniter.php(927): App\Controllers\Main->billing()
 7 SYSTEMPATH/CodeIgniter.php(482): CodeIgniter\CodeIgniter->runController(Object(App\Controllers\Main))
 8 SYSTEMPATH/CodeIgniter.php(351): CodeIgniter\CodeIgniter->handleRequest(null, Object(Config\Cache), false)
 9 FCPATH/index.php(67): CodeIgniter\CodeIgniter->run()
CRITICAL - 2023-02-23 23:28:09 --> Trying to get property 'slime_seat' of non-object
in APPPATH/Views/layouts/billing.php on line 58.
 1 APPPATH/Views/layouts/billing.php(58): CodeIgniter\Debug\Exceptions->errorHandler(8, 'Trying to get property \'slime_seat\' of non-object', 'APPPATH/Views/layouts/billing.php', 58, [...])
 2 SYSTEMPATH/View/View.php(213): include('APPPATH/Views/layouts/billing.php')
 3 SYSTEMPATH/View/View.php(216): CodeIgniter\View\View->CodeIgniter\View\{closure}()
 4 SYSTEMPATH/Common.php(1134): CodeIgniter\View\View->render('layouts/billing', [], true)
 5 APPPATH/Controllers/Main.php(649): view('layouts/billing', [...])
 6 SYSTEMPATH/CodeIgniter.php(927): App\Controllers\Main->billing()
 7 SYSTEMPATH/CodeIgniter.php(482): CodeIgniter\CodeIgniter->runController(Object(App\Controllers\Main))
 8 SYSTEMPATH/CodeIgniter.php(351): CodeIgniter\CodeIgniter->handleRequest(null, Object(Config\Cache), false)
 9 FCPATH/index.php(67): CodeIgniter\CodeIgniter->run()
CRITICAL - 2023-02-23 23:28:56 --> Trying to get property 'slime_seat' of non-object
in APPPATH/Views/layouts/billing.php on line 58.
 1 APPPATH/Views/layouts/billing.php(58): CodeIgniter\Debug\Exceptions->errorHandler(8, 'Trying to get property \'slime_seat\' of non-object', 'APPPATH/Views/layouts/billing.php', 58, [...])
 2 SYSTEMPATH/View/View.php(213): include('APPPATH/Views/layouts/billing.php')
 3 SYSTEMPATH/View/View.php(216): CodeIgniter\View\View->CodeIgniter\View\{closure}()
 4 SYSTEMPATH/Common.php(1134): CodeIgniter\View\View->render('layouts/billing', [], true)
 5 APPPATH/Controllers/Main.php(649): view('layouts/billing', [...])
 6 SYSTEMPATH/CodeIgniter.php(927): App\Controllers\Main->billing()
 7 SYSTEMPATH/CodeIgniter.php(482): CodeIgniter\CodeIgniter->runController(Object(App\Controllers\Main))
 8 SYSTEMPATH/CodeIgniter.php(351): CodeIgniter\CodeIgniter->handleRequest(null, Object(Config\Cache), false)
 9 FCPATH/index.php(67): CodeIgniter\CodeIgniter->run()
CRITICAL - 2023-02-23 23:29:57 --> Trying to get property 'slime_seat' of non-object
in APPPATH/Views/layouts/billing.php on line 58.
 1 APPPATH/Views/layouts/billing.php(58): CodeIgniter\Debug\Exceptions->errorHandler(8, 'Trying to get property \'slime_seat\' of non-object', 'APPPATH/Views/layouts/billing.php', 58, [...])
 2 SYSTEMPATH/View/View.php(213): include('APPPATH/Views/layouts/billing.php')
 3 SYSTEMPATH/View/View.php(216): CodeIgniter\View\View->CodeIgniter\View\{closure}()
 4 SYSTEMPATH/Common.php(1134): CodeIgniter\View\View->render('layouts/billing', [], true)
 5 APPPATH/Controllers/Main.php(649): view('layouts/billing', [...])
 6 SYSTEMPATH/CodeIgniter.php(927): App\Controllers\Main->billing()
 7 SYSTEMPATH/CodeIgniter.php(482): CodeIgniter\CodeIgniter->runController(Object(App\Controllers\Main))
 8 SYSTEMPATH/CodeIgniter.php(351): CodeIgniter\CodeIgniter->handleRequest(null, Object(Config\Cache), false)
 9 FCPATH/index.php(67): CodeIgniter\CodeIgniter->run()
CRITICAL - 2023-02-23 23:30:19 --> Trying to get property 'slime_seat' of non-object
in APPPATH/Views/layouts/billing.php on line 58.
 1 APPPATH/Views/layouts/billing.php(58): CodeIgniter\Debug\Exceptions->errorHandler(8, 'Trying to get property \'slime_seat\' of non-object', 'APPPATH/Views/layouts/billing.php', 58, [...])
 2 SYSTEMPATH/View/View.php(213): include('APPPATH/Views/layouts/billing.php')
 3 SYSTEMPATH/View/View.php(216): CodeIgniter\View\View->CodeIgniter\View\{closure}()
 4 SYSTEMPATH/Common.php(1134): CodeIgniter\View\View->render('layouts/billing', [], true)
 5 APPPATH/Controllers/Main.php(649): view('layouts/billing', [...])
 6 SYSTEMPATH/CodeIgniter.php(927): App\Controllers\Main->billing()
 7 SYSTEMPATH/CodeIgniter.php(482): CodeIgniter\CodeIgniter->runController(Object(App\Controllers\Main))
 8 SYSTEMPATH/CodeIgniter.php(351): CodeIgniter\CodeIgniter->handleRequest(null, Object(Config\Cache), false)
 9 FCPATH/index.php(67): CodeIgniter\CodeIgniter->run()
CRITICAL - 2023-02-23 23:31:02 --> Trying to get property 'slime_seat' of non-object
in APPPATH/Views/layouts/billing.php on line 58.
 1 APPPATH/Views/layouts/billing.php(58): CodeIgniter\Debug\Exceptions->errorHandler(8, 'Trying to get property \'slime_seat\' of non-object', 'APPPATH/Views/layouts/billing.php', 58, [...])
 2 SYSTEMPATH/View/View.php(213): include('APPPATH/Views/layouts/billing.php')
 3 SYSTEMPATH/View/View.php(216): CodeIgniter\View\View->CodeIgniter\View\{closure}()
 4 SYSTEMPATH/Common.php(1134): CodeIgniter\View\View->render('layouts/billing', [], true)
 5 APPPATH/Controllers/Main.php(649): view('layouts/billing', [...])
 6 SYSTEMPATH/CodeIgniter.php(927): App\Controllers\Main->billing()
 7 SYSTEMPATH/CodeIgniter.php(482): CodeIgniter\CodeIgniter->runController(Object(App\Controllers\Main))
 8 SYSTEMPATH/CodeIgniter.php(351): CodeIgniter\CodeIgniter->handleRequest(null, Object(Config\Cache), false)
 9 FCPATH/index.php(67): CodeIgniter\CodeIgniter->run()
CRITICAL - 2023-02-23 23:31:13 --> Trying to get property 'slime_seat' of non-object
in APPPATH/Views/layouts/billing.php on line 58.
 1 APPPATH/Views/layouts/billing.php(58): CodeIgniter\Debug\Exceptions->errorHandler(8, 'Trying to get property \'slime_seat\' of non-object', 'APPPATH/Views/layouts/billing.php', 58, [...])
 2 SYSTEMPATH/View/View.php(213): include('APPPATH/Views/layouts/billing.php')
 3 SYSTEMPATH/View/View.php(216): CodeIgniter\View\View->CodeIgniter\View\{closure}()
 4 SYSTEMPATH/Common.php(1134): CodeIgniter\View\View->render('layouts/billing', [], true)
 5 APPPATH/Controllers/Main.php(649): view('layouts/billing', [...])
 6 SYSTEMPATH/CodeIgniter.php(927): App\Controllers\Main->billing()
 7 SYSTEMPATH/CodeIgniter.php(482): CodeIgniter\CodeIgniter->runController(Object(App\Controllers\Main))
 8 SYSTEMPATH/CodeIgniter.php(351): CodeIgniter\CodeIgniter->handleRequest(null, Object(Config\Cache), false)
 9 FCPATH/index.php(67): CodeIgniter\CodeIgniter->run()
CRITICAL - 2023-02-23 23:49:38 --> Trying to get property 'slime_seat' of non-object
in APPPATH/Views/layouts/billing.php on line 58.
 1 APPPATH/Views/layouts/billing.php(58): CodeIgniter\Debug\Exceptions->errorHandler(8, 'Trying to get property \'slime_seat\' of non-object', 'APPPATH/Views/layouts/billing.php', 58, [...])
 2 SYSTEMPATH/View/View.php(213): include('APPPATH/Views/layouts/billing.php')
 3 SYSTEMPATH/View/View.php(216): CodeIgniter\View\View->CodeIgniter\View\{closure}()
 4 SYSTEMPATH/Common.php(1134): CodeIgniter\View\View->render('layouts/billing', [], true)
 5 APPPATH/Controllers/Main.php(649): view('layouts/billing', [...])
 6 SYSTEMPATH/CodeIgniter.php(927): App\Controllers\Main->billing()
 7 SYSTEMPATH/CodeIgniter.php(482): CodeIgniter\CodeIgniter->runController(Object(App\Controllers\Main))
 8 SYSTEMPATH/CodeIgniter.php(351): CodeIgniter\CodeIgniter->handleRequest(null, Object(Config\Cache), false)
 9 FCPATH/index.php(67): CodeIgniter\CodeIgniter->run()
CRITICAL - 2023-02-23 23:50:21 --> Trying to get property 'slime_seat' of non-object
in APPPATH/Views/layouts/billing.php on line 58.
 1 APPPATH/Views/layouts/billing.php(58): CodeIgniter\Debug\Exceptions->errorHandler(8, 'Trying to get property \'slime_seat\' of non-object', 'APPPATH/Views/layouts/billing.php', 58, [...])
 2 SYSTEMPATH/View/View.php(213): include('APPPATH/Views/layouts/billing.php')
 3 SYSTEMPATH/View/View.php(216): CodeIgniter\View\View->CodeIgniter\View\{closure}()
 4 SYSTEMPATH/Common.php(1134): CodeIgniter\View\View->render('layouts/billing', [], true)
 5 APPPATH/Controllers/Main.php(649): view('layouts/billing', [...])
 6 SYSTEMPATH/CodeIgniter.php(927): App\Controllers\Main->billing()
 7 SYSTEMPATH/CodeIgniter.php(482): CodeIgniter\CodeIgniter->runController(Object(App\Controllers\Main))
 8 SYSTEMPATH/CodeIgniter.php(351): CodeIgniter\CodeIgniter->handleRequest(null, Object(Config\Cache), false)
 9 FCPATH/index.php(67): CodeIgniter\CodeIgniter->run()
CRITICAL - 2023-02-23 23:50:27 --> Trying to get property 'slime_seat' of non-object
in APPPATH/Views/layouts/billing.php on line 58.
 1 APPPATH/Views/layouts/billing.php(58): CodeIgniter\Debug\Exceptions->errorHandler(8, 'Trying to get property \'slime_seat\' of non-object', 'APPPATH/Views/layouts/billing.php', 58, [...])
 2 SYSTEMPATH/View/View.php(213): include('APPPATH/Views/layouts/billing.php')
 3 SYSTEMPATH/View/View.php(216): CodeIgniter\View\View->CodeIgniter\View\{closure}()
 4 SYSTEMPATH/Common.php(1134): CodeIgniter\View\View->render('layouts/billing', [], true)
 5 APPPATH/Controllers/Main.php(649): view('layouts/billing', [...])
 6 SYSTEMPATH/CodeIgniter.php(927): App\Controllers\Main->billing()
 7 SYSTEMPATH/CodeIgniter.php(482): CodeIgniter\CodeIgniter->runController(Object(App\Controllers\Main))
 8 SYSTEMPATH/CodeIgniter.php(351): CodeIgniter\CodeIgniter->handleRequest(null, Object(Config\Cache), false)
 9 FCPATH/index.php(67): CodeIgniter\CodeIgniter->run()
