CRITICAL - 2022-12-15 04:48:54 --> View themes, no current section.
in SYSTEMPATH/View/View.php on line 394.
 1 APPPATH/Views/layouts/billing.php(95): CodeIgniter\View\View->endSection()
 2 SYSTEMPATH/View/View.php(213): include('APPPATH/Views/layouts/billing.php')
 3 SYSTEMPATH/View/View.php(216): CodeIgniter\View\View->CodeIgniter\View\{closure}()
 4 SYSTEMPATH/Common.php(1134): CodeIgniter\View\View->render('layouts/billing', [], true)
 5 APPPATH/Controllers/Main.php(341): view('layouts/billing', [...])
 6 SYSTEMPATH/CodeIgniter.php(927): App\Controllers\Main->billing()
 7 SYSTEMPATH/CodeIgniter.php(482): CodeIgniter\CodeIgniter->runController(Object(App\Controllers\Main))
 8 SYSTEMPATH/CodeIgniter.php(351): CodeIgniter\CodeIgniter->handleRequest(null, Object(Config\Cache), false)
 9 FCPATH/index.php(67): CodeIgniter\CodeIgniter->run()
CRITICAL - 2022-12-15 04:49:11 --> View themes, no current section.
in SYSTEMPATH/View/View.php on line 394.
 1 APPPATH/Views/layouts/billing.php(95): CodeIgniter\View\View->endSection()
 2 SYSTEMPATH/View/View.php(213): include('APPPATH/Views/layouts/billing.php')
 3 SYSTEMPATH/View/View.php(216): CodeIgniter\View\View->CodeIgniter\View\{closure}()
 4 SYSTEMPATH/Common.php(1134): CodeIgniter\View\View->render('layouts/billing', [], true)
 5 APPPATH/Controllers/Main.php(341): view('layouts/billing', [...])
 6 SYSTEMPATH/CodeIgniter.php(927): App\Controllers\Main->billing()
 7 SYSTEMPATH/CodeIgniter.php(482): CodeIgniter\CodeIgniter->runController(Object(App\Controllers\Main))
 8 SYSTEMPATH/CodeIgniter.php(351): CodeIgniter\CodeIgniter->handleRequest(null, Object(Config\Cache), false)
 9 FCPATH/index.php(67): CodeIgniter\CodeIgniter->run()
CRITICAL - 2022-12-15 04:49:20 --> View themes, no current section.
in SYSTEMPATH/View/View.php on line 394.
 1 APPPATH/Views/layouts/billing.php(95): CodeIgniter\View\View->endSection()
 2 SYSTEMPATH/View/View.php(213): include('APPPATH/Views/layouts/billing.php')
 3 SYSTEMPATH/View/View.php(216): CodeIgniter\View\View->CodeIgniter\View\{closure}()
 4 SYSTEMPATH/Common.php(1134): CodeIgniter\View\View->render('layouts/billing', [], true)
 5 APPPATH/Controllers/Main.php(341): view('layouts/billing', [...])
 6 SYSTEMPATH/CodeIgniter.php(927): App\Controllers\Main->billing()
 7 SYSTEMPATH/CodeIgniter.php(482): CodeIgniter\CodeIgniter->runController(Object(App\Controllers\Main))
 8 SYSTEMPATH/CodeIgniter.php(351): CodeIgniter\CodeIgniter->handleRequest(null, Object(Config\Cache), false)
 9 FCPATH/index.php(67): CodeIgniter\CodeIgniter->run()
CRITICAL - 2022-12-15 04:49:50 --> View themes, no current section.
in SYSTEMPATH/View/View.php on line 394.
 1 APPPATH/Views/layouts/billing.php(95): CodeIgniter\View\View->endSection()
 2 SYSTEMPATH/View/View.php(213): include('APPPATH/Views/layouts/billing.php')
 3 SYSTEMPATH/View/View.php(216): CodeIgniter\View\View->CodeIgniter\View\{closure}()
 4 SYSTEMPATH/Common.php(1134): CodeIgniter\View\View->render('layouts/billing', [], true)
 5 APPPATH/Controllers/Main.php(341): view('layouts/billing', [...])
 6 SYSTEMPATH/CodeIgniter.php(927): App\Controllers\Main->billing()
 7 SYSTEMPATH/CodeIgniter.php(482): CodeIgniter\CodeIgniter->runController(Object(App\Controllers\Main))
 8 SYSTEMPATH/CodeIgniter.php(351): CodeIgniter\CodeIgniter->handleRequest(null, Object(Config\Cache), false)
 9 FCPATH/index.php(67): CodeIgniter\CodeIgniter->run()
