CRITICAL - 2023-02-19 22:49:35 --> Undefined index: width
in APPPATH/Views/layouts/container1.php on line 56.
 1 APPPATH/Views/layouts/container1.php(56): CodeIgniter\Debug\Exceptions->errorHandler(8, 'Undefined index: width', 'APPPATH/Views/layouts/container1.php', 56, [...])
 2 SYSTEMPATH/View/View.php(213): include('APPPATH/Views/layouts/container1.php')
 3 SYSTEMPATH/View/View.php(216): CodeIgniter\View\View->CodeIgniter\View\{closure}()
 4 SYSTEMPATH/Common.php(1134): CodeIgniter\View\View->render('layouts/container1', [], true)
 5 APPPATH/Controllers/Main.php(84): view('layouts/container1', [...])
 6 SYSTEMPATH/CodeIgniter.php(927): App\Controllers\Main->container1()
 7 SYSTEMPATH/CodeIgniter.php(482): CodeIgniter\CodeIgniter->runController(Object(App\Controllers\Main))
 8 SYSTEMPATH/CodeIgniter.php(351): CodeIgniter\CodeIgniter->handleRequest(null, Object(Config\Cache), false)
 9 FCPATH/index.php(67): CodeIgniter\CodeIgniter->run()
CRITICAL - 2023-02-19 22:49:58 --> Undefined offset: 2
in APPPATH/Views/layouts/container2.php on line 52.
 1 APPPATH/Views/layouts/container2.php(52): CodeIgniter\Debug\Exceptions->errorHandler(8, 'Undefined offset: 2', 'APPPATH/Views/layouts/container2.php', 52, [...])
 2 SYSTEMPATH/View/View.php(213): include('APPPATH/Views/layouts/container2.php')
 3 SYSTEMPATH/View/View.php(216): CodeIgniter\View\View->CodeIgniter\View\{closure}()
 4 SYSTEMPATH/Common.php(1134): CodeIgniter\View\View->render('layouts/container2', [], true)
 5 APPPATH/Controllers/Main.php(142): view('layouts/container2', [...])
 6 SYSTEMPATH/CodeIgniter.php(927): App\Controllers\Main->container2()
 7 SYSTEMPATH/CodeIgniter.php(482): CodeIgniter\CodeIgniter->runController(Object(App\Controllers\Main))
 8 SYSTEMPATH/CodeIgniter.php(351): CodeIgniter\CodeIgniter->handleRequest(null, Object(Config\Cache), false)
 9 FCPATH/index.php(67): CodeIgniter\CodeIgniter->run()
CRITICAL - 2023-02-19 22:50:08 --> Undefined offset: 2
in APPPATH/Views/layouts/container2.php on line 52.
 1 APPPATH/Views/layouts/container2.php(52): CodeIgniter\Debug\Exceptions->errorHandler(8, 'Undefined offset: 2', 'APPPATH/Views/layouts/container2.php', 52, [...])
 2 SYSTEMPATH/View/View.php(213): include('APPPATH/Views/layouts/container2.php')
 3 SYSTEMPATH/View/View.php(216): CodeIgniter\View\View->CodeIgniter\View\{closure}()
 4 SYSTEMPATH/Common.php(1134): CodeIgniter\View\View->render('layouts/container2', [], true)
 5 APPPATH/Controllers/Main.php(142): view('layouts/container2', [...])
 6 SYSTEMPATH/CodeIgniter.php(927): App\Controllers\Main->container2()
 7 SYSTEMPATH/CodeIgniter.php(482): CodeIgniter\CodeIgniter->runController(Object(App\Controllers\Main))
 8 SYSTEMPATH/CodeIgniter.php(351): CodeIgniter\CodeIgniter->handleRequest(null, Object(Config\Cache), false)
 9 FCPATH/index.php(67): CodeIgniter\CodeIgniter->run()
CRITICAL - 2023-02-19 22:50:18 --> Undefined offset: 2
in APPPATH/Views/layouts/container2.php on line 52.
 1 APPPATH/Views/layouts/container2.php(52): CodeIgniter\Debug\Exceptions->errorHandler(8, 'Undefined offset: 2', 'APPPATH/Views/layouts/container2.php', 52, [...])
 2 SYSTEMPATH/View/View.php(213): include('APPPATH/Views/layouts/container2.php')
 3 SYSTEMPATH/View/View.php(216): CodeIgniter\View\View->CodeIgniter\View\{closure}()
 4 SYSTEMPATH/Common.php(1134): CodeIgniter\View\View->render('layouts/container2', [], true)
 5 APPPATH/Controllers/Main.php(142): view('layouts/container2', [...])
 6 SYSTEMPATH/CodeIgniter.php(927): App\Controllers\Main->container2()
 7 SYSTEMPATH/CodeIgniter.php(482): CodeIgniter\CodeIgniter->runController(Object(App\Controllers\Main))
 8 SYSTEMPATH/CodeIgniter.php(351): CodeIgniter\CodeIgniter->handleRequest(null, Object(Config\Cache), false)
 9 FCPATH/index.php(67): CodeIgniter\CodeIgniter->run()
CRITICAL - 2023-02-19 22:50:24 --> Undefined offset: 2
in APPPATH/Views/layouts/container3.php on line 54.
 1 APPPATH/Views/layouts/container3.php(54): CodeIgniter\Debug\Exceptions->errorHandler(8, 'Undefined offset: 2', 'APPPATH/Views/layouts/container3.php', 54, [...])
 2 SYSTEMPATH/View/View.php(213): include('APPPATH/Views/layouts/container3.php')
 3 SYSTEMPATH/View/View.php(216): CodeIgniter\View\View->CodeIgniter\View\{closure}()
 4 SYSTEMPATH/Common.php(1134): CodeIgniter\View\View->render('layouts/container3', [], true)
 5 APPPATH/Controllers/Main.php(175): view('layouts/container3', [...])
 6 SYSTEMPATH/CodeIgniter.php(927): App\Controllers\Main->container3()
 7 SYSTEMPATH/CodeIgniter.php(482): CodeIgniter\CodeIgniter->runController(Object(App\Controllers\Main))
 8 SYSTEMPATH/CodeIgniter.php(351): CodeIgniter\CodeIgniter->handleRequest(null, Object(Config\Cache), false)
 9 FCPATH/index.php(67): CodeIgniter\CodeIgniter->run()
CRITICAL - 2023-02-19 22:50:31 --> Undefined offset: 2
in APPPATH/Views/layouts/container4.php on line 74.
 1 APPPATH/Views/layouts/container4.php(74): CodeIgniter\Debug\Exceptions->errorHandler(8, 'Undefined offset: 2', 'APPPATH/Views/layouts/container4.php', 74, [...])
 2 SYSTEMPATH/View/View.php(213): include('APPPATH/Views/layouts/container4.php')
 3 SYSTEMPATH/View/View.php(216): CodeIgniter\View\View->CodeIgniter\View\{closure}()
 4 SYSTEMPATH/Common.php(1134): CodeIgniter\View\View->render('layouts/container4', [], true)
 5 APPPATH/Controllers/Main.php(208): view('layouts/container4', [...])
 6 SYSTEMPATH/CodeIgniter.php(927): App\Controllers\Main->container4()
 7 SYSTEMPATH/CodeIgniter.php(482): CodeIgniter\CodeIgniter->runController(Object(App\Controllers\Main))
 8 SYSTEMPATH/CodeIgniter.php(351): CodeIgniter\CodeIgniter->handleRequest(null, Object(Config\Cache), false)
 9 FCPATH/index.php(67): CodeIgniter\CodeIgniter->run()
CRITICAL - 2023-02-19 22:50:39 --> Undefined offset: 2
in APPPATH/Views/layouts/container3.php on line 54.
 1 APPPATH/Views/layouts/container3.php(54): CodeIgniter\Debug\Exceptions->errorHandler(8, 'Undefined offset: 2', 'APPPATH/Views/layouts/container3.php', 54, [...])
 2 SYSTEMPATH/View/View.php(213): include('APPPATH/Views/layouts/container3.php')
 3 SYSTEMPATH/View/View.php(216): CodeIgniter\View\View->CodeIgniter\View\{closure}()
 4 SYSTEMPATH/Common.php(1134): CodeIgniter\View\View->render('layouts/container3', [], true)
 5 APPPATH/Controllers/Main.php(175): view('layouts/container3', [...])
 6 SYSTEMPATH/CodeIgniter.php(927): App\Controllers\Main->container3()
 7 SYSTEMPATH/CodeIgniter.php(482): CodeIgniter\CodeIgniter->runController(Object(App\Controllers\Main))
 8 SYSTEMPATH/CodeIgniter.php(351): CodeIgniter\CodeIgniter->handleRequest(null, Object(Config\Cache), false)
 9 FCPATH/index.php(67): CodeIgniter\CodeIgniter->run()
CRITICAL - 2023-02-19 22:50:46 --> Undefined offset: 2
in APPPATH/Views/layouts/container4.php on line 74.
 1 APPPATH/Views/layouts/container4.php(74): CodeIgniter\Debug\Exceptions->errorHandler(8, 'Undefined offset: 2', 'APPPATH/Views/layouts/container4.php', 74, [...])
 2 SYSTEMPATH/View/View.php(213): include('APPPATH/Views/layouts/container4.php')
 3 SYSTEMPATH/View/View.php(216): CodeIgniter\View\View->CodeIgniter\View\{closure}()
 4 SYSTEMPATH/Common.php(1134): CodeIgniter\View\View->render('layouts/container4', [], true)
 5 APPPATH/Controllers/Main.php(208): view('layouts/container4', [...])
 6 SYSTEMPATH/CodeIgniter.php(927): App\Controllers\Main->container4()
 7 SYSTEMPATH/CodeIgniter.php(482): CodeIgniter\CodeIgniter->runController(Object(App\Controllers\Main))
 8 SYSTEMPATH/CodeIgniter.php(351): CodeIgniter\CodeIgniter->handleRequest(null, Object(Config\Cache), false)
 9 FCPATH/index.php(67): CodeIgniter\CodeIgniter->run()
CRITICAL - 2023-02-19 22:50:47 --> Undefined offset: 2
in APPPATH/Views/layouts/container4.php on line 74.
 1 APPPATH/Views/layouts/container4.php(74): CodeIgniter\Debug\Exceptions->errorHandler(8, 'Undefined offset: 2', 'APPPATH/Views/layouts/container4.php', 74, [...])
 2 SYSTEMPATH/View/View.php(213): include('APPPATH/Views/layouts/container4.php')
 3 SYSTEMPATH/View/View.php(216): CodeIgniter\View\View->CodeIgniter\View\{closure}()
 4 SYSTEMPATH/Common.php(1134): CodeIgniter\View\View->render('layouts/container4', [], true)
 5 APPPATH/Controllers/Main.php(208): view('layouts/container4', [...])
 6 SYSTEMPATH/CodeIgniter.php(927): App\Controllers\Main->container4()
 7 SYSTEMPATH/CodeIgniter.php(482): CodeIgniter\CodeIgniter->runController(Object(App\Controllers\Main))
 8 SYSTEMPATH/CodeIgniter.php(351): CodeIgniter\CodeIgniter->handleRequest(null, Object(Config\Cache), false)
 9 FCPATH/index.php(67): CodeIgniter\CodeIgniter->run()
CRITICAL - 2023-02-19 22:52:10 --> Undefined offset: 2
in APPPATH/Views/layouts/container4.php on line 74.
 1 APPPATH/Views/layouts/container4.php(74): CodeIgniter\Debug\Exceptions->errorHandler(8, 'Undefined offset: 2', 'APPPATH/Views/layouts/container4.php', 74, [...])
 2 SYSTEMPATH/View/View.php(213): include('APPPATH/Views/layouts/container4.php')
 3 SYSTEMPATH/View/View.php(216): CodeIgniter\View\View->CodeIgniter\View\{closure}()
 4 SYSTEMPATH/Common.php(1134): CodeIgniter\View\View->render('layouts/container4', [], true)
 5 APPPATH/Controllers/Main.php(208): view('layouts/container4', [...])
 6 SYSTEMPATH/CodeIgniter.php(927): App\Controllers\Main->container4()
 7 SYSTEMPATH/CodeIgniter.php(482): CodeIgniter\CodeIgniter->runController(Object(App\Controllers\Main))
 8 SYSTEMPATH/CodeIgniter.php(351): CodeIgniter\CodeIgniter->handleRequest(null, Object(Config\Cache), false)
 9 FCPATH/index.php(67): CodeIgniter\CodeIgniter->run()
CRITICAL - 2023-02-19 22:54:22 --> Undefined index: width
in APPPATH/Views/layouts/container1.php on line 56.
 1 APPPATH/Views/layouts/container1.php(56): CodeIgniter\Debug\Exceptions->errorHandler(8, 'Undefined index: width', 'APPPATH/Views/layouts/container1.php', 56, [...])
 2 SYSTEMPATH/View/View.php(213): include('APPPATH/Views/layouts/container1.php')
 3 SYSTEMPATH/View/View.php(216): CodeIgniter\View\View->CodeIgniter\View\{closure}()
 4 SYSTEMPATH/Common.php(1134): CodeIgniter\View\View->render('layouts/container1', [], true)
 5 APPPATH/Controllers/Main.php(84): view('layouts/container1', [...])
 6 SYSTEMPATH/CodeIgniter.php(927): App\Controllers\Main->container1()
 7 SYSTEMPATH/CodeIgniter.php(482): CodeIgniter\CodeIgniter->runController(Object(App\Controllers\Main))
 8 SYSTEMPATH/CodeIgniter.php(351): CodeIgniter\CodeIgniter->handleRequest(null, Object(Config\Cache), false)
 9 FCPATH/index.php(67): CodeIgniter\CodeIgniter->run()
CRITICAL - 2023-02-19 22:54:31 --> Undefined offset: 2
in APPPATH/Views/layouts/container2.php on line 52.
 1 APPPATH/Views/layouts/container2.php(52): CodeIgniter\Debug\Exceptions->errorHandler(8, 'Undefined offset: 2', 'APPPATH/Views/layouts/container2.php', 52, [...])
 2 SYSTEMPATH/View/View.php(213): include('APPPATH/Views/layouts/container2.php')
 3 SYSTEMPATH/View/View.php(216): CodeIgniter\View\View->CodeIgniter\View\{closure}()
 4 SYSTEMPATH/Common.php(1134): CodeIgniter\View\View->render('layouts/container2', [], true)
 5 APPPATH/Controllers/Main.php(142): view('layouts/container2', [...])
 6 SYSTEMPATH/CodeIgniter.php(927): App\Controllers\Main->container2()
 7 SYSTEMPATH/CodeIgniter.php(482): CodeIgniter\CodeIgniter->runController(Object(App\Controllers\Main))
 8 SYSTEMPATH/CodeIgniter.php(351): CodeIgniter\CodeIgniter->handleRequest(null, Object(Config\Cache), false)
 9 FCPATH/index.php(67): CodeIgniter\CodeIgniter->run()
CRITICAL - 2023-02-19 22:54:32 --> Undefined offset: 2
in APPPATH/Views/layouts/container2.php on line 52.
 1 APPPATH/Views/layouts/container2.php(52): CodeIgniter\Debug\Exceptions->errorHandler(8, 'Undefined offset: 2', 'APPPATH/Views/layouts/container2.php', 52, [...])
 2 SYSTEMPATH/View/View.php(213): include('APPPATH/Views/layouts/container2.php')
 3 SYSTEMPATH/View/View.php(216): CodeIgniter\View\View->CodeIgniter\View\{closure}()
 4 SYSTEMPATH/Common.php(1134): CodeIgniter\View\View->render('layouts/container2', [], true)
 5 APPPATH/Controllers/Main.php(142): view('layouts/container2', [...])
 6 SYSTEMPATH/CodeIgniter.php(927): App\Controllers\Main->container2()
 7 SYSTEMPATH/CodeIgniter.php(482): CodeIgniter\CodeIgniter->runController(Object(App\Controllers\Main))
 8 SYSTEMPATH/CodeIgniter.php(351): CodeIgniter\CodeIgniter->handleRequest(null, Object(Config\Cache), false)
 9 FCPATH/index.php(67): CodeIgniter\CodeIgniter->run()
CRITICAL - 2023-02-19 23:23:45 --> Undefined property: stdClass::$sc_video
in APPPATH/Views/layouts/container5.php on line 43.
 1 APPPATH/Views/layouts/container5.php(43): CodeIgniter\Debug\Exceptions->errorHandler(8, 'Undefined property: stdClass::$sc_video', 'APPPATH/Views/layouts/container5.php', 43, [...])
 2 SYSTEMPATH/View/View.php(213): include('APPPATH/Views/layouts/container5.php')
 3 SYSTEMPATH/View/View.php(216): CodeIgniter\View\View->CodeIgniter\View\{closure}()
 4 SYSTEMPATH/Common.php(1134): CodeIgniter\View\View->render('layouts/container5', [], true)
 5 APPPATH/Controllers/Main.php(242): view('layouts/container5', [...])
 6 SYSTEMPATH/CodeIgniter.php(927): App\Controllers\Main->container5()
 7 SYSTEMPATH/CodeIgniter.php(482): CodeIgniter\CodeIgniter->runController(Object(App\Controllers\Main))
 8 SYSTEMPATH/CodeIgniter.php(351): CodeIgniter\CodeIgniter->handleRequest(null, Object(Config\Cache), false)
 9 FCPATH/index.php(67): CodeIgniter\CodeIgniter->run()
CRITICAL - 2023-02-19 23:23:46 --> Undefined property: stdClass::$sc_video
in APPPATH/Views/layouts/container5.php on line 43.
 1 APPPATH/Views/layouts/container5.php(43): CodeIgniter\Debug\Exceptions->errorHandler(8, 'Undefined property: stdClass::$sc_video', 'APPPATH/Views/layouts/container5.php', 43, [...])
 2 SYSTEMPATH/View/View.php(213): include('APPPATH/Views/layouts/container5.php')
 3 SYSTEMPATH/View/View.php(216): CodeIgniter\View\View->CodeIgniter\View\{closure}()
 4 SYSTEMPATH/Common.php(1134): CodeIgniter\View\View->render('layouts/container5', [], true)
 5 APPPATH/Controllers/Main.php(242): view('layouts/container5', [...])
 6 SYSTEMPATH/CodeIgniter.php(927): App\Controllers\Main->container5()
 7 SYSTEMPATH/CodeIgniter.php(482): CodeIgniter\CodeIgniter->runController(Object(App\Controllers\Main))
 8 SYSTEMPATH/CodeIgniter.php(351): CodeIgniter\CodeIgniter->handleRequest(null, Object(Config\Cache), false)
 9 FCPATH/index.php(67): CodeIgniter\CodeIgniter->run()
CRITICAL - 2023-02-19 23:33:44 --> Undefined index: width
in APPPATH/Views/layouts/container1.php on line 56.
 1 APPPATH/Views/layouts/container1.php(56): CodeIgniter\Debug\Exceptions->errorHandler(8, 'Undefined index: width', 'APPPATH/Views/layouts/container1.php', 56, [...])
 2 SYSTEMPATH/View/View.php(213): include('APPPATH/Views/layouts/container1.php')
 3 SYSTEMPATH/View/View.php(216): CodeIgniter\View\View->CodeIgniter\View\{closure}()
 4 SYSTEMPATH/Common.php(1134): CodeIgniter\View\View->render('layouts/container1', [], true)
 5 APPPATH/Controllers/Main.php(84): view('layouts/container1', [...])
 6 SYSTEMPATH/CodeIgniter.php(927): App\Controllers\Main->container1()
 7 SYSTEMPATH/CodeIgniter.php(482): CodeIgniter\CodeIgniter->runController(Object(App\Controllers\Main))
 8 SYSTEMPATH/CodeIgniter.php(351): CodeIgniter\CodeIgniter->handleRequest(null, Object(Config\Cache), false)
 9 FCPATH/index.php(67): CodeIgniter\CodeIgniter->run()
CRITICAL - 2023-02-19 23:33:45 --> Undefined index: width
in APPPATH/Views/layouts/container1.php on line 56.
 1 APPPATH/Views/layouts/container1.php(56): CodeIgniter\Debug\Exceptions->errorHandler(8, 'Undefined index: width', 'APPPATH/Views/layouts/container1.php', 56, [...])
 2 SYSTEMPATH/View/View.php(213): include('APPPATH/Views/layouts/container1.php')
 3 SYSTEMPATH/View/View.php(216): CodeIgniter\View\View->CodeIgniter\View\{closure}()
 4 SYSTEMPATH/Common.php(1134): CodeIgniter\View\View->render('layouts/container1', [], true)
 5 APPPATH/Controllers/Main.php(84): view('layouts/container1', [...])
 6 SYSTEMPATH/CodeIgniter.php(927): App\Controllers\Main->container1()
 7 SYSTEMPATH/CodeIgniter.php(482): CodeIgniter\CodeIgniter->runController(Object(App\Controllers\Main))
 8 SYSTEMPATH/CodeIgniter.php(351): CodeIgniter\CodeIgniter->handleRequest(null, Object(Config\Cache), false)
 9 FCPATH/index.php(67): CodeIgniter\CodeIgniter->run()
CRITICAL - 2023-02-19 23:36:32 --> Undefined index: width
in APPPATH/Views/layouts/container1.php on line 56.
 1 APPPATH/Views/layouts/container1.php(56): CodeIgniter\Debug\Exceptions->errorHandler(8, 'Undefined index: width', 'APPPATH/Views/layouts/container1.php', 56, [...])
 2 SYSTEMPATH/View/View.php(213): include('APPPATH/Views/layouts/container1.php')
 3 SYSTEMPATH/View/View.php(216): CodeIgniter\View\View->CodeIgniter\View\{closure}()
 4 SYSTEMPATH/Common.php(1134): CodeIgniter\View\View->render('layouts/container1', [], true)
 5 APPPATH/Controllers/Main.php(84): view('layouts/container1', [...])
 6 SYSTEMPATH/CodeIgniter.php(927): App\Controllers\Main->container1()
 7 SYSTEMPATH/CodeIgniter.php(482): CodeIgniter\CodeIgniter->runController(Object(App\Controllers\Main))
 8 SYSTEMPATH/CodeIgniter.php(351): CodeIgniter\CodeIgniter->handleRequest(null, Object(Config\Cache), false)
 9 FCPATH/index.php(67): CodeIgniter\CodeIgniter->run()
CRITICAL - 2023-02-19 23:37:01 --> Undefined property: stdClass::$sc_video
in APPPATH/Views/layouts/container5.php on line 43.
 1 APPPATH/Views/layouts/container5.php(43): CodeIgniter\Debug\Exceptions->errorHandler(8, 'Undefined property: stdClass::$sc_video', 'APPPATH/Views/layouts/container5.php', 43, [...])
 2 SYSTEMPATH/View/View.php(213): include('APPPATH/Views/layouts/container5.php')
 3 SYSTEMPATH/View/View.php(216): CodeIgniter\View\View->CodeIgniter\View\{closure}()
 4 SYSTEMPATH/Common.php(1134): CodeIgniter\View\View->render('layouts/container5', [], true)
 5 APPPATH/Controllers/Main.php(242): view('layouts/container5', [...])
 6 SYSTEMPATH/CodeIgniter.php(927): App\Controllers\Main->container5()
 7 SYSTEMPATH/CodeIgniter.php(482): CodeIgniter\CodeIgniter->runController(Object(App\Controllers\Main))
 8 SYSTEMPATH/CodeIgniter.php(351): CodeIgniter\CodeIgniter->handleRequest(null, Object(Config\Cache), false)
 9 FCPATH/index.php(67): CodeIgniter\CodeIgniter->run()
CRITICAL - 2023-02-19 23:51:53 --> Undefined property: stdClass::$status
in APPPATH/Controllers/Main.php on line 480.
 1 APPPATH/Controllers/Main.php(480): CodeIgniter\Debug\Exceptions->errorHandler(8, 'Undefined property: stdClass::$status', 'APPPATH/Controllers/Main.php', 480, [...])
 2 SYSTEMPATH/CodeIgniter.php(927): App\Controllers\Main->order_rcvd()
 3 SYSTEMPATH/CodeIgniter.php(482): CodeIgniter\CodeIgniter->runController(Object(App\Controllers\Main))
 4 SYSTEMPATH/CodeIgniter.php(351): CodeIgniter\CodeIgniter->handleRequest(null, Object(Config\Cache), false)
 5 FCPATH/index.php(67): CodeIgniter\CodeIgniter->run()
CRITICAL - 2023-02-19 23:53:31 --> You cannot use a Stripe token more than once: tok_1MdSHzHksjqOOL27emJdhkZy.
in APPPATH/Libraries/stripe/stripe-php/lib/Exception/ApiErrorException.php on line 38.
 1 APPPATH/Libraries/stripe/stripe-php/lib/Exception/InvalidRequestException.php(35): Stripe\Exception\ApiErrorException::factory('You cannot use a Stripe token more than once: tok_1MdSHzHksjqOOL27emJdhkZy.', 400, '{
  "error": {
    "code": "token_already_used",
    "doc_url": "https://stripe.com/docs/error-codes/token-already-used",
    "message": "You cannot use a Stripe token more than once: tok_1MdSHzHksjqOOL27emJdhkZy.",
    "request_log_url": "https://dashboard.stripe.com/test/logs/req_dfxbcBL5snjXQN?t=1676872410",
    "type": "invalid_request_error"
  }
}
', [...], Object(Stripe\Util\CaseInsensitiveArray), 'token_already_used')
 2 APPPATH/Libraries/stripe/stripe-php/lib/ApiRequestor.php(213): Stripe\Exception\InvalidRequestException::factory('You cannot use a Stripe token more than once: tok_1MdSHzHksjqOOL27emJdhkZy.', 400, '{
  "error": {
    "code": "token_already_used",
    "doc_url": "https://stripe.com/docs/error-codes/token-already-used",
    "message": "You cannot use a Stripe token more than once: tok_1MdSHzHksjqOOL27emJdhkZy.",
    "request_log_url": "https://dashboard.stripe.com/test/logs/req_dfxbcBL5snjXQN?t=1676872410",
    "type": "invalid_request_error"
  }
}
', [...], Object(Stripe\Util\CaseInsensitiveArray), 'token_already_used', null)
 3 APPPATH/Libraries/stripe/stripe-php/lib/ApiRequestor.php(175): Stripe\ApiRequestor::_specificAPIError('{
  "error": {
    "code": "token_already_used",
    "doc_url": "https://stripe.com/docs/error-codes/token-already-used",
    "message": "You cannot use a Stripe token more than once: tok_1MdSHzHksjqOOL27emJdhkZy.",
    "request_log_url": "https://dashboard.stripe.com/test/logs/req_dfxbcBL5snjXQN?t=1676872410",
    "type": "invalid_request_error"
  }
}
', 400, Object(Stripe\Util\CaseInsensitiveArray), [...], [...])
 4 APPPATH/Libraries/stripe/stripe-php/lib/ApiRequestor.php(558): Stripe\ApiRequestor->handleErrorResponse('{
  "error": {
    "code": "token_already_used",
    "doc_url": "https://stripe.com/docs/error-codes/token-already-used",
    "message": "You cannot use a Stripe token more than once: tok_1MdSHzHksjqOOL27emJdhkZy.",
    "request_log_url": "https://dashboard.stripe.com/test/logs/req_dfxbcBL5snjXQN?t=1676872410",
    "type": "invalid_request_error"
  }
}
', 400, Object(Stripe\Util\CaseInsensitiveArray), [...])
 5 APPPATH/Libraries/stripe/stripe-php/lib/ApiRequestor.php(124): Stripe\ApiRequestor->_interpretResponse('{
  "error": {
    "code": "token_already_used",
    "doc_url": "https://stripe.com/docs/error-codes/token-already-used",
    "message": "You cannot use a Stripe token more than once: tok_1MdSHzHksjqOOL27emJdhkZy.",
    "request_log_url": "https://dashboard.stripe.com/test/logs/req_dfxbcBL5snjXQN?t=1676872410",
    "type": "invalid_request_error"
  }
}
', 400, Object(Stripe\Util\CaseInsensitiveArray))
 6 APPPATH/Libraries/stripe/stripe-php/lib/ApiOperations/Request.php(78): Stripe\ApiRequestor->request('post', '/v1/charges', [...], [])
 7 APPPATH/Libraries/stripe/stripe-php/lib/ApiOperations/Create.php(25): Stripe\ApiResource::_staticRequest('post', '/v1/charges', [...], null)
 8 APPPATH/Controllers/Main.php(421): Stripe\Charge::create([...])
 9 SYSTEMPATH/CodeIgniter.php(927): App\Controllers\Main->order_rcvd()
10 SYSTEMPATH/CodeIgniter.php(482): CodeIgniter\CodeIgniter->runController(Object(App\Controllers\Main))
11 SYSTEMPATH/CodeIgniter.php(351): CodeIgniter\CodeIgniter->handleRequest(null, Object(Config\Cache), false)
12 FCPATH/index.php(67): CodeIgniter\CodeIgniter->run()
CRITICAL - 2023-02-19 23:54:15 --> Undefined property: stdClass::$status
in APPPATH/Controllers/Main.php on line 480.
 1 APPPATH/Controllers/Main.php(480): CodeIgniter\Debug\Exceptions->errorHandler(8, 'Undefined property: stdClass::$status', 'APPPATH/Controllers/Main.php', 480, [...])
 2 SYSTEMPATH/CodeIgniter.php(927): App\Controllers\Main->order_rcvd()
 3 SYSTEMPATH/CodeIgniter.php(482): CodeIgniter\CodeIgniter->runController(Object(App\Controllers\Main))
 4 SYSTEMPATH/CodeIgniter.php(351): CodeIgniter\CodeIgniter->handleRequest(null, Object(Config\Cache), false)
 5 FCPATH/index.php(67): CodeIgniter\CodeIgniter->run()
CRITICAL - 2023-02-19 23:54:28 --> You cannot use a Stripe token more than once: tok_1MdSKGHksjqOOL27aS2z7uCH.
in APPPATH/Libraries/stripe/stripe-php/lib/Exception/ApiErrorException.php on line 38.
 1 APPPATH/Libraries/stripe/stripe-php/lib/Exception/InvalidRequestException.php(35): Stripe\Exception\ApiErrorException::factory('You cannot use a Stripe token more than once: tok_1MdSKGHksjqOOL27aS2z7uCH.', 400, '{
  "error": {
    "code": "token_already_used",
    "doc_url": "https://stripe.com/docs/error-codes/token-already-used",
    "message": "You cannot use a Stripe token more than once: tok_1MdSKGHksjqOOL27aS2z7uCH.",
    "request_log_url": "https://dashboard.stripe.com/test/logs/req_pb9LNm1UrGWNnQ?t=1676872468",
    "type": "invalid_request_error"
  }
}
', [...], Object(Stripe\Util\CaseInsensitiveArray), 'token_already_used')
 2 APPPATH/Libraries/stripe/stripe-php/lib/ApiRequestor.php(213): Stripe\Exception\InvalidRequestException::factory('You cannot use a Stripe token more than once: tok_1MdSKGHksjqOOL27aS2z7uCH.', 400, '{
  "error": {
    "code": "token_already_used",
    "doc_url": "https://stripe.com/docs/error-codes/token-already-used",
    "message": "You cannot use a Stripe token more than once: tok_1MdSKGHksjqOOL27aS2z7uCH.",
    "request_log_url": "https://dashboard.stripe.com/test/logs/req_pb9LNm1UrGWNnQ?t=1676872468",
    "type": "invalid_request_error"
  }
}
', [...], Object(Stripe\Util\CaseInsensitiveArray), 'token_already_used', null)
 3 APPPATH/Libraries/stripe/stripe-php/lib/ApiRequestor.php(175): Stripe\ApiRequestor::_specificAPIError('{
  "error": {
    "code": "token_already_used",
    "doc_url": "https://stripe.com/docs/error-codes/token-already-used",
    "message": "You cannot use a Stripe token more than once: tok_1MdSKGHksjqOOL27aS2z7uCH.",
    "request_log_url": "https://dashboard.stripe.com/test/logs/req_pb9LNm1UrGWNnQ?t=1676872468",
    "type": "invalid_request_error"
  }
}
', 400, Object(Stripe\Util\CaseInsensitiveArray), [...], [...])
 4 APPPATH/Libraries/stripe/stripe-php/lib/ApiRequestor.php(558): Stripe\ApiRequestor->handleErrorResponse('{
  "error": {
    "code": "token_already_used",
    "doc_url": "https://stripe.com/docs/error-codes/token-already-used",
    "message": "You cannot use a Stripe token more than once: tok_1MdSKGHksjqOOL27aS2z7uCH.",
    "request_log_url": "https://dashboard.stripe.com/test/logs/req_pb9LNm1UrGWNnQ?t=1676872468",
    "type": "invalid_request_error"
  }
}
', 400, Object(Stripe\Util\CaseInsensitiveArray), [...])
 5 APPPATH/Libraries/stripe/stripe-php/lib/ApiRequestor.php(124): Stripe\ApiRequestor->_interpretResponse('{
  "error": {
    "code": "token_already_used",
    "doc_url": "https://stripe.com/docs/error-codes/token-already-used",
    "message": "You cannot use a Stripe token more than once: tok_1MdSKGHksjqOOL27aS2z7uCH.",
    "request_log_url": "https://dashboard.stripe.com/test/logs/req_pb9LNm1UrGWNnQ?t=1676872468",
    "type": "invalid_request_error"
  }
}
', 400, Object(Stripe\Util\CaseInsensitiveArray))
 6 APPPATH/Libraries/stripe/stripe-php/lib/ApiOperations/Request.php(78): Stripe\ApiRequestor->request('post', '/v1/charges', [...], [])
 7 APPPATH/Libraries/stripe/stripe-php/lib/ApiOperations/Create.php(25): Stripe\ApiResource::_staticRequest('post', '/v1/charges', [...], null)
 8 APPPATH/Controllers/Main.php(421): Stripe\Charge::create([...])
 9 SYSTEMPATH/CodeIgniter.php(927): App\Controllers\Main->order_rcvd()
10 SYSTEMPATH/CodeIgniter.php(482): CodeIgniter\CodeIgniter->runController(Object(App\Controllers\Main))
11 SYSTEMPATH/CodeIgniter.php(351): CodeIgniter\CodeIgniter->handleRequest(null, Object(Config\Cache), false)
12 FCPATH/index.php(67): CodeIgniter\CodeIgniter->run()
CRITICAL - 2023-02-19 23:56:09 --> Undefined property: stdClass::$image_folder_path
in APPPATH/Views/layouts/container5.php on line 82.
 1 APPPATH/Views/layouts/container5.php(82): CodeIgniter\Debug\Exceptions->errorHandler(8, 'Undefined property: stdClass::$image_folder_path', 'APPPATH/Views/layouts/container5.php', 82, [...])
 2 SYSTEMPATH/View/View.php(213): include('APPPATH/Views/layouts/container5.php')
 3 SYSTEMPATH/View/View.php(216): CodeIgniter\View\View->CodeIgniter\View\{closure}()
 4 SYSTEMPATH/Common.php(1134): CodeIgniter\View\View->render('layouts/container5', [], true)
 5 APPPATH/Controllers/Main.php(242): view('layouts/container5', [...])
 6 SYSTEMPATH/CodeIgniter.php(927): App\Controllers\Main->container5()
 7 SYSTEMPATH/CodeIgniter.php(482): CodeIgniter\CodeIgniter->runController(Object(App\Controllers\Main))
 8 SYSTEMPATH/CodeIgniter.php(351): CodeIgniter\CodeIgniter->handleRequest(null, Object(Config\Cache), false)
 9 FCPATH/index.php(67): CodeIgniter\CodeIgniter->run()
CRITICAL - 2023-02-19 23:56:53 --> Undefined property: stdClass::$image_folder_path
in APPPATH/Views/layouts/container5.php on line 82.
 1 APPPATH/Views/layouts/container5.php(82): CodeIgniter\Debug\Exceptions->errorHandler(8, 'Undefined property: stdClass::$image_folder_path', 'APPPATH/Views/layouts/container5.php', 82, [...])
 2 SYSTEMPATH/View/View.php(213): include('APPPATH/Views/layouts/container5.php')
 3 SYSTEMPATH/View/View.php(216): CodeIgniter\View\View->CodeIgniter\View\{closure}()
 4 SYSTEMPATH/Common.php(1134): CodeIgniter\View\View->render('layouts/container5', [], true)
 5 APPPATH/Controllers/Main.php(242): view('layouts/container5', [...])
 6 SYSTEMPATH/CodeIgniter.php(927): App\Controllers\Main->container5()
 7 SYSTEMPATH/CodeIgniter.php(482): CodeIgniter\CodeIgniter->runController(Object(App\Controllers\Main))
 8 SYSTEMPATH/CodeIgniter.php(351): CodeIgniter\CodeIgniter->handleRequest(null, Object(Config\Cache), false)
 9 FCPATH/index.php(67): CodeIgniter\CodeIgniter->run()
CRITICAL - 2023-02-19 23:57:05 --> Undefined property: stdClass::$image_folder_path
in APPPATH/Views/layouts/container5.php on line 82.
 1 APPPATH/Views/layouts/container5.php(82): CodeIgniter\Debug\Exceptions->errorHandler(8, 'Undefined property: stdClass::$image_folder_path', 'APPPATH/Views/layouts/container5.php', 82, [...])
 2 SYSTEMPATH/View/View.php(213): include('APPPATH/Views/layouts/container5.php')
 3 SYSTEMPATH/View/View.php(216): CodeIgniter\View\View->CodeIgniter\View\{closure}()
 4 SYSTEMPATH/Common.php(1134): CodeIgniter\View\View->render('layouts/container5', [], true)
 5 APPPATH/Controllers/Main.php(242): view('layouts/container5', [...])
 6 SYSTEMPATH/CodeIgniter.php(927): App\Controllers\Main->container5()
 7 SYSTEMPATH/CodeIgniter.php(482): CodeIgniter\CodeIgniter->runController(Object(App\Controllers\Main))
 8 SYSTEMPATH/CodeIgniter.php(351): CodeIgniter\CodeIgniter->handleRequest(null, Object(Config\Cache), false)
 9 FCPATH/index.php(67): CodeIgniter\CodeIgniter->run()
