CRITICAL - 2022-12-09 06:29:52 --> Trying to get property 'status' of non-object
in APPPATH/Controllers/Main.php on line 346.
 1 APPPATH/Controllers/Main.php(346): CodeIgniter\Debug\Exceptions->errorHandler(8, 'Trying to get property \'status\' of non-object', 'APPPATH/Controllers/Main.php', 346, [...])
 2 SYSTEMPATH/CodeIgniter.php(927): App\Controllers\Main->login()
 3 SYSTEMPATH/CodeIgniter.php(482): CodeIgniter\CodeIgniter->runController(Object(App\Controllers\Main))
 4 SYSTEMPATH/CodeIgniter.php(351): CodeIgniter\CodeIgniter->handleRequest(null, Object(Config\Cache), false)
 5 FCPATH/index.php(67): CodeIgniter\CodeIgniter->run()
CRITICAL - 2022-12-09 06:31:08 --> Trying to get property 'status' of non-object
in APPPATH/Controllers/Main.php on line 347.
 1 APPPATH/Controllers/Main.php(347): CodeIgniter\Debug\Exceptions->errorHandler(8, 'Trying to get property \'status\' of non-object', 'APPPATH/Controllers/Main.php', 347, [...])
 2 SYSTEMPATH/CodeIgniter.php(927): App\Controllers\Main->login()
 3 SYSTEMPATH/CodeIgniter.php(482): CodeIgniter\CodeIgniter->runController(Object(App\Controllers\Main))
 4 SYSTEMPATH/CodeIgniter.php(351): CodeIgniter\CodeIgniter->handleRequest(null, Object(Config\Cache), false)
 5 FCPATH/index.php(67): CodeIgniter\CodeIgniter->run()
CRITICAL - 2022-12-09 06:31:14 --> Trying to get property 'status' of non-object
in APPPATH/Controllers/Main.php on line 347.
 1 APPPATH/Controllers/Main.php(347): CodeIgniter\Debug\Exceptions->errorHandler(8, 'Trying to get property \'status\' of non-object', 'APPPATH/Controllers/Main.php', 347, [...])
 2 SYSTEMPATH/CodeIgniter.php(927): App\Controllers\Main->login()
 3 SYSTEMPATH/CodeIgniter.php(482): CodeIgniter\CodeIgniter->runController(Object(App\Controllers\Main))
 4 SYSTEMPATH/CodeIgniter.php(351): CodeIgniter\CodeIgniter->handleRequest(null, Object(Config\Cache), false)
 5 FCPATH/index.php(67): CodeIgniter\CodeIgniter->run()
CRITICAL - 2022-12-09 06:31:39 --> Trying to get property 'status' of non-object
in APPPATH/Controllers/Main.php on line 347.
 1 APPPATH/Controllers/Main.php(347): CodeIgniter\Debug\Exceptions->errorHandler(8, 'Trying to get property \'status\' of non-object', 'APPPATH/Controllers/Main.php', 347, [...])
 2 SYSTEMPATH/CodeIgniter.php(927): App\Controllers\Main->login()
 3 SYSTEMPATH/CodeIgniter.php(482): CodeIgniter\CodeIgniter->runController(Object(App\Controllers\Main))
 4 SYSTEMPATH/CodeIgniter.php(351): CodeIgniter\CodeIgniter->handleRequest(null, Object(Config\Cache), false)
 5 FCPATH/index.php(67): CodeIgniter\CodeIgniter->run()
CRITICAL - 2022-12-09 06:31:50 --> Trying to get property 'status' of non-object
in APPPATH/Controllers/Main.php on line 347.
 1 APPPATH/Controllers/Main.php(347): CodeIgniter\Debug\Exceptions->errorHandler(8, 'Trying to get property \'status\' of non-object', 'APPPATH/Controllers/Main.php', 347, [...])
 2 SYSTEMPATH/CodeIgniter.php(927): App\Controllers\Main->login()
 3 SYSTEMPATH/CodeIgniter.php(482): CodeIgniter\CodeIgniter->runController(Object(App\Controllers\Main))
 4 SYSTEMPATH/CodeIgniter.php(351): CodeIgniter\CodeIgniter->handleRequest(null, Object(Config\Cache), false)
 5 FCPATH/index.php(67): CodeIgniter\CodeIgniter->run()
CRITICAL - 2022-12-09 07:01:47 --> Undefined property: stdClass::$message
in APPPATH/Controllers/Main.php on line 390.
 1 APPPATH/Controllers/Main.php(390): CodeIgniter\Debug\Exceptions->errorHandler(8, 'Undefined property: stdClass::$message', 'APPPATH/Controllers/Main.php', 390, [...])
 2 SYSTEMPATH/CodeIgniter.php(927): App\Controllers\Main->signup()
 3 SYSTEMPATH/CodeIgniter.php(482): CodeIgniter\CodeIgniter->runController(Object(App\Controllers\Main))
 4 SYSTEMPATH/CodeIgniter.php(351): CodeIgniter\CodeIgniter->handleRequest(null, Object(Config\Cache), false)
 5 FCPATH/index.php(67): CodeIgniter\CodeIgniter->run()
CRITICAL - 2022-12-09 07:02:14 --> Undefined property: stdClass::$message
in APPPATH/Controllers/Main.php on line 390.
 1 APPPATH/Controllers/Main.php(390): CodeIgniter\Debug\Exceptions->errorHandler(8, 'Undefined property: stdClass::$message', 'APPPATH/Controllers/Main.php', 390, [...])
 2 SYSTEMPATH/CodeIgniter.php(927): App\Controllers\Main->signup()
 3 SYSTEMPATH/CodeIgniter.php(482): CodeIgniter\CodeIgniter->runController(Object(App\Controllers\Main))
 4 SYSTEMPATH/CodeIgniter.php(351): CodeIgniter\CodeIgniter->handleRequest(null, Object(Config\Cache), false)
 5 FCPATH/index.php(67): CodeIgniter\CodeIgniter->run()
CRITICAL - 2022-12-09 07:12:35 --> Undefined variable: message
in APPPATH/Views/layouts/login.php on line 35.
 1 APPPATH/Views/layouts/login.php(35): CodeIgniter\Debug\Exceptions->errorHandler(8, 'Undefined variable: message', 'APPPATH/Views/layouts/login.php', 35, [])
 2 SYSTEMPATH/View/View.php(213): include('APPPATH/Views/layouts/login.php')
 3 SYSTEMPATH/View/View.php(216): CodeIgniter\View\View->CodeIgniter\View\{closure}()
 4 SYSTEMPATH/Common.php(1134): CodeIgniter\View\View->render('layouts/login', [], true)
 5 APPPATH/Controllers/Main.php(360): view('layouts/login', [])
 6 SYSTEMPATH/CodeIgniter.php(927): App\Controllers\Main->login()
 7 SYSTEMPATH/CodeIgniter.php(482): CodeIgniter\CodeIgniter->runController(Object(App\Controllers\Main))
 8 SYSTEMPATH/CodeIgniter.php(351): CodeIgniter\CodeIgniter->handleRequest(null, Object(Config\Cache), false)
 9 FCPATH/index.php(67): CodeIgniter\CodeIgniter->run()
CRITICAL - 2022-12-09 07:12:38 --> Undefined variable: message
in APPPATH/Views/layouts/login.php on line 35.
 1 APPPATH/Views/layouts/login.php(35): CodeIgniter\Debug\Exceptions->errorHandler(8, 'Undefined variable: message', 'APPPATH/Views/layouts/login.php', 35, [])
 2 SYSTEMPATH/View/View.php(213): include('APPPATH/Views/layouts/login.php')
 3 SYSTEMPATH/View/View.php(216): CodeIgniter\View\View->CodeIgniter\View\{closure}()
 4 SYSTEMPATH/Common.php(1134): CodeIgniter\View\View->render('layouts/login', [], true)
 5 APPPATH/Controllers/Main.php(360): view('layouts/login', [])
 6 SYSTEMPATH/CodeIgniter.php(927): App\Controllers\Main->login()
 7 SYSTEMPATH/CodeIgniter.php(482): CodeIgniter\CodeIgniter->runController(Object(App\Controllers\Main))
 8 SYSTEMPATH/CodeIgniter.php(351): CodeIgniter\CodeIgniter->handleRequest(null, Object(Config\Cache), false)
 9 FCPATH/index.php(67): CodeIgniter\CodeIgniter->run()
CRITICAL - 2022-12-09 07:12:39 --> Undefined variable: message
in APPPATH/Views/layouts/login.php on line 35.
 1 APPPATH/Views/layouts/login.php(35): CodeIgniter\Debug\Exceptions->errorHandler(8, 'Undefined variable: message', 'APPPATH/Views/layouts/login.php', 35, [])
 2 SYSTEMPATH/View/View.php(213): include('APPPATH/Views/layouts/login.php')
 3 SYSTEMPATH/View/View.php(216): CodeIgniter\View\View->CodeIgniter\View\{closure}()
 4 SYSTEMPATH/Common.php(1134): CodeIgniter\View\View->render('layouts/login', [], true)
 5 APPPATH/Controllers/Main.php(360): view('layouts/login', [])
 6 SYSTEMPATH/CodeIgniter.php(927): App\Controllers\Main->login()
 7 SYSTEMPATH/CodeIgniter.php(482): CodeIgniter\CodeIgniter->runController(Object(App\Controllers\Main))
 8 SYSTEMPATH/CodeIgniter.php(351): CodeIgniter\CodeIgniter->handleRequest(null, Object(Config\Cache), false)
 9 FCPATH/index.php(67): CodeIgniter\CodeIgniter->run()
CRITICAL - 2022-12-09 07:12:39 --> Undefined variable: message
in APPPATH/Views/layouts/login.php on line 35.
 1 APPPATH/Views/layouts/login.php(35): CodeIgniter\Debug\Exceptions->errorHandler(8, 'Undefined variable: message', 'APPPATH/Views/layouts/login.php', 35, [])
 2 SYSTEMPATH/View/View.php(213): include('APPPATH/Views/layouts/login.php')
 3 SYSTEMPATH/View/View.php(216): CodeIgniter\View\View->CodeIgniter\View\{closure}()
 4 SYSTEMPATH/Common.php(1134): CodeIgniter\View\View->render('layouts/login', [], true)
 5 APPPATH/Controllers/Main.php(360): view('layouts/login', [])
 6 SYSTEMPATH/CodeIgniter.php(927): App\Controllers\Main->login()
 7 SYSTEMPATH/CodeIgniter.php(482): CodeIgniter\CodeIgniter->runController(Object(App\Controllers\Main))
 8 SYSTEMPATH/CodeIgniter.php(351): CodeIgniter\CodeIgniter->handleRequest(null, Object(Config\Cache), false)
 9 FCPATH/index.php(67): CodeIgniter\CodeIgniter->run()
CRITICAL - 2022-12-09 07:12:46 --> Undefined variable: message
in APPPATH/Views/layouts/login.php on line 35.
 1 APPPATH/Views/layouts/login.php(35): CodeIgniter\Debug\Exceptions->errorHandler(8, 'Undefined variable: message', 'APPPATH/Views/layouts/login.php', 35, [])
 2 SYSTEMPATH/View/View.php(213): include('APPPATH/Views/layouts/login.php')
 3 SYSTEMPATH/View/View.php(216): CodeIgniter\View\View->CodeIgniter\View\{closure}()
 4 SYSTEMPATH/Common.php(1134): CodeIgniter\View\View->render('layouts/login', [], true)
 5 APPPATH/Controllers/Main.php(360): view('layouts/login', [])
 6 SYSTEMPATH/CodeIgniter.php(927): App\Controllers\Main->login()
 7 SYSTEMPATH/CodeIgniter.php(482): CodeIgniter\CodeIgniter->runController(Object(App\Controllers\Main))
 8 SYSTEMPATH/CodeIgniter.php(351): CodeIgniter\CodeIgniter->handleRequest(null, Object(Config\Cache), false)
 9 FCPATH/index.php(67): CodeIgniter\CodeIgniter->run()
CRITICAL - 2022-12-09 07:12:46 --> Undefined variable: message
in APPPATH/Views/layouts/login.php on line 35.
 1 APPPATH/Views/layouts/login.php(35): CodeIgniter\Debug\Exceptions->errorHandler(8, 'Undefined variable: message', 'APPPATH/Views/layouts/login.php', 35, [])
 2 SYSTEMPATH/View/View.php(213): include('APPPATH/Views/layouts/login.php')
 3 SYSTEMPATH/View/View.php(216): CodeIgniter\View\View->CodeIgniter\View\{closure}()
 4 SYSTEMPATH/Common.php(1134): CodeIgniter\View\View->render('layouts/login', [], true)
 5 APPPATH/Controllers/Main.php(360): view('layouts/login', [])
 6 SYSTEMPATH/CodeIgniter.php(927): App\Controllers\Main->login()
 7 SYSTEMPATH/CodeIgniter.php(482): CodeIgniter\CodeIgniter->runController(Object(App\Controllers\Main))
 8 SYSTEMPATH/CodeIgniter.php(351): CodeIgniter\CodeIgniter->handleRequest(null, Object(Config\Cache), false)
 9 FCPATH/index.php(67): CodeIgniter\CodeIgniter->run()
CRITICAL - 2022-12-09 07:12:46 --> Undefined variable: message
in APPPATH/Views/layouts/login.php on line 35.
 1 APPPATH/Views/layouts/login.php(35): CodeIgniter\Debug\Exceptions->errorHandler(8, 'Undefined variable: message', 'APPPATH/Views/layouts/login.php', 35, [])
 2 SYSTEMPATH/View/View.php(213): include('APPPATH/Views/layouts/login.php')
 3 SYSTEMPATH/View/View.php(216): CodeIgniter\View\View->CodeIgniter\View\{closure}()
 4 SYSTEMPATH/Common.php(1134): CodeIgniter\View\View->render('layouts/login', [], true)
 5 APPPATH/Controllers/Main.php(360): view('layouts/login', [])
 6 SYSTEMPATH/CodeIgniter.php(927): App\Controllers\Main->login()
 7 SYSTEMPATH/CodeIgniter.php(482): CodeIgniter\CodeIgniter->runController(Object(App\Controllers\Main))
 8 SYSTEMPATH/CodeIgniter.php(351): CodeIgniter\CodeIgniter->handleRequest(null, Object(Config\Cache), false)
 9 FCPATH/index.php(67): CodeIgniter\CodeIgniter->run()
CRITICAL - 2022-12-09 07:13:31 --> Undefined variable: message
in APPPATH/Views/layouts/login.php on line 35.
 1 APPPATH/Views/layouts/login.php(35): CodeIgniter\Debug\Exceptions->errorHandler(8, 'Undefined variable: message', 'APPPATH/Views/layouts/login.php', 35, [])
 2 SYSTEMPATH/View/View.php(213): include('APPPATH/Views/layouts/login.php')
 3 SYSTEMPATH/View/View.php(216): CodeIgniter\View\View->CodeIgniter\View\{closure}()
 4 SYSTEMPATH/Common.php(1134): CodeIgniter\View\View->render('layouts/login', [], true)
 5 APPPATH/Controllers/Main.php(360): view('layouts/login', [])
 6 SYSTEMPATH/CodeIgniter.php(927): App\Controllers\Main->login()
 7 SYSTEMPATH/CodeIgniter.php(482): CodeIgniter\CodeIgniter->runController(Object(App\Controllers\Main))
 8 SYSTEMPATH/CodeIgniter.php(351): CodeIgniter\CodeIgniter->handleRequest(null, Object(Config\Cache), false)
 9 FCPATH/index.php(67): CodeIgniter\CodeIgniter->run()
CRITICAL - 2022-12-09 07:14:16 --> Undefined variable: response
in APPPATH/Views/layouts/login.php on line 33.
 1 APPPATH/Views/layouts/login.php(33): CodeIgniter\Debug\Exceptions->errorHandler(8, 'Undefined variable: response', 'APPPATH/Views/layouts/login.php', 33, [])
 2 SYSTEMPATH/View/View.php(213): include('APPPATH/Views/layouts/login.php')
 3 SYSTEMPATH/View/View.php(216): CodeIgniter\View\View->CodeIgniter\View\{closure}()
 4 SYSTEMPATH/Common.php(1134): CodeIgniter\View\View->render('layouts/login', [], true)
 5 APPPATH/Controllers/Main.php(360): view('layouts/login', [])
 6 SYSTEMPATH/CodeIgniter.php(927): App\Controllers\Main->login()
 7 SYSTEMPATH/CodeIgniter.php(482): CodeIgniter\CodeIgniter->runController(Object(App\Controllers\Main))
 8 SYSTEMPATH/CodeIgniter.php(351): CodeIgniter\CodeIgniter->handleRequest(null, Object(Config\Cache), false)
 9 FCPATH/index.php(67): CodeIgniter\CodeIgniter->run()
CRITICAL - 2022-12-09 07:15:52 --> Undefined variable: response
in APPPATH/Views/layouts/login.php on line 21.
 1 APPPATH/Views/layouts/login.php(21): CodeIgniter\Debug\Exceptions->errorHandler(8, 'Undefined variable: response', 'APPPATH/Views/layouts/login.php', 21, [])
 2 SYSTEMPATH/View/View.php(213): include('APPPATH/Views/layouts/login.php')
 3 SYSTEMPATH/View/View.php(216): CodeIgniter\View\View->CodeIgniter\View\{closure}()
 4 SYSTEMPATH/Common.php(1134): CodeIgniter\View\View->render('layouts/login', [], true)
 5 APPPATH/Controllers/Main.php(360): view('layouts/login', [])
 6 SYSTEMPATH/CodeIgniter.php(927): App\Controllers\Main->login()
 7 SYSTEMPATH/CodeIgniter.php(482): CodeIgniter\CodeIgniter->runController(Object(App\Controllers\Main))
 8 SYSTEMPATH/CodeIgniter.php(351): CodeIgniter\CodeIgniter->handleRequest(null, Object(Config\Cache), false)
 9 FCPATH/index.php(67): CodeIgniter\CodeIgniter->run()
CRITICAL - 2022-12-09 20:20:57 --> Trying to get property 'status' of non-object
in APPPATH/Controllers/Main.php on line 349.
 1 APPPATH/Controllers/Main.php(349): CodeIgniter\Debug\Exceptions->errorHandler(8, 'Trying to get property \'status\' of non-object', 'APPPATH/Controllers/Main.php', 349, [...])
 2 SYSTEMPATH/CodeIgniter.php(927): App\Controllers\Main->login()
 3 SYSTEMPATH/CodeIgniter.php(482): CodeIgniter\CodeIgniter->runController(Object(App\Controllers\Main))
 4 SYSTEMPATH/CodeIgniter.php(351): CodeIgniter\CodeIgniter->handleRequest(null, Object(Config\Cache), false)
 5 FCPATH/index.php(67): CodeIgniter\CodeIgniter->run()
CRITICAL - 2022-12-09 20:21:03 --> Trying to get property 'status' of non-object
in APPPATH/Controllers/Main.php on line 349.
 1 APPPATH/Controllers/Main.php(349): CodeIgniter\Debug\Exceptions->errorHandler(8, 'Trying to get property \'status\' of non-object', 'APPPATH/Controllers/Main.php', 349, [...])
 2 SYSTEMPATH/CodeIgniter.php(927): App\Controllers\Main->login()
 3 SYSTEMPATH/CodeIgniter.php(482): CodeIgniter\CodeIgniter->runController(Object(App\Controllers\Main))
 4 SYSTEMPATH/CodeIgniter.php(351): CodeIgniter\CodeIgniter->handleRequest(null, Object(Config\Cache), false)
 5 FCPATH/index.php(67): CodeIgniter\CodeIgniter->run()
CRITICAL - 2022-12-09 20:21:09 --> Trying to get property 'status' of non-object
in APPPATH/Controllers/Main.php on line 349.
 1 APPPATH/Controllers/Main.php(349): CodeIgniter\Debug\Exceptions->errorHandler(8, 'Trying to get property \'status\' of non-object', 'APPPATH/Controllers/Main.php', 349, [...])
 2 SYSTEMPATH/CodeIgniter.php(927): App\Controllers\Main->login()
 3 SYSTEMPATH/CodeIgniter.php(482): CodeIgniter\CodeIgniter->runController(Object(App\Controllers\Main))
 4 SYSTEMPATH/CodeIgniter.php(351): CodeIgniter\CodeIgniter->handleRequest(null, Object(Config\Cache), false)
 5 FCPATH/index.php(67): CodeIgniter\CodeIgniter->run()
CRITICAL - 2022-12-09 20:21:35 --> Trying to get property 'status' of non-object
in APPPATH/Controllers/Main.php on line 349.
 1 APPPATH/Controllers/Main.php(349): CodeIgniter\Debug\Exceptions->errorHandler(8, 'Trying to get property \'status\' of non-object', 'APPPATH/Controllers/Main.php', 349, [...])
 2 SYSTEMPATH/CodeIgniter.php(927): App\Controllers\Main->login()
 3 SYSTEMPATH/CodeIgniter.php(482): CodeIgniter\CodeIgniter->runController(Object(App\Controllers\Main))
 4 SYSTEMPATH/CodeIgniter.php(351): CodeIgniter\CodeIgniter->handleRequest(null, Object(Config\Cache), false)
 5 FCPATH/index.php(67): CodeIgniter\CodeIgniter->run()
CRITICAL - 2022-12-09 21:28:39 --> Trying to get property 'status' of non-object
in APPPATH/Controllers/Main.php on line 349.
 1 APPPATH/Controllers/Main.php(349): CodeIgniter\Debug\Exceptions->errorHandler(8, 'Trying to get property \'status\' of non-object', 'APPPATH/Controllers/Main.php', 349, [...])
 2 SYSTEMPATH/CodeIgniter.php(927): App\Controllers\Main->login()
 3 SYSTEMPATH/CodeIgniter.php(482): CodeIgniter\CodeIgniter->runController(Object(App\Controllers\Main))
 4 SYSTEMPATH/CodeIgniter.php(351): CodeIgniter\CodeIgniter->handleRequest(null, Object(Config\Cache), false)
 5 FCPATH/index.php(67): CodeIgniter\CodeIgniter->run()
CRITICAL - 2022-12-09 21:39:48 --> Trying to get property 'status' of non-object
in APPPATH/Controllers/Main.php on line 349.
 1 APPPATH/Controllers/Main.php(349): CodeIgniter\Debug\Exceptions->errorHandler(8, 'Trying to get property \'status\' of non-object', 'APPPATH/Controllers/Main.php', 349, [...])
 2 SYSTEMPATH/CodeIgniter.php(927): App\Controllers\Main->login()
 3 SYSTEMPATH/CodeIgniter.php(482): CodeIgniter\CodeIgniter->runController(Object(App\Controllers\Main))
 4 SYSTEMPATH/CodeIgniter.php(351): CodeIgniter\CodeIgniter->handleRequest(null, Object(Config\Cache), false)
 5 FCPATH/index.php(67): CodeIgniter\CodeIgniter->run()
CRITICAL - 2022-12-09 21:42:33 --> Trying to get property 'status' of non-object
in APPPATH/Controllers/Main.php on line 349.
 1 APPPATH/Controllers/Main.php(349): CodeIgniter\Debug\Exceptions->errorHandler(8, 'Trying to get property \'status\' of non-object', 'APPPATH/Controllers/Main.php', 349, [...])
 2 SYSTEMPATH/CodeIgniter.php(927): App\Controllers\Main->login()
 3 SYSTEMPATH/CodeIgniter.php(482): CodeIgniter\CodeIgniter->runController(Object(App\Controllers\Main))
 4 SYSTEMPATH/CodeIgniter.php(351): CodeIgniter\CodeIgniter->handleRequest(null, Object(Config\Cache), false)
 5 FCPATH/index.php(67): CodeIgniter\CodeIgniter->run()
CRITICAL - 2022-12-09 21:42:42 --> Trying to get property 'status' of non-object
in APPPATH/Controllers/Main.php on line 349.
 1 APPPATH/Controllers/Main.php(349): CodeIgniter\Debug\Exceptions->errorHandler(8, 'Trying to get property \'status\' of non-object', 'APPPATH/Controllers/Main.php', 349, [...])
 2 SYSTEMPATH/CodeIgniter.php(927): App\Controllers\Main->login()
 3 SYSTEMPATH/CodeIgniter.php(482): CodeIgniter\CodeIgniter->runController(Object(App\Controllers\Main))
 4 SYSTEMPATH/CodeIgniter.php(351): CodeIgniter\CodeIgniter->handleRequest(null, Object(Config\Cache), false)
 5 FCPATH/index.php(67): CodeIgniter\CodeIgniter->run()
CRITICAL - 2022-12-09 21:43:27 --> Trying to get property 'status' of non-object
in APPPATH/Controllers/Main.php on line 349.
 1 APPPATH/Controllers/Main.php(349): CodeIgniter\Debug\Exceptions->errorHandler(8, 'Trying to get property \'status\' of non-object', 'APPPATH/Controllers/Main.php', 349, [...])
 2 SYSTEMPATH/CodeIgniter.php(927): App\Controllers\Main->login()
 3 SYSTEMPATH/CodeIgniter.php(482): CodeIgniter\CodeIgniter->runController(Object(App\Controllers\Main))
 4 SYSTEMPATH/CodeIgniter.php(351): CodeIgniter\CodeIgniter->handleRequest(null, Object(Config\Cache), false)
 5 FCPATH/index.php(67): CodeIgniter\CodeIgniter->run()
CRITICAL - 2022-12-09 23:35:20 --> Trying to get property 'status' of non-object
in APPPATH/Controllers/Main.php on line 350.
 1 APPPATH/Controllers/Main.php(350): CodeIgniter\Debug\Exceptions->errorHandler(8, 'Trying to get property \'status\' of non-object', 'APPPATH/Controllers/Main.php', 350, [...])
 2 SYSTEMPATH/CodeIgniter.php(927): App\Controllers\Main->login()
 3 SYSTEMPATH/CodeIgniter.php(482): CodeIgniter\CodeIgniter->runController(Object(App\Controllers\Main))
 4 SYSTEMPATH/CodeIgniter.php(351): CodeIgniter\CodeIgniter->handleRequest(null, Object(Config\Cache), false)
 5 FCPATH/index.php(67): CodeIgniter\CodeIgniter->run()
