CRITICAL - 2022-12-19 00:56:07 --> Too few arguments to function App\Controllers\Main::payment(), 0 passed in /home/valencia/2kpaid.com/app/system/CodeIgniter.php on line 927 and exactly 1 expected
in APPPATH/Controllers/Main.php on line 254.
 1 SYSTEMPATH/CodeIgniter.php(927): App\Controllers\Main->payment()
 2 SYSTEMPATH/CodeIgniter.php(482): CodeIgniter\CodeIgniter->runController(Object(App\Controllers\Main))
 3 SYSTEMPATH/CodeIgniter.php(351): CodeIgniter\CodeIgniter->handleRequest(null, Object(Config\Cache), false)
 4 FCPATH/index.php(67): CodeIgniter\CodeIgniter->run()
CRITICAL - 2022-12-19 02:13:20 --> Undefined index: first_name
in APPPATH/Controllers/Main.php on line 200.
 1 APPPATH/Controllers/Main.php(200): CodeIgniter\Debug\Exceptions->errorHandler(8, 'Undefined index: first_name', 'APPPATH/Controllers/Main.php', 200, [...])
 2 SYSTEMPATH/CodeIgniter.php(927): App\Controllers\Main->checkout()
 3 SYSTEMPATH/CodeIgniter.php(482): CodeIgniter\CodeIgniter->runController(Object(App\Controllers\Main))
 4 SYSTEMPATH/CodeIgniter.php(351): CodeIgniter\CodeIgniter->handleRequest(null, Object(Config\Cache), false)
 5 FCPATH/index.php(67): CodeIgniter\CodeIgniter->run()
CRITICAL - 2022-12-19 02:14:11 --> Undefined index: first_name
in APPPATH/Controllers/Main.php on line 200.
 1 APPPATH/Controllers/Main.php(200): CodeIgniter\Debug\Exceptions->errorHandler(8, 'Undefined index: first_name', 'APPPATH/Controllers/Main.php', 200, [...])
 2 SYSTEMPATH/CodeIgniter.php(927): App\Controllers\Main->checkout()
 3 SYSTEMPATH/CodeIgniter.php(482): CodeIgniter\CodeIgniter->runController(Object(App\Controllers\Main))
 4 SYSTEMPATH/CodeIgniter.php(351): CodeIgniter\CodeIgniter->handleRequest(null, Object(Config\Cache), false)
 5 FCPATH/index.php(67): CodeIgniter\CodeIgniter->run()
CRITICAL - 2022-12-19 02:16:12 --> Undefined index: order_id
in APPPATH/Controllers/Main.php on line 258.
 1 APPPATH/Controllers/Main.php(258): CodeIgniter\Debug\Exceptions->errorHandler(8, 'Undefined index: order_id', 'APPPATH/Controllers/Main.php', 258, [...])
 2 SYSTEMPATH/CodeIgniter.php(927): App\Controllers\Main->payment()
 3 SYSTEMPATH/CodeIgniter.php(482): CodeIgniter\CodeIgniter->runController(Object(App\Controllers\Main))
 4 SYSTEMPATH/CodeIgniter.php(351): CodeIgniter\CodeIgniter->handleRequest(null, Object(Config\Cache), false)
 5 FCPATH/index.php(67): CodeIgniter\CodeIgniter->run()
CRITICAL - 2022-12-19 02:16:42 --> Undefined index: order_id
in APPPATH/Controllers/Main.php on line 258.
 1 APPPATH/Controllers/Main.php(258): CodeIgniter\Debug\Exceptions->errorHandler(8, 'Undefined index: order_id', 'APPPATH/Controllers/Main.php', 258, [...])
 2 SYSTEMPATH/CodeIgniter.php(927): App\Controllers\Main->payment()
 3 SYSTEMPATH/CodeIgniter.php(482): CodeIgniter\CodeIgniter->runController(Object(App\Controllers\Main))
 4 SYSTEMPATH/CodeIgniter.php(351): CodeIgniter\CodeIgniter->handleRequest(null, Object(Config\Cache), false)
 5 FCPATH/index.php(67): CodeIgniter\CodeIgniter->run()
CRITICAL - 2022-12-19 02:16:49 --> Undefined index: order_id
in APPPATH/Controllers/Main.php on line 258.
 1 APPPATH/Controllers/Main.php(258): CodeIgniter\Debug\Exceptions->errorHandler(8, 'Undefined index: order_id', 'APPPATH/Controllers/Main.php', 258, [...])
 2 SYSTEMPATH/CodeIgniter.php(927): App\Controllers\Main->payment()
 3 SYSTEMPATH/CodeIgniter.php(482): CodeIgniter\CodeIgniter->runController(Object(App\Controllers\Main))
 4 SYSTEMPATH/CodeIgniter.php(351): CodeIgniter\CodeIgniter->handleRequest(null, Object(Config\Cache), false)
 5 FCPATH/index.php(67): CodeIgniter\CodeIgniter->run()
CRITICAL - 2022-12-19 02:17:17 --> Undefined index: order_id
in APPPATH/Controllers/Main.php on line 258.
 1 APPPATH/Controllers/Main.php(258): CodeIgniter\Debug\Exceptions->errorHandler(8, 'Undefined index: order_id', 'APPPATH/Controllers/Main.php', 258, [...])
 2 SYSTEMPATH/CodeIgniter.php(927): App\Controllers\Main->payment()
 3 SYSTEMPATH/CodeIgniter.php(482): CodeIgniter\CodeIgniter->runController(Object(App\Controllers\Main))
 4 SYSTEMPATH/CodeIgniter.php(351): CodeIgniter\CodeIgniter->handleRequest(null, Object(Config\Cache), false)
 5 FCPATH/index.php(67): CodeIgniter\CodeIgniter->run()
CRITICAL - 2022-12-19 02:17:23 --> Undefined index: order_id
in APPPATH/Controllers/Main.php on line 258.
 1 APPPATH/Controllers/Main.php(258): CodeIgniter\Debug\Exceptions->errorHandler(8, 'Undefined index: order_id', 'APPPATH/Controllers/Main.php', 258, [...])
 2 SYSTEMPATH/CodeIgniter.php(927): App\Controllers\Main->payment()
 3 SYSTEMPATH/CodeIgniter.php(482): CodeIgniter\CodeIgniter->runController(Object(App\Controllers\Main))
 4 SYSTEMPATH/CodeIgniter.php(351): CodeIgniter\CodeIgniter->handleRequest(null, Object(Config\Cache), false)
 5 FCPATH/index.php(67): CodeIgniter\CodeIgniter->run()
CRITICAL - 2022-12-19 02:17:40 --> Undefined index: order_id
in APPPATH/Controllers/Main.php on line 258.
 1 APPPATH/Controllers/Main.php(258): CodeIgniter\Debug\Exceptions->errorHandler(8, 'Undefined index: order_id', 'APPPATH/Controllers/Main.php', 258, [...])
 2 SYSTEMPATH/CodeIgniter.php(927): App\Controllers\Main->payment()
 3 SYSTEMPATH/CodeIgniter.php(482): CodeIgniter\CodeIgniter->runController(Object(App\Controllers\Main))
 4 SYSTEMPATH/CodeIgniter.php(351): CodeIgniter\CodeIgniter->handleRequest(null, Object(Config\Cache), false)
 5 FCPATH/index.php(67): CodeIgniter\CodeIgniter->run()
CRITICAL - 2022-12-19 02:21:31 --> Undefined variable: order_id
in APPPATH/Views/layouts/payment.php on line 32.
 1 APPPATH/Views/layouts/payment.php(32): CodeIgniter\Debug\Exceptions->errorHandler(8, 'Undefined variable: order_id', 'APPPATH/Views/layouts/payment.php', 32, [])
 2 SYSTEMPATH/View/View.php(213): include('APPPATH/Views/layouts/payment.php')
 3 SYSTEMPATH/View/View.php(216): CodeIgniter\View\View->CodeIgniter\View\{closure}()
 4 SYSTEMPATH/Common.php(1134): CodeIgniter\View\View->render('layouts/payment', [], true)
 5 APPPATH/Controllers/Main.php(265): view('layouts/payment', [])
 6 SYSTEMPATH/CodeIgniter.php(927): App\Controllers\Main->payment()
 7 SYSTEMPATH/CodeIgniter.php(482): CodeIgniter\CodeIgniter->runController(Object(App\Controllers\Main))
 8 SYSTEMPATH/CodeIgniter.php(351): CodeIgniter\CodeIgniter->handleRequest(null, Object(Config\Cache), false)
 9 FCPATH/index.php(67): CodeIgniter\CodeIgniter->run()
CRITICAL - 2022-12-19 05:53:40 --> Undefined index: first_name
in APPPATH/Controllers/Main.php on line 200.
 1 APPPATH/Controllers/Main.php(200): CodeIgniter\Debug\Exceptions->errorHandler(8, 'Undefined index: first_name', 'APPPATH/Controllers/Main.php', 200, [...])
 2 SYSTEMPATH/CodeIgniter.php(927): App\Controllers\Main->checkout()
 3 SYSTEMPATH/CodeIgniter.php(482): CodeIgniter\CodeIgniter->runController(Object(App\Controllers\Main))
 4 SYSTEMPATH/CodeIgniter.php(351): CodeIgniter\CodeIgniter->handleRequest(null, Object(Config\Cache), false)
 5 FCPATH/index.php(67): CodeIgniter\CodeIgniter->run()
