CRITICAL - 2022-11-30 01:00:49 --> Undefined index: first_name
in APPPATH\Controllers\Main.php on line 178.
 1 APPPATH\Controllers\Main.php(178): CodeIgniter\Debug\Exceptions->errorHandler(8, 'Undefined index: first_name', 'APPPATH\\Controllers\\Main.php', 178, [...])
 2 SYSTEMPATH\CodeIgniter.php(927): App\Controllers\Main->checkout()
 3 SYSTEMPATH\CodeIgniter.php(482): CodeIgniter\CodeIgniter->runController(Object(App\Controllers\Main))
 4 SYSTEMPATH\CodeIgniter.php(351): CodeIgniter\CodeIgniter->handleRequest(null, Object(Config\Cache), false)
 5 FCPATH\index.php(67): CodeIgniter\CodeIgniter->run()
 6 SYSTEMPATH\Commands\Server\rewrite.php(46): require_once('FCPATH\\index.php')
CRITICAL - 2022-11-30 01:02:05 --> Undefined index: first_name
in APPPATH\Controllers\Main.php on line 178.
 1 APPPATH\Controllers\Main.php(178): CodeIgniter\Debug\Exceptions->errorHandler(8, 'Undefined index: first_name', 'APPPATH\\Controllers\\Main.php', 178, [...])
 2 SYSTEMPATH\CodeIgniter.php(927): App\Controllers\Main->checkout()
 3 SYSTEMPATH\CodeIgniter.php(482): CodeIgniter\CodeIgniter->runController(Object(App\Controllers\Main))
 4 SYSTEMPATH\CodeIgniter.php(351): CodeIgniter\CodeIgniter->handleRequest(null, Object(Config\Cache), false)
 5 FCPATH\index.php(67): CodeIgniter\CodeIgniter->run()
 6 SYSTEMPATH\Commands\Server\rewrite.php(46): require_once('FCPATH\\index.php')
CRITICAL - 2022-11-30 01:07:35 --> Call to undefined function App\Controllers\araay()
in APPPATH\Controllers\Main.php on line 207.
 1 SYSTEMPATH\CodeIgniter.php(927): App\Controllers\Main->checkout()
 2 SYSTEMPATH\CodeIgniter.php(482): CodeIgniter\CodeIgniter->runController(Object(App\Controllers\Main))
 3 SYSTEMPATH\CodeIgniter.php(351): CodeIgniter\CodeIgniter->handleRequest(null, Object(Config\Cache), false)
 4 FCPATH\index.php(67): CodeIgniter\CodeIgniter->run()
 5 SYSTEMPATH\Commands\Server\rewrite.php(46): require_once('FCPATH\\index.php')
CRITICAL - 2022-11-30 01:38:07 --> http_build_query() expects parameter 1 to be array, string given
in APPPATH\Controllers\Main.php on line 229.
 1 [internal function]: CodeIgniter\Debug\Exceptions->errorHandler(2, 'http_build_query() expects parameter 1 to be array, string given', 'APPPATH\\Controllers\\Main.php', 229, [...])
 2 APPPATH\Controllers\Main.php(229): http_build_query('{"item":{"Product_ID":1,"Quantity":2,"Price":100,"Transaction_Token":"ABC001567IUOP"},"billingDetail":{"name":"Anshuman","lastname":"Sharma","email":"nitsk@gmail.com","address":"AnanadwasiBilling","city":"SardarshaharBilling","state":"RajasthanBilling","pincode":"331403","password":"Anshu00_"},"shippingDetail":{"Shipping_FirstName":"Nitesh Sharm","Shipping_lastName":"Sharma","Shipping_address1":"Anandwasi","Shipping_address2":"Sardarshahar","Shipping_city":"Sardarshahar","Shipping_state":"hh","Shipping_Zipcode":"878876"}}')
 3 SYSTEMPATH\CodeIgniter.php(927): App\Controllers\Main->checkout()
 4 SYSTEMPATH\CodeIgniter.php(482): CodeIgniter\CodeIgniter->runController(Object(App\Controllers\Main))
 5 SYSTEMPATH\CodeIgniter.php(351): CodeIgniter\CodeIgniter->handleRequest(null, Object(Config\Cache), false)
 6 FCPATH\index.php(67): CodeIgniter\CodeIgniter->run()
 7 SYSTEMPATH\Commands\Server\rewrite.php(46): require_once('FCPATH\\index.php')
CRITICAL - 2022-11-30 01:39:13 --> Undefined variable: response
in APPPATH\Controllers\Main.php on line 232.
 1 APPPATH\Controllers\Main.php(232): CodeIgniter\Debug\Exceptions->errorHandler(8, 'Undefined variable: response', 'APPPATH\\Controllers\\Main.php', 232, [...])
 2 SYSTEMPATH\CodeIgniter.php(927): App\Controllers\Main->checkout()
 3 SYSTEMPATH\CodeIgniter.php(482): CodeIgniter\CodeIgniter->runController(Object(App\Controllers\Main))
 4 SYSTEMPATH\CodeIgniter.php(351): CodeIgniter\CodeIgniter->handleRequest(null, Object(Config\Cache), false)
 5 FCPATH\index.php(67): CodeIgniter\CodeIgniter->run()
 6 SYSTEMPATH\Commands\Server\rewrite.php(46): require_once('FCPATH\\index.php')
CRITICAL - 2022-11-30 02:00:21 --> Undefined variable: d
in APPPATH\Controllers\Main.php on line 196.
 1 APPPATH\Controllers\Main.php(196): CodeIgniter\Debug\Exceptions->errorHandler(8, 'Undefined variable: d', 'APPPATH\\Controllers\\Main.php', 196, [...])
 2 SYSTEMPATH\CodeIgniter.php(927): App\Controllers\Main->checkout()
 3 SYSTEMPATH\CodeIgniter.php(482): CodeIgniter\CodeIgniter->runController(Object(App\Controllers\Main))
 4 SYSTEMPATH\CodeIgniter.php(351): CodeIgniter\CodeIgniter->handleRequest(null, Object(Config\Cache), false)
 5 FCPATH\index.php(67): CodeIgniter\CodeIgniter->run()
 6 SYSTEMPATH\Commands\Server\rewrite.php(46): require_once('FCPATH\\index.php')
CRITICAL - 2022-11-30 02:10:10 --> Trying to get property 'order' of non-object
in APPPATH\Controllers\Main.php on line 252.
 1 APPPATH\Controllers\Main.php(252): CodeIgniter\Debug\Exceptions->errorHandler(8, 'Trying to get property \'order\' of non-object', 'APPPATH\\Controllers\\Main.php', 252, [...])
 2 SYSTEMPATH\CodeIgniter.php(927): App\Controllers\Main->checkout()
 3 SYSTEMPATH\CodeIgniter.php(482): CodeIgniter\CodeIgniter->runController(Object(App\Controllers\Main))
 4 SYSTEMPATH\CodeIgniter.php(351): CodeIgniter\CodeIgniter->handleRequest(null, Object(Config\Cache), false)
 5 FCPATH\index.php(67): CodeIgniter\CodeIgniter->run()
 6 SYSTEMPATH\Commands\Server\rewrite.php(46): require_once('FCPATH\\index.php')
CRITICAL - 2022-11-30 02:13:26 --> Trying to get property 'order' of non-object
in APPPATH\Controllers\Main.php on line 251.
 1 APPPATH\Controllers\Main.php(251): CodeIgniter\Debug\Exceptions->errorHandler(8, 'Trying to get property \'order\' of non-object', 'APPPATH\\Controllers\\Main.php', 251, [...])
 2 SYSTEMPATH\CodeIgniter.php(927): App\Controllers\Main->checkout()
 3 SYSTEMPATH\CodeIgniter.php(482): CodeIgniter\CodeIgniter->runController(Object(App\Controllers\Main))
 4 SYSTEMPATH\CodeIgniter.php(351): CodeIgniter\CodeIgniter->handleRequest(null, Object(Config\Cache), false)
 5 FCPATH\index.php(67): CodeIgniter\CodeIgniter->run()
 6 SYSTEMPATH\Commands\Server\rewrite.php(46): require_once('FCPATH\\index.php')
CRITICAL - 2022-11-30 02:14:01 --> Trying to get property 'status' of non-object
in APPPATH\Controllers\Main.php on line 251.
 1 APPPATH\Controllers\Main.php(251): CodeIgniter\Debug\Exceptions->errorHandler(8, 'Trying to get property \'status\' of non-object', 'APPPATH\\Controllers\\Main.php', 251, [...])
 2 SYSTEMPATH\CodeIgniter.php(927): App\Controllers\Main->checkout()
 3 SYSTEMPATH\CodeIgniter.php(482): CodeIgniter\CodeIgniter->runController(Object(App\Controllers\Main))
 4 SYSTEMPATH\CodeIgniter.php(351): CodeIgniter\CodeIgniter->handleRequest(null, Object(Config\Cache), false)
 5 FCPATH\index.php(67): CodeIgniter\CodeIgniter->run()
 6 SYSTEMPATH\Commands\Server\rewrite.php(46): require_once('FCPATH\\index.php')
CRITICAL - 2022-11-30 02:14:33 --> Illegal string offset 'status'
in APPPATH\Controllers\Main.php on line 251.
 1 APPPATH\Controllers\Main.php(251): CodeIgniter\Debug\Exceptions->errorHandler(2, 'Illegal string offset \'status\'', 'APPPATH\\Controllers\\Main.php', 251, [...])
 2 SYSTEMPATH\CodeIgniter.php(927): App\Controllers\Main->checkout()
 3 SYSTEMPATH\CodeIgniter.php(482): CodeIgniter\CodeIgniter->runController(Object(App\Controllers\Main))
 4 SYSTEMPATH\CodeIgniter.php(351): CodeIgniter\CodeIgniter->handleRequest(null, Object(Config\Cache), false)
 5 FCPATH\index.php(67): CodeIgniter\CodeIgniter->run()
 6 SYSTEMPATH\Commands\Server\rewrite.php(46): require_once('FCPATH\\index.php')
CRITICAL - 2022-11-30 02:14:50 --> Illegal string offset 'status'
in APPPATH\Controllers\Main.php on line 251.
 1 APPPATH\Controllers\Main.php(251): CodeIgniter\Debug\Exceptions->errorHandler(2, 'Illegal string offset \'status\'', 'APPPATH\\Controllers\\Main.php', 251, [...])
 2 SYSTEMPATH\CodeIgniter.php(927): App\Controllers\Main->checkout()
 3 SYSTEMPATH\CodeIgniter.php(482): CodeIgniter\CodeIgniter->runController(Object(App\Controllers\Main))
 4 SYSTEMPATH\CodeIgniter.php(351): CodeIgniter\CodeIgniter->handleRequest(null, Object(Config\Cache), false)
 5 FCPATH\index.php(67): CodeIgniter\CodeIgniter->run()
 6 SYSTEMPATH\Commands\Server\rewrite.php(46): require_once('FCPATH\\index.php')
CRITICAL - 2022-11-30 02:16:10 --> Trying to get property 'order' of non-object
in APPPATH\Controllers\Main.php on line 252.
 1 APPPATH\Controllers\Main.php(252): CodeIgniter\Debug\Exceptions->errorHandler(8, 'Trying to get property \'order\' of non-object', 'APPPATH\\Controllers\\Main.php', 252, [...])
 2 SYSTEMPATH\CodeIgniter.php(927): App\Controllers\Main->checkout()
 3 SYSTEMPATH\CodeIgniter.php(482): CodeIgniter\CodeIgniter->runController(Object(App\Controllers\Main))
 4 SYSTEMPATH\CodeIgniter.php(351): CodeIgniter\CodeIgniter->handleRequest(null, Object(Config\Cache), false)
 5 FCPATH\index.php(67): CodeIgniter\CodeIgniter->run()
 6 SYSTEMPATH\Commands\Server\rewrite.php(46): require_once('FCPATH\\index.php')
CRITICAL - 2022-11-30 02:16:58 --> Trying to get property 'order' of non-object
in APPPATH\Controllers\Main.php on line 252.
 1 APPPATH\Controllers\Main.php(252): CodeIgniter\Debug\Exceptions->errorHandler(8, 'Trying to get property \'order\' of non-object', 'APPPATH\\Controllers\\Main.php', 252, [...])
 2 SYSTEMPATH\CodeIgniter.php(927): App\Controllers\Main->checkout()
 3 SYSTEMPATH\CodeIgniter.php(482): CodeIgniter\CodeIgniter->runController(Object(App\Controllers\Main))
 4 SYSTEMPATH\CodeIgniter.php(351): CodeIgniter\CodeIgniter->handleRequest(null, Object(Config\Cache), false)
 5 FCPATH\index.php(67): CodeIgniter\CodeIgniter->run()
 6 SYSTEMPATH\Commands\Server\rewrite.php(46): require_once('FCPATH\\index.php')
CRITICAL - 2022-11-30 02:27:06 --> Trying to get property 'order' of non-object
in APPPATH\Controllers\Main.php on line 252.
 1 APPPATH\Controllers\Main.php(252): CodeIgniter\Debug\Exceptions->errorHandler(8, 'Trying to get property \'order\' of non-object', 'APPPATH\\Controllers\\Main.php', 252, [...])
 2 SYSTEMPATH\CodeIgniter.php(927): App\Controllers\Main->checkout()
 3 SYSTEMPATH\CodeIgniter.php(482): CodeIgniter\CodeIgniter->runController(Object(App\Controllers\Main))
 4 SYSTEMPATH\CodeIgniter.php(351): CodeIgniter\CodeIgniter->handleRequest(null, Object(Config\Cache), false)
 5 FCPATH\index.php(67): CodeIgniter\CodeIgniter->run()
 6 SYSTEMPATH\Commands\Server\rewrite.php(46): require_once('FCPATH\\index.php')
CRITICAL - 2022-11-30 02:28:23 --> Undefined property: stdClass::$order
in APPPATH\Views\layouts\order_rcvd.php on line 22.
 1 APPPATH\Views\layouts\order_rcvd.php(22): CodeIgniter\Debug\Exceptions->errorHandler(8, 'Undefined property: stdClass::$order', 'APPPATH\\Views\\layouts\\order_rcvd.php', 22, [...])
 2 SYSTEMPATH\View\View.php(213): include('APPPATH\\Views\\layouts\\order_rcvd.php')
 3 SYSTEMPATH\View\View.php(216): CodeIgniter\View\View->CodeIgniter\View\{closure}()
 4 SYSTEMPATH\Common.php(1134): CodeIgniter\View\View->render('layouts/order_rcvd', [], true)
 5 APPPATH\Controllers\Main.php(255): view('layouts/order_rcvd', [...])
 6 SYSTEMPATH\CodeIgniter.php(927): App\Controllers\Main->checkout()
 7 SYSTEMPATH\CodeIgniter.php(482): CodeIgniter\CodeIgniter->runController(Object(App\Controllers\Main))
 8 SYSTEMPATH\CodeIgniter.php(351): CodeIgniter\CodeIgniter->handleRequest(null, Object(Config\Cache), false)
 9 FCPATH\index.php(67): CodeIgniter\CodeIgniter->run()
10 SYSTEMPATH\Commands\Server\rewrite.php(46): require_once('FCPATH\\index.php')
CRITICAL - 2022-11-30 02:34:22 --> Undefined property: stdClass::$status
in APPPATH\Controllers\Main.php on line 253.
 1 APPPATH\Controllers\Main.php(253): CodeIgniter\Debug\Exceptions->errorHandler(8, 'Undefined property: stdClass::$status', 'APPPATH\\Controllers\\Main.php', 253, [...])
 2 SYSTEMPATH\CodeIgniter.php(927): App\Controllers\Main->checkout()
 3 SYSTEMPATH\CodeIgniter.php(482): CodeIgniter\CodeIgniter->runController(Object(App\Controllers\Main))
 4 SYSTEMPATH\CodeIgniter.php(351): CodeIgniter\CodeIgniter->handleRequest(null, Object(Config\Cache), false)
 5 FCPATH\index.php(67): CodeIgniter\CodeIgniter->run()
 6 SYSTEMPATH\Commands\Server\rewrite.php(46): require_once('FCPATH\\index.php')
CRITICAL - 2022-11-30 02:35:46 --> Undefined property: stdClass::$status
in APPPATH\Controllers\Main.php on line 253.
 1 APPPATH\Controllers\Main.php(253): CodeIgniter\Debug\Exceptions->errorHandler(8, 'Undefined property: stdClass::$status', 'APPPATH\\Controllers\\Main.php', 253, [...])
 2 SYSTEMPATH\CodeIgniter.php(927): App\Controllers\Main->checkout()
 3 SYSTEMPATH\CodeIgniter.php(482): CodeIgniter\CodeIgniter->runController(Object(App\Controllers\Main))
 4 SYSTEMPATH\CodeIgniter.php(351): CodeIgniter\CodeIgniter->handleRequest(null, Object(Config\Cache), false)
 5 FCPATH\index.php(67): CodeIgniter\CodeIgniter->run()
 6 SYSTEMPATH\Commands\Server\rewrite.php(46): require_once('FCPATH\\index.php')
CRITICAL - 2022-11-30 02:37:42 --> Undefined property: stdClass::$status
in APPPATH\Controllers\Main.php on line 253.
 1 APPPATH\Controllers\Main.php(253): CodeIgniter\Debug\Exceptions->errorHandler(8, 'Undefined property: stdClass::$status', 'APPPATH\\Controllers\\Main.php', 253, [...])
 2 SYSTEMPATH\CodeIgniter.php(927): App\Controllers\Main->checkout()
 3 SYSTEMPATH\CodeIgniter.php(482): CodeIgniter\CodeIgniter->runController(Object(App\Controllers\Main))
 4 SYSTEMPATH\CodeIgniter.php(351): CodeIgniter\CodeIgniter->handleRequest(null, Object(Config\Cache), false)
 5 FCPATH\index.php(67): CodeIgniter\CodeIgniter->run()
 6 SYSTEMPATH\Commands\Server\rewrite.php(46): require_once('FCPATH\\index.php')
CRITICAL - 2022-11-30 02:37:59 --> Undefined property: stdClass::$status
in APPPATH\Controllers\Main.php on line 253.
 1 APPPATH\Controllers\Main.php(253): CodeIgniter\Debug\Exceptions->errorHandler(8, 'Undefined property: stdClass::$status', 'APPPATH\\Controllers\\Main.php', 253, [...])
 2 SYSTEMPATH\CodeIgniter.php(927): App\Controllers\Main->checkout()
 3 SYSTEMPATH\CodeIgniter.php(482): CodeIgniter\CodeIgniter->runController(Object(App\Controllers\Main))
 4 SYSTEMPATH\CodeIgniter.php(351): CodeIgniter\CodeIgniter->handleRequest(null, Object(Config\Cache), false)
 5 FCPATH\index.php(67): CodeIgniter\CodeIgniter->run()
 6 SYSTEMPATH\Commands\Server\rewrite.php(46): require_once('FCPATH\\index.php')
CRITICAL - 2022-11-30 02:52:12 --> Undefined property: stdClass::$error
in APPPATH\Controllers\Main.php on line 259.
 1 APPPATH\Controllers\Main.php(259): CodeIgniter\Debug\Exceptions->errorHandler(8, 'Undefined property: stdClass::$error', 'APPPATH\\Controllers\\Main.php', 259, [...])
 2 SYSTEMPATH\CodeIgniter.php(927): App\Controllers\Main->checkout()
 3 SYSTEMPATH\CodeIgniter.php(482): CodeIgniter\CodeIgniter->runController(Object(App\Controllers\Main))
 4 SYSTEMPATH\CodeIgniter.php(351): CodeIgniter\CodeIgniter->handleRequest(null, Object(Config\Cache), false)
 5 FCPATH\index.php(67): CodeIgniter\CodeIgniter->run()
 6 SYSTEMPATH\Commands\Server\rewrite.php(46): require_once('FCPATH\\index.php')
CRITICAL - 2022-11-30 02:52:36 --> Undefined property: stdClass::$message
in APPPATH\Controllers\Main.php on line 259.
 1 APPPATH\Controllers\Main.php(259): CodeIgniter\Debug\Exceptions->errorHandler(8, 'Undefined property: stdClass::$message', 'APPPATH\\Controllers\\Main.php', 259, [...])
 2 SYSTEMPATH\CodeIgniter.php(927): App\Controllers\Main->checkout()
 3 SYSTEMPATH\CodeIgniter.php(482): CodeIgniter\CodeIgniter->runController(Object(App\Controllers\Main))
 4 SYSTEMPATH\CodeIgniter.php(351): CodeIgniter\CodeIgniter->handleRequest(null, Object(Config\Cache), false)
 5 FCPATH\index.php(67): CodeIgniter\CodeIgniter->run()
 6 SYSTEMPATH\Commands\Server\rewrite.php(46): require_once('FCPATH\\index.php')
CRITICAL - 2022-11-30 22:57:42 --> Undefined offset: 2
in APPPATH/Views/layouts/container1.php on line 58.
 1 APPPATH/Views/layouts/container1.php(58): CodeIgniter\Debug\Exceptions->errorHandler(8, 'Undefined offset: 2', 'APPPATH/Views/layouts/container1.php', 58, [...])
 2 SYSTEMPATH/View/View.php(213): include('APPPATH/Views/layouts/container1.php')
 3 SYSTEMPATH/View/View.php(216): CodeIgniter\View\View->CodeIgniter\View\{closure}()
 4 SYSTEMPATH/Common.php(1134): CodeIgniter\View\View->render('layouts/container1', [], true)
 5 APPPATH/Controllers/Main.php(38): view('layouts/container1', [...])
 6 SYSTEMPATH/CodeIgniter.php(927): App\Controllers\Main->container1()
 7 SYSTEMPATH/CodeIgniter.php(482): CodeIgniter\CodeIgniter->runController(Object(App\Controllers\Main))
 8 SYSTEMPATH/CodeIgniter.php(351): CodeIgniter\CodeIgniter->handleRequest(null, Object(Config\Cache), false)
 9 FCPATH/index.php(67): CodeIgniter\CodeIgniter->run()
CRITICAL - 2022-11-30 22:57:57 --> Undefined offset: 2
in APPPATH/Views/layouts/container1.php on line 58.
 1 APPPATH/Views/layouts/container1.php(58): CodeIgniter\Debug\Exceptions->errorHandler(8, 'Undefined offset: 2', 'APPPATH/Views/layouts/container1.php', 58, [...])
 2 SYSTEMPATH/View/View.php(213): include('APPPATH/Views/layouts/container1.php')
 3 SYSTEMPATH/View/View.php(216): CodeIgniter\View\View->CodeIgniter\View\{closure}()
 4 SYSTEMPATH/Common.php(1134): CodeIgniter\View\View->render('layouts/container1', [], true)
 5 APPPATH/Controllers/Main.php(38): view('layouts/container1', [...])
 6 SYSTEMPATH/CodeIgniter.php(927): App\Controllers\Main->container1()
 7 SYSTEMPATH/CodeIgniter.php(482): CodeIgniter\CodeIgniter->runController(Object(App\Controllers\Main))
 8 SYSTEMPATH/CodeIgniter.php(351): CodeIgniter\CodeIgniter->handleRequest(null, Object(Config\Cache), false)
 9 FCPATH/index.php(67): CodeIgniter\CodeIgniter->run()
CRITICAL - 2022-11-30 23:01:20 --> Undefined property: stdClass::$image_folder_path
in APPPATH/Views/layouts/container5.php on line 66.
 1 APPPATH/Views/layouts/container5.php(66): CodeIgniter\Debug\Exceptions->errorHandler(8, 'Undefined property: stdClass::$image_folder_path', 'APPPATH/Views/layouts/container5.php', 66, [...])
 2 SYSTEMPATH/View/View.php(213): include('APPPATH/Views/layouts/container5.php')
 3 SYSTEMPATH/View/View.php(216): CodeIgniter\View\View->CodeIgniter\View\{closure}()
 4 SYSTEMPATH/Common.php(1134): CodeIgniter\View\View->render('layouts/container5', [], true)
 5 APPPATH/Controllers/Main.php(170): view('layouts/container5', [...])
 6 SYSTEMPATH/CodeIgniter.php(927): App\Controllers\Main->container5()
 7 SYSTEMPATH/CodeIgniter.php(482): CodeIgniter\CodeIgniter->runController(Object(App\Controllers\Main))
 8 SYSTEMPATH/CodeIgniter.php(351): CodeIgniter\CodeIgniter->handleRequest(null, Object(Config\Cache), false)
 9 FCPATH/index.php(67): CodeIgniter\CodeIgniter->run()
CRITICAL - 2022-11-30 23:01:26 --> Undefined property: stdClass::$image_folder_path
in APPPATH/Views/layouts/container5.php on line 66.
 1 APPPATH/Views/layouts/container5.php(66): CodeIgniter\Debug\Exceptions->errorHandler(8, 'Undefined property: stdClass::$image_folder_path', 'APPPATH/Views/layouts/container5.php', 66, [...])
 2 SYSTEMPATH/View/View.php(213): include('APPPATH/Views/layouts/container5.php')
 3 SYSTEMPATH/View/View.php(216): CodeIgniter\View\View->CodeIgniter\View\{closure}()
 4 SYSTEMPATH/Common.php(1134): CodeIgniter\View\View->render('layouts/container5', [], true)
 5 APPPATH/Controllers/Main.php(170): view('layouts/container5', [...])
 6 SYSTEMPATH/CodeIgniter.php(927): App\Controllers\Main->container5()
 7 SYSTEMPATH/CodeIgniter.php(482): CodeIgniter\CodeIgniter->runController(Object(App\Controllers\Main))
 8 SYSTEMPATH/CodeIgniter.php(351): CodeIgniter\CodeIgniter->handleRequest(null, Object(Config\Cache), false)
 9 FCPATH/index.php(67): CodeIgniter\CodeIgniter->run()
CRITICAL - 2022-11-30 23:06:42 --> Undefined variable: response
in APPPATH/Controllers/Main.php on line 312.
 1 APPPATH/Controllers/Main.php(312): CodeIgniter\Debug\Exceptions->errorHandler(8, 'Undefined variable: response', 'APPPATH/Controllers/Main.php', 312, [...])
 2 SYSTEMPATH/CodeIgniter.php(927): App\Controllers\Main->login()
 3 SYSTEMPATH/CodeIgniter.php(482): CodeIgniter\CodeIgniter->runController(Object(App\Controllers\Main))
 4 SYSTEMPATH/CodeIgniter.php(351): CodeIgniter\CodeIgniter->handleRequest(null, Object(Config\Cache), false)
 5 FCPATH/index.php(67): CodeIgniter\CodeIgniter->run()
CRITICAL - 2022-11-30 23:22:12 --> Undefined variable: response
in APPPATH/Controllers/Main.php on line 312.
 1 APPPATH/Controllers/Main.php(312): CodeIgniter\Debug\Exceptions->errorHandler(8, 'Undefined variable: response', 'APPPATH/Controllers/Main.php', 312, [...])
 2 SYSTEMPATH/CodeIgniter.php(927): App\Controllers\Main->login()
 3 SYSTEMPATH/CodeIgniter.php(482): CodeIgniter\CodeIgniter->runController(Object(App\Controllers\Main))
 4 SYSTEMPATH/CodeIgniter.php(351): CodeIgniter\CodeIgniter->handleRequest(null, Object(Config\Cache), false)
 5 FCPATH/index.php(67): CodeIgniter\CodeIgniter->run()
CRITICAL - 2022-11-30 23:24:29 --> Undefined property: stdClass::$image_folder_path
in APPPATH/Views/layouts/container5.php on line 66.
 1 APPPATH/Views/layouts/container5.php(66): CodeIgniter\Debug\Exceptions->errorHandler(8, 'Undefined property: stdClass::$image_folder_path', 'APPPATH/Views/layouts/container5.php', 66, [...])
 2 SYSTEMPATH/View/View.php(213): include('APPPATH/Views/layouts/container5.php')
 3 SYSTEMPATH/View/View.php(216): CodeIgniter\View\View->CodeIgniter\View\{closure}()
 4 SYSTEMPATH/Common.php(1134): CodeIgniter\View\View->render('layouts/container5', [], true)
 5 APPPATH/Controllers/Main.php(170): view('layouts/container5', [...])
 6 SYSTEMPATH/CodeIgniter.php(927): App\Controllers\Main->container5()
 7 SYSTEMPATH/CodeIgniter.php(482): CodeIgniter\CodeIgniter->runController(Object(App\Controllers\Main))
 8 SYSTEMPATH/CodeIgniter.php(351): CodeIgniter\CodeIgniter->handleRequest(null, Object(Config\Cache), false)
 9 FCPATH/index.php(67): CodeIgniter\CodeIgniter->run()
CRITICAL - 2022-11-30 23:25:10 --> Undefined property: stdClass::$image_folder_path
in APPPATH/Views/layouts/container5.php on line 66.
 1 APPPATH/Views/layouts/container5.php(66): CodeIgniter\Debug\Exceptions->errorHandler(8, 'Undefined property: stdClass::$image_folder_path', 'APPPATH/Views/layouts/container5.php', 66, [...])
 2 SYSTEMPATH/View/View.php(213): include('APPPATH/Views/layouts/container5.php')
 3 SYSTEMPATH/View/View.php(216): CodeIgniter\View\View->CodeIgniter\View\{closure}()
 4 SYSTEMPATH/Common.php(1134): CodeIgniter\View\View->render('layouts/container5', [], true)
 5 APPPATH/Controllers/Main.php(170): view('layouts/container5', [...])
 6 SYSTEMPATH/CodeIgniter.php(927): App\Controllers\Main->container5()
 7 SYSTEMPATH/CodeIgniter.php(482): CodeIgniter\CodeIgniter->runController(Object(App\Controllers\Main))
 8 SYSTEMPATH/CodeIgniter.php(351): CodeIgniter\CodeIgniter->handleRequest(null, Object(Config\Cache), false)
 9 FCPATH/index.php(67): CodeIgniter\CodeIgniter->run()
CRITICAL - 2022-11-30 23:28:27 --> Undefined property: stdClass::$image_folder_path
in APPPATH/Views/layouts/container5.php on line 66.
 1 APPPATH/Views/layouts/container5.php(66): CodeIgniter\Debug\Exceptions->errorHandler(8, 'Undefined property: stdClass::$image_folder_path', 'APPPATH/Views/layouts/container5.php', 66, [...])
 2 SYSTEMPATH/View/View.php(213): include('APPPATH/Views/layouts/container5.php')
 3 SYSTEMPATH/View/View.php(216): CodeIgniter\View\View->CodeIgniter\View\{closure}()
 4 SYSTEMPATH/Common.php(1134): CodeIgniter\View\View->render('layouts/container5', [], true)
 5 APPPATH/Controllers/Main.php(170): view('layouts/container5', [...])
 6 SYSTEMPATH/CodeIgniter.php(927): App\Controllers\Main->container5()
 7 SYSTEMPATH/CodeIgniter.php(482): CodeIgniter\CodeIgniter->runController(Object(App\Controllers\Main))
 8 SYSTEMPATH/CodeIgniter.php(351): CodeIgniter\CodeIgniter->handleRequest(null, Object(Config\Cache), false)
 9 FCPATH/index.php(67): CodeIgniter\CodeIgniter->run()
CRITICAL - 2022-11-30 23:28:31 --> Undefined property: stdClass::$image_folder_path
in APPPATH/Views/layouts/container5.php on line 66.
 1 APPPATH/Views/layouts/container5.php(66): CodeIgniter\Debug\Exceptions->errorHandler(8, 'Undefined property: stdClass::$image_folder_path', 'APPPATH/Views/layouts/container5.php', 66, [...])
 2 SYSTEMPATH/View/View.php(213): include('APPPATH/Views/layouts/container5.php')
 3 SYSTEMPATH/View/View.php(216): CodeIgniter\View\View->CodeIgniter\View\{closure}()
 4 SYSTEMPATH/Common.php(1134): CodeIgniter\View\View->render('layouts/container5', [], true)
 5 APPPATH/Controllers/Main.php(170): view('layouts/container5', [...])
 6 SYSTEMPATH/CodeIgniter.php(927): App\Controllers\Main->container5()
 7 SYSTEMPATH/CodeIgniter.php(482): CodeIgniter\CodeIgniter->runController(Object(App\Controllers\Main))
 8 SYSTEMPATH/CodeIgniter.php(351): CodeIgniter\CodeIgniter->handleRequest(null, Object(Config\Cache), false)
 9 FCPATH/index.php(67): CodeIgniter\CodeIgniter->run()
CRITICAL - 2022-11-30 23:28:40 --> Undefined property: stdClass::$image_folder_path
in APPPATH/Views/layouts/container5.php on line 66.
 1 APPPATH/Views/layouts/container5.php(66): CodeIgniter\Debug\Exceptions->errorHandler(8, 'Undefined property: stdClass::$image_folder_path', 'APPPATH/Views/layouts/container5.php', 66, [...])
 2 SYSTEMPATH/View/View.php(213): include('APPPATH/Views/layouts/container5.php')
 3 SYSTEMPATH/View/View.php(216): CodeIgniter\View\View->CodeIgniter\View\{closure}()
 4 SYSTEMPATH/Common.php(1134): CodeIgniter\View\View->render('layouts/container5', [], true)
 5 APPPATH/Controllers/Main.php(170): view('layouts/container5', [...])
 6 SYSTEMPATH/CodeIgniter.php(927): App\Controllers\Main->container5()
 7 SYSTEMPATH/CodeIgniter.php(482): CodeIgniter\CodeIgniter->runController(Object(App\Controllers\Main))
 8 SYSTEMPATH/CodeIgniter.php(351): CodeIgniter\CodeIgniter->handleRequest(null, Object(Config\Cache), false)
 9 FCPATH/index.php(67): CodeIgniter\CodeIgniter->run()
CRITICAL - 2022-11-30 23:29:47 --> Undefined property: stdClass::$image_folder_path
in APPPATH/Views/layouts/container5.php on line 66.
 1 APPPATH/Views/layouts/container5.php(66): CodeIgniter\Debug\Exceptions->errorHandler(8, 'Undefined property: stdClass::$image_folder_path', 'APPPATH/Views/layouts/container5.php', 66, [...])
 2 SYSTEMPATH/View/View.php(213): include('APPPATH/Views/layouts/container5.php')
 3 SYSTEMPATH/View/View.php(216): CodeIgniter\View\View->CodeIgniter\View\{closure}()
 4 SYSTEMPATH/Common.php(1134): CodeIgniter\View\View->render('layouts/container5', [], true)
 5 APPPATH/Controllers/Main.php(170): view('layouts/container5', [...])
 6 SYSTEMPATH/CodeIgniter.php(927): App\Controllers\Main->container5()
 7 SYSTEMPATH/CodeIgniter.php(482): CodeIgniter\CodeIgniter->runController(Object(App\Controllers\Main))
 8 SYSTEMPATH/CodeIgniter.php(351): CodeIgniter\CodeIgniter->handleRequest(null, Object(Config\Cache), false)
 9 FCPATH/index.php(67): CodeIgniter\CodeIgniter->run()
CRITICAL - 2022-11-30 23:35:34 --> Undefined variable: response
in APPPATH/Controllers/Main.php on line 312.
 1 APPPATH/Controllers/Main.php(312): CodeIgniter\Debug\Exceptions->errorHandler(8, 'Undefined variable: response', 'APPPATH/Controllers/Main.php', 312, [...])
 2 SYSTEMPATH/CodeIgniter.php(927): App\Controllers\Main->login()
 3 SYSTEMPATH/CodeIgniter.php(482): CodeIgniter\CodeIgniter->runController(Object(App\Controllers\Main))
 4 SYSTEMPATH/CodeIgniter.php(351): CodeIgniter\CodeIgniter->handleRequest(null, Object(Config\Cache), false)
 5 FCPATH/index.php(67): CodeIgniter\CodeIgniter->run()
CRITICAL - 2022-11-30 23:51:07 --> Undefined variable: response
in APPPATH/Controllers/Main.php on line 312.
 1 APPPATH/Controllers/Main.php(312): CodeIgniter\Debug\Exceptions->errorHandler(8, 'Undefined variable: response', 'APPPATH/Controllers/Main.php', 312, [...])
 2 SYSTEMPATH/CodeIgniter.php(927): App\Controllers\Main->login()
 3 SYSTEMPATH/CodeIgniter.php(482): CodeIgniter\CodeIgniter->runController(Object(App\Controllers\Main))
 4 SYSTEMPATH/CodeIgniter.php(351): CodeIgniter\CodeIgniter->handleRequest(null, Object(Config\Cache), false)
 5 FCPATH/index.php(67): CodeIgniter\CodeIgniter->run()
