CRITICAL - 2022-11-28 02:53:13 --> Undefined property: stdClass::$image_folder_path
in APPPATH\Views\layouts\container5.php on line 63.
 1 APPPATH\Views\layouts\container5.php(63): CodeIgniter\Debug\Exceptions->errorHandler(8, 'Undefined property: stdClass::$image_folder_path', 'APPPATH\\Views\\layouts\\container5.php', 63, [...])
 2 SYSTEMPATH\View\View.php(213): include('APPPATH\\Views\\layouts\\container5.php')
 3 SYSTEMPATH\View\View.php(216): CodeIgniter\View\View->CodeIgniter\View\{closure}()
 4 SYSTEMPATH\Common.php(1134): CodeIgniter\View\View->render('layouts/container5', [], true)
 5 APPPATH\Controllers\Main.php(181): view('layouts/container5', [...])
 6 SYSTEMPATH\CodeIgniter.php(927): App\Controllers\Main->container5()
 7 SYSTEMPATH\CodeIgniter.php(482): CodeIgniter\CodeIgniter->runController(Object(App\Controllers\Main))
 8 SYSTEMPATH\CodeIgniter.php(351): CodeIgniter\CodeIgniter->handleRequest(null, Object(Config\Cache), false)
 9 FCPATH\index.php(67): CodeIgniter\CodeIgniter->run()
10 SYSTEMPATH\Commands\Server\rewrite.php(46): require_once('FCPATH\\index.php')
CRITICAL - 2022-11-28 04:55:47 --> Undefined property: stdClass::$Image_path
in APPPATH\Views\layouts\container5.php on line 63.
 1 APPPATH\Views\layouts\container5.php(63): CodeIgniter\Debug\Exceptions->errorHandler(8, 'Undefined property: stdClass::$Image_path', 'APPPATH\\Views\\layouts\\container5.php', 63, [...])
 2 SYSTEMPATH\View\View.php(213): include('APPPATH\\Views\\layouts\\container5.php')
 3 SYSTEMPATH\View\View.php(216): CodeIgniter\View\View->CodeIgniter\View\{closure}()
 4 SYSTEMPATH\Common.php(1134): CodeIgniter\View\View->render('layouts/container5', [], true)
 5 APPPATH\Controllers\Main.php(181): view('layouts/container5', [...])
 6 SYSTEMPATH\CodeIgniter.php(927): App\Controllers\Main->container5()
 7 SYSTEMPATH\CodeIgniter.php(482): CodeIgniter\CodeIgniter->runController(Object(App\Controllers\Main))
 8 SYSTEMPATH\CodeIgniter.php(351): CodeIgniter\CodeIgniter->handleRequest(null, Object(Config\Cache), false)
 9 FCPATH\index.php(67): CodeIgniter\CodeIgniter->run()
10 SYSTEMPATH\Commands\Server\rewrite.php(46): require_once('FCPATH\\index.php')
CRITICAL - 2022-11-28 09:07:19 --> Undefined property: stdClass::$imagesImage_path
in APPPATH\Views\layouts\container5.php on line 63.
 1 APPPATH\Views\layouts\container5.php(63): CodeIgniter\Debug\Exceptions->errorHandler(8, 'Undefined property: stdClass::$imagesImage_path', 'APPPATH\\Views\\layouts\\container5.php', 63, [...])
 2 SYSTEMPATH\View\View.php(213): include('APPPATH\\Views\\layouts\\container5.php')
 3 SYSTEMPATH\View\View.php(216): CodeIgniter\View\View->CodeIgniter\View\{closure}()
 4 SYSTEMPATH\Common.php(1134): CodeIgniter\View\View->render('layouts/container5', [], true)
 5 APPPATH\Controllers\Main.php(181): view('layouts/container5', [...])
 6 SYSTEMPATH\CodeIgniter.php(927): App\Controllers\Main->container5()
 7 SYSTEMPATH\CodeIgniter.php(482): CodeIgniter\CodeIgniter->runController(Object(App\Controllers\Main))
 8 SYSTEMPATH\CodeIgniter.php(351): CodeIgniter\CodeIgniter->handleRequest(null, Object(Config\Cache), false)
 9 FCPATH\index.php(67): CodeIgniter\CodeIgniter->run()
10 SYSTEMPATH\Commands\Server\rewrite.php(46): require_once('FCPATH\\index.php')
CRITICAL - 2022-11-28 09:43:58 --> Array to string conversion
in APPPATH\Views\layouts\container1.php on line 69.
 1 APPPATH\Views\layouts\container1.php(69): CodeIgniter\Debug\Exceptions->errorHandler(8, 'Array to string conversion', 'APPPATH\\Views\\layouts\\container1.php', 69, [...])
 2 SYSTEMPATH\View\View.php(213): include('APPPATH\\Views\\layouts\\container1.php')
 3 SYSTEMPATH\View\View.php(216): CodeIgniter\View\View->CodeIgniter\View\{closure}()
 4 SYSTEMPATH\Common.php(1134): CodeIgniter\View\View->render('layouts/container1', [], true)
 5 APPPATH\Controllers\Main.php(48): view('layouts/container1', [...])
 6 SYSTEMPATH\CodeIgniter.php(927): App\Controllers\Main->container1()
 7 SYSTEMPATH\CodeIgniter.php(482): CodeIgniter\CodeIgniter->runController(Object(App\Controllers\Main))
 8 SYSTEMPATH\CodeIgniter.php(351): CodeIgniter\CodeIgniter->handleRequest(null, Object(Config\Cache), false)
 9 FCPATH\index.php(67): CodeIgniter\CodeIgniter->run()
10 SYSTEMPATH\Commands\Server\rewrite.php(46): require_once('FCPATH\\index.php')
CRITICAL - 2022-11-28 10:43:35 --> Array to string conversion
in APPPATH\Views\layouts\container1.php on line 69.
 1 APPPATH\Views\layouts\container1.php(69): CodeIgniter\Debug\Exceptions->errorHandler(8, 'Array to string conversion', 'APPPATH\\Views\\layouts\\container1.php', 69, [...])
 2 SYSTEMPATH\View\View.php(213): include('APPPATH\\Views\\layouts\\container1.php')
 3 SYSTEMPATH\View\View.php(216): CodeIgniter\View\View->CodeIgniter\View\{closure}()
 4 SYSTEMPATH\Common.php(1134): CodeIgniter\View\View->render('layouts/container1', [], true)
 5 APPPATH\Controllers\Main.php(48): view('layouts/container1', [...])
 6 SYSTEMPATH\CodeIgniter.php(927): App\Controllers\Main->container1()
 7 SYSTEMPATH\CodeIgniter.php(482): CodeIgniter\CodeIgniter->runController(Object(App\Controllers\Main))
 8 SYSTEMPATH\CodeIgniter.php(351): CodeIgniter\CodeIgniter->handleRequest(null, Object(Config\Cache), false)
 9 FCPATH\index.php(67): CodeIgniter\CodeIgniter->run()
10 SYSTEMPATH\Commands\Server\rewrite.php(46): require_once('FCPATH\\index.php')
CRITICAL - 2022-11-28 10:50:06 --> syntax error, unexpected end of file
in APPPATH\Views\layouts\container1.php on line 205.
 1 SYSTEMPATH\View\View.php(216): CodeIgniter\View\View->CodeIgniter\View\{closure}()
 2 SYSTEMPATH\Common.php(1134): CodeIgniter\View\View->render('layouts/container1', [], true)
 3 APPPATH\Controllers\Main.php(48): view('layouts/container1', [...])
 4 SYSTEMPATH\CodeIgniter.php(927): App\Controllers\Main->container1()
 5 SYSTEMPATH\CodeIgniter.php(482): CodeIgniter\CodeIgniter->runController(Object(App\Controllers\Main))
 6 SYSTEMPATH\CodeIgniter.php(351): CodeIgniter\CodeIgniter->handleRequest(null, Object(Config\Cache), false)
 7 FCPATH\index.php(67): CodeIgniter\CodeIgniter->run()
 8 SYSTEMPATH\Commands\Server\rewrite.php(46): require_once('FCPATH\\index.php')
CRITICAL - 2022-11-28 11:08:55 --> Undefined variable: container1
in APPPATH\Views\layouts\container2.php on line 41.
 1 APPPATH\Views\layouts\container2.php(41): CodeIgniter\Debug\Exceptions->errorHandler(8, 'Undefined variable: container1', 'APPPATH\\Views\\layouts\\container2.php', 41, [...])
 2 SYSTEMPATH\View\View.php(213): include('APPPATH\\Views\\layouts\\container2.php')
 3 SYSTEMPATH\View\View.php(216): CodeIgniter\View\View->CodeIgniter\View\{closure}()
 4 SYSTEMPATH\Common.php(1134): CodeIgniter\View\View->render('layouts/container2', [], true)
 5 APPPATH\Controllers\Main.php(81): view('layouts/container2', [...])
 6 SYSTEMPATH\CodeIgniter.php(927): App\Controllers\Main->container2()
 7 SYSTEMPATH\CodeIgniter.php(482): CodeIgniter\CodeIgniter->runController(Object(App\Controllers\Main))
 8 SYSTEMPATH\CodeIgniter.php(351): CodeIgniter\CodeIgniter->handleRequest(null, Object(Config\Cache), false)
 9 FCPATH\index.php(67): CodeIgniter\CodeIgniter->run()
10 SYSTEMPATH\Commands\Server\rewrite.php(46): require_once('FCPATH\\index.php')
CRITICAL - 2022-11-28 11:20:12 --> Undefined variable: container1
in APPPATH\Views\layouts\container2.php on line 53.
 1 APPPATH\Views\layouts\container2.php(53): CodeIgniter\Debug\Exceptions->errorHandler(8, 'Undefined variable: container1', 'APPPATH\\Views\\layouts\\container2.php', 53, [...])
 2 SYSTEMPATH\View\View.php(213): include('APPPATH\\Views\\layouts\\container2.php')
 3 SYSTEMPATH\View\View.php(216): CodeIgniter\View\View->CodeIgniter\View\{closure}()
 4 SYSTEMPATH\Common.php(1134): CodeIgniter\View\View->render('layouts/container2', [], true)
 5 APPPATH\Controllers\Main.php(81): view('layouts/container2', [...])
 6 SYSTEMPATH\CodeIgniter.php(927): App\Controllers\Main->container2()
 7 SYSTEMPATH\CodeIgniter.php(482): CodeIgniter\CodeIgniter->runController(Object(App\Controllers\Main))
 8 SYSTEMPATH\CodeIgniter.php(351): CodeIgniter\CodeIgniter->handleRequest(null, Object(Config\Cache), false)
 9 FCPATH\index.php(67): CodeIgniter\CodeIgniter->run()
10 SYSTEMPATH\Commands\Server\rewrite.php(46): require_once('FCPATH\\index.php')
CRITICAL - 2022-11-28 11:28:21 --> Undefined index: data
in APPPATH\Views\layouts\update_view.php on line 2.
 1 APPPATH\Views\layouts\update_view.php(2): CodeIgniter\Debug\Exceptions->errorHandler(8, 'Undefined index: data', 'APPPATH\\Views\\layouts\\update_view.php', 2, [])
 2 SYSTEMPATH\View\View.php(213): include('APPPATH\\Views\\layouts\\update_view.php')
 3 SYSTEMPATH\View\View.php(216): CodeIgniter\View\View->CodeIgniter\View\{closure}()
 4 SYSTEMPATH\Common.php(1134): CodeIgniter\View\View->render('layouts/update_view', [], true)
 5 APPPATH\Controllers\Main.php(196): view('layouts/update_view')
 6 SYSTEMPATH\CodeIgniter.php(927): App\Controllers\Main->update_view()
 7 SYSTEMPATH\CodeIgniter.php(482): CodeIgniter\CodeIgniter->runController(Object(App\Controllers\Main))
 8 SYSTEMPATH\CodeIgniter.php(351): CodeIgniter\CodeIgniter->handleRequest(null, Object(Config\Cache), false)
 9 FCPATH\index.php(67): CodeIgniter\CodeIgniter->run()
10 SYSTEMPATH\Commands\Server\rewrite.php(46): require_once('FCPATH\\index.php')
CRITICAL - 2022-11-28 11:56:45 --> Trying to get property 'Shipping_container_product' of non-object
in APPPATH\Views\layouts\container1.php on line 39.
 1 APPPATH\Views\layouts\container1.php(39): CodeIgniter\Debug\Exceptions->errorHandler(8, 'Trying to get property \'Shipping_container_product\' of non-object', 'APPPATH\\Views\\layouts\\container1.php', 39, [...])
 2 SYSTEMPATH\View\View.php(213): include('APPPATH\\Views\\layouts\\container1.php')
 3 SYSTEMPATH\View\View.php(216): CodeIgniter\View\View->CodeIgniter\View\{closure}()
 4 SYSTEMPATH\Common.php(1134): CodeIgniter\View\View->render('layouts/container1', [], true)
 5 APPPATH\Controllers\Main.php(48): view('layouts/container1', [...])
 6 SYSTEMPATH\CodeIgniter.php(927): App\Controllers\Main->container1()
 7 SYSTEMPATH\CodeIgniter.php(482): CodeIgniter\CodeIgniter->runController(Object(App\Controllers\Main))
 8 SYSTEMPATH\CodeIgniter.php(351): CodeIgniter\CodeIgniter->handleRequest(null, Object(Config\Cache), false)
 9 FCPATH\index.php(67): CodeIgniter\CodeIgniter->run()
10 SYSTEMPATH\Commands\Server\rewrite.php(46): require_once('FCPATH\\index.php')
CRITICAL - 2022-11-28 12:05:47 --> Undefined variable: cant1
in APPPATH\Views\layouts\container1.php on line 42.
 1 APPPATH\Views\layouts\container1.php(42): CodeIgniter\Debug\Exceptions->errorHandler(8, 'Undefined variable: cant1', 'APPPATH\\Views\\layouts\\container1.php', 42, [...])
 2 SYSTEMPATH\View\View.php(213): include('APPPATH\\Views\\layouts\\container1.php')
 3 SYSTEMPATH\View\View.php(216): CodeIgniter\View\View->CodeIgniter\View\{closure}()
 4 SYSTEMPATH\Common.php(1134): CodeIgniter\View\View->render('layouts/container1', [], true)
 5 APPPATH\Controllers\Main.php(48): view('layouts/container1', [...])
 6 SYSTEMPATH\CodeIgniter.php(927): App\Controllers\Main->container1()
 7 SYSTEMPATH\CodeIgniter.php(482): CodeIgniter\CodeIgniter->runController(Object(App\Controllers\Main))
 8 SYSTEMPATH\CodeIgniter.php(351): CodeIgniter\CodeIgniter->handleRequest(null, Object(Config\Cache), false)
 9 FCPATH\index.php(67): CodeIgniter\CodeIgniter->run()
10 SYSTEMPATH\Commands\Server\rewrite.php(46): require_once('FCPATH\\index.php')
CRITICAL - 2022-11-28 12:06:50 --> Undefined variable: cant1
in APPPATH\Views\layouts\container1.php on line 41.
 1 APPPATH\Views\layouts\container1.php(41): CodeIgniter\Debug\Exceptions->errorHandler(8, 'Undefined variable: cant1', 'APPPATH\\Views\\layouts\\container1.php', 41, [...])
 2 SYSTEMPATH\View\View.php(213): include('APPPATH\\Views\\layouts\\container1.php')
 3 SYSTEMPATH\View\View.php(216): CodeIgniter\View\View->CodeIgniter\View\{closure}()
 4 SYSTEMPATH\Common.php(1134): CodeIgniter\View\View->render('layouts/container1', [], true)
 5 APPPATH\Controllers\Main.php(48): view('layouts/container1', [...])
 6 SYSTEMPATH\CodeIgniter.php(927): App\Controllers\Main->container1()
 7 SYSTEMPATH\CodeIgniter.php(482): CodeIgniter\CodeIgniter->runController(Object(App\Controllers\Main))
 8 SYSTEMPATH\CodeIgniter.php(351): CodeIgniter\CodeIgniter->handleRequest(null, Object(Config\Cache), false)
 9 FCPATH\index.php(67): CodeIgniter\CodeIgniter->run()
10 SYSTEMPATH\Commands\Server\rewrite.php(46): require_once('FCPATH\\index.php')
CRITICAL - 2022-11-28 12:07:23 --> Undefined variable: cant1
in APPPATH\Views\layouts\container1.php on line 43.
 1 APPPATH\Views\layouts\container1.php(43): CodeIgniter\Debug\Exceptions->errorHandler(8, 'Undefined variable: cant1', 'APPPATH\\Views\\layouts\\container1.php', 43, [...])
 2 SYSTEMPATH\View\View.php(213): include('APPPATH\\Views\\layouts\\container1.php')
 3 SYSTEMPATH\View\View.php(216): CodeIgniter\View\View->CodeIgniter\View\{closure}()
 4 SYSTEMPATH\Common.php(1134): CodeIgniter\View\View->render('layouts/container1', [], true)
 5 APPPATH\Controllers\Main.php(48): view('layouts/container1', [...])
 6 SYSTEMPATH\CodeIgniter.php(927): App\Controllers\Main->container1()
 7 SYSTEMPATH\CodeIgniter.php(482): CodeIgniter\CodeIgniter->runController(Object(App\Controllers\Main))
 8 SYSTEMPATH\CodeIgniter.php(351): CodeIgniter\CodeIgniter->handleRequest(null, Object(Config\Cache), false)
 9 FCPATH\index.php(67): CodeIgniter\CodeIgniter->run()
10 SYSTEMPATH\Commands\Server\rewrite.php(46): require_once('FCPATH\\index.php')
CRITICAL - 2022-11-28 12:08:15 --> Undefined variable: cant1
in APPPATH\Views\layouts\container1.php on line 40.
 1 APPPATH\Views\layouts\container1.php(40): CodeIgniter\Debug\Exceptions->errorHandler(8, 'Undefined variable: cant1', 'APPPATH\\Views\\layouts\\container1.php', 40, [...])
 2 SYSTEMPATH\View\View.php(213): include('APPPATH\\Views\\layouts\\container1.php')
 3 SYSTEMPATH\View\View.php(216): CodeIgniter\View\View->CodeIgniter\View\{closure}()
 4 SYSTEMPATH\Common.php(1134): CodeIgniter\View\View->render('layouts/container1', [], true)
 5 APPPATH\Controllers\Main.php(48): view('layouts/container1', [...])
 6 SYSTEMPATH\CodeIgniter.php(927): App\Controllers\Main->container1()
 7 SYSTEMPATH\CodeIgniter.php(482): CodeIgniter\CodeIgniter->runController(Object(App\Controllers\Main))
 8 SYSTEMPATH\CodeIgniter.php(351): CodeIgniter\CodeIgniter->handleRequest(null, Object(Config\Cache), false)
 9 FCPATH\index.php(67): CodeIgniter\CodeIgniter->run()
10 SYSTEMPATH\Commands\Server\rewrite.php(46): require_once('FCPATH\\index.php')
CRITICAL - 2022-11-28 18:50:46 --> Undefined variable: container1
in APPPATH\Views\layouts\container3.php on line 54.
 1 APPPATH\Views\layouts\container3.php(54): CodeIgniter\Debug\Exceptions->errorHandler(8, 'Undefined variable: container1', 'APPPATH\\Views\\layouts\\container3.php', 54, [...])
 2 SYSTEMPATH\View\View.php(213): include('APPPATH\\Views\\layouts\\container3.php')
 3 SYSTEMPATH\View\View.php(216): CodeIgniter\View\View->CodeIgniter\View\{closure}()
 4 SYSTEMPATH\Common.php(1134): CodeIgniter\View\View->render('layouts/container3', [], true)
 5 APPPATH\Controllers\Main.php(114): view('layouts/container3', [...])
 6 SYSTEMPATH\CodeIgniter.php(927): App\Controllers\Main->container3()
 7 SYSTEMPATH\CodeIgniter.php(482): CodeIgniter\CodeIgniter->runController(Object(App\Controllers\Main))
 8 SYSTEMPATH\CodeIgniter.php(351): CodeIgniter\CodeIgniter->handleRequest(null, Object(Config\Cache), false)
 9 FCPATH\index.php(67): CodeIgniter\CodeIgniter->run()
10 SYSTEMPATH\Commands\Server\rewrite.php(46): require_once('FCPATH\\index.php')
CRITICAL - 2022-11-28 19:01:45 --> Undefined variable: container4
in APPPATH\Views\layouts\container4.php on line 40.
 1 APPPATH\Views\layouts\container4.php(40): CodeIgniter\Debug\Exceptions->errorHandler(8, 'Undefined variable: container4', 'APPPATH\\Views\\layouts\\container4.php', 40, [])
 2 SYSTEMPATH\View\View.php(213): include('APPPATH\\Views\\layouts\\container4.php')
 3 SYSTEMPATH\View\View.php(216): CodeIgniter\View\View->CodeIgniter\View\{closure}()
 4 SYSTEMPATH\Common.php(1134): CodeIgniter\View\View->render('layouts/container4', [], true)
 5 APPPATH\Controllers\Main.php(147): view('layouts/container4')
 6 SYSTEMPATH\CodeIgniter.php(927): App\Controllers\Main->container4()
 7 SYSTEMPATH\CodeIgniter.php(482): CodeIgniter\CodeIgniter->runController(Object(App\Controllers\Main))
 8 SYSTEMPATH\CodeIgniter.php(351): CodeIgniter\CodeIgniter->handleRequest(null, Object(Config\Cache), false)
 9 FCPATH\index.php(67): CodeIgniter\CodeIgniter->run()
10 SYSTEMPATH\Commands\Server\rewrite.php(46): require_once('FCPATH\\index.php')
CRITICAL - 2022-11-28 20:28:23 --> Undefined index: name
in APPPATH\Controllers\Main.php on line 255.
 1 APPPATH\Controllers\Main.php(255): CodeIgniter\Debug\Exceptions->errorHandler(8, 'Undefined index: name', 'APPPATH\\Controllers\\Main.php', 255, [...])
 2 SYSTEMPATH\CodeIgniter.php(927): App\Controllers\Main->signup()
 3 SYSTEMPATH\CodeIgniter.php(482): CodeIgniter\CodeIgniter->runController(Object(App\Controllers\Main))
 4 SYSTEMPATH\CodeIgniter.php(351): CodeIgniter\CodeIgniter->handleRequest(null, Object(Config\Cache), false)
 5 FCPATH\index.php(67): CodeIgniter\CodeIgniter->run()
 6 SYSTEMPATH\Commands\Server\rewrite.php(46): require_once('FCPATH\\index.php')
CRITICAL - 2022-11-28 20:30:21 --> Undefined index: name
in APPPATH\Controllers\Main.php on line 255.
 1 APPPATH\Controllers\Main.php(255): CodeIgniter\Debug\Exceptions->errorHandler(8, 'Undefined index: name', 'APPPATH\\Controllers\\Main.php', 255, [...])
 2 SYSTEMPATH\CodeIgniter.php(927): App\Controllers\Main->signup()
 3 SYSTEMPATH\CodeIgniter.php(482): CodeIgniter\CodeIgniter->runController(Object(App\Controllers\Main))
 4 SYSTEMPATH\CodeIgniter.php(351): CodeIgniter\CodeIgniter->handleRequest(null, Object(Config\Cache), false)
 5 FCPATH\index.php(67): CodeIgniter\CodeIgniter->run()
 6 SYSTEMPATH\Commands\Server\rewrite.php(46): require_once('FCPATH\\index.php')
CRITICAL - 2022-11-28 20:30:30 --> Undefined index: name
in APPPATH\Controllers\Main.php on line 255.
 1 APPPATH\Controllers\Main.php(255): CodeIgniter\Debug\Exceptions->errorHandler(8, 'Undefined index: name', 'APPPATH\\Controllers\\Main.php', 255, [...])
 2 SYSTEMPATH\CodeIgniter.php(927): App\Controllers\Main->signup()
 3 SYSTEMPATH\CodeIgniter.php(482): CodeIgniter\CodeIgniter->runController(Object(App\Controllers\Main))
 4 SYSTEMPATH\CodeIgniter.php(351): CodeIgniter\CodeIgniter->handleRequest(null, Object(Config\Cache), false)
 5 FCPATH\index.php(67): CodeIgniter\CodeIgniter->run()
 6 SYSTEMPATH\Commands\Server\rewrite.php(46): require_once('FCPATH\\index.php')
CRITICAL - 2022-11-28 20:47:11 --> Trying to get property 'status' of non-object
in APPPATH\Views\layouts\signup.php on line 119.
 1 APPPATH\Views\layouts\signup.php(119): CodeIgniter\Debug\Exceptions->errorHandler(8, 'Trying to get property \'status\' of non-object', 'APPPATH\\Views\\layouts\\signup.php', 119, [...])
 2 SYSTEMPATH\View\View.php(213): include('APPPATH\\Views\\layouts\\signup.php')
 3 SYSTEMPATH\View\View.php(216): CodeIgniter\View\View->CodeIgniter\View\{closure}()
 4 SYSTEMPATH\Common.php(1134): CodeIgniter\View\View->render('layouts/signup', [], true)
 5 APPPATH\Controllers\Main.php(266): view('layouts/signup', [...])
 6 SYSTEMPATH\CodeIgniter.php(927): App\Controllers\Main->signup()
 7 SYSTEMPATH\CodeIgniter.php(482): CodeIgniter\CodeIgniter->runController(Object(App\Controllers\Main))
 8 SYSTEMPATH\CodeIgniter.php(351): CodeIgniter\CodeIgniter->handleRequest(null, Object(Config\Cache), false)
 9 FCPATH\index.php(67): CodeIgniter\CodeIgniter->run()
10 SYSTEMPATH\Commands\Server\rewrite.php(46): require_once('FCPATH\\index.php')
CRITICAL - 2022-11-28 20:48:28 --> Trying to get property 'status' of non-object
in APPPATH\Views\layouts\signup.php on line 119.
 1 APPPATH\Views\layouts\signup.php(119): CodeIgniter\Debug\Exceptions->errorHandler(8, 'Trying to get property \'status\' of non-object', 'APPPATH\\Views\\layouts\\signup.php', 119, [...])
 2 SYSTEMPATH\View\View.php(213): include('APPPATH\\Views\\layouts\\signup.php')
 3 SYSTEMPATH\View\View.php(216): CodeIgniter\View\View->CodeIgniter\View\{closure}()
 4 SYSTEMPATH\Common.php(1134): CodeIgniter\View\View->render('layouts/signup', [], true)
 5 APPPATH\Controllers\Main.php(266): view('layouts/signup', [...])
 6 SYSTEMPATH\CodeIgniter.php(927): App\Controllers\Main->signup()
 7 SYSTEMPATH\CodeIgniter.php(482): CodeIgniter\CodeIgniter->runController(Object(App\Controllers\Main))
 8 SYSTEMPATH\CodeIgniter.php(351): CodeIgniter\CodeIgniter->handleRequest(null, Object(Config\Cache), false)
 9 FCPATH\index.php(67): CodeIgniter\CodeIgniter->run()
10 SYSTEMPATH\Commands\Server\rewrite.php(46): require_once('FCPATH\\index.php')
CRITICAL - 2022-11-28 22:00:29 --> Trying to get property 'status' of non-object
in APPPATH\Controllers\Main.php on line 264.
 1 APPPATH\Controllers\Main.php(264): CodeIgniter\Debug\Exceptions->errorHandler(8, 'Trying to get property \'status\' of non-object', 'APPPATH\\Controllers\\Main.php', 264, [...])
 2 SYSTEMPATH\CodeIgniter.php(927): App\Controllers\Main->signup()
 3 SYSTEMPATH\CodeIgniter.php(482): CodeIgniter\CodeIgniter->runController(Object(App\Controllers\Main))
 4 SYSTEMPATH\CodeIgniter.php(351): CodeIgniter\CodeIgniter->handleRequest(null, Object(Config\Cache), false)
 5 FCPATH\index.php(67): CodeIgniter\CodeIgniter->run()
 6 SYSTEMPATH\Commands\Server\rewrite.php(46): require_once('FCPATH\\index.php')
CRITICAL - 2022-11-28 22:25:33 --> Undefined index: pid
in APPPATH\Controllers\Main.php on line 206.
 1 APPPATH\Controllers\Main.php(206): CodeIgniter\Debug\Exceptions->errorHandler(8, 'Undefined index: pid', 'APPPATH\\Controllers\\Main.php', 206, [])
 2 SYSTEMPATH\CodeIgniter.php(927): App\Controllers\Main->billing()
 3 SYSTEMPATH\CodeIgniter.php(482): CodeIgniter\CodeIgniter->runController(Object(App\Controllers\Main))
 4 SYSTEMPATH\CodeIgniter.php(351): CodeIgniter\CodeIgniter->handleRequest(null, Object(Config\Cache), false)
 5 FCPATH\index.php(67): CodeIgniter\CodeIgniter->run()
 6 SYSTEMPATH\Commands\Server\rewrite.php(46): require_once('FCPATH\\index.php')
CRITICAL - 2022-11-28 22:31:13 --> Undefined index: pid
in APPPATH\Controllers\Main.php on line 206.
 1 APPPATH\Controllers\Main.php(206): CodeIgniter\Debug\Exceptions->errorHandler(8, 'Undefined index: pid', 'APPPATH\\Controllers\\Main.php', 206, [])
 2 SYSTEMPATH\CodeIgniter.php(927): App\Controllers\Main->billing()
 3 SYSTEMPATH\CodeIgniter.php(482): CodeIgniter\CodeIgniter->runController(Object(App\Controllers\Main))
 4 SYSTEMPATH\CodeIgniter.php(351): CodeIgniter\CodeIgniter->handleRequest(null, Object(Config\Cache), false)
 5 FCPATH\index.php(67): CodeIgniter\CodeIgniter->run()
 6 SYSTEMPATH\Commands\Server\rewrite.php(46): require_once('FCPATH\\index.php')
