CRITICAL - 2023-02-17 00:08:25 --> Use of undefined constant php - assumed 'php' (this will throw an Error in a future version of PHP)
in APPPATH/Views/layouts/container1.php on line 71.
 1 APPPATH/Views/layouts/container1.php(71): CodeIgniter\Debug\Exceptions->errorHandler(2, 'Use of undefined constant php - assumed \'php\' (this will throw an Error in a future version of PHP)', 'APPPATH/Views/layouts/container1.php', 71, [...])
 2 SYSTEMPATH/View/View.php(213): include('APPPATH/Views/layouts/container1.php')
 3 SYSTEMPATH/View/View.php(216): CodeIgniter\View\View->CodeIgniter\View\{closure}()
 4 SYSTEMPATH/Common.php(1134): CodeIgniter\View\View->render('layouts/container1', [], true)
 5 APPPATH/Controllers/Main.php(84): view('layouts/container1', [...])
 6 SYSTEMPATH/CodeIgniter.php(927): App\Controllers\Main->container1()
 7 SYSTEMPATH/CodeIgniter.php(482): CodeIgniter\CodeIgniter->runController(Object(App\Controllers\Main))
 8 SYSTEMPATH/CodeIgniter.php(351): CodeIgniter\CodeIgniter->handleRequest(null, Object(Config\Cache), false)
 9 FCPATH/index.php(67): CodeIgniter\CodeIgniter->run()
CRITICAL - 2023-02-17 00:09:08 --> Use of undefined constant php - assumed 'php' (this will throw an Error in a future version of PHP)
in APPPATH/Views/layouts/container1.php on line 71.
 1 APPPATH/Views/layouts/container1.php(71): CodeIgniter\Debug\Exceptions->errorHandler(2, 'Use of undefined constant php - assumed \'php\' (this will throw an Error in a future version of PHP)', 'APPPATH/Views/layouts/container1.php', 71, [...])
 2 SYSTEMPATH/View/View.php(213): include('APPPATH/Views/layouts/container1.php')
 3 SYSTEMPATH/View/View.php(216): CodeIgniter\View\View->CodeIgniter\View\{closure}()
 4 SYSTEMPATH/Common.php(1134): CodeIgniter\View\View->render('layouts/container1', [], true)
 5 APPPATH/Controllers/Main.php(84): view('layouts/container1', [...])
 6 SYSTEMPATH/CodeIgniter.php(927): App\Controllers\Main->container1()
 7 SYSTEMPATH/CodeIgniter.php(482): CodeIgniter\CodeIgniter->runController(Object(App\Controllers\Main))
 8 SYSTEMPATH/CodeIgniter.php(351): CodeIgniter\CodeIgniter->handleRequest(null, Object(Config\Cache), false)
 9 FCPATH/index.php(67): CodeIgniter\CodeIgniter->run()
CRITICAL - 2023-02-17 02:36:23 --> Undefined index: width
in APPPATH/Views/layouts/container1.php on line 56.
 1 APPPATH/Views/layouts/container1.php(56): CodeIgniter\Debug\Exceptions->errorHandler(8, 'Undefined index: width', 'APPPATH/Views/layouts/container1.php', 56, [...])
 2 SYSTEMPATH/View/View.php(213): include('APPPATH/Views/layouts/container1.php')
 3 SYSTEMPATH/View/View.php(216): CodeIgniter\View\View->CodeIgniter\View\{closure}()
 4 SYSTEMPATH/Common.php(1134): CodeIgniter\View\View->render('layouts/container1', [], true)
 5 APPPATH/Controllers/Main.php(84): view('layouts/container1', [...])
 6 SYSTEMPATH/CodeIgniter.php(927): App\Controllers\Main->container1()
 7 SYSTEMPATH/CodeIgniter.php(482): CodeIgniter\CodeIgniter->runController(Object(App\Controllers\Main))
 8 SYSTEMPATH/CodeIgniter.php(351): CodeIgniter\CodeIgniter->handleRequest(null, Object(Config\Cache), false)
 9 FCPATH/index.php(67): CodeIgniter\CodeIgniter->run()
CRITICAL - 2023-02-17 02:36:28 --> Undefined index: width
in APPPATH/Views/layouts/container1.php on line 56.
 1 APPPATH/Views/layouts/container1.php(56): CodeIgniter\Debug\Exceptions->errorHandler(8, 'Undefined index: width', 'APPPATH/Views/layouts/container1.php', 56, [...])
 2 SYSTEMPATH/View/View.php(213): include('APPPATH/Views/layouts/container1.php')
 3 SYSTEMPATH/View/View.php(216): CodeIgniter\View\View->CodeIgniter\View\{closure}()
 4 SYSTEMPATH/Common.php(1134): CodeIgniter\View\View->render('layouts/container1', [], true)
 5 APPPATH/Controllers/Main.php(84): view('layouts/container1', [...])
 6 SYSTEMPATH/CodeIgniter.php(927): App\Controllers\Main->container1()
 7 SYSTEMPATH/CodeIgniter.php(482): CodeIgniter\CodeIgniter->runController(Object(App\Controllers\Main))
 8 SYSTEMPATH/CodeIgniter.php(351): CodeIgniter\CodeIgniter->handleRequest(null, Object(Config\Cache), false)
 9 FCPATH/index.php(67): CodeIgniter\CodeIgniter->run()
CRITICAL - 2023-02-17 02:36:32 --> Undefined index: width
in APPPATH/Views/layouts/container1.php on line 56.
 1 APPPATH/Views/layouts/container1.php(56): CodeIgniter\Debug\Exceptions->errorHandler(8, 'Undefined index: width', 'APPPATH/Views/layouts/container1.php', 56, [...])
 2 SYSTEMPATH/View/View.php(213): include('APPPATH/Views/layouts/container1.php')
 3 SYSTEMPATH/View/View.php(216): CodeIgniter\View\View->CodeIgniter\View\{closure}()
 4 SYSTEMPATH/Common.php(1134): CodeIgniter\View\View->render('layouts/container1', [], true)
 5 APPPATH/Controllers/Main.php(84): view('layouts/container1', [...])
 6 SYSTEMPATH/CodeIgniter.php(927): App\Controllers\Main->container1()
 7 SYSTEMPATH/CodeIgniter.php(482): CodeIgniter\CodeIgniter->runController(Object(App\Controllers\Main))
 8 SYSTEMPATH/CodeIgniter.php(351): CodeIgniter\CodeIgniter->handleRequest(null, Object(Config\Cache), false)
 9 FCPATH/index.php(67): CodeIgniter\CodeIgniter->run()
CRITICAL - 2023-02-17 02:36:33 --> Undefined index: width
in APPPATH/Views/layouts/container1.php on line 56.
 1 APPPATH/Views/layouts/container1.php(56): CodeIgniter\Debug\Exceptions->errorHandler(8, 'Undefined index: width', 'APPPATH/Views/layouts/container1.php', 56, [...])
 2 SYSTEMPATH/View/View.php(213): include('APPPATH/Views/layouts/container1.php')
 3 SYSTEMPATH/View/View.php(216): CodeIgniter\View\View->CodeIgniter\View\{closure}()
 4 SYSTEMPATH/Common.php(1134): CodeIgniter\View\View->render('layouts/container1', [], true)
 5 APPPATH/Controllers/Main.php(84): view('layouts/container1', [...])
 6 SYSTEMPATH/CodeIgniter.php(927): App\Controllers\Main->container1()
 7 SYSTEMPATH/CodeIgniter.php(482): CodeIgniter\CodeIgniter->runController(Object(App\Controllers\Main))
 8 SYSTEMPATH/CodeIgniter.php(351): CodeIgniter\CodeIgniter->handleRequest(null, Object(Config\Cache), false)
 9 FCPATH/index.php(67): CodeIgniter\CodeIgniter->run()
CRITICAL - 2023-02-17 02:37:42 --> Undefined index: width
in APPPATH/Views/layouts/container1.php on line 56.
 1 APPPATH/Views/layouts/container1.php(56): CodeIgniter\Debug\Exceptions->errorHandler(8, 'Undefined index: width', 'APPPATH/Views/layouts/container1.php', 56, [...])
 2 SYSTEMPATH/View/View.php(213): include('APPPATH/Views/layouts/container1.php')
 3 SYSTEMPATH/View/View.php(216): CodeIgniter\View\View->CodeIgniter\View\{closure}()
 4 SYSTEMPATH/Common.php(1134): CodeIgniter\View\View->render('layouts/container1', [], true)
 5 APPPATH/Controllers/Main.php(84): view('layouts/container1', [...])
 6 SYSTEMPATH/CodeIgniter.php(927): App\Controllers\Main->container1()
 7 SYSTEMPATH/CodeIgniter.php(482): CodeIgniter\CodeIgniter->runController(Object(App\Controllers\Main))
 8 SYSTEMPATH/CodeIgniter.php(351): CodeIgniter\CodeIgniter->handleRequest(null, Object(Config\Cache), false)
 9 FCPATH/index.php(67): CodeIgniter\CodeIgniter->run()
CRITICAL - 2023-02-17 02:37:46 --> Undefined index: width
in APPPATH/Views/layouts/container1.php on line 56.
 1 APPPATH/Views/layouts/container1.php(56): CodeIgniter\Debug\Exceptions->errorHandler(8, 'Undefined index: width', 'APPPATH/Views/layouts/container1.php', 56, [...])
 2 SYSTEMPATH/View/View.php(213): include('APPPATH/Views/layouts/container1.php')
 3 SYSTEMPATH/View/View.php(216): CodeIgniter\View\View->CodeIgniter\View\{closure}()
 4 SYSTEMPATH/Common.php(1134): CodeIgniter\View\View->render('layouts/container1', [], true)
 5 APPPATH/Controllers/Main.php(84): view('layouts/container1', [...])
 6 SYSTEMPATH/CodeIgniter.php(927): App\Controllers\Main->container1()
 7 SYSTEMPATH/CodeIgniter.php(482): CodeIgniter\CodeIgniter->runController(Object(App\Controllers\Main))
 8 SYSTEMPATH/CodeIgniter.php(351): CodeIgniter\CodeIgniter->handleRequest(null, Object(Config\Cache), false)
 9 FCPATH/index.php(67): CodeIgniter\CodeIgniter->run()
CRITICAL - 2023-02-17 02:37:57 --> Undefined index: width
in APPPATH/Views/layouts/container1.php on line 56.
 1 APPPATH/Views/layouts/container1.php(56): CodeIgniter\Debug\Exceptions->errorHandler(8, 'Undefined index: width', 'APPPATH/Views/layouts/container1.php', 56, [...])
 2 SYSTEMPATH/View/View.php(213): include('APPPATH/Views/layouts/container1.php')
 3 SYSTEMPATH/View/View.php(216): CodeIgniter\View\View->CodeIgniter\View\{closure}()
 4 SYSTEMPATH/Common.php(1134): CodeIgniter\View\View->render('layouts/container1', [], true)
 5 APPPATH/Controllers/Main.php(84): view('layouts/container1', [...])
 6 SYSTEMPATH/CodeIgniter.php(927): App\Controllers\Main->container1()
 7 SYSTEMPATH/CodeIgniter.php(482): CodeIgniter\CodeIgniter->runController(Object(App\Controllers\Main))
 8 SYSTEMPATH/CodeIgniter.php(351): CodeIgniter\CodeIgniter->handleRequest(null, Object(Config\Cache), false)
 9 FCPATH/index.php(67): CodeIgniter\CodeIgniter->run()
CRITICAL - 2023-02-17 02:38:04 --> Undefined index: width
in APPPATH/Views/layouts/container1.php on line 56.
 1 APPPATH/Views/layouts/container1.php(56): CodeIgniter\Debug\Exceptions->errorHandler(8, 'Undefined index: width', 'APPPATH/Views/layouts/container1.php', 56, [...])
 2 SYSTEMPATH/View/View.php(213): include('APPPATH/Views/layouts/container1.php')
 3 SYSTEMPATH/View/View.php(216): CodeIgniter\View\View->CodeIgniter\View\{closure}()
 4 SYSTEMPATH/Common.php(1134): CodeIgniter\View\View->render('layouts/container1', [], true)
 5 APPPATH/Controllers/Main.php(84): view('layouts/container1', [...])
 6 SYSTEMPATH/CodeIgniter.php(927): App\Controllers\Main->container1()
 7 SYSTEMPATH/CodeIgniter.php(482): CodeIgniter\CodeIgniter->runController(Object(App\Controllers\Main))
 8 SYSTEMPATH/CodeIgniter.php(351): CodeIgniter\CodeIgniter->handleRequest(null, Object(Config\Cache), false)
 9 FCPATH/index.php(67): CodeIgniter\CodeIgniter->run()
CRITICAL - 2023-02-17 02:38:58 --> Undefined index: width
in APPPATH/Views/layouts/container1.php on line 56.
 1 APPPATH/Views/layouts/container1.php(56): CodeIgniter\Debug\Exceptions->errorHandler(8, 'Undefined index: width', 'APPPATH/Views/layouts/container1.php', 56, [...])
 2 SYSTEMPATH/View/View.php(213): include('APPPATH/Views/layouts/container1.php')
 3 SYSTEMPATH/View/View.php(216): CodeIgniter\View\View->CodeIgniter\View\{closure}()
 4 SYSTEMPATH/Common.php(1134): CodeIgniter\View\View->render('layouts/container1', [], true)
 5 APPPATH/Controllers/Main.php(84): view('layouts/container1', [...])
 6 SYSTEMPATH/CodeIgniter.php(927): App\Controllers\Main->container1()
 7 SYSTEMPATH/CodeIgniter.php(482): CodeIgniter\CodeIgniter->runController(Object(App\Controllers\Main))
 8 SYSTEMPATH/CodeIgniter.php(351): CodeIgniter\CodeIgniter->handleRequest(null, Object(Config\Cache), false)
 9 FCPATH/index.php(67): CodeIgniter\CodeIgniter->run()
CRITICAL - 2023-02-17 02:40:30 --> Undefined index: width
in APPPATH/Views/layouts/container1.php on line 56.
 1 APPPATH/Views/layouts/container1.php(56): CodeIgniter\Debug\Exceptions->errorHandler(8, 'Undefined index: width', 'APPPATH/Views/layouts/container1.php', 56, [...])
 2 SYSTEMPATH/View/View.php(213): include('APPPATH/Views/layouts/container1.php')
 3 SYSTEMPATH/View/View.php(216): CodeIgniter\View\View->CodeIgniter\View\{closure}()
 4 SYSTEMPATH/Common.php(1134): CodeIgniter\View\View->render('layouts/container1', [], true)
 5 APPPATH/Controllers/Main.php(84): view('layouts/container1', [...])
 6 SYSTEMPATH/CodeIgniter.php(927): App\Controllers\Main->container1()
 7 SYSTEMPATH/CodeIgniter.php(482): CodeIgniter\CodeIgniter->runController(Object(App\Controllers\Main))
 8 SYSTEMPATH/CodeIgniter.php(351): CodeIgniter\CodeIgniter->handleRequest(null, Object(Config\Cache), false)
 9 FCPATH/index.php(67): CodeIgniter\CodeIgniter->run()
CRITICAL - 2023-02-17 02:40:34 --> Undefined index: width
in APPPATH/Views/layouts/container1.php on line 56.
 1 APPPATH/Views/layouts/container1.php(56): CodeIgniter\Debug\Exceptions->errorHandler(8, 'Undefined index: width', 'APPPATH/Views/layouts/container1.php', 56, [...])
 2 SYSTEMPATH/View/View.php(213): include('APPPATH/Views/layouts/container1.php')
 3 SYSTEMPATH/View/View.php(216): CodeIgniter\View\View->CodeIgniter\View\{closure}()
 4 SYSTEMPATH/Common.php(1134): CodeIgniter\View\View->render('layouts/container1', [], true)
 5 APPPATH/Controllers/Main.php(84): view('layouts/container1', [...])
 6 SYSTEMPATH/CodeIgniter.php(927): App\Controllers\Main->container1()
 7 SYSTEMPATH/CodeIgniter.php(482): CodeIgniter\CodeIgniter->runController(Object(App\Controllers\Main))
 8 SYSTEMPATH/CodeIgniter.php(351): CodeIgniter\CodeIgniter->handleRequest(null, Object(Config\Cache), false)
 9 FCPATH/index.php(67): CodeIgniter\CodeIgniter->run()
CRITICAL - 2023-02-17 02:40:37 --> Undefined index: width
in APPPATH/Views/layouts/container1.php on line 56.
 1 APPPATH/Views/layouts/container1.php(56): CodeIgniter\Debug\Exceptions->errorHandler(8, 'Undefined index: width', 'APPPATH/Views/layouts/container1.php', 56, [...])
 2 SYSTEMPATH/View/View.php(213): include('APPPATH/Views/layouts/container1.php')
 3 SYSTEMPATH/View/View.php(216): CodeIgniter\View\View->CodeIgniter\View\{closure}()
 4 SYSTEMPATH/Common.php(1134): CodeIgniter\View\View->render('layouts/container1', [], true)
 5 APPPATH/Controllers/Main.php(84): view('layouts/container1', [...])
 6 SYSTEMPATH/CodeIgniter.php(927): App\Controllers\Main->container1()
 7 SYSTEMPATH/CodeIgniter.php(482): CodeIgniter\CodeIgniter->runController(Object(App\Controllers\Main))
 8 SYSTEMPATH/CodeIgniter.php(351): CodeIgniter\CodeIgniter->handleRequest(null, Object(Config\Cache), false)
 9 FCPATH/index.php(67): CodeIgniter\CodeIgniter->run()
CRITICAL - 2023-02-17 02:40:45 --> Undefined index: width
in APPPATH/Views/layouts/container1.php on line 56.
 1 APPPATH/Views/layouts/container1.php(56): CodeIgniter\Debug\Exceptions->errorHandler(8, 'Undefined index: width', 'APPPATH/Views/layouts/container1.php', 56, [...])
 2 SYSTEMPATH/View/View.php(213): include('APPPATH/Views/layouts/container1.php')
 3 SYSTEMPATH/View/View.php(216): CodeIgniter\View\View->CodeIgniter\View\{closure}()
 4 SYSTEMPATH/Common.php(1134): CodeIgniter\View\View->render('layouts/container1', [], true)
 5 APPPATH/Controllers/Main.php(84): view('layouts/container1', [...])
 6 SYSTEMPATH/CodeIgniter.php(927): App\Controllers\Main->container1()
 7 SYSTEMPATH/CodeIgniter.php(482): CodeIgniter\CodeIgniter->runController(Object(App\Controllers\Main))
 8 SYSTEMPATH/CodeIgniter.php(351): CodeIgniter\CodeIgniter->handleRequest(null, Object(Config\Cache), false)
 9 FCPATH/index.php(67): CodeIgniter\CodeIgniter->run()
CRITICAL - 2023-02-17 02:40:52 --> Undefined index: width
in APPPATH/Views/layouts/container1.php on line 56.
 1 APPPATH/Views/layouts/container1.php(56): CodeIgniter\Debug\Exceptions->errorHandler(8, 'Undefined index: width', 'APPPATH/Views/layouts/container1.php', 56, [...])
 2 SYSTEMPATH/View/View.php(213): include('APPPATH/Views/layouts/container1.php')
 3 SYSTEMPATH/View/View.php(216): CodeIgniter\View\View->CodeIgniter\View\{closure}()
 4 SYSTEMPATH/Common.php(1134): CodeIgniter\View\View->render('layouts/container1', [], true)
 5 APPPATH/Controllers/Main.php(84): view('layouts/container1', [...])
 6 SYSTEMPATH/CodeIgniter.php(927): App\Controllers\Main->container1()
 7 SYSTEMPATH/CodeIgniter.php(482): CodeIgniter\CodeIgniter->runController(Object(App\Controllers\Main))
 8 SYSTEMPATH/CodeIgniter.php(351): CodeIgniter\CodeIgniter->handleRequest(null, Object(Config\Cache), false)
 9 FCPATH/index.php(67): CodeIgniter\CodeIgniter->run()
CRITICAL - 2023-02-17 04:59:58 --> Undefined index: width
in APPPATH/Views/layouts/container1.php on line 56.
 1 APPPATH/Views/layouts/container1.php(56): CodeIgniter\Debug\Exceptions->errorHandler(8, 'Undefined index: width', 'APPPATH/Views/layouts/container1.php', 56, [...])
 2 SYSTEMPATH/View/View.php(213): include('APPPATH/Views/layouts/container1.php')
 3 SYSTEMPATH/View/View.php(216): CodeIgniter\View\View->CodeIgniter\View\{closure}()
 4 SYSTEMPATH/Common.php(1134): CodeIgniter\View\View->render('layouts/container1', [], true)
 5 APPPATH/Controllers/Main.php(84): view('layouts/container1', [...])
 6 SYSTEMPATH/CodeIgniter.php(927): App\Controllers\Main->container1()
 7 SYSTEMPATH/CodeIgniter.php(482): CodeIgniter\CodeIgniter->runController(Object(App\Controllers\Main))
 8 SYSTEMPATH/CodeIgniter.php(351): CodeIgniter\CodeIgniter->handleRequest(null, Object(Config\Cache), false)
 9 FCPATH/index.php(67): CodeIgniter\CodeIgniter->run()
CRITICAL - 2023-02-17 05:00:01 --> Undefined index: width
in APPPATH/Views/layouts/container1.php on line 56.
 1 APPPATH/Views/layouts/container1.php(56): CodeIgniter\Debug\Exceptions->errorHandler(8, 'Undefined index: width', 'APPPATH/Views/layouts/container1.php', 56, [...])
 2 SYSTEMPATH/View/View.php(213): include('APPPATH/Views/layouts/container1.php')
 3 SYSTEMPATH/View/View.php(216): CodeIgniter\View\View->CodeIgniter\View\{closure}()
 4 SYSTEMPATH/Common.php(1134): CodeIgniter\View\View->render('layouts/container1', [], true)
 5 APPPATH/Controllers/Main.php(84): view('layouts/container1', [...])
 6 SYSTEMPATH/CodeIgniter.php(927): App\Controllers\Main->container1()
 7 SYSTEMPATH/CodeIgniter.php(482): CodeIgniter\CodeIgniter->runController(Object(App\Controllers\Main))
 8 SYSTEMPATH/CodeIgniter.php(351): CodeIgniter\CodeIgniter->handleRequest(null, Object(Config\Cache), false)
 9 FCPATH/index.php(67): CodeIgniter\CodeIgniter->run()
CRITICAL - 2023-02-17 05:00:07 --> Undefined index: width
in APPPATH/Views/layouts/container1.php on line 56.
 1 APPPATH/Views/layouts/container1.php(56): CodeIgniter\Debug\Exceptions->errorHandler(8, 'Undefined index: width', 'APPPATH/Views/layouts/container1.php', 56, [...])
 2 SYSTEMPATH/View/View.php(213): include('APPPATH/Views/layouts/container1.php')
 3 SYSTEMPATH/View/View.php(216): CodeIgniter\View\View->CodeIgniter\View\{closure}()
 4 SYSTEMPATH/Common.php(1134): CodeIgniter\View\View->render('layouts/container1', [], true)
 5 APPPATH/Controllers/Main.php(84): view('layouts/container1', [...])
 6 SYSTEMPATH/CodeIgniter.php(927): App\Controllers\Main->container1()
 7 SYSTEMPATH/CodeIgniter.php(482): CodeIgniter\CodeIgniter->runController(Object(App\Controllers\Main))
 8 SYSTEMPATH/CodeIgniter.php(351): CodeIgniter\CodeIgniter->handleRequest(null, Object(Config\Cache), false)
 9 FCPATH/index.php(67): CodeIgniter\CodeIgniter->run()
CRITICAL - 2023-02-17 05:01:00 --> Undefined index: width
in APPPATH/Views/layouts/container1.php on line 56.
 1 APPPATH/Views/layouts/container1.php(56): CodeIgniter\Debug\Exceptions->errorHandler(8, 'Undefined index: width', 'APPPATH/Views/layouts/container1.php', 56, [...])
 2 SYSTEMPATH/View/View.php(213): include('APPPATH/Views/layouts/container1.php')
 3 SYSTEMPATH/View/View.php(216): CodeIgniter\View\View->CodeIgniter\View\{closure}()
 4 SYSTEMPATH/Common.php(1134): CodeIgniter\View\View->render('layouts/container1', [], true)
 5 APPPATH/Controllers/Main.php(84): view('layouts/container1', [...])
 6 SYSTEMPATH/CodeIgniter.php(927): App\Controllers\Main->container1()
 7 SYSTEMPATH/CodeIgniter.php(482): CodeIgniter\CodeIgniter->runController(Object(App\Controllers\Main))
 8 SYSTEMPATH/CodeIgniter.php(351): CodeIgniter\CodeIgniter->handleRequest(null, Object(Config\Cache), false)
 9 FCPATH/index.php(67): CodeIgniter\CodeIgniter->run()
