CRITICAL - 2022-12-12 00:12:14 --> Cannot use object of type stdClass as array
in APPPATH/Views/layouts/container5.php on line 72.
 1 SYSTEMPATH/View/View.php(213): include()
 2 SYSTEMPATH/View/View.php(216): CodeIgniter\View\View->CodeIgniter\View\{closure}()
 3 SYSTEMPATH/Common.php(1134): CodeIgniter\View\View->render('layouts/container5', [], true)
 4 APPPATH/Controllers/Main.php(170): view('layouts/container5', [...])
 5 SYSTEMPATH/CodeIgniter.php(927): App\Controllers\Main->container5()
 6 SYSTEMPATH/CodeIgniter.php(482): CodeIgniter\CodeIgniter->runController(Object(App\Controllers\Main))
 7 SYSTEMPATH/CodeIgniter.php(351): CodeIgniter\CodeIgniter->handleRequest(null, Object(Config\Cache), false)
 8 FCPATH/index.php(67): CodeIgniter\CodeIgniter->run()
CRITICAL - 2022-12-12 00:12:58 --> Cannot use object of type stdClass as array
in APPPATH/Views/layouts/container5.php on line 72.
 1 SYSTEMPATH/View/View.php(213): include()
 2 SYSTEMPATH/View/View.php(216): CodeIgniter\View\View->CodeIgniter\View\{closure}()
 3 SYSTEMPATH/Common.php(1134): CodeIgniter\View\View->render('layouts/container5', [], true)
 4 APPPATH/Controllers/Main.php(170): view('layouts/container5', [...])
 5 SYSTEMPATH/CodeIgniter.php(927): App\Controllers\Main->container5()
 6 SYSTEMPATH/CodeIgniter.php(482): CodeIgniter\CodeIgniter->runController(Object(App\Controllers\Main))
 7 SYSTEMPATH/CodeIgniter.php(351): CodeIgniter\CodeIgniter->handleRequest(null, Object(Config\Cache), false)
 8 FCPATH/index.php(67): CodeIgniter\CodeIgniter->run()
CRITICAL - 2022-12-12 00:25:12 --> Undefined property: stdClass::$description
in APPPATH/Views/layouts/container5.php on line 73.
 1 APPPATH/Views/layouts/container5.php(73): CodeIgniter\Debug\Exceptions->errorHandler(8, 'Undefined property: stdClass::$description', 'APPPATH/Views/layouts/container5.php', 73, [...])
 2 SYSTEMPATH/View/View.php(213): include('APPPATH/Views/layouts/container5.php')
 3 SYSTEMPATH/View/View.php(216): CodeIgniter\View\View->CodeIgniter\View\{closure}()
 4 SYSTEMPATH/Common.php(1134): CodeIgniter\View\View->render('layouts/container5', [], true)
 5 APPPATH/Controllers/Main.php(170): view('layouts/container5', [...])
 6 SYSTEMPATH/CodeIgniter.php(927): App\Controllers\Main->container5()
 7 SYSTEMPATH/CodeIgniter.php(482): CodeIgniter\CodeIgniter->runController(Object(App\Controllers\Main))
 8 SYSTEMPATH/CodeIgniter.php(351): CodeIgniter\CodeIgniter->handleRequest(null, Object(Config\Cache), false)
 9 FCPATH/index.php(67): CodeIgniter\CodeIgniter->run()
CRITICAL - 2022-12-12 00:25:38 --> Undefined property: stdClass::$description
in APPPATH/Views/layouts/container5.php on line 73.
 1 APPPATH/Views/layouts/container5.php(73): CodeIgniter\Debug\Exceptions->errorHandler(8, 'Undefined property: stdClass::$description', 'APPPATH/Views/layouts/container5.php', 73, [...])
 2 SYSTEMPATH/View/View.php(213): include('APPPATH/Views/layouts/container5.php')
 3 SYSTEMPATH/View/View.php(216): CodeIgniter\View\View->CodeIgniter\View\{closure}()
 4 SYSTEMPATH/Common.php(1134): CodeIgniter\View\View->render('layouts/container5', [], true)
 5 APPPATH/Controllers/Main.php(170): view('layouts/container5', [...])
 6 SYSTEMPATH/CodeIgniter.php(927): App\Controllers\Main->container5()
 7 SYSTEMPATH/CodeIgniter.php(482): CodeIgniter\CodeIgniter->runController(Object(App\Controllers\Main))
 8 SYSTEMPATH/CodeIgniter.php(351): CodeIgniter\CodeIgniter->handleRequest(null, Object(Config\Cache), false)
 9 FCPATH/index.php(67): CodeIgniter\CodeIgniter->run()
CRITICAL - 2022-12-12 00:25:46 --> Undefined property: stdClass::$description
in APPPATH/Views/layouts/container5.php on line 73.
 1 APPPATH/Views/layouts/container5.php(73): CodeIgniter\Debug\Exceptions->errorHandler(8, 'Undefined property: stdClass::$description', 'APPPATH/Views/layouts/container5.php', 73, [...])
 2 SYSTEMPATH/View/View.php(213): include('APPPATH/Views/layouts/container5.php')
 3 SYSTEMPATH/View/View.php(216): CodeIgniter\View\View->CodeIgniter\View\{closure}()
 4 SYSTEMPATH/Common.php(1134): CodeIgniter\View\View->render('layouts/container5', [], true)
 5 APPPATH/Controllers/Main.php(170): view('layouts/container5', [...])
 6 SYSTEMPATH/CodeIgniter.php(927): App\Controllers\Main->container5()
 7 SYSTEMPATH/CodeIgniter.php(482): CodeIgniter\CodeIgniter->runController(Object(App\Controllers\Main))
 8 SYSTEMPATH/CodeIgniter.php(351): CodeIgniter\CodeIgniter->handleRequest(null, Object(Config\Cache), false)
 9 FCPATH/index.php(67): CodeIgniter\CodeIgniter->run()
CRITICAL - 2022-12-12 00:26:05 --> Undefined property: stdClass::$description
in APPPATH/Views/layouts/container5.php on line 73.
 1 APPPATH/Views/layouts/container5.php(73): CodeIgniter\Debug\Exceptions->errorHandler(8, 'Undefined property: stdClass::$description', 'APPPATH/Views/layouts/container5.php', 73, [...])
 2 SYSTEMPATH/View/View.php(213): include('APPPATH/Views/layouts/container5.php')
 3 SYSTEMPATH/View/View.php(216): CodeIgniter\View\View->CodeIgniter\View\{closure}()
 4 SYSTEMPATH/Common.php(1134): CodeIgniter\View\View->render('layouts/container5', [], true)
 5 APPPATH/Controllers/Main.php(170): view('layouts/container5', [...])
 6 SYSTEMPATH/CodeIgniter.php(927): App\Controllers\Main->container5()
 7 SYSTEMPATH/CodeIgniter.php(482): CodeIgniter\CodeIgniter->runController(Object(App\Controllers\Main))
 8 SYSTEMPATH/CodeIgniter.php(351): CodeIgniter\CodeIgniter->handleRequest(null, Object(Config\Cache), false)
 9 FCPATH/index.php(67): CodeIgniter\CodeIgniter->run()
CRITICAL - 2022-12-12 00:53:34 --> Undefined variable: cont1
in APPPATH/Views/layouts/container5.php on line 72.
 1 APPPATH/Views/layouts/container5.php(72): CodeIgniter\Debug\Exceptions->errorHandler(8, 'Undefined variable: cont1', 'APPPATH/Views/layouts/container5.php', 72, [...])
 2 SYSTEMPATH/View/View.php(213): include('APPPATH/Views/layouts/container5.php')
 3 SYSTEMPATH/View/View.php(216): CodeIgniter\View\View->CodeIgniter\View\{closure}()
 4 SYSTEMPATH/Common.php(1134): CodeIgniter\View\View->render('layouts/container5', [], true)
 5 APPPATH/Controllers/Main.php(170): view('layouts/container5', [...])
 6 SYSTEMPATH/CodeIgniter.php(927): App\Controllers\Main->container5()
 7 SYSTEMPATH/CodeIgniter.php(482): CodeIgniter\CodeIgniter->runController(Object(App\Controllers\Main))
 8 SYSTEMPATH/CodeIgniter.php(351): CodeIgniter\CodeIgniter->handleRequest(null, Object(Config\Cache), false)
 9 FCPATH/index.php(67): CodeIgniter\CodeIgniter->run()
CRITICAL - 2022-12-12 00:54:00 --> Undefined variable: cont1
in APPPATH/Views/layouts/container5.php on line 72.
 1 APPPATH/Views/layouts/container5.php(72): CodeIgniter\Debug\Exceptions->errorHandler(8, 'Undefined variable: cont1', 'APPPATH/Views/layouts/container5.php', 72, [...])
 2 SYSTEMPATH/View/View.php(213): include('APPPATH/Views/layouts/container5.php')
 3 SYSTEMPATH/View/View.php(216): CodeIgniter\View\View->CodeIgniter\View\{closure}()
 4 SYSTEMPATH/Common.php(1134): CodeIgniter\View\View->render('layouts/container5', [], true)
 5 APPPATH/Controllers/Main.php(170): view('layouts/container5', [...])
 6 SYSTEMPATH/CodeIgniter.php(927): App\Controllers\Main->container5()
 7 SYSTEMPATH/CodeIgniter.php(482): CodeIgniter\CodeIgniter->runController(Object(App\Controllers\Main))
 8 SYSTEMPATH/CodeIgniter.php(351): CodeIgniter\CodeIgniter->handleRequest(null, Object(Config\Cache), false)
 9 FCPATH/index.php(67): CodeIgniter\CodeIgniter->run()
CRITICAL - 2022-12-12 00:54:12 --> Undefined variable: cont1
in APPPATH/Views/layouts/container5.php on line 72.
 1 APPPATH/Views/layouts/container5.php(72): CodeIgniter\Debug\Exceptions->errorHandler(8, 'Undefined variable: cont1', 'APPPATH/Views/layouts/container5.php', 72, [...])
 2 SYSTEMPATH/View/View.php(213): include('APPPATH/Views/layouts/container5.php')
 3 SYSTEMPATH/View/View.php(216): CodeIgniter\View\View->CodeIgniter\View\{closure}()
 4 SYSTEMPATH/Common.php(1134): CodeIgniter\View\View->render('layouts/container5', [], true)
 5 APPPATH/Controllers/Main.php(170): view('layouts/container5', [...])
 6 SYSTEMPATH/CodeIgniter.php(927): App\Controllers\Main->container5()
 7 SYSTEMPATH/CodeIgniter.php(482): CodeIgniter\CodeIgniter->runController(Object(App\Controllers\Main))
 8 SYSTEMPATH/CodeIgniter.php(351): CodeIgniter\CodeIgniter->handleRequest(null, Object(Config\Cache), false)
 9 FCPATH/index.php(67): CodeIgniter\CodeIgniter->run()
CRITICAL - 2022-12-12 01:09:28 --> Undefined variable: cont1
in APPPATH/Views/layouts/container5.php on line 171.
 1 APPPATH/Views/layouts/container5.php(171): CodeIgniter\Debug\Exceptions->errorHandler(8, 'Undefined variable: cont1', 'APPPATH/Views/layouts/container5.php', 171, [...])
 2 SYSTEMPATH/View/View.php(213): include('APPPATH/Views/layouts/container5.php')
 3 SYSTEMPATH/View/View.php(216): CodeIgniter\View\View->CodeIgniter\View\{closure}()
 4 SYSTEMPATH/Common.php(1134): CodeIgniter\View\View->render('layouts/container5', [], true)
 5 APPPATH/Controllers/Main.php(170): view('layouts/container5', [...])
 6 SYSTEMPATH/CodeIgniter.php(927): App\Controllers\Main->container5()
 7 SYSTEMPATH/CodeIgniter.php(482): CodeIgniter\CodeIgniter->runController(Object(App\Controllers\Main))
 8 SYSTEMPATH/CodeIgniter.php(351): CodeIgniter\CodeIgniter->handleRequest(null, Object(Config\Cache), false)
 9 FCPATH/index.php(67): CodeIgniter\CodeIgniter->run()
CRITICAL - 2022-12-12 01:09:47 --> Undefined variable: cont1
in APPPATH/Views/layouts/container5.php on line 171.
 1 APPPATH/Views/layouts/container5.php(171): CodeIgniter\Debug\Exceptions->errorHandler(8, 'Undefined variable: cont1', 'APPPATH/Views/layouts/container5.php', 171, [...])
 2 SYSTEMPATH/View/View.php(213): include('APPPATH/Views/layouts/container5.php')
 3 SYSTEMPATH/View/View.php(216): CodeIgniter\View\View->CodeIgniter\View\{closure}()
 4 SYSTEMPATH/Common.php(1134): CodeIgniter\View\View->render('layouts/container5', [], true)
 5 APPPATH/Controllers/Main.php(170): view('layouts/container5', [...])
 6 SYSTEMPATH/CodeIgniter.php(927): App\Controllers\Main->container5()
 7 SYSTEMPATH/CodeIgniter.php(482): CodeIgniter\CodeIgniter->runController(Object(App\Controllers\Main))
 8 SYSTEMPATH/CodeIgniter.php(351): CodeIgniter\CodeIgniter->handleRequest(null, Object(Config\Cache), false)
 9 FCPATH/index.php(67): CodeIgniter\CodeIgniter->run()
CRITICAL - 2022-12-12 01:09:54 --> Undefined variable: cont1
in APPPATH/Views/layouts/container5.php on line 171.
 1 APPPATH/Views/layouts/container5.php(171): CodeIgniter\Debug\Exceptions->errorHandler(8, 'Undefined variable: cont1', 'APPPATH/Views/layouts/container5.php', 171, [...])
 2 SYSTEMPATH/View/View.php(213): include('APPPATH/Views/layouts/container5.php')
 3 SYSTEMPATH/View/View.php(216): CodeIgniter\View\View->CodeIgniter\View\{closure}()
 4 SYSTEMPATH/Common.php(1134): CodeIgniter\View\View->render('layouts/container5', [], true)
 5 APPPATH/Controllers/Main.php(170): view('layouts/container5', [...])
 6 SYSTEMPATH/CodeIgniter.php(927): App\Controllers\Main->container5()
 7 SYSTEMPATH/CodeIgniter.php(482): CodeIgniter\CodeIgniter->runController(Object(App\Controllers\Main))
 8 SYSTEMPATH/CodeIgniter.php(351): CodeIgniter\CodeIgniter->handleRequest(null, Object(Config\Cache), false)
 9 FCPATH/index.php(67): CodeIgniter\CodeIgniter->run()
CRITICAL - 2022-12-12 03:42:26 --> Trying to get property 'slime_seat' of non-object
in APPPATH/Views/layouts/billing.php on line 54.
 1 APPPATH/Views/layouts/billing.php(54): CodeIgniter\Debug\Exceptions->errorHandler(8, 'Trying to get property \'slime_seat\' of non-object', 'APPPATH/Views/layouts/billing.php', 54, [...])
 2 SYSTEMPATH/View/View.php(213): include('APPPATH/Views/layouts/billing.php')
 3 SYSTEMPATH/View/View.php(216): CodeIgniter\View\View->CodeIgniter\View\{closure}()
 4 SYSTEMPATH/Common.php(1134): CodeIgniter\View\View->render('layouts/billing', [], true)
 5 APPPATH/Controllers/Main.php(341): view('layouts/billing', [...])
 6 SYSTEMPATH/CodeIgniter.php(927): App\Controllers\Main->billing()
 7 SYSTEMPATH/CodeIgniter.php(482): CodeIgniter\CodeIgniter->runController(Object(App\Controllers\Main))
 8 SYSTEMPATH/CodeIgniter.php(351): CodeIgniter\CodeIgniter->handleRequest(null, Object(Config\Cache), false)
 9 FCPATH/index.php(67): CodeIgniter\CodeIgniter->run()
CRITICAL - 2022-12-12 06:03:51 --> Trying to get property 'slime_seat' of non-object
in APPPATH/Views/layouts/billing.php on line 54.
 1 APPPATH/Views/layouts/billing.php(54): CodeIgniter\Debug\Exceptions->errorHandler(8, 'Trying to get property \'slime_seat\' of non-object', 'APPPATH/Views/layouts/billing.php', 54, [...])
 2 SYSTEMPATH/View/View.php(213): include('APPPATH/Views/layouts/billing.php')
 3 SYSTEMPATH/View/View.php(216): CodeIgniter\View\View->CodeIgniter\View\{closure}()
 4 SYSTEMPATH/Common.php(1134): CodeIgniter\View\View->render('layouts/billing', [], true)
 5 APPPATH/Controllers/Main.php(341): view('layouts/billing', [...])
 6 SYSTEMPATH/CodeIgniter.php(927): App\Controllers\Main->billing()
 7 SYSTEMPATH/CodeIgniter.php(482): CodeIgniter\CodeIgniter->runController(Object(App\Controllers\Main))
 8 SYSTEMPATH/CodeIgniter.php(351): CodeIgniter\CodeIgniter->handleRequest(null, Object(Config\Cache), false)
 9 FCPATH/index.php(67): CodeIgniter\CodeIgniter->run()
CRITICAL - 2022-12-12 06:13:42 --> Undefined variable: container5
in APPPATH/Views/layouts/billing.php on line 59.
 1 APPPATH/Views/layouts/billing.php(59): CodeIgniter\Debug\Exceptions->errorHandler(8, 'Undefined variable: container5', 'APPPATH/Views/layouts/billing.php', 59, [...])
 2 SYSTEMPATH/View/View.php(213): include('APPPATH/Views/layouts/billing.php')
 3 SYSTEMPATH/View/View.php(216): CodeIgniter\View\View->CodeIgniter\View\{closure}()
 4 SYSTEMPATH/Common.php(1134): CodeIgniter\View\View->render('layouts/billing', [], true)
 5 APPPATH/Controllers/Main.php(341): view('layouts/billing', [...])
 6 SYSTEMPATH/CodeIgniter.php(927): App\Controllers\Main->billing()
 7 SYSTEMPATH/CodeIgniter.php(482): CodeIgniter\CodeIgniter->runController(Object(App\Controllers\Main))
 8 SYSTEMPATH/CodeIgniter.php(351): CodeIgniter\CodeIgniter->handleRequest(null, Object(Config\Cache), false)
 9 FCPATH/index.php(67): CodeIgniter\CodeIgniter->run()
CRITICAL - 2022-12-12 06:14:48 --> Undefined property: stdClass::$price
in APPPATH/Views/layouts/billing.php on line 68.
 1 APPPATH/Views/layouts/billing.php(68): CodeIgniter\Debug\Exceptions->errorHandler(8, 'Undefined property: stdClass::$price', 'APPPATH/Views/layouts/billing.php', 68, [...])
 2 SYSTEMPATH/View/View.php(213): include('APPPATH/Views/layouts/billing.php')
 3 SYSTEMPATH/View/View.php(216): CodeIgniter\View\View->CodeIgniter\View\{closure}()
 4 SYSTEMPATH/Common.php(1134): CodeIgniter\View\View->render('layouts/billing', [], true)
 5 APPPATH/Controllers/Main.php(341): view('layouts/billing', [...])
 6 SYSTEMPATH/CodeIgniter.php(927): App\Controllers\Main->billing()
 7 SYSTEMPATH/CodeIgniter.php(482): CodeIgniter\CodeIgniter->runController(Object(App\Controllers\Main))
 8 SYSTEMPATH/CodeIgniter.php(351): CodeIgniter\CodeIgniter->handleRequest(null, Object(Config\Cache), false)
 9 FCPATH/index.php(67): CodeIgniter\CodeIgniter->run()
CRITICAL - 2022-12-12 06:34:21 --> Undefined variable: bill
in APPPATH/Views/layouts/billing.php on line 47.
 1 APPPATH/Views/layouts/billing.php(47): CodeIgniter\Debug\Exceptions->errorHandler(8, 'Undefined variable: bill', 'APPPATH/Views/layouts/billing.php', 47, [...])
 2 SYSTEMPATH/View/View.php(213): include('APPPATH/Views/layouts/billing.php')
 3 SYSTEMPATH/View/View.php(216): CodeIgniter\View\View->CodeIgniter\View\{closure}()
 4 SYSTEMPATH/Common.php(1134): CodeIgniter\View\View->render('layouts/billing', [], true)
 5 APPPATH/Controllers/Main.php(341): view('layouts/billing', [...])
 6 SYSTEMPATH/CodeIgniter.php(927): App\Controllers\Main->billing()
 7 SYSTEMPATH/CodeIgniter.php(482): CodeIgniter\CodeIgniter->runController(Object(App\Controllers\Main))
 8 SYSTEMPATH/CodeIgniter.php(351): CodeIgniter\CodeIgniter->handleRequest(null, Object(Config\Cache), false)
 9 FCPATH/index.php(67): CodeIgniter\CodeIgniter->run()
CRITICAL - 2022-12-12 06:36:35 --> syntax error, unexpected '<'
in APPPATH/Views/layouts/billing.php on line 47.
 1 SYSTEMPATH/View/View.php(216): CodeIgniter\View\View->CodeIgniter\View\{closure}()
 2 SYSTEMPATH/Common.php(1134): CodeIgniter\View\View->render('layouts/billing', [], true)
 3 APPPATH/Controllers/Main.php(341): view('layouts/billing', [...])
 4 SYSTEMPATH/CodeIgniter.php(927): App\Controllers\Main->billing()
 5 SYSTEMPATH/CodeIgniter.php(482): CodeIgniter\CodeIgniter->runController(Object(App\Controllers\Main))
 6 SYSTEMPATH/CodeIgniter.php(351): CodeIgniter\CodeIgniter->handleRequest(null, Object(Config\Cache), false)
 7 FCPATH/index.php(67): CodeIgniter\CodeIgniter->run()
CRITICAL - 2022-12-12 06:51:21 --> Undefined variable: bill
in APPPATH/Views/layouts/billing.php on line 53.
 1 APPPATH/Views/layouts/billing.php(53): CodeIgniter\Debug\Exceptions->errorHandler(8, 'Undefined variable: bill', 'APPPATH/Views/layouts/billing.php', 53, [...])
 2 SYSTEMPATH/View/View.php(213): include('APPPATH/Views/layouts/billing.php')
 3 SYSTEMPATH/View/View.php(216): CodeIgniter\View\View->CodeIgniter\View\{closure}()
 4 SYSTEMPATH/Common.php(1134): CodeIgniter\View\View->render('layouts/billing', [], true)
 5 APPPATH/Controllers/Main.php(341): view('layouts/billing', [...])
 6 SYSTEMPATH/CodeIgniter.php(927): App\Controllers\Main->billing()
 7 SYSTEMPATH/CodeIgniter.php(482): CodeIgniter\CodeIgniter->runController(Object(App\Controllers\Main))
 8 SYSTEMPATH/CodeIgniter.php(351): CodeIgniter\CodeIgniter->handleRequest(null, Object(Config\Cache), false)
 9 FCPATH/index.php(67): CodeIgniter\CodeIgniter->run()
CRITICAL - 2022-12-12 07:06:23 --> Undefined property: stdClass::$price
in APPPATH/Views/layouts/billing.php on line 71.
 1 APPPATH/Views/layouts/billing.php(71): CodeIgniter\Debug\Exceptions->errorHandler(8, 'Undefined property: stdClass::$price', 'APPPATH/Views/layouts/billing.php', 71, [...])
 2 SYSTEMPATH/View/View.php(213): include('APPPATH/Views/layouts/billing.php')
 3 SYSTEMPATH/View/View.php(216): CodeIgniter\View\View->CodeIgniter\View\{closure}()
 4 SYSTEMPATH/Common.php(1134): CodeIgniter\View\View->render('layouts/billing', [], true)
 5 APPPATH/Controllers/Main.php(341): view('layouts/billing', [...])
 6 SYSTEMPATH/CodeIgniter.php(927): App\Controllers\Main->billing()
 7 SYSTEMPATH/CodeIgniter.php(482): CodeIgniter\CodeIgniter->runController(Object(App\Controllers\Main))
 8 SYSTEMPATH/CodeIgniter.php(351): CodeIgniter\CodeIgniter->handleRequest(null, Object(Config\Cache), false)
 9 FCPATH/index.php(67): CodeIgniter\CodeIgniter->run()
CRITICAL - 2022-12-12 07:07:22 --> Undefined property: stdClass::$price
in APPPATH/Views/layouts/billing.php on line 71.
 1 APPPATH/Views/layouts/billing.php(71): CodeIgniter\Debug\Exceptions->errorHandler(8, 'Undefined property: stdClass::$price', 'APPPATH/Views/layouts/billing.php', 71, [...])
 2 SYSTEMPATH/View/View.php(213): include('APPPATH/Views/layouts/billing.php')
 3 SYSTEMPATH/View/View.php(216): CodeIgniter\View\View->CodeIgniter\View\{closure}()
 4 SYSTEMPATH/Common.php(1134): CodeIgniter\View\View->render('layouts/billing', [], true)
 5 APPPATH/Controllers/Main.php(341): view('layouts/billing', [...])
 6 SYSTEMPATH/CodeIgniter.php(927): App\Controllers\Main->billing()
 7 SYSTEMPATH/CodeIgniter.php(482): CodeIgniter\CodeIgniter->runController(Object(App\Controllers\Main))
 8 SYSTEMPATH/CodeIgniter.php(351): CodeIgniter\CodeIgniter->handleRequest(null, Object(Config\Cache), false)
 9 FCPATH/index.php(67): CodeIgniter\CodeIgniter->run()
