CRITICAL - 2022-12-20 00:01:02 --> Undefined variable: order_id
in APPPATH/Views/layouts/checkout.php on line 162.
 1 APPPATH/Views/layouts/checkout.php(162): CodeIgniter\Debug\Exceptions->errorHandler(8, 'Undefined variable: order_id', 'APPPATH/Views/layouts/checkout.php', 162, [])
 2 SYSTEMPATH/View/View.php(213): include('APPPATH/Views/layouts/checkout.php')
 3 SYSTEMPATH/View/View.php(216): CodeIgniter\View\View->CodeIgniter\View\{closure}()
 4 SYSTEMPATH/Common.php(1134): CodeIgniter\View\View->render('layouts/checkout', [], true)
 5 APPPATH/Controllers/Main.php(242): view('layouts/checkout')
 6 SYSTEMPATH/CodeIgniter.php(927): App\Controllers\Main->checkout()
 7 SYSTEMPATH/CodeIgniter.php(482): CodeIgniter\CodeIgniter->runController(Object(App\Controllers\Main))
 8 SYSTEMPATH/CodeIgniter.php(351): CodeIgniter\CodeIgniter->handleRequest(null, Object(Config\Cache), false)
 9 FCPATH/index.php(67): CodeIgniter\CodeIgniter->run()
CRITICAL - 2022-12-20 00:01:22 --> Undefined variable: order_id
in APPPATH/Views/layouts/checkout.php on line 162.
 1 APPPATH/Views/layouts/checkout.php(162): CodeIgniter\Debug\Exceptions->errorHandler(8, 'Undefined variable: order_id', 'APPPATH/Views/layouts/checkout.php', 162, [])
 2 SYSTEMPATH/View/View.php(213): include('APPPATH/Views/layouts/checkout.php')
 3 SYSTEMPATH/View/View.php(216): CodeIgniter\View\View->CodeIgniter\View\{closure}()
 4 SYSTEMPATH/Common.php(1134): CodeIgniter\View\View->render('layouts/checkout', [], true)
 5 APPPATH/Controllers/Main.php(242): view('layouts/checkout')
 6 SYSTEMPATH/CodeIgniter.php(927): App\Controllers\Main->checkout()
 7 SYSTEMPATH/CodeIgniter.php(482): CodeIgniter\CodeIgniter->runController(Object(App\Controllers\Main))
 8 SYSTEMPATH/CodeIgniter.php(351): CodeIgniter\CodeIgniter->handleRequest(null, Object(Config\Cache), false)
 9 FCPATH/index.php(67): CodeIgniter\CodeIgniter->run()
CRITICAL - 2022-12-20 00:01:28 --> Undefined variable: order_id
in APPPATH/Views/layouts/checkout.php on line 162.
 1 APPPATH/Views/layouts/checkout.php(162): CodeIgniter\Debug\Exceptions->errorHandler(8, 'Undefined variable: order_id', 'APPPATH/Views/layouts/checkout.php', 162, [])
 2 SYSTEMPATH/View/View.php(213): include('APPPATH/Views/layouts/checkout.php')
 3 SYSTEMPATH/View/View.php(216): CodeIgniter\View\View->CodeIgniter\View\{closure}()
 4 SYSTEMPATH/Common.php(1134): CodeIgniter\View\View->render('layouts/checkout', [], true)
 5 APPPATH/Controllers/Main.php(242): view('layouts/checkout')
 6 SYSTEMPATH/CodeIgniter.php(927): App\Controllers\Main->checkout()
 7 SYSTEMPATH/CodeIgniter.php(482): CodeIgniter\CodeIgniter->runController(Object(App\Controllers\Main))
 8 SYSTEMPATH/CodeIgniter.php(351): CodeIgniter\CodeIgniter->handleRequest(null, Object(Config\Cache), false)
 9 FCPATH/index.php(67): CodeIgniter\CodeIgniter->run()
CRITICAL - 2022-12-20 00:24:35 --> Undefined variable: bill
in APPPATH/Views/layouts/billing.php on line 89.
 1 APPPATH/Views/layouts/billing.php(89): CodeIgniter\Debug\Exceptions->errorHandler(8, 'Undefined variable: bill', 'APPPATH/Views/layouts/billing.php', 89, [...])
 2 SYSTEMPATH/View/View.php(213): include('APPPATH/Views/layouts/billing.php')
 3 SYSTEMPATH/View/View.php(216): CodeIgniter\View\View->CodeIgniter\View\{closure}()
 4 SYSTEMPATH/Common.php(1134): CodeIgniter\View\View->render('layouts/billing', [], true)
 5 APPPATH/Controllers/Main.php(476): view('layouts/billing', [...])
 6 SYSTEMPATH/CodeIgniter.php(927): App\Controllers\Main->billing()
 7 SYSTEMPATH/CodeIgniter.php(482): CodeIgniter\CodeIgniter->runController(Object(App\Controllers\Main))
 8 SYSTEMPATH/CodeIgniter.php(351): CodeIgniter\CodeIgniter->handleRequest(null, Object(Config\Cache), false)
 9 FCPATH/index.php(67): CodeIgniter\CodeIgniter->run()
CRITICAL - 2022-12-20 00:24:38 --> Undefined variable: bill
in APPPATH/Views/layouts/billing.php on line 89.
 1 APPPATH/Views/layouts/billing.php(89): CodeIgniter\Debug\Exceptions->errorHandler(8, 'Undefined variable: bill', 'APPPATH/Views/layouts/billing.php', 89, [...])
 2 SYSTEMPATH/View/View.php(213): include('APPPATH/Views/layouts/billing.php')
 3 SYSTEMPATH/View/View.php(216): CodeIgniter\View\View->CodeIgniter\View\{closure}()
 4 SYSTEMPATH/Common.php(1134): CodeIgniter\View\View->render('layouts/billing', [], true)
 5 APPPATH/Controllers/Main.php(476): view('layouts/billing', [...])
 6 SYSTEMPATH/CodeIgniter.php(927): App\Controllers\Main->billing()
 7 SYSTEMPATH/CodeIgniter.php(482): CodeIgniter\CodeIgniter->runController(Object(App\Controllers\Main))
 8 SYSTEMPATH/CodeIgniter.php(351): CodeIgniter\CodeIgniter->handleRequest(null, Object(Config\Cache), false)
 9 FCPATH/index.php(67): CodeIgniter\CodeIgniter->run()
CRITICAL - 2022-12-20 00:25:19 --> Undefined variable: bill
in APPPATH/Views/layouts/billing.php on line 89.
 1 APPPATH/Views/layouts/billing.php(89): CodeIgniter\Debug\Exceptions->errorHandler(8, 'Undefined variable: bill', 'APPPATH/Views/layouts/billing.php', 89, [...])
 2 SYSTEMPATH/View/View.php(213): include('APPPATH/Views/layouts/billing.php')
 3 SYSTEMPATH/View/View.php(216): CodeIgniter\View\View->CodeIgniter\View\{closure}()
 4 SYSTEMPATH/Common.php(1134): CodeIgniter\View\View->render('layouts/billing', [], true)
 5 APPPATH/Controllers/Main.php(476): view('layouts/billing', [...])
 6 SYSTEMPATH/CodeIgniter.php(927): App\Controllers\Main->billing()
 7 SYSTEMPATH/CodeIgniter.php(482): CodeIgniter\CodeIgniter->runController(Object(App\Controllers\Main))
 8 SYSTEMPATH/CodeIgniter.php(351): CodeIgniter\CodeIgniter->handleRequest(null, Object(Config\Cache), false)
 9 FCPATH/index.php(67): CodeIgniter\CodeIgniter->run()
CRITICAL - 2022-12-20 00:25:27 --> Undefined variable: bill
in APPPATH/Views/layouts/billing.php on line 89.
 1 APPPATH/Views/layouts/billing.php(89): CodeIgniter\Debug\Exceptions->errorHandler(8, 'Undefined variable: bill', 'APPPATH/Views/layouts/billing.php', 89, [...])
 2 SYSTEMPATH/View/View.php(213): include('APPPATH/Views/layouts/billing.php')
 3 SYSTEMPATH/View/View.php(216): CodeIgniter\View\View->CodeIgniter\View\{closure}()
 4 SYSTEMPATH/Common.php(1134): CodeIgniter\View\View->render('layouts/billing', [], true)
 5 APPPATH/Controllers/Main.php(476): view('layouts/billing', [...])
 6 SYSTEMPATH/CodeIgniter.php(927): App\Controllers\Main->billing()
 7 SYSTEMPATH/CodeIgniter.php(482): CodeIgniter\CodeIgniter->runController(Object(App\Controllers\Main))
 8 SYSTEMPATH/CodeIgniter.php(351): CodeIgniter\CodeIgniter->handleRequest(null, Object(Config\Cache), false)
 9 FCPATH/index.php(67): CodeIgniter\CodeIgniter->run()
CRITICAL - 2022-12-20 00:28:20 --> Undefined property: stdClass::$price
in APPPATH/Views/layouts/billing.php on line 90.
 1 APPPATH/Views/layouts/billing.php(90): CodeIgniter\Debug\Exceptions->errorHandler(8, 'Undefined property: stdClass::$price', 'APPPATH/Views/layouts/billing.php', 90, [...])
 2 SYSTEMPATH/View/View.php(213): include('APPPATH/Views/layouts/billing.php')
 3 SYSTEMPATH/View/View.php(216): CodeIgniter\View\View->CodeIgniter\View\{closure}()
 4 SYSTEMPATH/Common.php(1134): CodeIgniter\View\View->render('layouts/billing', [], true)
 5 APPPATH/Controllers/Main.php(476): view('layouts/billing', [...])
 6 SYSTEMPATH/CodeIgniter.php(927): App\Controllers\Main->billing()
 7 SYSTEMPATH/CodeIgniter.php(482): CodeIgniter\CodeIgniter->runController(Object(App\Controllers\Main))
 8 SYSTEMPATH/CodeIgniter.php(351): CodeIgniter\CodeIgniter->handleRequest(null, Object(Config\Cache), false)
 9 FCPATH/index.php(67): CodeIgniter\CodeIgniter->run()
CRITICAL - 2022-12-20 00:28:53 --> Undefined property: stdClass::$price
in APPPATH/Views/layouts/billing.php on line 90.
 1 APPPATH/Views/layouts/billing.php(90): CodeIgniter\Debug\Exceptions->errorHandler(8, 'Undefined property: stdClass::$price', 'APPPATH/Views/layouts/billing.php', 90, [...])
 2 SYSTEMPATH/View/View.php(213): include('APPPATH/Views/layouts/billing.php')
 3 SYSTEMPATH/View/View.php(216): CodeIgniter\View\View->CodeIgniter\View\{closure}()
 4 SYSTEMPATH/Common.php(1134): CodeIgniter\View\View->render('layouts/billing', [], true)
 5 APPPATH/Controllers/Main.php(476): view('layouts/billing', [...])
 6 SYSTEMPATH/CodeIgniter.php(927): App\Controllers\Main->billing()
 7 SYSTEMPATH/CodeIgniter.php(482): CodeIgniter\CodeIgniter->runController(Object(App\Controllers\Main))
 8 SYSTEMPATH/CodeIgniter.php(351): CodeIgniter\CodeIgniter->handleRequest(null, Object(Config\Cache), false)
 9 FCPATH/index.php(67): CodeIgniter\CodeIgniter->run()
CRITICAL - 2022-12-20 00:29:00 --> Undefined property: stdClass::$price
in APPPATH/Views/layouts/billing.php on line 90.
 1 APPPATH/Views/layouts/billing.php(90): CodeIgniter\Debug\Exceptions->errorHandler(8, 'Undefined property: stdClass::$price', 'APPPATH/Views/layouts/billing.php', 90, [...])
 2 SYSTEMPATH/View/View.php(213): include('APPPATH/Views/layouts/billing.php')
 3 SYSTEMPATH/View/View.php(216): CodeIgniter\View\View->CodeIgniter\View\{closure}()
 4 SYSTEMPATH/Common.php(1134): CodeIgniter\View\View->render('layouts/billing', [], true)
 5 APPPATH/Controllers/Main.php(476): view('layouts/billing', [...])
 6 SYSTEMPATH/CodeIgniter.php(927): App\Controllers\Main->billing()
 7 SYSTEMPATH/CodeIgniter.php(482): CodeIgniter\CodeIgniter->runController(Object(App\Controllers\Main))
 8 SYSTEMPATH/CodeIgniter.php(351): CodeIgniter\CodeIgniter->handleRequest(null, Object(Config\Cache), false)
 9 FCPATH/index.php(67): CodeIgniter\CodeIgniter->run()
CRITICAL - 2022-12-20 00:58:43 --> Undefined index: shippingcharge
in APPPATH/Views/layouts/checkout.php on line 125.
 1 APPPATH/Views/layouts/checkout.php(125): CodeIgniter\Debug\Exceptions->errorHandler(8, 'Undefined index: shippingcharge', 'APPPATH/Views/layouts/checkout.php', 125, [...])
 2 SYSTEMPATH/View/View.php(213): include('APPPATH/Views/layouts/checkout.php')
 3 SYSTEMPATH/View/View.php(216): CodeIgniter\View\View->CodeIgniter\View\{closure}()
 4 SYSTEMPATH/Common.php(1134): CodeIgniter\View\View->render('layouts/checkout', [], true)
 5 APPPATH/Controllers/Main.php(244): view('layouts/checkout', [...])
 6 SYSTEMPATH/CodeIgniter.php(927): App\Controllers\Main->checkout()
 7 SYSTEMPATH/CodeIgniter.php(482): CodeIgniter\CodeIgniter->runController(Object(App\Controllers\Main))
 8 SYSTEMPATH/CodeIgniter.php(351): CodeIgniter\CodeIgniter->handleRequest(null, Object(Config\Cache), false)
 9 FCPATH/index.php(67): CodeIgniter\CodeIgniter->run()
CRITICAL - 2022-12-20 01:23:35 --> Trying to get property 'quantity' of non-object
in APPPATH/Views/layouts/checkout.php on line 120.
 1 APPPATH/Views/layouts/checkout.php(120): CodeIgniter\Debug\Exceptions->errorHandler(8, 'Trying to get property \'quantity\' of non-object', 'APPPATH/Views/layouts/checkout.php', 120, [...])
 2 SYSTEMPATH/View/View.php(213): include('APPPATH/Views/layouts/checkout.php')
 3 SYSTEMPATH/View/View.php(216): CodeIgniter\View\View->CodeIgniter\View\{closure}()
 4 SYSTEMPATH/Common.php(1134): CodeIgniter\View\View->render('layouts/checkout', [], true)
 5 APPPATH/Controllers/Main.php(244): view('layouts/checkout', [...])
 6 SYSTEMPATH/CodeIgniter.php(927): App\Controllers\Main->checkout()
 7 SYSTEMPATH/CodeIgniter.php(482): CodeIgniter\CodeIgniter->runController(Object(App\Controllers\Main))
 8 SYSTEMPATH/CodeIgniter.php(351): CodeIgniter\CodeIgniter->handleRequest(null, Object(Config\Cache), false)
 9 FCPATH/index.php(67): CodeIgniter\CodeIgniter->run()
CRITICAL - 2022-12-20 01:24:57 --> Undefined index: pid
in APPPATH/Views/layouts/checkout.php on line 121.
 1 APPPATH/Views/layouts/checkout.php(121): CodeIgniter\Debug\Exceptions->errorHandler(8, 'Undefined index: pid', 'APPPATH/Views/layouts/checkout.php', 121, [...])
 2 SYSTEMPATH/View/View.php(213): include('APPPATH/Views/layouts/checkout.php')
 3 SYSTEMPATH/View/View.php(216): CodeIgniter\View\View->CodeIgniter\View\{closure}()
 4 SYSTEMPATH/Common.php(1134): CodeIgniter\View\View->render('layouts/checkout', [], true)
 5 APPPATH/Controllers/Main.php(244): view('layouts/checkout', [...])
 6 SYSTEMPATH/CodeIgniter.php(927): App\Controllers\Main->checkout()
 7 SYSTEMPATH/CodeIgniter.php(482): CodeIgniter\CodeIgniter->runController(Object(App\Controllers\Main))
 8 SYSTEMPATH/CodeIgniter.php(351): CodeIgniter\CodeIgniter->handleRequest(null, Object(Config\Cache), false)
 9 FCPATH/index.php(67): CodeIgniter\CodeIgniter->run()
CRITICAL - 2022-12-20 01:25:09 --> Undefined property: stdClass::$pid
in APPPATH/Views/layouts/billing.php on line 93.
 1 APPPATH/Views/layouts/billing.php(93): CodeIgniter\Debug\Exceptions->errorHandler(8, 'Undefined property: stdClass::$pid', 'APPPATH/Views/layouts/billing.php', 93, [...])
 2 SYSTEMPATH/View/View.php(213): include('APPPATH/Views/layouts/billing.php')
 3 SYSTEMPATH/View/View.php(216): CodeIgniter\View\View->CodeIgniter\View\{closure}()
 4 SYSTEMPATH/Common.php(1134): CodeIgniter\View\View->render('layouts/billing', [], true)
 5 APPPATH/Controllers/Main.php(477): view('layouts/billing', [...])
 6 SYSTEMPATH/CodeIgniter.php(927): App\Controllers\Main->billing()
 7 SYSTEMPATH/CodeIgniter.php(482): CodeIgniter\CodeIgniter->runController(Object(App\Controllers\Main))
 8 SYSTEMPATH/CodeIgniter.php(351): CodeIgniter\CodeIgniter->handleRequest(null, Object(Config\Cache), false)
 9 FCPATH/index.php(67): CodeIgniter\CodeIgniter->run()
CRITICAL - 2022-12-20 01:27:23 --> Undefined property: stdClass::$pid
in APPPATH/Views/layouts/billing.php on line 40.
 1 APPPATH/Views/layouts/billing.php(40): CodeIgniter\Debug\Exceptions->errorHandler(8, 'Undefined property: stdClass::$pid', 'APPPATH/Views/layouts/billing.php', 40, [...])
 2 SYSTEMPATH/View/View.php(213): include('APPPATH/Views/layouts/billing.php')
 3 SYSTEMPATH/View/View.php(216): CodeIgniter\View\View->CodeIgniter\View\{closure}()
 4 SYSTEMPATH/Common.php(1134): CodeIgniter\View\View->render('layouts/billing', [], true)
 5 APPPATH/Controllers/Main.php(477): view('layouts/billing', [...])
 6 SYSTEMPATH/CodeIgniter.php(927): App\Controllers\Main->billing()
 7 SYSTEMPATH/CodeIgniter.php(482): CodeIgniter\CodeIgniter->runController(Object(App\Controllers\Main))
 8 SYSTEMPATH/CodeIgniter.php(351): CodeIgniter\CodeIgniter->handleRequest(null, Object(Config\Cache), false)
 9 FCPATH/index.php(67): CodeIgniter\CodeIgniter->run()
CRITICAL - 2022-12-20 02:43:28 --> Undefined index: name
in APPPATH/Views/layouts/checkout.php on line 123.
 1 APPPATH/Views/layouts/checkout.php(123): CodeIgniter\Debug\Exceptions->errorHandler(8, 'Undefined index: name', 'APPPATH/Views/layouts/checkout.php', 123, [...])
 2 SYSTEMPATH/View/View.php(213): include('APPPATH/Views/layouts/checkout.php')
 3 SYSTEMPATH/View/View.php(216): CodeIgniter\View\View->CodeIgniter\View\{closure}()
 4 SYSTEMPATH/Common.php(1134): CodeIgniter\View\View->render('layouts/checkout', [], true)
 5 APPPATH/Controllers/Main.php(244): view('layouts/checkout', [...])
 6 SYSTEMPATH/CodeIgniter.php(927): App\Controllers\Main->checkout()
 7 SYSTEMPATH/CodeIgniter.php(482): CodeIgniter\CodeIgniter->runController(Object(App\Controllers\Main))
 8 SYSTEMPATH/CodeIgniter.php(351): CodeIgniter\CodeIgniter->handleRequest(null, Object(Config\Cache), false)
 9 FCPATH/index.php(67): CodeIgniter\CodeIgniter->run()
CRITICAL - 2022-12-20 02:45:05 --> Undefined index: quantity
in APPPATH/Views/layouts/checkout.php on line 120.
 1 APPPATH/Views/layouts/checkout.php(120): CodeIgniter\Debug\Exceptions->errorHandler(8, 'Undefined index: quantity', 'APPPATH/Views/layouts/checkout.php', 120, [...])
 2 SYSTEMPATH/View/View.php(213): include('APPPATH/Views/layouts/checkout.php')
 3 SYSTEMPATH/View/View.php(216): CodeIgniter\View\View->CodeIgniter\View\{closure}()
 4 SYSTEMPATH/Common.php(1134): CodeIgniter\View\View->render('layouts/checkout', [], true)
 5 APPPATH/Controllers/Main.php(244): view('layouts/checkout', [...])
 6 SYSTEMPATH/CodeIgniter.php(927): App\Controllers\Main->checkout()
 7 SYSTEMPATH/CodeIgniter.php(482): CodeIgniter\CodeIgniter->runController(Object(App\Controllers\Main))
 8 SYSTEMPATH/CodeIgniter.php(351): CodeIgniter\CodeIgniter->handleRequest(null, Object(Config\Cache), false)
 9 FCPATH/index.php(67): CodeIgniter\CodeIgniter->run()
CRITICAL - 2022-12-20 02:46:25 --> Undefined index: name
in APPPATH/Views/layouts/checkout.php on line 123.
 1 APPPATH/Views/layouts/checkout.php(123): CodeIgniter\Debug\Exceptions->errorHandler(8, 'Undefined index: name', 'APPPATH/Views/layouts/checkout.php', 123, [...])
 2 SYSTEMPATH/View/View.php(213): include('APPPATH/Views/layouts/checkout.php')
 3 SYSTEMPATH/View/View.php(216): CodeIgniter\View\View->CodeIgniter\View\{closure}()
 4 SYSTEMPATH/Common.php(1134): CodeIgniter\View\View->render('layouts/checkout', [], true)
 5 APPPATH/Controllers/Main.php(244): view('layouts/checkout', [...])
 6 SYSTEMPATH/CodeIgniter.php(927): App\Controllers\Main->checkout()
 7 SYSTEMPATH/CodeIgniter.php(482): CodeIgniter\CodeIgniter->runController(Object(App\Controllers\Main))
 8 SYSTEMPATH/CodeIgniter.php(351): CodeIgniter\CodeIgniter->handleRequest(null, Object(Config\Cache), false)
 9 FCPATH/index.php(67): CodeIgniter\CodeIgniter->run()
CRITICAL - 2022-12-20 02:48:45 --> Undefined index: name
in APPPATH/Views/layouts/checkout.php on line 123.
 1 APPPATH/Views/layouts/checkout.php(123): CodeIgniter\Debug\Exceptions->errorHandler(8, 'Undefined index: name', 'APPPATH/Views/layouts/checkout.php', 123, [...])
 2 SYSTEMPATH/View/View.php(213): include('APPPATH/Views/layouts/checkout.php')
 3 SYSTEMPATH/View/View.php(216): CodeIgniter\View\View->CodeIgniter\View\{closure}()
 4 SYSTEMPATH/Common.php(1134): CodeIgniter\View\View->render('layouts/checkout', [], true)
 5 APPPATH/Controllers/Main.php(244): view('layouts/checkout', [...])
 6 SYSTEMPATH/CodeIgniter.php(927): App\Controllers\Main->checkout()
 7 SYSTEMPATH/CodeIgniter.php(482): CodeIgniter\CodeIgniter->runController(Object(App\Controllers\Main))
 8 SYSTEMPATH/CodeIgniter.php(351): CodeIgniter\CodeIgniter->handleRequest(null, Object(Config\Cache), false)
 9 FCPATH/index.php(67): CodeIgniter\CodeIgniter->run()
CRITICAL - 2022-12-20 02:49:17 --> Undefined index: quantity
in APPPATH/Views/layouts/checkout.php on line 120.
 1 APPPATH/Views/layouts/checkout.php(120): CodeIgniter\Debug\Exceptions->errorHandler(8, 'Undefined index: quantity', 'APPPATH/Views/layouts/checkout.php', 120, [...])
 2 SYSTEMPATH/View/View.php(213): include('APPPATH/Views/layouts/checkout.php')
 3 SYSTEMPATH/View/View.php(216): CodeIgniter\View\View->CodeIgniter\View\{closure}()
 4 SYSTEMPATH/Common.php(1134): CodeIgniter\View\View->render('layouts/checkout', [], true)
 5 APPPATH/Controllers/Main.php(244): view('layouts/checkout', [...])
 6 SYSTEMPATH/CodeIgniter.php(927): App\Controllers\Main->checkout()
 7 SYSTEMPATH/CodeIgniter.php(482): CodeIgniter\CodeIgniter->runController(Object(App\Controllers\Main))
 8 SYSTEMPATH/CodeIgniter.php(351): CodeIgniter\CodeIgniter->handleRequest(null, Object(Config\Cache), false)
 9 FCPATH/index.php(67): CodeIgniter\CodeIgniter->run()
CRITICAL - 2022-12-20 02:51:42 --> Undefined index: name
in APPPATH/Views/layouts/checkout.php on line 123.
 1 APPPATH/Views/layouts/checkout.php(123): CodeIgniter\Debug\Exceptions->errorHandler(8, 'Undefined index: name', 'APPPATH/Views/layouts/checkout.php', 123, [...])
 2 SYSTEMPATH/View/View.php(213): include('APPPATH/Views/layouts/checkout.php')
 3 SYSTEMPATH/View/View.php(216): CodeIgniter\View\View->CodeIgniter\View\{closure}()
 4 SYSTEMPATH/Common.php(1134): CodeIgniter\View\View->render('layouts/checkout', [], true)
 5 APPPATH/Controllers/Main.php(244): view('layouts/checkout', [...])
 6 SYSTEMPATH/CodeIgniter.php(927): App\Controllers\Main->checkout()
 7 SYSTEMPATH/CodeIgniter.php(482): CodeIgniter\CodeIgniter->runController(Object(App\Controllers\Main))
 8 SYSTEMPATH/CodeIgniter.php(351): CodeIgniter\CodeIgniter->handleRequest(null, Object(Config\Cache), false)
 9 FCPATH/index.php(67): CodeIgniter\CodeIgniter->run()
CRITICAL - 2022-12-20 03:03:06 --> Undefined index: name
in APPPATH/Views/layouts/checkout.php on line 123.
 1 APPPATH/Views/layouts/checkout.php(123): CodeIgniter\Debug\Exceptions->errorHandler(8, 'Undefined index: name', 'APPPATH/Views/layouts/checkout.php', 123, [...])
 2 SYSTEMPATH/View/View.php(213): include('APPPATH/Views/layouts/checkout.php')
 3 SYSTEMPATH/View/View.php(216): CodeIgniter\View\View->CodeIgniter\View\{closure}()
 4 SYSTEMPATH/Common.php(1134): CodeIgniter\View\View->render('layouts/checkout', [], true)
 5 APPPATH/Controllers/Main.php(244): view('layouts/checkout', [...])
 6 SYSTEMPATH/CodeIgniter.php(927): App\Controllers\Main->checkout()
 7 SYSTEMPATH/CodeIgniter.php(482): CodeIgniter\CodeIgniter->runController(Object(App\Controllers\Main))
 8 SYSTEMPATH/CodeIgniter.php(351): CodeIgniter\CodeIgniter->handleRequest(null, Object(Config\Cache), false)
 9 FCPATH/index.php(67): CodeIgniter\CodeIgniter->run()
CRITICAL - 2022-12-20 03:04:39 --> Undefined variable: order_id
in APPPATH/Views/layouts/payment.php on line 32.
 1 APPPATH/Views/layouts/payment.php(32): CodeIgniter\Debug\Exceptions->errorHandler(8, 'Undefined variable: order_id', 'APPPATH/Views/layouts/payment.php', 32, [])
 2 SYSTEMPATH/View/View.php(213): include('APPPATH/Views/layouts/payment.php')
 3 SYSTEMPATH/View/View.php(216): CodeIgniter\View\View->CodeIgniter\View\{closure}()
 4 SYSTEMPATH/Common.php(1134): CodeIgniter\View\View->render('layouts/payment', [], true)
 5 APPPATH/Controllers/Main.php(265): view('layouts/payment', [])
 6 SYSTEMPATH/CodeIgniter.php(927): App\Controllers\Main->payment()
 7 SYSTEMPATH/CodeIgniter.php(482): CodeIgniter\CodeIgniter->runController(Object(App\Controllers\Main))
 8 SYSTEMPATH/CodeIgniter.php(351): CodeIgniter\CodeIgniter->handleRequest(null, Object(Config\Cache), false)
 9 FCPATH/index.php(67): CodeIgniter\CodeIgniter->run()
CRITICAL - 2022-12-20 03:39:55 --> Undefined index: cid
in APPPATH/Controllers/Main.php on line 427.
 1 APPPATH/Controllers/Main.php(427): CodeIgniter\Debug\Exceptions->errorHandler(8, 'Undefined index: cid', 'APPPATH/Controllers/Main.php', 427, [...])
 2 SYSTEMPATH/CodeIgniter.php(927): App\Controllers\Main->billing()
 3 SYSTEMPATH/CodeIgniter.php(482): CodeIgniter\CodeIgniter->runController(Object(App\Controllers\Main))
 4 SYSTEMPATH/CodeIgniter.php(351): CodeIgniter\CodeIgniter->handleRequest(null, Object(Config\Cache), false)
 5 FCPATH/index.php(67): CodeIgniter\CodeIgniter->run()
CRITICAL - 2022-12-20 03:42:03 --> Undefined index: name
in APPPATH/Views/layouts/checkout.php on line 123.
 1 APPPATH/Views/layouts/checkout.php(123): CodeIgniter\Debug\Exceptions->errorHandler(8, 'Undefined index: name', 'APPPATH/Views/layouts/checkout.php', 123, [...])
 2 SYSTEMPATH/View/View.php(213): include('APPPATH/Views/layouts/checkout.php')
 3 SYSTEMPATH/View/View.php(216): CodeIgniter\View\View->CodeIgniter\View\{closure}()
 4 SYSTEMPATH/Common.php(1134): CodeIgniter\View\View->render('layouts/checkout', [], true)
 5 APPPATH/Controllers/Main.php(244): view('layouts/checkout', [...])
 6 SYSTEMPATH/CodeIgniter.php(927): App\Controllers\Main->checkout()
 7 SYSTEMPATH/CodeIgniter.php(482): CodeIgniter\CodeIgniter->runController(Object(App\Controllers\Main))
 8 SYSTEMPATH/CodeIgniter.php(351): CodeIgniter\CodeIgniter->handleRequest(null, Object(Config\Cache), false)
 9 FCPATH/index.php(67): CodeIgniter\CodeIgniter->run()
CRITICAL - 2022-12-20 05:00:43 --> Cannot use object of type CodeIgniter\Session\Session as array
in APPPATH/Controllers/Main.php on line 522.
 1 SYSTEMPATH/CodeIgniter.php(927): App\Controllers\Main->login()
 2 SYSTEMPATH/CodeIgniter.php(482): CodeIgniter\CodeIgniter->runController(Object(App\Controllers\Main))
 3 SYSTEMPATH/CodeIgniter.php(351): CodeIgniter\CodeIgniter->handleRequest(null, Object(Config\Cache), false)
 4 FCPATH/index.php(67): CodeIgniter\CodeIgniter->run()
CRITICAL - 2022-12-20 05:01:14 --> Cannot use object of type CodeIgniter\Session\Session as array
in APPPATH/Controllers/Main.php on line 522.
 1 SYSTEMPATH/CodeIgniter.php(927): App\Controllers\Main->login()
 2 SYSTEMPATH/CodeIgniter.php(482): CodeIgniter\CodeIgniter->runController(Object(App\Controllers\Main))
 3 SYSTEMPATH/CodeIgniter.php(351): CodeIgniter\CodeIgniter->handleRequest(null, Object(Config\Cache), false)
 4 FCPATH/index.php(67): CodeIgniter\CodeIgniter->run()
CRITICAL - 2022-12-20 05:01:21 --> Cannot use object of type CodeIgniter\Session\Session as array
in APPPATH/Controllers/Main.php on line 522.
 1 SYSTEMPATH/CodeIgniter.php(927): App\Controllers\Main->login()
 2 SYSTEMPATH/CodeIgniter.php(482): CodeIgniter\CodeIgniter->runController(Object(App\Controllers\Main))
 3 SYSTEMPATH/CodeIgniter.php(351): CodeIgniter\CodeIgniter->handleRequest(null, Object(Config\Cache), false)
 4 FCPATH/index.php(67): CodeIgniter\CodeIgniter->run()
CRITICAL - 2022-12-20 10:48:44 --> Undefined variable: session
in APPPATH/Controllers/Main.php on line 538.
 1 APPPATH/Controllers/Main.php(538): CodeIgniter\Debug\Exceptions->errorHandler(8, 'Undefined variable: session', 'APPPATH/Controllers/Main.php', 538, [])
 2 SYSTEMPATH/CodeIgniter.php(927): App\Controllers\Main->logout()
 3 SYSTEMPATH/CodeIgniter.php(482): CodeIgniter\CodeIgniter->runController(Object(App\Controllers\Main))
 4 SYSTEMPATH/CodeIgniter.php(351): CodeIgniter\CodeIgniter->handleRequest(null, Object(Config\Cache), false)
 5 FCPATH/index.php(67): CodeIgniter\CodeIgniter->run()
CRITICAL - 2022-12-20 11:01:55 --> Cannot use object of type CodeIgniter\Session\Session as array
in APPPATH/Controllers/Main.php on line 539.
 1 SYSTEMPATH/CodeIgniter.php(927): App\Controllers\Main->logout()
 2 SYSTEMPATH/CodeIgniter.php(482): CodeIgniter\CodeIgniter->runController(Object(App\Controllers\Main))
 3 SYSTEMPATH/CodeIgniter.php(351): CodeIgniter\CodeIgniter->handleRequest(null, Object(Config\Cache), false)
 4 FCPATH/index.php(67): CodeIgniter\CodeIgniter->run()
CRITICAL - 2022-12-20 11:02:19 --> Cannot use object of type CodeIgniter\Session\Session as array
in APPPATH/Controllers/Main.php on line 539.
 1 SYSTEMPATH/CodeIgniter.php(927): App\Controllers\Main->logout()
 2 SYSTEMPATH/CodeIgniter.php(482): CodeIgniter\CodeIgniter->runController(Object(App\Controllers\Main))
 3 SYSTEMPATH/CodeIgniter.php(351): CodeIgniter\CodeIgniter->handleRequest(null, Object(Config\Cache), false)
 4 FCPATH/index.php(67): CodeIgniter\CodeIgniter->run()
CRITICAL - 2022-12-20 11:02:24 --> Cannot use object of type CodeIgniter\Session\Session as array
in APPPATH/Controllers/Main.php on line 539.
 1 SYSTEMPATH/CodeIgniter.php(927): App\Controllers\Main->logout()
 2 SYSTEMPATH/CodeIgniter.php(482): CodeIgniter\CodeIgniter->runController(Object(App\Controllers\Main))
 3 SYSTEMPATH/CodeIgniter.php(351): CodeIgniter\CodeIgniter->handleRequest(null, Object(Config\Cache), false)
 4 FCPATH/index.php(67): CodeIgniter\CodeIgniter->run()
CRITICAL - 2022-12-20 11:02:38 --> Cannot use object of type CodeIgniter\Session\Session as array
in APPPATH/Controllers/Main.php on line 539.
 1 SYSTEMPATH/CodeIgniter.php(927): App\Controllers\Main->logout()
 2 SYSTEMPATH/CodeIgniter.php(482): CodeIgniter\CodeIgniter->runController(Object(App\Controllers\Main))
 3 SYSTEMPATH/CodeIgniter.php(351): CodeIgniter\CodeIgniter->handleRequest(null, Object(Config\Cache), false)
 4 FCPATH/index.php(67): CodeIgniter\CodeIgniter->run()
CRITICAL - 2022-12-20 11:44:31 --> Undefined index: name
in APPPATH/Views/layouts/checkout.php on line 123.
 1 APPPATH/Views/layouts/checkout.php(123): CodeIgniter\Debug\Exceptions->errorHandler(8, 'Undefined index: name', 'APPPATH/Views/layouts/checkout.php', 123, [...])
 2 SYSTEMPATH/View/View.php(213): include('APPPATH/Views/layouts/checkout.php')
 3 SYSTEMPATH/View/View.php(216): CodeIgniter\View\View->CodeIgniter\View\{closure}()
 4 SYSTEMPATH/Common.php(1134): CodeIgniter\View\View->render('layouts/checkout', [], true)
 5 APPPATH/Controllers/Main.php(244): view('layouts/checkout', [...])
 6 SYSTEMPATH/CodeIgniter.php(927): App\Controllers\Main->checkout()
 7 SYSTEMPATH/CodeIgniter.php(482): CodeIgniter\CodeIgniter->runController(Object(App\Controllers\Main))
 8 SYSTEMPATH/CodeIgniter.php(351): CodeIgniter\CodeIgniter->handleRequest(null, Object(Config\Cache), false)
 9 FCPATH/index.php(67): CodeIgniter\CodeIgniter->run()
CRITICAL - 2022-12-20 11:45:21 --> Undefined index: name
in APPPATH/Views/layouts/checkout.php on line 123.
 1 APPPATH/Views/layouts/checkout.php(123): CodeIgniter\Debug\Exceptions->errorHandler(8, 'Undefined index: name', 'APPPATH/Views/layouts/checkout.php', 123, [...])
 2 SYSTEMPATH/View/View.php(213): include('APPPATH/Views/layouts/checkout.php')
 3 SYSTEMPATH/View/View.php(216): CodeIgniter\View\View->CodeIgniter\View\{closure}()
 4 SYSTEMPATH/Common.php(1134): CodeIgniter\View\View->render('layouts/checkout', [], true)
 5 APPPATH/Controllers/Main.php(244): view('layouts/checkout', [...])
 6 SYSTEMPATH/CodeIgniter.php(927): App\Controllers\Main->checkout()
 7 SYSTEMPATH/CodeIgniter.php(482): CodeIgniter\CodeIgniter->runController(Object(App\Controllers\Main))
 8 SYSTEMPATH/CodeIgniter.php(351): CodeIgniter\CodeIgniter->handleRequest(null, Object(Config\Cache), false)
 9 FCPATH/index.php(67): CodeIgniter\CodeIgniter->run()
CRITICAL - 2022-12-20 19:54:08 --> Undefined index: name
in APPPATH/Views/layouts/checkout.php on line 123.
 1 APPPATH/Views/layouts/checkout.php(123): CodeIgniter\Debug\Exceptions->errorHandler(8, 'Undefined index: name', 'APPPATH/Views/layouts/checkout.php', 123, [...])
 2 SYSTEMPATH/View/View.php(213): include('APPPATH/Views/layouts/checkout.php')
 3 SYSTEMPATH/View/View.php(216): CodeIgniter\View\View->CodeIgniter\View\{closure}()
 4 SYSTEMPATH/Common.php(1134): CodeIgniter\View\View->render('layouts/checkout', [], true)
 5 APPPATH/Controllers/Main.php(244): view('layouts/checkout', [...])
 6 SYSTEMPATH/CodeIgniter.php(927): App\Controllers\Main->checkout()
 7 SYSTEMPATH/CodeIgniter.php(482): CodeIgniter\CodeIgniter->runController(Object(App\Controllers\Main))
 8 SYSTEMPATH/CodeIgniter.php(351): CodeIgniter\CodeIgniter->handleRequest(null, Object(Config\Cache), false)
 9 FCPATH/index.php(67): CodeIgniter\CodeIgniter->run()
CRITICAL - 2022-12-20 20:23:06 --> Undefined index: name
in APPPATH/Views/layouts/checkout.php on line 123.
 1 APPPATH/Views/layouts/checkout.php(123): CodeIgniter\Debug\Exceptions->errorHandler(8, 'Undefined index: name', 'APPPATH/Views/layouts/checkout.php', 123, [...])
 2 SYSTEMPATH/View/View.php(213): include('APPPATH/Views/layouts/checkout.php')
 3 SYSTEMPATH/View/View.php(216): CodeIgniter\View\View->CodeIgniter\View\{closure}()
 4 SYSTEMPATH/Common.php(1134): CodeIgniter\View\View->render('layouts/checkout', [], true)
 5 APPPATH/Controllers/Main.php(244): view('layouts/checkout', [...])
 6 SYSTEMPATH/CodeIgniter.php(927): App\Controllers\Main->checkout()
 7 SYSTEMPATH/CodeIgniter.php(482): CodeIgniter\CodeIgniter->runController(Object(App\Controllers\Main))
 8 SYSTEMPATH/CodeIgniter.php(351): CodeIgniter\CodeIgniter->handleRequest(null, Object(Config\Cache), false)
 9 FCPATH/index.php(67): CodeIgniter\CodeIgniter->run()
CRITICAL - 2022-12-20 20:29:33 --> Undefined variable: order_id
in APPPATH/Views/layouts/order_rcvd.php on line 24.
 1 APPPATH/Views/layouts/order_rcvd.php(24): CodeIgniter\Debug\Exceptions->errorHandler(8, 'Undefined variable: order_id', 'APPPATH/Views/layouts/order_rcvd.php', 24, [])
 2 SYSTEMPATH/View/View.php(213): include('APPPATH/Views/layouts/order_rcvd.php')
 3 SYSTEMPATH/View/View.php(216): CodeIgniter\View\View->CodeIgniter\View\{closure}()
 4 SYSTEMPATH/Common.php(1134): CodeIgniter\View\View->render('layouts/order_rcvd', [], true)
 5 APPPATH/Controllers/Main.php(336): view('layouts/order_rcvd')
 6 SYSTEMPATH/CodeIgniter.php(927): App\Controllers\Main->order_rcvd()
 7 SYSTEMPATH/CodeIgniter.php(482): CodeIgniter\CodeIgniter->runController(Object(App\Controllers\Main))
 8 SYSTEMPATH/CodeIgniter.php(351): CodeIgniter\CodeIgniter->handleRequest(null, Object(Config\Cache), false)
 9 FCPATH/index.php(67): CodeIgniter\CodeIgniter->run()
CRITICAL - 2022-12-20 20:39:19 --> Undefined index: isLoggedIn
in APPPATH/Views/layouts/header.php on line 30.
 1 APPPATH/Views/layouts/header.php(30): CodeIgniter\Debug\Exceptions->errorHandler(8, 'Undefined index: isLoggedIn', 'APPPATH/Views/layouts/header.php', 30, [])
 2 SYSTEMPATH/View/View.php(213): include('APPPATH/Views/layouts/header.php')
 3 SYSTEMPATH/View/View.php(216): CodeIgniter\View\View->CodeIgniter\View\{closure}()
 4 SYSTEMPATH/Common.php(1134): CodeIgniter\View\View->render('layouts/header.php', [], true)
 5 APPPATH/Views/layouts/index.php(7): view('layouts/header.php')
 6 SYSTEMPATH/View/View.php(213): include('APPPATH/Views/layouts/index.php')
 7 SYSTEMPATH/View/View.php(216): CodeIgniter\View\View->CodeIgniter\View\{closure}()
 8 SYSTEMPATH/Common.php(1134): CodeIgniter\View\View->render('layouts/index', [], true)
 9 APPPATH/Controllers/Main.php(541): view('layouts/index')
10 SYSTEMPATH/CodeIgniter.php(927): App\Controllers\Main->logout()
11 SYSTEMPATH/CodeIgniter.php(482): CodeIgniter\CodeIgniter->runController(Object(App\Controllers\Main))
12 SYSTEMPATH/CodeIgniter.php(351): CodeIgniter\CodeIgniter->handleRequest(null, Object(Config\Cache), false)
13 FCPATH/index.php(67): CodeIgniter\CodeIgniter->run()
CRITICAL - 2022-12-20 21:27:25 --> Undefined variable: _SESSION
in APPPATH/Views/layouts/header.php on line 29.
 1 APPPATH/Views/layouts/header.php(29): CodeIgniter\Debug\Exceptions->errorHandler(8, 'Undefined variable: _SESSION', 'APPPATH/Views/layouts/header.php', 29, [])
 2 SYSTEMPATH/View/View.php(213): include('APPPATH/Views/layouts/header.php')
 3 SYSTEMPATH/View/View.php(216): CodeIgniter\View\View->CodeIgniter\View\{closure}()
 4 SYSTEMPATH/Common.php(1134): CodeIgniter\View\View->render('layouts/header.php', [], true)
 5 APPPATH/Views/layouts/contact.php(7): view('layouts/header.php')
 6 SYSTEMPATH/View/View.php(213): include('APPPATH/Views/layouts/contact.php')
 7 SYSTEMPATH/View/View.php(216): CodeIgniter\View\View->CodeIgniter\View\{closure}()
 8 SYSTEMPATH/Common.php(1134): CodeIgniter\View\View->render('layouts/contact', [], true)
 9 APPPATH/Controllers/Main.php(587): view('layouts/contact', [])
10 SYSTEMPATH/CodeIgniter.php(927): App\Controllers\Main->contact()
11 SYSTEMPATH/CodeIgniter.php(482): CodeIgniter\CodeIgniter->runController(Object(App\Controllers\Main))
12 SYSTEMPATH/CodeIgniter.php(351): CodeIgniter\CodeIgniter->handleRequest(null, Object(Config\Cache), false)
13 FCPATH/index.php(67): CodeIgniter\CodeIgniter->run()
CRITICAL - 2022-12-20 21:27:32 --> Undefined variable: _SESSION
in APPPATH/Views/layouts/header.php on line 29.
 1 APPPATH/Views/layouts/header.php(29): CodeIgniter\Debug\Exceptions->errorHandler(8, 'Undefined variable: _SESSION', 'APPPATH/Views/layouts/header.php', 29, [])
 2 SYSTEMPATH/View/View.php(213): include('APPPATH/Views/layouts/header.php')
 3 SYSTEMPATH/View/View.php(216): CodeIgniter\View\View->CodeIgniter\View\{closure}()
 4 SYSTEMPATH/Common.php(1134): CodeIgniter\View\View->render('layouts/header.php', [], true)
 5 APPPATH/Views/layouts/contact.php(7): view('layouts/header.php')
 6 SYSTEMPATH/View/View.php(213): include('APPPATH/Views/layouts/contact.php')
 7 SYSTEMPATH/View/View.php(216): CodeIgniter\View\View->CodeIgniter\View\{closure}()
 8 SYSTEMPATH/Common.php(1134): CodeIgniter\View\View->render('layouts/contact', [], true)
 9 APPPATH/Controllers/Main.php(587): view('layouts/contact', [])
10 SYSTEMPATH/CodeIgniter.php(927): App\Controllers\Main->contact()
11 SYSTEMPATH/CodeIgniter.php(482): CodeIgniter\CodeIgniter->runController(Object(App\Controllers\Main))
12 SYSTEMPATH/CodeIgniter.php(351): CodeIgniter\CodeIgniter->handleRequest(null, Object(Config\Cache), false)
13 FCPATH/index.php(67): CodeIgniter\CodeIgniter->run()
CRITICAL - 2022-12-20 21:31:52 --> The route for "layouts/index" cannot be found.
in SYSTEMPATH/HTTP/RedirectResponse.php on line 60.
 1 SYSTEMPATH/HTTP/RedirectResponse.php(60): CodeIgniter\HTTP\Exceptions\HTTPException::forInvalidRedirectRoute('layouts/index')
 2 SYSTEMPATH/Common.php(860): CodeIgniter\HTTP\RedirectResponse->route(false)
 3 APPPATH/Controllers/Main.php(545): redirect('layouts/index')
 4 SYSTEMPATH/CodeIgniter.php(927): App\Controllers\Main->logout()
 5 SYSTEMPATH/CodeIgniter.php(482): CodeIgniter\CodeIgniter->runController(Object(App\Controllers\Main))
 6 SYSTEMPATH/CodeIgniter.php(351): CodeIgniter\CodeIgniter->handleRequest(null, Object(Config\Cache), false)
 7 FCPATH/index.php(67): CodeIgniter\CodeIgniter->run()
CRITICAL - 2022-12-20 21:32:12 --> Undefined index: isLoggedIn
in APPPATH/Views/layouts/header.php on line 29.
 1 APPPATH/Views/layouts/header.php(29): CodeIgniter\Debug\Exceptions->errorHandler(8, 'Undefined index: isLoggedIn', 'APPPATH/Views/layouts/header.php', 29, [])
 2 SYSTEMPATH/View/View.php(213): include('APPPATH/Views/layouts/header.php')
 3 SYSTEMPATH/View/View.php(216): CodeIgniter\View\View->CodeIgniter\View\{closure}()
 4 SYSTEMPATH/Common.php(1134): CodeIgniter\View\View->render('layouts/header.php', [], true)
 5 APPPATH/Views/layouts/index.php(7): view('layouts/header.php')
 6 SYSTEMPATH/View/View.php(213): include('APPPATH/Views/layouts/index.php')
 7 SYSTEMPATH/View/View.php(216): CodeIgniter\View\View->CodeIgniter\View\{closure}()
 8 SYSTEMPATH/Common.php(1134): CodeIgniter\View\View->render('layouts/index', [], true)
 9 APPPATH/Controllers/Main.php(16): view('layouts/index')
10 SYSTEMPATH/CodeIgniter.php(927): App\Controllers\Main->index()
11 SYSTEMPATH/CodeIgniter.php(482): CodeIgniter\CodeIgniter->runController(Object(App\Controllers\Main))
12 SYSTEMPATH/CodeIgniter.php(351): CodeIgniter\CodeIgniter->handleRequest(null, Object(Config\Cache), false)
13 FCPATH/index.php(67): CodeIgniter\CodeIgniter->run()
CRITICAL - 2022-12-20 21:32:18 --> Undefined index: isLoggedIn
in APPPATH/Views/layouts/header.php on line 29.
 1 APPPATH/Views/layouts/header.php(29): CodeIgniter\Debug\Exceptions->errorHandler(8, 'Undefined index: isLoggedIn', 'APPPATH/Views/layouts/header.php', 29, [])
 2 SYSTEMPATH/View/View.php(213): include('APPPATH/Views/layouts/header.php')
 3 SYSTEMPATH/View/View.php(216): CodeIgniter\View\View->CodeIgniter\View\{closure}()
 4 SYSTEMPATH/Common.php(1134): CodeIgniter\View\View->render('layouts/header.php', [], true)
 5 APPPATH/Views/layouts/index.php(7): view('layouts/header.php')
 6 SYSTEMPATH/View/View.php(213): include('APPPATH/Views/layouts/index.php')
 7 SYSTEMPATH/View/View.php(216): CodeIgniter\View\View->CodeIgniter\View\{closure}()
 8 SYSTEMPATH/Common.php(1134): CodeIgniter\View\View->render('layouts/index', [], true)
 9 APPPATH/Controllers/Main.php(16): view('layouts/index')
10 SYSTEMPATH/CodeIgniter.php(927): App\Controllers\Main->index()
11 SYSTEMPATH/CodeIgniter.php(482): CodeIgniter\CodeIgniter->runController(Object(App\Controllers\Main))
12 SYSTEMPATH/CodeIgniter.php(351): CodeIgniter\CodeIgniter->handleRequest(null, Object(Config\Cache), false)
13 FCPATH/index.php(67): CodeIgniter\CodeIgniter->run()
CRITICAL - 2022-12-20 21:32:39 --> Undefined index: isLoggedIn
in APPPATH/Views/layouts/header.php on line 29.
 1 APPPATH/Views/layouts/header.php(29): CodeIgniter\Debug\Exceptions->errorHandler(8, 'Undefined index: isLoggedIn', 'APPPATH/Views/layouts/header.php', 29, [])
 2 SYSTEMPATH/View/View.php(213): include('APPPATH/Views/layouts/header.php')
 3 SYSTEMPATH/View/View.php(216): CodeIgniter\View\View->CodeIgniter\View\{closure}()
 4 SYSTEMPATH/Common.php(1134): CodeIgniter\View\View->render('layouts/header.php', [], true)
 5 APPPATH/Views/layouts/index.php(7): view('layouts/header.php')
 6 SYSTEMPATH/View/View.php(213): include('APPPATH/Views/layouts/index.php')
 7 SYSTEMPATH/View/View.php(216): CodeIgniter\View\View->CodeIgniter\View\{closure}()
 8 SYSTEMPATH/Common.php(1134): CodeIgniter\View\View->render('layouts/index', [], true)
 9 APPPATH/Controllers/Main.php(16): view('layouts/index')
10 SYSTEMPATH/CodeIgniter.php(927): App\Controllers\Main->index()
11 SYSTEMPATH/CodeIgniter.php(482): CodeIgniter\CodeIgniter->runController(Object(App\Controllers\Main))
12 SYSTEMPATH/CodeIgniter.php(351): CodeIgniter\CodeIgniter->handleRequest(null, Object(Config\Cache), false)
13 FCPATH/index.php(67): CodeIgniter\CodeIgniter->run()
CRITICAL - 2022-12-20 21:32:44 --> Undefined index: isLoggedIn
in APPPATH/Views/layouts/header.php on line 29.
 1 APPPATH/Views/layouts/header.php(29): CodeIgniter\Debug\Exceptions->errorHandler(8, 'Undefined index: isLoggedIn', 'APPPATH/Views/layouts/header.php', 29, [])
 2 SYSTEMPATH/View/View.php(213): include('APPPATH/Views/layouts/header.php')
 3 SYSTEMPATH/View/View.php(216): CodeIgniter\View\View->CodeIgniter\View\{closure}()
 4 SYSTEMPATH/Common.php(1134): CodeIgniter\View\View->render('layouts/header.php', [], true)
 5 APPPATH/Views/layouts/index.php(7): view('layouts/header.php')
 6 SYSTEMPATH/View/View.php(213): include('APPPATH/Views/layouts/index.php')
 7 SYSTEMPATH/View/View.php(216): CodeIgniter\View\View->CodeIgniter\View\{closure}()
 8 SYSTEMPATH/Common.php(1134): CodeIgniter\View\View->render('layouts/index', [], true)
 9 APPPATH/Controllers/Main.php(16): view('layouts/index')
10 SYSTEMPATH/CodeIgniter.php(927): App\Controllers\Main->index()
11 SYSTEMPATH/CodeIgniter.php(482): CodeIgniter\CodeIgniter->runController(Object(App\Controllers\Main))
12 SYSTEMPATH/CodeIgniter.php(351): CodeIgniter\CodeIgniter->handleRequest(null, Object(Config\Cache), false)
13 FCPATH/index.php(67): CodeIgniter\CodeIgniter->run()
CRITICAL - 2022-12-20 21:32:52 --> Undefined index: isLoggedIn
in APPPATH/Views/layouts/header.php on line 29.
 1 APPPATH/Views/layouts/header.php(29): CodeIgniter\Debug\Exceptions->errorHandler(8, 'Undefined index: isLoggedIn', 'APPPATH/Views/layouts/header.php', 29, [])
 2 SYSTEMPATH/View/View.php(213): include('APPPATH/Views/layouts/header.php')
 3 SYSTEMPATH/View/View.php(216): CodeIgniter\View\View->CodeIgniter\View\{closure}()
 4 SYSTEMPATH/Common.php(1134): CodeIgniter\View\View->render('layouts/header.php', [], true)
 5 APPPATH/Views/layouts/index.php(7): view('layouts/header.php')
 6 SYSTEMPATH/View/View.php(213): include('APPPATH/Views/layouts/index.php')
 7 SYSTEMPATH/View/View.php(216): CodeIgniter\View\View->CodeIgniter\View\{closure}()
 8 SYSTEMPATH/Common.php(1134): CodeIgniter\View\View->render('layouts/index', [], true)
 9 APPPATH/Controllers/Main.php(16): view('layouts/index')
10 SYSTEMPATH/CodeIgniter.php(927): App\Controllers\Main->index()
11 SYSTEMPATH/CodeIgniter.php(482): CodeIgniter\CodeIgniter->runController(Object(App\Controllers\Main))
12 SYSTEMPATH/CodeIgniter.php(351): CodeIgniter\CodeIgniter->handleRequest(null, Object(Config\Cache), false)
13 FCPATH/index.php(67): CodeIgniter\CodeIgniter->run()
CRITICAL - 2022-12-20 22:50:58 --> Undefined variable: session
in APPPATH/Controllers/Main.php on line 581.
 1 APPPATH/Controllers/Main.php(581): CodeIgniter\Debug\Exceptions->errorHandler(8, 'Undefined variable: session', 'APPPATH/Controllers/Main.php', 581, [...])
 2 SYSTEMPATH/CodeIgniter.php(927): App\Controllers\Main->signup()
 3 SYSTEMPATH/CodeIgniter.php(482): CodeIgniter\CodeIgniter->runController(Object(App\Controllers\Main))
 4 SYSTEMPATH/CodeIgniter.php(351): CodeIgniter\CodeIgniter->handleRequest(null, Object(Config\Cache), false)
 5 FCPATH/index.php(67): CodeIgniter\CodeIgniter->run()
CRITICAL - 2022-12-20 22:52:15 --> Undefined index: quantity
in APPPATH/Views/layouts/checkout.php on line 123.
 1 APPPATH/Views/layouts/checkout.php(123): CodeIgniter\Debug\Exceptions->errorHandler(8, 'Undefined index: quantity', 'APPPATH/Views/layouts/checkout.php', 123, [...])
 2 SYSTEMPATH/View/View.php(213): include('APPPATH/Views/layouts/checkout.php')
 3 SYSTEMPATH/View/View.php(216): CodeIgniter\View\View->CodeIgniter\View\{closure}()
 4 SYSTEMPATH/Common.php(1134): CodeIgniter\View\View->render('layouts/checkout', [], true)
 5 APPPATH/Controllers/Main.php(248): view('layouts/checkout', [...])
 6 SYSTEMPATH/CodeIgniter.php(927): App\Controllers\Main->checkout()
 7 SYSTEMPATH/CodeIgniter.php(482): CodeIgniter\CodeIgniter->runController(Object(App\Controllers\Main))
 8 SYSTEMPATH/CodeIgniter.php(351): CodeIgniter\CodeIgniter->handleRequest(null, Object(Config\Cache), false)
 9 FCPATH/index.php(67): CodeIgniter\CodeIgniter->run()
CRITICAL - 2022-12-20 22:57:56 --> Undefined index: quantity
in APPPATH/Views/layouts/checkout.php on line 124.
 1 APPPATH/Views/layouts/checkout.php(124): CodeIgniter\Debug\Exceptions->errorHandler(8, 'Undefined index: quantity', 'APPPATH/Views/layouts/checkout.php', 124, [...])
 2 SYSTEMPATH/View/View.php(213): include('APPPATH/Views/layouts/checkout.php')
 3 SYSTEMPATH/View/View.php(216): CodeIgniter\View\View->CodeIgniter\View\{closure}()
 4 SYSTEMPATH/Common.php(1134): CodeIgniter\View\View->render('layouts/checkout', [], true)
 5 APPPATH/Controllers/Main.php(248): view('layouts/checkout', [...])
 6 SYSTEMPATH/CodeIgniter.php(927): App\Controllers\Main->checkout()
 7 SYSTEMPATH/CodeIgniter.php(482): CodeIgniter\CodeIgniter->runController(Object(App\Controllers\Main))
 8 SYSTEMPATH/CodeIgniter.php(351): CodeIgniter\CodeIgniter->handleRequest(null, Object(Config\Cache), false)
 9 FCPATH/index.php(67): CodeIgniter\CodeIgniter->run()
CRITICAL - 2022-12-20 22:58:01 --> Undefined index: quantity
in APPPATH/Views/layouts/checkout.php on line 124.
 1 APPPATH/Views/layouts/checkout.php(124): CodeIgniter\Debug\Exceptions->errorHandler(8, 'Undefined index: quantity', 'APPPATH/Views/layouts/checkout.php', 124, [...])
 2 SYSTEMPATH/View/View.php(213): include('APPPATH/Views/layouts/checkout.php')
 3 SYSTEMPATH/View/View.php(216): CodeIgniter\View\View->CodeIgniter\View\{closure}()
 4 SYSTEMPATH/Common.php(1134): CodeIgniter\View\View->render('layouts/checkout', [], true)
 5 APPPATH/Controllers/Main.php(248): view('layouts/checkout', [...])
 6 SYSTEMPATH/CodeIgniter.php(927): App\Controllers\Main->checkout()
 7 SYSTEMPATH/CodeIgniter.php(482): CodeIgniter\CodeIgniter->runController(Object(App\Controllers\Main))
 8 SYSTEMPATH/CodeIgniter.php(351): CodeIgniter\CodeIgniter->handleRequest(null, Object(Config\Cache), false)
 9 FCPATH/index.php(67): CodeIgniter\CodeIgniter->run()
CRITICAL - 2022-12-20 22:58:02 --> Undefined index: quantity
in APPPATH/Views/layouts/checkout.php on line 124.
 1 APPPATH/Views/layouts/checkout.php(124): CodeIgniter\Debug\Exceptions->errorHandler(8, 'Undefined index: quantity', 'APPPATH/Views/layouts/checkout.php', 124, [...])
 2 SYSTEMPATH/View/View.php(213): include('APPPATH/Views/layouts/checkout.php')
 3 SYSTEMPATH/View/View.php(216): CodeIgniter\View\View->CodeIgniter\View\{closure}()
 4 SYSTEMPATH/Common.php(1134): CodeIgniter\View\View->render('layouts/checkout', [], true)
 5 APPPATH/Controllers/Main.php(248): view('layouts/checkout', [...])
 6 SYSTEMPATH/CodeIgniter.php(927): App\Controllers\Main->checkout()
 7 SYSTEMPATH/CodeIgniter.php(482): CodeIgniter\CodeIgniter->runController(Object(App\Controllers\Main))
 8 SYSTEMPATH/CodeIgniter.php(351): CodeIgniter\CodeIgniter->handleRequest(null, Object(Config\Cache), false)
 9 FCPATH/index.php(67): CodeIgniter\CodeIgniter->run()
CRITICAL - 2022-12-20 22:58:05 --> Undefined index: quantity
in APPPATH/Views/layouts/checkout.php on line 124.
 1 APPPATH/Views/layouts/checkout.php(124): CodeIgniter\Debug\Exceptions->errorHandler(8, 'Undefined index: quantity', 'APPPATH/Views/layouts/checkout.php', 124, [...])
 2 SYSTEMPATH/View/View.php(213): include('APPPATH/Views/layouts/checkout.php')
 3 SYSTEMPATH/View/View.php(216): CodeIgniter\View\View->CodeIgniter\View\{closure}()
 4 SYSTEMPATH/Common.php(1134): CodeIgniter\View\View->render('layouts/checkout', [], true)
 5 APPPATH/Controllers/Main.php(248): view('layouts/checkout', [...])
 6 SYSTEMPATH/CodeIgniter.php(927): App\Controllers\Main->checkout()
 7 SYSTEMPATH/CodeIgniter.php(482): CodeIgniter\CodeIgniter->runController(Object(App\Controllers\Main))
 8 SYSTEMPATH/CodeIgniter.php(351): CodeIgniter\CodeIgniter->handleRequest(null, Object(Config\Cache), false)
 9 FCPATH/index.php(67): CodeIgniter\CodeIgniter->run()
CRITICAL - 2022-12-20 23:04:23 --> Undefined index: quantity
in APPPATH/Views/layouts/checkout.php on line 124.
 1 APPPATH/Views/layouts/checkout.php(124): CodeIgniter\Debug\Exceptions->errorHandler(8, 'Undefined index: quantity', 'APPPATH/Views/layouts/checkout.php', 124, [...])
 2 SYSTEMPATH/View/View.php(213): include('APPPATH/Views/layouts/checkout.php')
 3 SYSTEMPATH/View/View.php(216): CodeIgniter\View\View->CodeIgniter\View\{closure}()
 4 SYSTEMPATH/Common.php(1134): CodeIgniter\View\View->render('layouts/checkout', [], true)
 5 APPPATH/Controllers/Main.php(248): view('layouts/checkout', [...])
 6 SYSTEMPATH/CodeIgniter.php(927): App\Controllers\Main->checkout()
 7 SYSTEMPATH/CodeIgniter.php(482): CodeIgniter\CodeIgniter->runController(Object(App\Controllers\Main))
 8 SYSTEMPATH/CodeIgniter.php(351): CodeIgniter\CodeIgniter->handleRequest(null, Object(Config\Cache), false)
 9 FCPATH/index.php(67): CodeIgniter\CodeIgniter->run()
CRITICAL - 2022-12-20 23:13:09 --> Undefined index: quantity
in APPPATH/Views/layouts/checkout.php on line 124.
 1 APPPATH/Views/layouts/checkout.php(124): CodeIgniter\Debug\Exceptions->errorHandler(8, 'Undefined index: quantity', 'APPPATH/Views/layouts/checkout.php', 124, [...])
 2 SYSTEMPATH/View/View.php(213): include('APPPATH/Views/layouts/checkout.php')
 3 SYSTEMPATH/View/View.php(216): CodeIgniter\View\View->CodeIgniter\View\{closure}()
 4 SYSTEMPATH/Common.php(1134): CodeIgniter\View\View->render('layouts/checkout', [], true)
 5 APPPATH/Controllers/Main.php(248): view('layouts/checkout', [...])
 6 SYSTEMPATH/CodeIgniter.php(927): App\Controllers\Main->checkout()
 7 SYSTEMPATH/CodeIgniter.php(482): CodeIgniter\CodeIgniter->runController(Object(App\Controllers\Main))
 8 SYSTEMPATH/CodeIgniter.php(351): CodeIgniter\CodeIgniter->handleRequest(null, Object(Config\Cache), false)
 9 FCPATH/index.php(67): CodeIgniter\CodeIgniter->run()
CRITICAL - 2022-12-20 23:34:35 --> Undefined variable: _SEESION
in APPPATH/Views/layouts/checkout.php on line 9.
 1 APPPATH/Views/layouts/checkout.php(9): CodeIgniter\Debug\Exceptions->errorHandler(8, 'Undefined variable: _SEESION', 'APPPATH/Views/layouts/checkout.php', 9, [])
 2 SYSTEMPATH/View/View.php(213): include('APPPATH/Views/layouts/checkout.php')
 3 SYSTEMPATH/View/View.php(216): CodeIgniter\View\View->CodeIgniter\View\{closure}()
 4 SYSTEMPATH/Common.php(1134): CodeIgniter\View\View->render('layouts/checkout', [], true)
 5 APPPATH/Controllers/Main.php(248): view('layouts/checkout', [])
 6 SYSTEMPATH/CodeIgniter.php(927): App\Controllers\Main->checkout()
 7 SYSTEMPATH/CodeIgniter.php(482): CodeIgniter\CodeIgniter->runController(Object(App\Controllers\Main))
 8 SYSTEMPATH/CodeIgniter.php(351): CodeIgniter\CodeIgniter->handleRequest(null, Object(Config\Cache), false)
 9 FCPATH/index.php(67): CodeIgniter\CodeIgniter->run()
CRITICAL - 2022-12-20 23:34:55 --> Undefined variable: _SEESION
in APPPATH/Views/layouts/checkout.php on line 9.
 1 APPPATH/Views/layouts/checkout.php(9): CodeIgniter\Debug\Exceptions->errorHandler(8, 'Undefined variable: _SEESION', 'APPPATH/Views/layouts/checkout.php', 9, [])
 2 SYSTEMPATH/View/View.php(213): include('APPPATH/Views/layouts/checkout.php')
 3 SYSTEMPATH/View/View.php(216): CodeIgniter\View\View->CodeIgniter\View\{closure}()
 4 SYSTEMPATH/Common.php(1134): CodeIgniter\View\View->render('layouts/checkout', [], true)
 5 APPPATH/Controllers/Main.php(248): view('layouts/checkout', [])
 6 SYSTEMPATH/CodeIgniter.php(927): App\Controllers\Main->checkout()
 7 SYSTEMPATH/CodeIgniter.php(482): CodeIgniter\CodeIgniter->runController(Object(App\Controllers\Main))
 8 SYSTEMPATH/CodeIgniter.php(351): CodeIgniter\CodeIgniter->handleRequest(null, Object(Config\Cache), false)
 9 FCPATH/index.php(67): CodeIgniter\CodeIgniter->run()
CRITICAL - 2022-12-20 23:43:43 --> Undefined variable: _SEESION
in APPPATH/Views/layouts/checkout.php on line 9.
 1 APPPATH/Views/layouts/checkout.php(9): CodeIgniter\Debug\Exceptions->errorHandler(8, 'Undefined variable: _SEESION', 'APPPATH/Views/layouts/checkout.php', 9, [])
 2 SYSTEMPATH/View/View.php(213): include('APPPATH/Views/layouts/checkout.php')
 3 SYSTEMPATH/View/View.php(216): CodeIgniter\View\View->CodeIgniter\View\{closure}()
 4 SYSTEMPATH/Common.php(1134): CodeIgniter\View\View->render('layouts/checkout', [], true)
 5 APPPATH/Controllers/Main.php(257): view('layouts/checkout', [])
 6 SYSTEMPATH/CodeIgniter.php(927): App\Controllers\Main->checkout()
 7 SYSTEMPATH/CodeIgniter.php(482): CodeIgniter\CodeIgniter->runController(Object(App\Controllers\Main))
 8 SYSTEMPATH/CodeIgniter.php(351): CodeIgniter\CodeIgniter->handleRequest(null, Object(Config\Cache), false)
 9 FCPATH/index.php(67): CodeIgniter\CodeIgniter->run()
CRITICAL - 2022-12-20 23:48:48 --> Undefined index: quantity
in APPPATH/Controllers/Main.php on line 249.
 1 APPPATH/Controllers/Main.php(249): CodeIgniter\Debug\Exceptions->errorHandler(8, 'Undefined index: quantity', 'APPPATH/Controllers/Main.php', 249, [...])
 2 SYSTEMPATH/CodeIgniter.php(927): App\Controllers\Main->checkout()
 3 SYSTEMPATH/CodeIgniter.php(482): CodeIgniter\CodeIgniter->runController(Object(App\Controllers\Main))
 4 SYSTEMPATH/CodeIgniter.php(351): CodeIgniter\CodeIgniter->handleRequest(null, Object(Config\Cache), false)
 5 FCPATH/index.php(67): CodeIgniter\CodeIgniter->run()
CRITICAL - 2022-12-20 23:51:39 --> Undefined index: quantity
in APPPATH/Controllers/Main.php on line 249.
 1 APPPATH/Controllers/Main.php(249): CodeIgniter\Debug\Exceptions->errorHandler(8, 'Undefined index: quantity', 'APPPATH/Controllers/Main.php', 249, [...])
 2 SYSTEMPATH/CodeIgniter.php(927): App\Controllers\Main->checkout()
 3 SYSTEMPATH/CodeIgniter.php(482): CodeIgniter\CodeIgniter->runController(Object(App\Controllers\Main))
 4 SYSTEMPATH/CodeIgniter.php(351): CodeIgniter\CodeIgniter->handleRequest(null, Object(Config\Cache), false)
 5 FCPATH/index.php(67): CodeIgniter\CodeIgniter->run()
CRITICAL - 2022-12-20 23:52:19 --> Undefined index: quantity
in APPPATH/Controllers/Main.php on line 249.
 1 APPPATH/Controllers/Main.php(249): CodeIgniter\Debug\Exceptions->errorHandler(8, 'Undefined index: quantity', 'APPPATH/Controllers/Main.php', 249, [...])
 2 SYSTEMPATH/CodeIgniter.php(927): App\Controllers\Main->checkout()
 3 SYSTEMPATH/CodeIgniter.php(482): CodeIgniter\CodeIgniter->runController(Object(App\Controllers\Main))
 4 SYSTEMPATH/CodeIgniter.php(351): CodeIgniter\CodeIgniter->handleRequest(null, Object(Config\Cache), false)
 5 FCPATH/index.php(67): CodeIgniter\CodeIgniter->run()
