CRITICAL - 2022-11-29 01:13:14 --> Invalid file: footer.php
in SYSTEMPATH\Exceptions\FrameworkException.php on line 33.
 1 SYSTEMPATH\View\View.php(201): CodeIgniter\Exceptions\FrameworkException::forInvalidFile('footer.php')
 2 SYSTEMPATH\Common.php(1134): CodeIgniter\View\View->render('footer.php', [], true)
 3 APPPATH\Views\layouts\order_rcvd.php(79): view('footer.php')
 4 SYSTEMPATH\View\View.php(213): include('APPPATH\\Views\\layouts\\order_rcvd.php')
 5 SYSTEMPATH\View\View.php(216): CodeIgniter\View\View->CodeIgniter\View\{closure}()
 6 SYSTEMPATH\Common.php(1134): CodeIgniter\View\View->render('layouts/order_rcvd', [], true)
 7 APPPATH\Controllers\Main.php(224): view('layouts/order_rcvd')
 8 SYSTEMPATH\CodeIgniter.php(927): App\Controllers\Main->order_rcvd()
 9 SYSTEMPATH\CodeIgniter.php(482): CodeIgniter\CodeIgniter->runController(Object(App\Controllers\Main))
10 SYSTEMPATH\CodeIgniter.php(351): CodeIgniter\CodeIgniter->handleRequest(null, Object(Config\Cache), false)
11 FCPATH\index.php(67): CodeIgniter\CodeIgniter->run()
12 SYSTEMPATH\Commands\Server\rewrite.php(46): require_once('FCPATH\\index.php')
CRITICAL - 2022-11-29 02:43:53 --> Trying to get property 'Shipping_container_product' of non-object
in APPPATH\Views\layouts\container1.php on line 35.
 1 APPPATH\Views\layouts\container1.php(35): CodeIgniter\Debug\Exceptions->errorHandler(8, 'Trying to get property \'Shipping_container_product\' of non-object', 'APPPATH\\Views\\layouts\\container1.php', 35, [...])
 2 SYSTEMPATH\View\View.php(213): include('APPPATH\\Views\\layouts\\container1.php')
 3 SYSTEMPATH\View\View.php(216): CodeIgniter\View\View->CodeIgniter\View\{closure}()
 4 SYSTEMPATH\Common.php(1134): CodeIgniter\View\View->render('layouts/container1', [], true)
 5 APPPATH\Controllers\Main.php(48): view('layouts/container1', [...])
 6 SYSTEMPATH\CodeIgniter.php(927): App\Controllers\Main->container1()
 7 SYSTEMPATH\CodeIgniter.php(482): CodeIgniter\CodeIgniter->runController(Object(App\Controllers\Main))
 8 SYSTEMPATH\CodeIgniter.php(351): CodeIgniter\CodeIgniter->handleRequest(null, Object(Config\Cache), false)
 9 FCPATH\index.php(67): CodeIgniter\CodeIgniter->run()
10 SYSTEMPATH\Commands\Server\rewrite.php(46): require_once('FCPATH\\index.php')
CRITICAL - 2022-11-29 02:57:07 --> Object of class stdClass could not be converted to string
in APPPATH\Views\layouts\container1.php on line 2.
 1 SYSTEMPATH\View\View.php(213): include()
 2 SYSTEMPATH\View\View.php(216): CodeIgniter\View\View->CodeIgniter\View\{closure}()
 3 SYSTEMPATH\Common.php(1134): CodeIgniter\View\View->render('layouts/container1', [], true)
 4 APPPATH\Controllers\Main.php(38): view('layouts/container1', [...])
 5 SYSTEMPATH\CodeIgniter.php(927): App\Controllers\Main->container1()
 6 SYSTEMPATH\CodeIgniter.php(482): CodeIgniter\CodeIgniter->runController(Object(App\Controllers\Main))
 7 SYSTEMPATH\CodeIgniter.php(351): CodeIgniter\CodeIgniter->handleRequest(null, Object(Config\Cache), false)
 8 FCPATH\index.php(67): CodeIgniter\CodeIgniter->run()
 9 SYSTEMPATH\Commands\Server\rewrite.php(46): require_once('FCPATH\\index.php')
CRITICAL - 2022-11-29 02:59:07 --> Trying to get property 'Shipping_container_product' of non-object
in APPPATH\Views\layouts\container1.php on line 35.
 1 APPPATH\Views\layouts\container1.php(35): CodeIgniter\Debug\Exceptions->errorHandler(8, 'Trying to get property \'Shipping_container_product\' of non-object', 'APPPATH\\Views\\layouts\\container1.php', 35, [...])
 2 SYSTEMPATH\View\View.php(213): include('APPPATH\\Views\\layouts\\container1.php')
 3 SYSTEMPATH\View\View.php(216): CodeIgniter\View\View->CodeIgniter\View\{closure}()
 4 SYSTEMPATH\Common.php(1134): CodeIgniter\View\View->render('layouts/container1', [], true)
 5 APPPATH\Controllers\Main.php(38): view('layouts/container1', [...])
 6 SYSTEMPATH\CodeIgniter.php(927): App\Controllers\Main->container1()
 7 SYSTEMPATH\CodeIgniter.php(482): CodeIgniter\CodeIgniter->runController(Object(App\Controllers\Main))
 8 SYSTEMPATH\CodeIgniter.php(351): CodeIgniter\CodeIgniter->handleRequest(null, Object(Config\Cache), false)
 9 FCPATH\index.php(67): CodeIgniter\CodeIgniter->run()
10 SYSTEMPATH\Commands\Server\rewrite.php(46): require_once('FCPATH\\index.php')
CRITICAL - 2022-11-29 03:07:09 --> Trying to get property 'video' of non-object
in APPPATH\Views\layouts\container3.php on line 65.
 1 APPPATH\Views\layouts\container3.php(65): CodeIgniter\Debug\Exceptions->errorHandler(8, 'Trying to get property \'video\' of non-object', 'APPPATH\\Views\\layouts\\container3.php', 65, [...])
 2 SYSTEMPATH\View\View.php(213): include('APPPATH\\Views\\layouts\\container3.php')
 3 SYSTEMPATH\View\View.php(216): CodeIgniter\View\View->CodeIgniter\View\{closure}()
 4 SYSTEMPATH\Common.php(1134): CodeIgniter\View\View->render('layouts/container3', [], true)
 5 APPPATH\Controllers\Main.php(103): view('layouts/container3', [...])
 6 SYSTEMPATH\CodeIgniter.php(927): App\Controllers\Main->container3()
 7 SYSTEMPATH\CodeIgniter.php(482): CodeIgniter\CodeIgniter->runController(Object(App\Controllers\Main))
 8 SYSTEMPATH\CodeIgniter.php(351): CodeIgniter\CodeIgniter->handleRequest(null, Object(Config\Cache), false)
 9 FCPATH\index.php(67): CodeIgniter\CodeIgniter->run()
10 SYSTEMPATH\Commands\Server\rewrite.php(46): require_once('FCPATH\\index.php')
CRITICAL - 2022-11-29 03:13:11 --> Trying to get property 'Shipping_container_product' of non-object
in APPPATH\Views\layouts\container4.php on line 40.
 1 APPPATH\Views\layouts\container4.php(40): CodeIgniter\Debug\Exceptions->errorHandler(8, 'Trying to get property \'Shipping_container_product\' of non-object', 'APPPATH\\Views\\layouts\\container4.php', 40, [...])
 2 SYSTEMPATH\View\View.php(213): include('APPPATH\\Views\\layouts\\container4.php')
 3 SYSTEMPATH\View\View.php(216): CodeIgniter\View\View->CodeIgniter\View\{closure}()
 4 SYSTEMPATH\Common.php(1134): CodeIgniter\View\View->render('layouts/container4', [], true)
 5 APPPATH\Controllers\Main.php(136): view('layouts/container4', [...])
 6 SYSTEMPATH\CodeIgniter.php(927): App\Controllers\Main->container4()
 7 SYSTEMPATH\CodeIgniter.php(482): CodeIgniter\CodeIgniter->runController(Object(App\Controllers\Main))
 8 SYSTEMPATH\CodeIgniter.php(351): CodeIgniter\CodeIgniter->handleRequest(null, Object(Config\Cache), false)
 9 FCPATH\index.php(67): CodeIgniter\CodeIgniter->run()
10 SYSTEMPATH\Commands\Server\rewrite.php(46): require_once('FCPATH\\index.php')
CRITICAL - 2022-11-29 03:14:01 --> Undefined variable: container3
in APPPATH\Views\layouts\container4.php on line 62.
 1 APPPATH\Views\layouts\container4.php(62): CodeIgniter\Debug\Exceptions->errorHandler(8, 'Undefined variable: container3', 'APPPATH\\Views\\layouts\\container4.php', 62, [...])
 2 SYSTEMPATH\View\View.php(213): include('APPPATH\\Views\\layouts\\container4.php')
 3 SYSTEMPATH\View\View.php(216): CodeIgniter\View\View->CodeIgniter\View\{closure}()
 4 SYSTEMPATH\Common.php(1134): CodeIgniter\View\View->render('layouts/container4', [], true)
 5 APPPATH\Controllers\Main.php(136): view('layouts/container4', [...])
 6 SYSTEMPATH\CodeIgniter.php(927): App\Controllers\Main->container4()
 7 SYSTEMPATH\CodeIgniter.php(482): CodeIgniter\CodeIgniter->runController(Object(App\Controllers\Main))
 8 SYSTEMPATH\CodeIgniter.php(351): CodeIgniter\CodeIgniter->handleRequest(null, Object(Config\Cache), false)
 9 FCPATH\index.php(67): CodeIgniter\CodeIgniter->run()
10 SYSTEMPATH\Commands\Server\rewrite.php(46): require_once('FCPATH\\index.php')
CRITICAL - 2022-11-29 03:21:27 --> Trying to get property 'Shipping_container_product' of non-object
in APPPATH\Views\layouts\container3.php on line 39.
 1 APPPATH\Views\layouts\container3.php(39): CodeIgniter\Debug\Exceptions->errorHandler(8, 'Trying to get property \'Shipping_container_product\' of non-object', 'APPPATH\\Views\\layouts\\container3.php', 39, [...])
 2 SYSTEMPATH\View\View.php(213): include('APPPATH\\Views\\layouts\\container3.php')
 3 SYSTEMPATH\View\View.php(216): CodeIgniter\View\View->CodeIgniter\View\{closure}()
 4 SYSTEMPATH\Common.php(1134): CodeIgniter\View\View->render('layouts/container3', [], true)
 5 APPPATH\Controllers\Main.php(103): view('layouts/container3', [...])
 6 SYSTEMPATH\CodeIgniter.php(927): App\Controllers\Main->container3()
 7 SYSTEMPATH\CodeIgniter.php(482): CodeIgniter\CodeIgniter->runController(Object(App\Controllers\Main))
 8 SYSTEMPATH\CodeIgniter.php(351): CodeIgniter\CodeIgniter->handleRequest(null, Object(Config\Cache), false)
 9 FCPATH\index.php(67): CodeIgniter\CodeIgniter->run()
10 SYSTEMPATH\Commands\Server\rewrite.php(46): require_once('FCPATH\\index.php')
CRITICAL - 2022-11-29 03:38:56 --> Undefined variable: container3
in APPPATH\Views\layouts\container2.php on line 65.
 1 APPPATH\Views\layouts\container2.php(65): CodeIgniter\Debug\Exceptions->errorHandler(8, 'Undefined variable: container3', 'APPPATH\\Views\\layouts\\container2.php', 65, [...])
 2 SYSTEMPATH\View\View.php(213): include('APPPATH\\Views\\layouts\\container2.php')
 3 SYSTEMPATH\View\View.php(216): CodeIgniter\View\View->CodeIgniter\View\{closure}()
 4 SYSTEMPATH\Common.php(1134): CodeIgniter\View\View->render('layouts/container2', [], true)
 5 APPPATH\Controllers\Main.php(70): view('layouts/container2', [...])
 6 SYSTEMPATH\CodeIgniter.php(927): App\Controllers\Main->container2()
 7 SYSTEMPATH\CodeIgniter.php(482): CodeIgniter\CodeIgniter->runController(Object(App\Controllers\Main))
 8 SYSTEMPATH\CodeIgniter.php(351): CodeIgniter\CodeIgniter->handleRequest(null, Object(Config\Cache), false)
 9 FCPATH\index.php(67): CodeIgniter\CodeIgniter->run()
10 SYSTEMPATH\Commands\Server\rewrite.php(46): require_once('FCPATH\\index.php')
CRITICAL - 2022-11-29 04:17:45 --> Undefined variable: response
in APPPATH\Controllers\Main.php on line 247.
 1 APPPATH\Controllers\Main.php(247): CodeIgniter\Debug\Exceptions->errorHandler(8, 'Undefined variable: response', 'APPPATH\\Controllers\\Main.php', 247, [...])
 2 SYSTEMPATH\CodeIgniter.php(927): App\Controllers\Main->login()
 3 SYSTEMPATH\CodeIgniter.php(482): CodeIgniter\CodeIgniter->runController(Object(App\Controllers\Main))
 4 SYSTEMPATH\CodeIgniter.php(351): CodeIgniter\CodeIgniter->handleRequest(null, Object(Config\Cache), false)
 5 FCPATH\index.php(67): CodeIgniter\CodeIgniter->run()
 6 SYSTEMPATH\Commands\Server\rewrite.php(46): require_once('FCPATH\\index.php')
