CRITICAL - 2022-11-24 00:25:24 --> Illegal string offset 'Shipping_container_product'
in APPPATH\Views\layouts\container1.php on line 1.
 1 APPPATH\Views\layouts\container1.php(1): CodeIgniter\Debug\Exceptions->errorHandler(2, 'Illegal string offset \'Shipping_container_product\'', 'APPPATH\\Views\\layouts\\container1.php', 1, [...])
 2 SYSTEMPATH\View\View.php(213): include('APPPATH\\Views\\layouts\\container1.php')
 3 SYSTEMPATH\View\View.php(216): CodeIgniter\View\View->CodeIgniter\View\{closure}()
 4 SYSTEMPATH\Common.php(1134): CodeIgniter\View\View->render('layouts/container1', [], true)
 5 APPPATH\Controllers\Main.php(45): view('layouts/container1', [...])
 6 SYSTEMPATH\CodeIgniter.php(927): App\Controllers\Main->container1()
 7 SYSTEMPATH\CodeIgniter.php(482): CodeIgniter\CodeIgniter->runController(Object(App\Controllers\Main))
 8 SYSTEMPATH\CodeIgniter.php(351): CodeIgniter\CodeIgniter->handleRequest(null, Object(Config\Cache), false)
 9 FCPATH\index.php(67): CodeIgniter\CodeIgniter->run()
10 SYSTEMPATH\Commands\Server\rewrite.php(46): require_once('FCPATH\\index.php')
CRITICAL - 2022-11-24 00:26:14 --> Trying to get property 'status' of non-object
in APPPATH\Views\layouts\container1.php on line 1.
 1 APPPATH\Views\layouts\container1.php(1): CodeIgniter\Debug\Exceptions->errorHandler(8, 'Trying to get property \'status\' of non-object', 'APPPATH\\Views\\layouts\\container1.php', 1, [...])
 2 SYSTEMPATH\View\View.php(213): include('APPPATH\\Views\\layouts\\container1.php')
 3 SYSTEMPATH\View\View.php(216): CodeIgniter\View\View->CodeIgniter\View\{closure}()
 4 SYSTEMPATH\Common.php(1134): CodeIgniter\View\View->render('layouts/container1', [], true)
 5 APPPATH\Controllers\Main.php(45): view('layouts/container1', [...])
 6 SYSTEMPATH\CodeIgniter.php(927): App\Controllers\Main->container1()
 7 SYSTEMPATH\CodeIgniter.php(482): CodeIgniter\CodeIgniter->runController(Object(App\Controllers\Main))
 8 SYSTEMPATH\CodeIgniter.php(351): CodeIgniter\CodeIgniter->handleRequest(null, Object(Config\Cache), false)
 9 FCPATH\index.php(67): CodeIgniter\CodeIgniter->run()
10 SYSTEMPATH\Commands\Server\rewrite.php(46): require_once('FCPATH\\index.php')
CRITICAL - 2022-11-24 00:41:12 --> Trying to get property 'status' of non-object
in APPPATH\Views\layouts\container1.php on line 1.
 1 APPPATH\Views\layouts\container1.php(1): CodeIgniter\Debug\Exceptions->errorHandler(8, 'Trying to get property \'status\' of non-object', 'APPPATH\\Views\\layouts\\container1.php', 1, [...])
 2 SYSTEMPATH\View\View.php(213): include('APPPATH\\Views\\layouts\\container1.php')
 3 SYSTEMPATH\View\View.php(216): CodeIgniter\View\View->CodeIgniter\View\{closure}()
 4 SYSTEMPATH\Common.php(1134): CodeIgniter\View\View->render('layouts/container1', [], true)
 5 APPPATH\Controllers\Main.php(45): view('layouts/container1', [...])
 6 SYSTEMPATH\CodeIgniter.php(927): App\Controllers\Main->container1()
 7 SYSTEMPATH\CodeIgniter.php(482): CodeIgniter\CodeIgniter->runController(Object(App\Controllers\Main))
 8 SYSTEMPATH\CodeIgniter.php(351): CodeIgniter\CodeIgniter->handleRequest(null, Object(Config\Cache), false)
 9 FCPATH\index.php(67): CodeIgniter\CodeIgniter->run()
10 SYSTEMPATH\Commands\Server\rewrite.php(46): require_once('FCPATH\\index.php')
CRITICAL - 2022-11-24 00:41:41 --> Trying to get property 'status' of non-object
in APPPATH\Views\layouts\container1.php on line 1.
 1 APPPATH\Views\layouts\container1.php(1): CodeIgniter\Debug\Exceptions->errorHandler(8, 'Trying to get property \'status\' of non-object', 'APPPATH\\Views\\layouts\\container1.php', 1, [...])
 2 SYSTEMPATH\View\View.php(213): include('APPPATH\\Views\\layouts\\container1.php')
 3 SYSTEMPATH\View\View.php(216): CodeIgniter\View\View->CodeIgniter\View\{closure}()
 4 SYSTEMPATH\Common.php(1134): CodeIgniter\View\View->render('layouts/container1', [], true)
 5 APPPATH\Controllers\Main.php(45): view('layouts/container1', [...])
 6 SYSTEMPATH\CodeIgniter.php(927): App\Controllers\Main->container1()
 7 SYSTEMPATH\CodeIgniter.php(482): CodeIgniter\CodeIgniter->runController(Object(App\Controllers\Main))
 8 SYSTEMPATH\CodeIgniter.php(351): CodeIgniter\CodeIgniter->handleRequest(null, Object(Config\Cache), false)
 9 FCPATH\index.php(67): CodeIgniter\CodeIgniter->run()
10 SYSTEMPATH\Commands\Server\rewrite.php(46): require_once('FCPATH\\index.php')
CRITICAL - 2022-11-24 23:48:35 --> Trying to get property 'status' of non-object
in APPPATH\Views\layouts\container1.php on line 1.
 1 APPPATH\Views\layouts\container1.php(1): CodeIgniter\Debug\Exceptions->errorHandler(8, 'Trying to get property \'status\' of non-object', 'APPPATH\\Views\\layouts\\container1.php', 1, [...])
 2 SYSTEMPATH\View\View.php(213): include('APPPATH\\Views\\layouts\\container1.php')
 3 SYSTEMPATH\View\View.php(216): CodeIgniter\View\View->CodeIgniter\View\{closure}()
 4 SYSTEMPATH\Common.php(1134): CodeIgniter\View\View->render('layouts/container1', [], true)
 5 APPPATH\Controllers\Main.php(45): view('layouts/container1', [...])
 6 SYSTEMPATH\CodeIgniter.php(927): App\Controllers\Main->container1()
 7 SYSTEMPATH\CodeIgniter.php(482): CodeIgniter\CodeIgniter->runController(Object(App\Controllers\Main))
 8 SYSTEMPATH\CodeIgniter.php(351): CodeIgniter\CodeIgniter->handleRequest(null, Object(Config\Cache), false)
 9 FCPATH\index.php(67): CodeIgniter\CodeIgniter->run()
10 SYSTEMPATH\Commands\Server\rewrite.php(46): require_once('FCPATH\\index.php')
