CRITICAL - 2022-11-23 23:12:09 --> Invalid argument supplied for foreach()
in APPPATH\Views\layouts\container1.php on line 40.
 1 APPPATH\Views\layouts\container1.php(40): CodeIgniter\Debug\Exceptions->errorHandler(2, 'Invalid argument supplied for foreach()', 'APPPATH\\Views\\layouts\\container1.php', 40, [...])
 2 SYSTEMPATH\View\View.php(213): include('APPPATH\\Views\\layouts\\container1.php')
 3 SYSTEMPATH\View\View.php(216): CodeIgniter\View\View->CodeIgniter\View\{closure}()
 4 SYSTEMPATH\Common.php(1134): CodeIgniter\View\View->render('layouts/container1', [], true)
 5 APPPATH\Controllers\Main.php(45): view('layouts/container1', [...])
 6 SYSTEMPATH\CodeIgniter.php(927): App\Controllers\Main->container1()
 7 SYSTEMPATH\CodeIgniter.php(482): CodeIgniter\CodeIgniter->runController(Object(App\Controllers\Main))
 8 SYSTEMPATH\CodeIgniter.php(351): CodeIgniter\CodeIgniter->handleRequest(null, Object(Config\Cache), false)
 9 FCPATH\index.php(67): CodeIgniter\CodeIgniter->run()
10 SYSTEMPATH\Commands\Server\rewrite.php(46): require_once('FCPATH\\index.php')
CRITICAL - 2022-11-23 23:12:42 --> Invalid argument supplied for foreach()
in APPPATH\Views\layouts\container1.php on line 40.
 1 APPPATH\Views\layouts\container1.php(40): CodeIgniter\Debug\Exceptions->errorHandler(2, 'Invalid argument supplied for foreach()', 'APPPATH\\Views\\layouts\\container1.php', 40, [...])
 2 SYSTEMPATH\View\View.php(213): include('APPPATH\\Views\\layouts\\container1.php')
 3 SYSTEMPATH\View\View.php(216): CodeIgniter\View\View->CodeIgniter\View\{closure}()
 4 SYSTEMPATH\Common.php(1134): CodeIgniter\View\View->render('layouts/container1', [], true)
 5 APPPATH\Controllers\Main.php(45): view('layouts/container1', [...])
 6 SYSTEMPATH\CodeIgniter.php(927): App\Controllers\Main->container1()
 7 SYSTEMPATH\CodeIgniter.php(482): CodeIgniter\CodeIgniter->runController(Object(App\Controllers\Main))
 8 SYSTEMPATH\CodeIgniter.php(351): CodeIgniter\CodeIgniter->handleRequest(null, Object(Config\Cache), false)
 9 FCPATH\index.php(67): CodeIgniter\CodeIgniter->run()
10 SYSTEMPATH\Commands\Server\rewrite.php(46): require_once('FCPATH\\index.php')
CRITICAL - 2022-11-23 23:15:49 --> Invalid argument supplied for foreach()
in APPPATH\Views\layouts\container1.php on line 41.
 1 APPPATH\Views\layouts\container1.php(41): CodeIgniter\Debug\Exceptions->errorHandler(2, 'Invalid argument supplied for foreach()', 'APPPATH\\Views\\layouts\\container1.php', 41, [...])
 2 SYSTEMPATH\View\View.php(213): include('APPPATH\\Views\\layouts\\container1.php')
 3 SYSTEMPATH\View\View.php(216): CodeIgniter\View\View->CodeIgniter\View\{closure}()
 4 SYSTEMPATH\Common.php(1134): CodeIgniter\View\View->render('layouts/container1', [], true)
 5 APPPATH\Controllers\Main.php(45): view('layouts/container1', [...])
 6 SYSTEMPATH\CodeIgniter.php(927): App\Controllers\Main->container1()
 7 SYSTEMPATH\CodeIgniter.php(482): CodeIgniter\CodeIgniter->runController(Object(App\Controllers\Main))
 8 SYSTEMPATH\CodeIgniter.php(351): CodeIgniter\CodeIgniter->handleRequest(null, Object(Config\Cache), false)
 9 FCPATH\index.php(67): CodeIgniter\CodeIgniter->run()
10 SYSTEMPATH\Commands\Server\rewrite.php(46): require_once('FCPATH\\index.php')
CRITICAL - 2022-11-23 23:16:42 --> Invalid argument supplied for foreach()
in APPPATH\Views\layouts\container1.php on line 41.
 1 APPPATH\Views\layouts\container1.php(41): CodeIgniter\Debug\Exceptions->errorHandler(2, 'Invalid argument supplied for foreach()', 'APPPATH\\Views\\layouts\\container1.php', 41, [...])
 2 SYSTEMPATH\View\View.php(213): include('APPPATH\\Views\\layouts\\container1.php')
 3 SYSTEMPATH\View\View.php(216): CodeIgniter\View\View->CodeIgniter\View\{closure}()
 4 SYSTEMPATH\Common.php(1134): CodeIgniter\View\View->render('layouts/container1', [], true)
 5 APPPATH\Controllers\Main.php(45): view('layouts/container1', [...])
 6 SYSTEMPATH\CodeIgniter.php(927): App\Controllers\Main->container1()
 7 SYSTEMPATH\CodeIgniter.php(482): CodeIgniter\CodeIgniter->runController(Object(App\Controllers\Main))
 8 SYSTEMPATH\CodeIgniter.php(351): CodeIgniter\CodeIgniter->handleRequest(null, Object(Config\Cache), false)
 9 FCPATH\index.php(67): CodeIgniter\CodeIgniter->run()
10 SYSTEMPATH\Commands\Server\rewrite.php(46): require_once('FCPATH\\index.php')
CRITICAL - 2022-11-23 23:18:52 --> Invalid argument supplied for foreach()
in APPPATH\Views\layouts\container1.php on line 41.
 1 APPPATH\Views\layouts\container1.php(41): CodeIgniter\Debug\Exceptions->errorHandler(2, 'Invalid argument supplied for foreach()', 'APPPATH\\Views\\layouts\\container1.php', 41, [...])
 2 SYSTEMPATH\View\View.php(213): include('APPPATH\\Views\\layouts\\container1.php')
 3 SYSTEMPATH\View\View.php(216): CodeIgniter\View\View->CodeIgniter\View\{closure}()
 4 SYSTEMPATH\Common.php(1134): CodeIgniter\View\View->render('layouts/container1', [], true)
 5 APPPATH\Controllers\Main.php(45): view('layouts/container1', [...])
 6 SYSTEMPATH\CodeIgniter.php(927): App\Controllers\Main->container1()
 7 SYSTEMPATH\CodeIgniter.php(482): CodeIgniter\CodeIgniter->runController(Object(App\Controllers\Main))
 8 SYSTEMPATH\CodeIgniter.php(351): CodeIgniter\CodeIgniter->handleRequest(null, Object(Config\Cache), false)
 9 FCPATH\index.php(67): CodeIgniter\CodeIgniter->run()
10 SYSTEMPATH\Commands\Server\rewrite.php(46): require_once('FCPATH\\index.php')
CRITICAL - 2022-11-23 23:23:27 --> Illegal string offset 'Shipping_container_product'
in APPPATH\Views\layouts\container1.php on line 41.
 1 APPPATH\Views\layouts\container1.php(41): CodeIgniter\Debug\Exceptions->errorHandler(2, 'Illegal string offset \'Shipping_container_product\'', 'APPPATH\\Views\\layouts\\container1.php', 41, [...])
 2 SYSTEMPATH\View\View.php(213): include('APPPATH\\Views\\layouts\\container1.php')
 3 SYSTEMPATH\View\View.php(216): CodeIgniter\View\View->CodeIgniter\View\{closure}()
 4 SYSTEMPATH\Common.php(1134): CodeIgniter\View\View->render('layouts/container1', [], true)
 5 APPPATH\Controllers\Main.php(45): view('layouts/container1', [...])
 6 SYSTEMPATH\CodeIgniter.php(927): App\Controllers\Main->container1()
 7 SYSTEMPATH\CodeIgniter.php(482): CodeIgniter\CodeIgniter->runController(Object(App\Controllers\Main))
 8 SYSTEMPATH\CodeIgniter.php(351): CodeIgniter\CodeIgniter->handleRequest(null, Object(Config\Cache), false)
 9 FCPATH\index.php(67): CodeIgniter\CodeIgniter->run()
10 SYSTEMPATH\Commands\Server\rewrite.php(46): require_once('FCPATH\\index.php')
CRITICAL - 2022-11-23 23:30:11 --> Trying to get property 'Shipping_container_product' of non-object
in APPPATH\Views\layouts\container1.php on line 41.
 1 APPPATH\Views\layouts\container1.php(41): CodeIgniter\Debug\Exceptions->errorHandler(8, 'Trying to get property \'Shipping_container_product\' of non-object', 'APPPATH\\Views\\layouts\\container1.php', 41, [...])
 2 SYSTEMPATH\View\View.php(213): include('APPPATH\\Views\\layouts\\container1.php')
 3 SYSTEMPATH\View\View.php(216): CodeIgniter\View\View->CodeIgniter\View\{closure}()
 4 SYSTEMPATH\Common.php(1134): CodeIgniter\View\View->render('layouts/container1', [], true)
 5 APPPATH\Controllers\Main.php(45): view('layouts/container1', [...])
 6 SYSTEMPATH\CodeIgniter.php(927): App\Controllers\Main->container1()
 7 SYSTEMPATH\CodeIgniter.php(482): CodeIgniter\CodeIgniter->runController(Object(App\Controllers\Main))
 8 SYSTEMPATH\CodeIgniter.php(351): CodeIgniter\CodeIgniter->handleRequest(null, Object(Config\Cache), false)
 9 FCPATH\index.php(67): CodeIgniter\CodeIgniter->run()
10 SYSTEMPATH\Commands\Server\rewrite.php(46): require_once('FCPATH\\index.php')
CRITICAL - 2022-11-23 23:47:21 --> syntax error, unexpected '[', expecting identifier (T_STRING) or variable (T_VARIABLE) or '{' or '$'
in APPPATH\Views\layouts\container1.php on line 41.
 1 SYSTEMPATH\View\View.php(216): CodeIgniter\View\View->CodeIgniter\View\{closure}()
 2 SYSTEMPATH\Common.php(1134): CodeIgniter\View\View->render('layouts/container1', [], true)
 3 APPPATH\Controllers\Main.php(45): view('layouts/container1', [...])
 4 SYSTEMPATH\CodeIgniter.php(927): App\Controllers\Main->container1()
 5 SYSTEMPATH\CodeIgniter.php(482): CodeIgniter\CodeIgniter->runController(Object(App\Controllers\Main))
 6 SYSTEMPATH\CodeIgniter.php(351): CodeIgniter\CodeIgniter->handleRequest(null, Object(Config\Cache), false)
 7 FCPATH\index.php(67): CodeIgniter\CodeIgniter->run()
 8 SYSTEMPATH\Commands\Server\rewrite.php(46): require_once('FCPATH\\index.php')
CRITICAL - 2022-11-23 23:47:38 --> Illegal string offset 'Shipping_container_product'
in APPPATH\Views\layouts\container1.php on line 41.
 1 APPPATH\Views\layouts\container1.php(41): CodeIgniter\Debug\Exceptions->errorHandler(2, 'Illegal string offset \'Shipping_container_product\'', 'APPPATH\\Views\\layouts\\container1.php', 41, [...])
 2 SYSTEMPATH\View\View.php(213): include('APPPATH\\Views\\layouts\\container1.php')
 3 SYSTEMPATH\View\View.php(216): CodeIgniter\View\View->CodeIgniter\View\{closure}()
 4 SYSTEMPATH\Common.php(1134): CodeIgniter\View\View->render('layouts/container1', [], true)
 5 APPPATH\Controllers\Main.php(45): view('layouts/container1', [...])
 6 SYSTEMPATH\CodeIgniter.php(927): App\Controllers\Main->container1()
 7 SYSTEMPATH\CodeIgniter.php(482): CodeIgniter\CodeIgniter->runController(Object(App\Controllers\Main))
 8 SYSTEMPATH\CodeIgniter.php(351): CodeIgniter\CodeIgniter->handleRequest(null, Object(Config\Cache), false)
 9 FCPATH\index.php(67): CodeIgniter\CodeIgniter->run()
10 SYSTEMPATH\Commands\Server\rewrite.php(46): require_once('FCPATH\\index.php')
