CRITICAL - 2023-02-22 07:12:10 --> Undefined property: stdClass::$userInfo
in APPPATH/Views/layouts/profile.php on line 52.
 1 APPPATH/Views/layouts/profile.php(52): CodeIgniter\Debug\Exceptions->errorHandler(8, 'Undefined property: stdClass::$userInfo', 'APPPATH/Views/layouts/profile.php', 52, [...])
 2 SYSTEMPATH/View/View.php(213): include('APPPATH/Views/layouts/profile.php')
 3 SYSTEMPATH/View/View.php(216): CodeIgniter\View\View->CodeIgniter\View\{closure}()
 4 SYSTEMPATH/Common.php(1134): CodeIgniter\View\View->render('layouts/profile', [], true)
 5 APPPATH/Controllers/Main.php(951): view('layouts/profile', [...])
 6 SYSTEMPATH/CodeIgniter.php(927): App\Controllers\Main->profile()
 7 SYSTEMPATH/CodeIgniter.php(482): CodeIgniter\CodeIgniter->runController(Object(App\Controllers\Main))
 8 SYSTEMPATH/CodeIgniter.php(351): CodeIgniter\CodeIgniter->handleRequest(null, Object(Config\Cache), false)
 9 FCPATH/index.php(67): CodeIgniter\CodeIgniter->run()
CRITICAL - 2023-02-22 22:19:07 --> Undefined property: stdClass::$volumn
in APPPATH/Views/layouts/profile.php on line 43.
 1 APPPATH/Views/layouts/profile.php(43): CodeIgniter\Debug\Exceptions->errorHandler(8, 'Undefined property: stdClass::$volumn', 'APPPATH/Views/layouts/profile.php', 43, [...])
 2 SYSTEMPATH/View/View.php(213): include('APPPATH/Views/layouts/profile.php')
 3 SYSTEMPATH/View/View.php(216): CodeIgniter\View\View->CodeIgniter\View\{closure}()
 4 SYSTEMPATH/Common.php(1134): CodeIgniter\View\View->render('layouts/profile', [], true)
 5 APPPATH/Controllers/Main.php(951): view('layouts/profile', [...])
 6 SYSTEMPATH/CodeIgniter.php(927): App\Controllers\Main->profile()
 7 SYSTEMPATH/CodeIgniter.php(482): CodeIgniter\CodeIgniter->runController(Object(App\Controllers\Main))
 8 SYSTEMPATH/CodeIgniter.php(351): CodeIgniter\CodeIgniter->handleRequest(null, Object(Config\Cache), false)
 9 FCPATH/index.php(67): CodeIgniter\CodeIgniter->run()
CRITICAL - 2023-02-22 22:19:08 --> Undefined property: stdClass::$volumn
in APPPATH/Views/layouts/profile.php on line 43.
 1 APPPATH/Views/layouts/profile.php(43): CodeIgniter\Debug\Exceptions->errorHandler(8, 'Undefined property: stdClass::$volumn', 'APPPATH/Views/layouts/profile.php', 43, [...])
 2 SYSTEMPATH/View/View.php(213): include('APPPATH/Views/layouts/profile.php')
 3 SYSTEMPATH/View/View.php(216): CodeIgniter\View\View->CodeIgniter\View\{closure}()
 4 SYSTEMPATH/Common.php(1134): CodeIgniter\View\View->render('layouts/profile', [], true)
 5 APPPATH/Controllers/Main.php(951): view('layouts/profile', [...])
 6 SYSTEMPATH/CodeIgniter.php(927): App\Controllers\Main->profile()
 7 SYSTEMPATH/CodeIgniter.php(482): CodeIgniter\CodeIgniter->runController(Object(App\Controllers\Main))
 8 SYSTEMPATH/CodeIgniter.php(351): CodeIgniter\CodeIgniter->handleRequest(null, Object(Config\Cache), false)
 9 FCPATH/index.php(67): CodeIgniter\CodeIgniter->run()
CRITICAL - 2023-02-22 22:20:53 --> Undefined property: stdClass::$volumn
in APPPATH/Views/layouts/profile.php on line 43.
 1 APPPATH/Views/layouts/profile.php(43): CodeIgniter\Debug\Exceptions->errorHandler(8, 'Undefined property: stdClass::$volumn', 'APPPATH/Views/layouts/profile.php', 43, [...])
 2 SYSTEMPATH/View/View.php(213): include('APPPATH/Views/layouts/profile.php')
 3 SYSTEMPATH/View/View.php(216): CodeIgniter\View\View->CodeIgniter\View\{closure}()
 4 SYSTEMPATH/Common.php(1134): CodeIgniter\View\View->render('layouts/profile', [], true)
 5 APPPATH/Controllers/Main.php(951): view('layouts/profile', [...])
 6 SYSTEMPATH/CodeIgniter.php(927): App\Controllers\Main->profile()
 7 SYSTEMPATH/CodeIgniter.php(482): CodeIgniter\CodeIgniter->runController(Object(App\Controllers\Main))
 8 SYSTEMPATH/CodeIgniter.php(351): CodeIgniter\CodeIgniter->handleRequest(null, Object(Config\Cache), false)
 9 FCPATH/index.php(67): CodeIgniter\CodeIgniter->run()
CRITICAL - 2023-02-22 22:20:57 --> Undefined property: stdClass::$volumn
in APPPATH/Views/layouts/profile.php on line 43.
 1 APPPATH/Views/layouts/profile.php(43): CodeIgniter\Debug\Exceptions->errorHandler(8, 'Undefined property: stdClass::$volumn', 'APPPATH/Views/layouts/profile.php', 43, [...])
 2 SYSTEMPATH/View/View.php(213): include('APPPATH/Views/layouts/profile.php')
 3 SYSTEMPATH/View/View.php(216): CodeIgniter\View\View->CodeIgniter\View\{closure}()
 4 SYSTEMPATH/Common.php(1134): CodeIgniter\View\View->render('layouts/profile', [], true)
 5 APPPATH/Controllers/Main.php(951): view('layouts/profile', [...])
 6 SYSTEMPATH/CodeIgniter.php(927): App\Controllers\Main->profile()
 7 SYSTEMPATH/CodeIgniter.php(482): CodeIgniter\CodeIgniter->runController(Object(App\Controllers\Main))
 8 SYSTEMPATH/CodeIgniter.php(351): CodeIgniter\CodeIgniter->handleRequest(null, Object(Config\Cache), false)
 9 FCPATH/index.php(67): CodeIgniter\CodeIgniter->run()
CRITICAL - 2023-02-22 22:21:15 --> Undefined property: stdClass::$volumn
in APPPATH/Views/layouts/profile.php on line 43.
 1 APPPATH/Views/layouts/profile.php(43): CodeIgniter\Debug\Exceptions->errorHandler(8, 'Undefined property: stdClass::$volumn', 'APPPATH/Views/layouts/profile.php', 43, [...])
 2 SYSTEMPATH/View/View.php(213): include('APPPATH/Views/layouts/profile.php')
 3 SYSTEMPATH/View/View.php(216): CodeIgniter\View\View->CodeIgniter\View\{closure}()
 4 SYSTEMPATH/Common.php(1134): CodeIgniter\View\View->render('layouts/profile', [], true)
 5 APPPATH/Controllers/Main.php(951): view('layouts/profile', [...])
 6 SYSTEMPATH/CodeIgniter.php(927): App\Controllers\Main->profile()
 7 SYSTEMPATH/CodeIgniter.php(482): CodeIgniter\CodeIgniter->runController(Object(App\Controllers\Main))
 8 SYSTEMPATH/CodeIgniter.php(351): CodeIgniter\CodeIgniter->handleRequest(null, Object(Config\Cache), false)
 9 FCPATH/index.php(67): CodeIgniter\CodeIgniter->run()
CRITICAL - 2023-02-22 22:21:20 --> Undefined property: stdClass::$volumn
in APPPATH/Views/layouts/profile.php on line 43.
 1 APPPATH/Views/layouts/profile.php(43): CodeIgniter\Debug\Exceptions->errorHandler(8, 'Undefined property: stdClass::$volumn', 'APPPATH/Views/layouts/profile.php', 43, [...])
 2 SYSTEMPATH/View/View.php(213): include('APPPATH/Views/layouts/profile.php')
 3 SYSTEMPATH/View/View.php(216): CodeIgniter\View\View->CodeIgniter\View\{closure}()
 4 SYSTEMPATH/Common.php(1134): CodeIgniter\View\View->render('layouts/profile', [], true)
 5 APPPATH/Controllers/Main.php(951): view('layouts/profile', [...])
 6 SYSTEMPATH/CodeIgniter.php(927): App\Controllers\Main->profile()
 7 SYSTEMPATH/CodeIgniter.php(482): CodeIgniter\CodeIgniter->runController(Object(App\Controllers\Main))
 8 SYSTEMPATH/CodeIgniter.php(351): CodeIgniter\CodeIgniter->handleRequest(null, Object(Config\Cache), false)
 9 FCPATH/index.php(67): CodeIgniter\CodeIgniter->run()
CRITICAL - 2023-02-22 22:21:42 --> Undefined property: stdClass::$volumn
in APPPATH/Views/layouts/profile.php on line 43.
 1 APPPATH/Views/layouts/profile.php(43): CodeIgniter\Debug\Exceptions->errorHandler(8, 'Undefined property: stdClass::$volumn', 'APPPATH/Views/layouts/profile.php', 43, [...])
 2 SYSTEMPATH/View/View.php(213): include('APPPATH/Views/layouts/profile.php')
 3 SYSTEMPATH/View/View.php(216): CodeIgniter\View\View->CodeIgniter\View\{closure}()
 4 SYSTEMPATH/Common.php(1134): CodeIgniter\View\View->render('layouts/profile', [], true)
 5 APPPATH/Controllers/Main.php(951): view('layouts/profile', [...])
 6 SYSTEMPATH/CodeIgniter.php(927): App\Controllers\Main->profile()
 7 SYSTEMPATH/CodeIgniter.php(482): CodeIgniter\CodeIgniter->runController(Object(App\Controllers\Main))
 8 SYSTEMPATH/CodeIgniter.php(351): CodeIgniter\CodeIgniter->handleRequest(null, Object(Config\Cache), false)
 9 FCPATH/index.php(67): CodeIgniter\CodeIgniter->run()
CRITICAL - 2023-02-22 22:21:47 --> Undefined property: stdClass::$volumn
in APPPATH/Views/layouts/profile.php on line 43.
 1 APPPATH/Views/layouts/profile.php(43): CodeIgniter\Debug\Exceptions->errorHandler(8, 'Undefined property: stdClass::$volumn', 'APPPATH/Views/layouts/profile.php', 43, [...])
 2 SYSTEMPATH/View/View.php(213): include('APPPATH/Views/layouts/profile.php')
 3 SYSTEMPATH/View/View.php(216): CodeIgniter\View\View->CodeIgniter\View\{closure}()
 4 SYSTEMPATH/Common.php(1134): CodeIgniter\View\View->render('layouts/profile', [], true)
 5 APPPATH/Controllers/Main.php(951): view('layouts/profile', [...])
 6 SYSTEMPATH/CodeIgniter.php(927): App\Controllers\Main->profile()
 7 SYSTEMPATH/CodeIgniter.php(482): CodeIgniter\CodeIgniter->runController(Object(App\Controllers\Main))
 8 SYSTEMPATH/CodeIgniter.php(351): CodeIgniter\CodeIgniter->handleRequest(null, Object(Config\Cache), false)
 9 FCPATH/index.php(67): CodeIgniter\CodeIgniter->run()
CRITICAL - 2023-02-22 22:30:06 --> Undefined property: stdClass::$description
in APPPATH/Views/layouts/profile.php on line 53.
 1 APPPATH/Views/layouts/profile.php(53): CodeIgniter\Debug\Exceptions->errorHandler(8, 'Undefined property: stdClass::$description', 'APPPATH/Views/layouts/profile.php', 53, [...])
 2 SYSTEMPATH/View/View.php(213): include('APPPATH/Views/layouts/profile.php')
 3 SYSTEMPATH/View/View.php(216): CodeIgniter\View\View->CodeIgniter\View\{closure}()
 4 SYSTEMPATH/Common.php(1134): CodeIgniter\View\View->render('layouts/profile', [], true)
 5 APPPATH/Controllers/Main.php(951): view('layouts/profile', [...])
 6 SYSTEMPATH/CodeIgniter.php(927): App\Controllers\Main->profile()
 7 SYSTEMPATH/CodeIgniter.php(482): CodeIgniter\CodeIgniter->runController(Object(App\Controllers\Main))
 8 SYSTEMPATH/CodeIgniter.php(351): CodeIgniter\CodeIgniter->handleRequest(null, Object(Config\Cache), false)
 9 FCPATH/index.php(67): CodeIgniter\CodeIgniter->run()
CRITICAL - 2023-02-22 22:30:53 --> Undefined property: stdClass::$description
in APPPATH/Views/layouts/profile.php on line 53.
 1 APPPATH/Views/layouts/profile.php(53): CodeIgniter\Debug\Exceptions->errorHandler(8, 'Undefined property: stdClass::$description', 'APPPATH/Views/layouts/profile.php', 53, [...])
 2 SYSTEMPATH/View/View.php(213): include('APPPATH/Views/layouts/profile.php')
 3 SYSTEMPATH/View/View.php(216): CodeIgniter\View\View->CodeIgniter\View\{closure}()
 4 SYSTEMPATH/Common.php(1134): CodeIgniter\View\View->render('layouts/profile', [], true)
 5 APPPATH/Controllers/Main.php(951): view('layouts/profile', [...])
 6 SYSTEMPATH/CodeIgniter.php(927): App\Controllers\Main->profile()
 7 SYSTEMPATH/CodeIgniter.php(482): CodeIgniter\CodeIgniter->runController(Object(App\Controllers\Main))
 8 SYSTEMPATH/CodeIgniter.php(351): CodeIgniter\CodeIgniter->handleRequest(null, Object(Config\Cache), false)
 9 FCPATH/index.php(67): CodeIgniter\CodeIgniter->run()
CRITICAL - 2023-02-22 22:30:56 --> Undefined property: stdClass::$description
in APPPATH/Views/layouts/profile.php on line 53.
 1 APPPATH/Views/layouts/profile.php(53): CodeIgniter\Debug\Exceptions->errorHandler(8, 'Undefined property: stdClass::$description', 'APPPATH/Views/layouts/profile.php', 53, [...])
 2 SYSTEMPATH/View/View.php(213): include('APPPATH/Views/layouts/profile.php')
 3 SYSTEMPATH/View/View.php(216): CodeIgniter\View\View->CodeIgniter\View\{closure}()
 4 SYSTEMPATH/Common.php(1134): CodeIgniter\View\View->render('layouts/profile', [], true)
 5 APPPATH/Controllers/Main.php(951): view('layouts/profile', [...])
 6 SYSTEMPATH/CodeIgniter.php(927): App\Controllers\Main->profile()
 7 SYSTEMPATH/CodeIgniter.php(482): CodeIgniter\CodeIgniter->runController(Object(App\Controllers\Main))
 8 SYSTEMPATH/CodeIgniter.php(351): CodeIgniter\CodeIgniter->handleRequest(null, Object(Config\Cache), false)
 9 FCPATH/index.php(67): CodeIgniter\CodeIgniter->run()
CRITICAL - 2023-02-22 22:31:00 --> Undefined property: stdClass::$description
in APPPATH/Views/layouts/profile.php on line 53.
 1 APPPATH/Views/layouts/profile.php(53): CodeIgniter\Debug\Exceptions->errorHandler(8, 'Undefined property: stdClass::$description', 'APPPATH/Views/layouts/profile.php', 53, [...])
 2 SYSTEMPATH/View/View.php(213): include('APPPATH/Views/layouts/profile.php')
 3 SYSTEMPATH/View/View.php(216): CodeIgniter\View\View->CodeIgniter\View\{closure}()
 4 SYSTEMPATH/Common.php(1134): CodeIgniter\View\View->render('layouts/profile', [], true)
 5 APPPATH/Controllers/Main.php(951): view('layouts/profile', [...])
 6 SYSTEMPATH/CodeIgniter.php(927): App\Controllers\Main->profile()
 7 SYSTEMPATH/CodeIgniter.php(482): CodeIgniter\CodeIgniter->runController(Object(App\Controllers\Main))
 8 SYSTEMPATH/CodeIgniter.php(351): CodeIgniter\CodeIgniter->handleRequest(null, Object(Config\Cache), false)
 9 FCPATH/index.php(67): CodeIgniter\CodeIgniter->run()
CRITICAL - 2023-02-22 22:31:05 --> Undefined property: stdClass::$description
in APPPATH/Views/layouts/profile.php on line 53.
 1 APPPATH/Views/layouts/profile.php(53): CodeIgniter\Debug\Exceptions->errorHandler(8, 'Undefined property: stdClass::$description', 'APPPATH/Views/layouts/profile.php', 53, [...])
 2 SYSTEMPATH/View/View.php(213): include('APPPATH/Views/layouts/profile.php')
 3 SYSTEMPATH/View/View.php(216): CodeIgniter\View\View->CodeIgniter\View\{closure}()
 4 SYSTEMPATH/Common.php(1134): CodeIgniter\View\View->render('layouts/profile', [], true)
 5 APPPATH/Controllers/Main.php(951): view('layouts/profile', [...])
 6 SYSTEMPATH/CodeIgniter.php(927): App\Controllers\Main->profile()
 7 SYSTEMPATH/CodeIgniter.php(482): CodeIgniter\CodeIgniter->runController(Object(App\Controllers\Main))
 8 SYSTEMPATH/CodeIgniter.php(351): CodeIgniter\CodeIgniter->handleRequest(null, Object(Config\Cache), false)
 9 FCPATH/index.php(67): CodeIgniter\CodeIgniter->run()
