CRITICAL - 2023-02-24 00:24:31 --> Trying to get property 'Item_ID' of non-object
in APPPATH/Views/layouts/billing.php on line 21.
 1 APPPATH/Views/layouts/billing.php(21): CodeIgniter\Debug\Exceptions->errorHandler(8, 'Trying to get property \'Item_ID\' of non-object', 'APPPATH/Views/layouts/billing.php', 21, [...])
 2 SYSTEMPATH/View/View.php(213): include('APPPATH/Views/layouts/billing.php')
 3 SYSTEMPATH/View/View.php(216): CodeIgniter\View\View->CodeIgniter\View\{closure}()
 4 SYSTEMPATH/Common.php(1134): CodeIgniter\View\View->render('layouts/billing', [], true)
 5 APPPATH/Controllers/Main.php(649): view('layouts/billing', [...])
 6 SYSTEMPATH/CodeIgniter.php(927): App\Controllers\Main->billing()
 7 SYSTEMPATH/CodeIgniter.php(482): CodeIgniter\CodeIgniter->runController(Object(App\Controllers\Main))
 8 SYSTEMPATH/CodeIgniter.php(351): CodeIgniter\CodeIgniter->handleRequest(null, Object(Config\Cache), false)
 9 FCPATH/index.php(67): CodeIgniter\CodeIgniter->run()
CRITICAL - 2023-02-24 04:52:28 --> Undefined property: stdClass::$id
in APPPATH/Views/layouts/index.php on line 264.
 1 APPPATH/Views/layouts/index.php(264): CodeIgniter\Debug\Exceptions->errorHandler(8, 'Undefined property: stdClass::$id', 'APPPATH/Views/layouts/index.php', 264, [...])
 2 SYSTEMPATH/View/View.php(213): include('APPPATH/Views/layouts/index.php')
 3 SYSTEMPATH/View/View.php(216): CodeIgniter\View\View->CodeIgniter\View\{closure}()
 4 SYSTEMPATH/Common.php(1134): CodeIgniter\View\View->render('layouts/index', [], true)
 5 APPPATH/Controllers/Main.php(79): view('layouts/index', [...])
 6 SYSTEMPATH/CodeIgniter.php(927): App\Controllers\Main->index()
 7 SYSTEMPATH/CodeIgniter.php(482): CodeIgniter\CodeIgniter->runController(Object(App\Controllers\Main))
 8 SYSTEMPATH/CodeIgniter.php(351): CodeIgniter\CodeIgniter->handleRequest(null, Object(Config\Cache), false)
 9 FCPATH/index.php(67): CodeIgniter\CodeIgniter->run()
CRITICAL - 2023-02-24 04:52:45 --> Undefined property: stdClass::$id
in APPPATH/Views/layouts/index.php on line 264.
 1 APPPATH/Views/layouts/index.php(264): CodeIgniter\Debug\Exceptions->errorHandler(8, 'Undefined property: stdClass::$id', 'APPPATH/Views/layouts/index.php', 264, [...])
 2 SYSTEMPATH/View/View.php(213): include('APPPATH/Views/layouts/index.php')
 3 SYSTEMPATH/View/View.php(216): CodeIgniter\View\View->CodeIgniter\View\{closure}()
 4 SYSTEMPATH/Common.php(1134): CodeIgniter\View\View->render('layouts/index', [], true)
 5 APPPATH/Controllers/Main.php(79): view('layouts/index', [...])
 6 SYSTEMPATH/CodeIgniter.php(927): App\Controllers\Main->index()
 7 SYSTEMPATH/CodeIgniter.php(482): CodeIgniter\CodeIgniter->runController(Object(App\Controllers\Main))
 8 SYSTEMPATH/CodeIgniter.php(351): CodeIgniter\CodeIgniter->handleRequest(null, Object(Config\Cache), false)
 9 FCPATH/index.php(67): CodeIgniter\CodeIgniter->run()
