CRITICAL - 2023-02-07 00:56:47 --> syntax error, unexpected '<'
in APPPATH/Views/layouts/container1.php on line 125.
 1 SYSTEMPATH/View/View.php(216): CodeIgniter\View\View->CodeIgniter\View\{closure}()
 2 SYSTEMPATH/Common.php(1134): CodeIgniter\View\View->render('layouts/container1', [], true)
 3 APPPATH/Controllers/Main.php(84): view('layouts/container1', [...])
 4 SYSTEMPATH/CodeIgniter.php(927): App\Controllers\Main->container1()
 5 SYSTEMPATH/CodeIgniter.php(482): CodeIgniter\CodeIgniter->runController(Object(App\Controllers\Main))
 6 SYSTEMPATH/CodeIgniter.php(351): CodeIgniter\CodeIgniter->handleRequest(null, Object(Config\Cache), false)
 7 FCPATH/index.php(67): CodeIgniter\CodeIgniter->run()
CRITICAL - 2023-02-07 03:16:52 --> Use of undefined constant php - assumed 'php' (this will throw an Error in a future version of PHP)
in APPPATH/Views/layouts/container1.php on line 124.
 1 APPPATH/Views/layouts/container1.php(124): CodeIgniter\Debug\Exceptions->errorHandler(2, 'Use of undefined constant php - assumed \'php\' (this will throw an Error in a future version of PHP)', 'APPPATH/Views/layouts/container1.php', 124, [...])
 2 SYSTEMPATH/View/View.php(213): include('APPPATH/Views/layouts/container1.php')
 3 SYSTEMPATH/View/View.php(216): CodeIgniter\View\View->CodeIgniter\View\{closure}()
 4 SYSTEMPATH/Common.php(1134): CodeIgniter\View\View->render('layouts/container1', [], true)
 5 APPPATH/Controllers/Main.php(84): view('layouts/container1', [...])
 6 SYSTEMPATH/CodeIgniter.php(927): App\Controllers\Main->container1()
 7 SYSTEMPATH/CodeIgniter.php(482): CodeIgniter\CodeIgniter->runController(Object(App\Controllers\Main))
 8 SYSTEMPATH/CodeIgniter.php(351): CodeIgniter\CodeIgniter->handleRequest(null, Object(Config\Cache), false)
 9 FCPATH/index.php(67): CodeIgniter\CodeIgniter->run()
CRITICAL - 2023-02-07 03:17:23 --> Use of undefined constant php - assumed 'php' (this will throw an Error in a future version of PHP)
in APPPATH/Views/layouts/container1.php on line 124.
 1 APPPATH/Views/layouts/container1.php(124): CodeIgniter\Debug\Exceptions->errorHandler(2, 'Use of undefined constant php - assumed \'php\' (this will throw an Error in a future version of PHP)', 'APPPATH/Views/layouts/container1.php', 124, [...])
 2 SYSTEMPATH/View/View.php(213): include('APPPATH/Views/layouts/container1.php')
 3 SYSTEMPATH/View/View.php(216): CodeIgniter\View\View->CodeIgniter\View\{closure}()
 4 SYSTEMPATH/Common.php(1134): CodeIgniter\View\View->render('layouts/container1', [], true)
 5 APPPATH/Controllers/Main.php(84): view('layouts/container1', [...])
 6 SYSTEMPATH/CodeIgniter.php(927): App\Controllers\Main->container1()
 7 SYSTEMPATH/CodeIgniter.php(482): CodeIgniter\CodeIgniter->runController(Object(App\Controllers\Main))
 8 SYSTEMPATH/CodeIgniter.php(351): CodeIgniter\CodeIgniter->handleRequest(null, Object(Config\Cache), false)
 9 FCPATH/index.php(67): CodeIgniter\CodeIgniter->run()
