CRITICAL - 2023-02-09 03:20:06 --> syntax error, unexpected end of file
in APPPATH/Views/layouts/container1.php on line 232.
 1 SYSTEMPATH/View/View.php(216): CodeIgniter\View\View->CodeIgniter\View\{closure}()
 2 SYSTEMPATH/Common.php(1134): CodeIgniter\View\View->render('layouts/container1', [], true)
 3 APPPATH/Controllers/Main.php(84): view('layouts/container1', [...])
 4 SYSTEMPATH/CodeIgniter.php(927): App\Controllers\Main->container1()
 5 SYSTEMPATH/CodeIgniter.php(482): CodeIgniter\CodeIgniter->runController(Object(App\Controllers\Main))
 6 SYSTEMPATH/CodeIgniter.php(351): CodeIgniter\CodeIgniter->handleRequest(null, Object(Config\Cache), false)
 7 FCPATH/index.php(67): CodeIgniter\CodeIgniter->run()
CRITICAL - 2023-02-09 03:34:35 --> Call to undefined function int()
in APPPATH/Views/layouts/container1.php on line 23.
 1 SYSTEMPATH/View/View.php(213): include()
 2 SYSTEMPATH/View/View.php(216): CodeIgniter\View\View->CodeIgniter\View\{closure}()
 3 SYSTEMPATH/Common.php(1134): CodeIgniter\View\View->render('layouts/container1', [], true)
 4 APPPATH/Controllers/Main.php(84): view('layouts/container1', [...])
 5 SYSTEMPATH/CodeIgniter.php(927): App\Controllers\Main->container1()
 6 SYSTEMPATH/CodeIgniter.php(482): CodeIgniter\CodeIgniter->runController(Object(App\Controllers\Main))
 7 SYSTEMPATH/CodeIgniter.php(351): CodeIgniter\CodeIgniter->handleRequest(null, Object(Config\Cache), false)
 8 FCPATH/index.php(67): CodeIgniter\CodeIgniter->run()
CRITICAL - 2023-02-09 03:52:18 --> Can't use function return value in write context
in APPPATH/Views/layouts/container1.php on line 20.
 1 [internal function]: CodeIgniter\Debug\Exceptions->shutdownHandler()
CRITICAL - 2023-02-09 04:23:39 --> Can't use function return value in write context
in APPPATH/Views/layouts/container1.php on line 20.
 1 [internal function]: CodeIgniter\Debug\Exceptions->shutdownHandler()
CRITICAL - 2023-02-09 04:23:47 --> Can't use function return value in write context
in APPPATH/Views/layouts/container1.php on line 20.
 1 [internal function]: CodeIgniter\Debug\Exceptions->shutdownHandler()
