CRITICAL - 2022-12-11 23:27:04 --> Undefined variable: cont1
in APPPATH/Views/layouts/container5.php on line 72.
 1 APPPATH/Views/layouts/container5.php(72): CodeIgniter\Debug\Exceptions->errorHandler(8, 'Undefined variable: cont1', 'APPPATH/Views/layouts/container5.php', 72, [...])
 2 SYSTEMPATH/View/View.php(213): include('APPPATH/Views/layouts/container5.php')
 3 SYSTEMPATH/View/View.php(216): CodeIgniter\View\View->CodeIgniter\View\{closure}()
 4 SYSTEMPATH/Common.php(1134): CodeIgniter\View\View->render('layouts/container5', [], true)
 5 APPPATH/Controllers/Main.php(170): view('layouts/container5', [...])
 6 SYSTEMPATH/CodeIgniter.php(927): App\Controllers\Main->container5()
 7 SYSTEMPATH/CodeIgniter.php(482): CodeIgniter\CodeIgniter->runController(Object(App\Controllers\Main))
 8 SYSTEMPATH/CodeIgniter.php(351): CodeIgniter\CodeIgniter->handleRequest(null, Object(Config\Cache), false)
 9 FCPATH/index.php(67): CodeIgniter\CodeIgniter->run()
CRITICAL - 2022-12-11 23:27:35 --> Undefined variable: cont1
in APPPATH/Views/layouts/container5.php on line 72.
 1 APPPATH/Views/layouts/container5.php(72): CodeIgniter\Debug\Exceptions->errorHandler(8, 'Undefined variable: cont1', 'APPPATH/Views/layouts/container5.php', 72, [...])
 2 SYSTEMPATH/View/View.php(213): include('APPPATH/Views/layouts/container5.php')
 3 SYSTEMPATH/View/View.php(216): CodeIgniter\View\View->CodeIgniter\View\{closure}()
 4 SYSTEMPATH/Common.php(1134): CodeIgniter\View\View->render('layouts/container5', [], true)
 5 APPPATH/Controllers/Main.php(170): view('layouts/container5', [...])
 6 SYSTEMPATH/CodeIgniter.php(927): App\Controllers\Main->container5()
 7 SYSTEMPATH/CodeIgniter.php(482): CodeIgniter\CodeIgniter->runController(Object(App\Controllers\Main))
 8 SYSTEMPATH/CodeIgniter.php(351): CodeIgniter\CodeIgniter->handleRequest(null, Object(Config\Cache), false)
 9 FCPATH/index.php(67): CodeIgniter\CodeIgniter->run()
CRITICAL - 2022-12-11 23:34:15 --> Undefined variable: cont1
in APPPATH/Views/layouts/container5.php on line 72.
 1 APPPATH/Views/layouts/container5.php(72): CodeIgniter\Debug\Exceptions->errorHandler(8, 'Undefined variable: cont1', 'APPPATH/Views/layouts/container5.php', 72, [...])
 2 SYSTEMPATH/View/View.php(213): include('APPPATH/Views/layouts/container5.php')
 3 SYSTEMPATH/View/View.php(216): CodeIgniter\View\View->CodeIgniter\View\{closure}()
 4 SYSTEMPATH/Common.php(1134): CodeIgniter\View\View->render('layouts/container5', [], true)
 5 APPPATH/Controllers/Main.php(170): view('layouts/container5', [...])
 6 SYSTEMPATH/CodeIgniter.php(927): App\Controllers\Main->container5()
 7 SYSTEMPATH/CodeIgniter.php(482): CodeIgniter\CodeIgniter->runController(Object(App\Controllers\Main))
 8 SYSTEMPATH/CodeIgniter.php(351): CodeIgniter\CodeIgniter->handleRequest(null, Object(Config\Cache), false)
 9 FCPATH/index.php(67): CodeIgniter\CodeIgniter->run()
CRITICAL - 2022-12-11 23:34:26 --> Undefined variable: cont1
in APPPATH/Views/layouts/container5.php on line 72.
 1 APPPATH/Views/layouts/container5.php(72): CodeIgniter\Debug\Exceptions->errorHandler(8, 'Undefined variable: cont1', 'APPPATH/Views/layouts/container5.php', 72, [...])
 2 SYSTEMPATH/View/View.php(213): include('APPPATH/Views/layouts/container5.php')
 3 SYSTEMPATH/View/View.php(216): CodeIgniter\View\View->CodeIgniter\View\{closure}()
 4 SYSTEMPATH/Common.php(1134): CodeIgniter\View\View->render('layouts/container5', [], true)
 5 APPPATH/Controllers/Main.php(170): view('layouts/container5', [...])
 6 SYSTEMPATH/CodeIgniter.php(927): App\Controllers\Main->container5()
 7 SYSTEMPATH/CodeIgniter.php(482): CodeIgniter\CodeIgniter->runController(Object(App\Controllers\Main))
 8 SYSTEMPATH/CodeIgniter.php(351): CodeIgniter\CodeIgniter->handleRequest(null, Object(Config\Cache), false)
 9 FCPATH/index.php(67): CodeIgniter\CodeIgniter->run()
CRITICAL - 2022-12-11 23:44:14 --> Undefined property: stdClass::$name
in APPPATH/Views/layouts/container5.php on line 72.
 1 APPPATH/Views/layouts/container5.php(72): CodeIgniter\Debug\Exceptions->errorHandler(8, 'Undefined property: stdClass::$name', 'APPPATH/Views/layouts/container5.php', 72, [...])
 2 SYSTEMPATH/View/View.php(213): include('APPPATH/Views/layouts/container5.php')
 3 SYSTEMPATH/View/View.php(216): CodeIgniter\View\View->CodeIgniter\View\{closure}()
 4 SYSTEMPATH/Common.php(1134): CodeIgniter\View\View->render('layouts/container5', [], true)
 5 APPPATH/Controllers/Main.php(170): view('layouts/container5', [...])
 6 SYSTEMPATH/CodeIgniter.php(927): App\Controllers\Main->container5()
 7 SYSTEMPATH/CodeIgniter.php(482): CodeIgniter\CodeIgniter->runController(Object(App\Controllers\Main))
 8 SYSTEMPATH/CodeIgniter.php(351): CodeIgniter\CodeIgniter->handleRequest(null, Object(Config\Cache), false)
 9 FCPATH/index.php(67): CodeIgniter\CodeIgniter->run()
CRITICAL - 2022-12-11 23:45:02 --> Undefined property: stdClass::$name
in APPPATH/Views/layouts/container5.php on line 72.
 1 APPPATH/Views/layouts/container5.php(72): CodeIgniter\Debug\Exceptions->errorHandler(8, 'Undefined property: stdClass::$name', 'APPPATH/Views/layouts/container5.php', 72, [...])
 2 SYSTEMPATH/View/View.php(213): include('APPPATH/Views/layouts/container5.php')
 3 SYSTEMPATH/View/View.php(216): CodeIgniter\View\View->CodeIgniter\View\{closure}()
 4 SYSTEMPATH/Common.php(1134): CodeIgniter\View\View->render('layouts/container5', [], true)
 5 APPPATH/Controllers/Main.php(170): view('layouts/container5', [...])
 6 SYSTEMPATH/CodeIgniter.php(927): App\Controllers\Main->container5()
 7 SYSTEMPATH/CodeIgniter.php(482): CodeIgniter\CodeIgniter->runController(Object(App\Controllers\Main))
 8 SYSTEMPATH/CodeIgniter.php(351): CodeIgniter\CodeIgniter->handleRequest(null, Object(Config\Cache), false)
 9 FCPATH/index.php(67): CodeIgniter\CodeIgniter->run()
CRITICAL - 2022-12-11 23:46:00 --> Undefined property: stdClass::$description
in APPPATH/Views/layouts/container5.php on line 73.
 1 APPPATH/Views/layouts/container5.php(73): CodeIgniter\Debug\Exceptions->errorHandler(8, 'Undefined property: stdClass::$description', 'APPPATH/Views/layouts/container5.php', 73, [...])
 2 SYSTEMPATH/View/View.php(213): include('APPPATH/Views/layouts/container5.php')
 3 SYSTEMPATH/View/View.php(216): CodeIgniter\View\View->CodeIgniter\View\{closure}()
 4 SYSTEMPATH/Common.php(1134): CodeIgniter\View\View->render('layouts/container5', [], true)
 5 APPPATH/Controllers/Main.php(170): view('layouts/container5', [...])
 6 SYSTEMPATH/CodeIgniter.php(927): App\Controllers\Main->container5()
 7 SYSTEMPATH/CodeIgniter.php(482): CodeIgniter\CodeIgniter->runController(Object(App\Controllers\Main))
 8 SYSTEMPATH/CodeIgniter.php(351): CodeIgniter\CodeIgniter->handleRequest(null, Object(Config\Cache), false)
 9 FCPATH/index.php(67): CodeIgniter\CodeIgniter->run()
CRITICAL - 2022-12-11 23:46:17 --> Undefined property: stdClass::$description
in APPPATH/Views/layouts/container5.php on line 73.
 1 APPPATH/Views/layouts/container5.php(73): CodeIgniter\Debug\Exceptions->errorHandler(8, 'Undefined property: stdClass::$description', 'APPPATH/Views/layouts/container5.php', 73, [...])
 2 SYSTEMPATH/View/View.php(213): include('APPPATH/Views/layouts/container5.php')
 3 SYSTEMPATH/View/View.php(216): CodeIgniter\View\View->CodeIgniter\View\{closure}()
 4 SYSTEMPATH/Common.php(1134): CodeIgniter\View\View->render('layouts/container5', [], true)
 5 APPPATH/Controllers/Main.php(170): view('layouts/container5', [...])
 6 SYSTEMPATH/CodeIgniter.php(927): App\Controllers\Main->container5()
 7 SYSTEMPATH/CodeIgniter.php(482): CodeIgniter\CodeIgniter->runController(Object(App\Controllers\Main))
 8 SYSTEMPATH/CodeIgniter.php(351): CodeIgniter\CodeIgniter->handleRequest(null, Object(Config\Cache), false)
 9 FCPATH/index.php(67): CodeIgniter\CodeIgniter->run()
CRITICAL - 2022-12-11 23:46:28 --> Undefined property: stdClass::$description
in APPPATH/Views/layouts/container5.php on line 73.
 1 APPPATH/Views/layouts/container5.php(73): CodeIgniter\Debug\Exceptions->errorHandler(8, 'Undefined property: stdClass::$description', 'APPPATH/Views/layouts/container5.php', 73, [...])
 2 SYSTEMPATH/View/View.php(213): include('APPPATH/Views/layouts/container5.php')
 3 SYSTEMPATH/View/View.php(216): CodeIgniter\View\View->CodeIgniter\View\{closure}()
 4 SYSTEMPATH/Common.php(1134): CodeIgniter\View\View->render('layouts/container5', [], true)
 5 APPPATH/Controllers/Main.php(170): view('layouts/container5', [...])
 6 SYSTEMPATH/CodeIgniter.php(927): App\Controllers\Main->container5()
 7 SYSTEMPATH/CodeIgniter.php(482): CodeIgniter\CodeIgniter->runController(Object(App\Controllers\Main))
 8 SYSTEMPATH/CodeIgniter.php(351): CodeIgniter\CodeIgniter->handleRequest(null, Object(Config\Cache), false)
 9 FCPATH/index.php(67): CodeIgniter\CodeIgniter->run()
