CRITICAL - 2023-02-20 00:44:17 --> You cannot use a Stripe token more than once: tok_1MdSu7HksjqOOL27QI0230tT.
in APPPATH/Libraries/stripe/stripe-php/lib/Exception/ApiErrorException.php on line 38.
 1 APPPATH/Libraries/stripe/stripe-php/lib/Exception/InvalidRequestException.php(35): Stripe\Exception\ApiErrorException::factory('You cannot use a Stripe token more than once: tok_1MdSu7HksjqOOL27QI0230tT.', 400, '{
  "error": {
    "code": "token_already_used",
    "doc_url": "https://stripe.com/docs/error-codes/token-already-used",
    "message": "You cannot use a Stripe token more than once: tok_1MdSu7HksjqOOL27QI0230tT.",
    "request_log_url": "https://dashboard.stripe.com/test/logs/req_2TVoitl58LsQ0R?t=1676875457",
    "type": "invalid_request_error"
  }
}
', [...], Object(Stripe\Util\CaseInsensitiveArray), 'token_already_used')
 2 APPPATH/Libraries/stripe/stripe-php/lib/ApiRequestor.php(213): Stripe\Exception\InvalidRequestException::factory('You cannot use a Stripe token more than once: tok_1MdSu7HksjqOOL27QI0230tT.', 400, '{
  "error": {
    "code": "token_already_used",
    "doc_url": "https://stripe.com/docs/error-codes/token-already-used",
    "message": "You cannot use a Stripe token more than once: tok_1MdSu7HksjqOOL27QI0230tT.",
    "request_log_url": "https://dashboard.stripe.com/test/logs/req_2TVoitl58LsQ0R?t=1676875457",
    "type": "invalid_request_error"
  }
}
', [...], Object(Stripe\Util\CaseInsensitiveArray), 'token_already_used', null)
 3 APPPATH/Libraries/stripe/stripe-php/lib/ApiRequestor.php(175): Stripe\ApiRequestor::_specificAPIError('{
  "error": {
    "code": "token_already_used",
    "doc_url": "https://stripe.com/docs/error-codes/token-already-used",
    "message": "You cannot use a Stripe token more than once: tok_1MdSu7HksjqOOL27QI0230tT.",
    "request_log_url": "https://dashboard.stripe.com/test/logs/req_2TVoitl58LsQ0R?t=1676875457",
    "type": "invalid_request_error"
  }
}
', 400, Object(Stripe\Util\CaseInsensitiveArray), [...], [...])
 4 APPPATH/Libraries/stripe/stripe-php/lib/ApiRequestor.php(558): Stripe\ApiRequestor->handleErrorResponse('{
  "error": {
    "code": "token_already_used",
    "doc_url": "https://stripe.com/docs/error-codes/token-already-used",
    "message": "You cannot use a Stripe token more than once: tok_1MdSu7HksjqOOL27QI0230tT.",
    "request_log_url": "https://dashboard.stripe.com/test/logs/req_2TVoitl58LsQ0R?t=1676875457",
    "type": "invalid_request_error"
  }
}
', 400, Object(Stripe\Util\CaseInsensitiveArray), [...])
 5 APPPATH/Libraries/stripe/stripe-php/lib/ApiRequestor.php(124): Stripe\ApiRequestor->_interpretResponse('{
  "error": {
    "code": "token_already_used",
    "doc_url": "https://stripe.com/docs/error-codes/token-already-used",
    "message": "You cannot use a Stripe token more than once: tok_1MdSu7HksjqOOL27QI0230tT.",
    "request_log_url": "https://dashboard.stripe.com/test/logs/req_2TVoitl58LsQ0R?t=1676875457",
    "type": "invalid_request_error"
  }
}
', 400, Object(Stripe\Util\CaseInsensitiveArray))
 6 APPPATH/Libraries/stripe/stripe-php/lib/ApiOperations/Request.php(78): Stripe\ApiRequestor->request('post', '/v1/charges', [...], [])
 7 APPPATH/Libraries/stripe/stripe-php/lib/ApiOperations/Create.php(25): Stripe\ApiResource::_staticRequest('post', '/v1/charges', [...], null)
 8 APPPATH/Controllers/Main.php(421): Stripe\Charge::create([...])
 9 SYSTEMPATH/CodeIgniter.php(927): App\Controllers\Main->order_rcvd()
10 SYSTEMPATH/CodeIgniter.php(482): CodeIgniter\CodeIgniter->runController(Object(App\Controllers\Main))
11 SYSTEMPATH/CodeIgniter.php(351): CodeIgniter\CodeIgniter->handleRequest(null, Object(Config\Cache), false)
12 FCPATH/index.php(67): CodeIgniter\CodeIgniter->run()
CRITICAL - 2023-02-20 22:58:13 --> Undefined variable: container5
in APPPATH/Views/layouts/slimecontainer.php on line 36.
 1 APPPATH/Views/layouts/slimecontainer.php(36): CodeIgniter\Debug\Exceptions->errorHandler(8, 'Undefined variable: container5', 'APPPATH/Views/layouts/slimecontainer.php', 36, [...])
 2 SYSTEMPATH/View/View.php(213): include('APPPATH/Views/layouts/slimecontainer.php')
 3 SYSTEMPATH/View/View.php(216): CodeIgniter\View\View->CodeIgniter\View\{closure}()
 4 SYSTEMPATH/Common.php(1134): CodeIgniter\View\View->render('layouts/slimecontainer', [], true)
 5 APPPATH/Controllers/Main.php(110): view('layouts/slimecontainer', [...])
 6 SYSTEMPATH/CodeIgniter.php(927): App\Controllers\Main->slimecontainer()
 7 SYSTEMPATH/CodeIgniter.php(482): CodeIgniter\CodeIgniter->runController(Object(App\Controllers\Main))
 8 SYSTEMPATH/CodeIgniter.php(351): CodeIgniter\CodeIgniter->handleRequest(null, Object(Config\Cache), false)
 9 FCPATH/index.php(67): CodeIgniter\CodeIgniter->run()
CRITICAL - 2023-02-20 22:59:13 --> Undefined variable: container5
in APPPATH/Views/layouts/slimecontainer.php on line 36.
 1 APPPATH/Views/layouts/slimecontainer.php(36): CodeIgniter\Debug\Exceptions->errorHandler(8, 'Undefined variable: container5', 'APPPATH/Views/layouts/slimecontainer.php', 36, [...])
 2 SYSTEMPATH/View/View.php(213): include('APPPATH/Views/layouts/slimecontainer.php')
 3 SYSTEMPATH/View/View.php(216): CodeIgniter\View\View->CodeIgniter\View\{closure}()
 4 SYSTEMPATH/Common.php(1134): CodeIgniter\View\View->render('layouts/slimecontainer', [], true)
 5 APPPATH/Controllers/Main.php(110): view('layouts/slimecontainer', [...])
 6 SYSTEMPATH/CodeIgniter.php(927): App\Controllers\Main->slimecontainer()
 7 SYSTEMPATH/CodeIgniter.php(482): CodeIgniter\CodeIgniter->runController(Object(App\Controllers\Main))
 8 SYSTEMPATH/CodeIgniter.php(351): CodeIgniter\CodeIgniter->handleRequest(null, Object(Config\Cache), false)
 9 FCPATH/index.php(67): CodeIgniter\CodeIgniter->run()
