CRITICAL - 2023-02-12 11:37:09 --> Use of undefined constant w - assumed 'w' (this will throw an Error in a future version of PHP)
in APPPATH/Views/layouts/container1.php on line 32.
 1 APPPATH/Views/layouts/container1.php(32): CodeIgniter\Debug\Exceptions->errorHandler(2, 'Use of undefined constant w - assumed \'w\' (this will throw an Error in a future version of PHP)', 'APPPATH/Views/layouts/container1.php', 32, [...])
 2 SYSTEMPATH/View/View.php(213): include('APPPATH/Views/layouts/container1.php')
 3 SYSTEMPATH/View/View.php(216): CodeIgniter\View\View->CodeIgniter\View\{closure}()
 4 SYSTEMPATH/Common.php(1134): CodeIgniter\View\View->render('layouts/container1', [], true)
 5 APPPATH/Controllers/Main.php(84): view('layouts/container1', [...])
 6 SYSTEMPATH/CodeIgniter.php(927): App\Controllers\Main->container1()
 7 SYSTEMPATH/CodeIgniter.php(482): CodeIgniter\CodeIgniter->runController(Object(App\Controllers\Main))
 8 SYSTEMPATH/CodeIgniter.php(351): CodeIgniter\CodeIgniter->handleRequest(null, Object(Config\Cache), false)
 9 FCPATH/index.php(67): CodeIgniter\CodeIgniter->run()
CRITICAL - 2023-02-12 12:22:59 --> Use of undefined constant width - assumed 'width' (this will throw an Error in a future version of PHP)
in APPPATH/Views/layouts/container1.php on line 40.
 1 APPPATH/Views/layouts/container1.php(40): CodeIgniter\Debug\Exceptions->errorHandler(2, 'Use of undefined constant width - assumed \'width\' (this will throw an Error in a future version of PHP)', 'APPPATH/Views/layouts/container1.php', 40, [...])
 2 SYSTEMPATH/View/View.php(213): include('APPPATH/Views/layouts/container1.php')
 3 SYSTEMPATH/View/View.php(216): CodeIgniter\View\View->CodeIgniter\View\{closure}()
 4 SYSTEMPATH/Common.php(1134): CodeIgniter\View\View->render('layouts/container1', [], true)
 5 APPPATH/Controllers/Main.php(84): view('layouts/container1', [...])
 6 SYSTEMPATH/CodeIgniter.php(927): App\Controllers\Main->container1()
 7 SYSTEMPATH/CodeIgniter.php(482): CodeIgniter\CodeIgniter->runController(Object(App\Controllers\Main))
 8 SYSTEMPATH/CodeIgniter.php(351): CodeIgniter\CodeIgniter->handleRequest(null, Object(Config\Cache), false)
 9 FCPATH/index.php(67): CodeIgniter\CodeIgniter->run()
CRITICAL - 2023-02-12 12:27:32 --> Undefined index: height
in APPPATH/Views/layouts/container1.php on line 54.
 1 APPPATH/Views/layouts/container1.php(54): CodeIgniter\Debug\Exceptions->errorHandler(8, 'Undefined index: height', 'APPPATH/Views/layouts/container1.php', 54, [...])
 2 SYSTEMPATH/View/View.php(213): include('APPPATH/Views/layouts/container1.php')
 3 SYSTEMPATH/View/View.php(216): CodeIgniter\View\View->CodeIgniter\View\{closure}()
 4 SYSTEMPATH/Common.php(1134): CodeIgniter\View\View->render('layouts/container1', [], true)
 5 APPPATH/Controllers/Main.php(84): view('layouts/container1', [...])
 6 SYSTEMPATH/CodeIgniter.php(927): App\Controllers\Main->container1()
 7 SYSTEMPATH/CodeIgniter.php(482): CodeIgniter\CodeIgniter->runController(Object(App\Controllers\Main))
 8 SYSTEMPATH/CodeIgniter.php(351): CodeIgniter\CodeIgniter->handleRequest(null, Object(Config\Cache), false)
 9 FCPATH/index.php(67): CodeIgniter\CodeIgniter->run()
CRITICAL - 2023-02-12 12:28:15 --> Undefined index: height
in APPPATH/Views/layouts/container1.php on line 54.
 1 APPPATH/Views/layouts/container1.php(54): CodeIgniter\Debug\Exceptions->errorHandler(8, 'Undefined index: height', 'APPPATH/Views/layouts/container1.php', 54, [...])
 2 SYSTEMPATH/View/View.php(213): include('APPPATH/Views/layouts/container1.php')
 3 SYSTEMPATH/View/View.php(216): CodeIgniter\View\View->CodeIgniter\View\{closure}()
 4 SYSTEMPATH/Common.php(1134): CodeIgniter\View\View->render('layouts/container1', [], true)
 5 APPPATH/Controllers/Main.php(84): view('layouts/container1', [...])
 6 SYSTEMPATH/CodeIgniter.php(927): App\Controllers\Main->container1()
 7 SYSTEMPATH/CodeIgniter.php(482): CodeIgniter\CodeIgniter->runController(Object(App\Controllers\Main))
 8 SYSTEMPATH/CodeIgniter.php(351): CodeIgniter\CodeIgniter->handleRequest(null, Object(Config\Cache), false)
 9 FCPATH/index.php(67): CodeIgniter\CodeIgniter->run()
CRITICAL - 2023-02-12 12:31:23 --> Undefined index: width
in APPPATH/Views/layouts/container1.php on line 54.
 1 APPPATH/Views/layouts/container1.php(54): CodeIgniter\Debug\Exceptions->errorHandler(8, 'Undefined index: width', 'APPPATH/Views/layouts/container1.php', 54, [...])
 2 SYSTEMPATH/View/View.php(213): include('APPPATH/Views/layouts/container1.php')
 3 SYSTEMPATH/View/View.php(216): CodeIgniter\View\View->CodeIgniter\View\{closure}()
 4 SYSTEMPATH/Common.php(1134): CodeIgniter\View\View->render('layouts/container1', [], true)
 5 APPPATH/Controllers/Main.php(84): view('layouts/container1', [...])
 6 SYSTEMPATH/CodeIgniter.php(927): App\Controllers\Main->container1()
 7 SYSTEMPATH/CodeIgniter.php(482): CodeIgniter\CodeIgniter->runController(Object(App\Controllers\Main))
 8 SYSTEMPATH/CodeIgniter.php(351): CodeIgniter\CodeIgniter->handleRequest(null, Object(Config\Cache), false)
 9 FCPATH/index.php(67): CodeIgniter\CodeIgniter->run()
CRITICAL - 2023-02-12 12:31:28 --> Undefined index: width
in APPPATH/Views/layouts/container1.php on line 54.
 1 APPPATH/Views/layouts/container1.php(54): CodeIgniter\Debug\Exceptions->errorHandler(8, 'Undefined index: width', 'APPPATH/Views/layouts/container1.php', 54, [...])
 2 SYSTEMPATH/View/View.php(213): include('APPPATH/Views/layouts/container1.php')
 3 SYSTEMPATH/View/View.php(216): CodeIgniter\View\View->CodeIgniter\View\{closure}()
 4 SYSTEMPATH/Common.php(1134): CodeIgniter\View\View->render('layouts/container1', [], true)
 5 APPPATH/Controllers/Main.php(84): view('layouts/container1', [...])
 6 SYSTEMPATH/CodeIgniter.php(927): App\Controllers\Main->container1()
 7 SYSTEMPATH/CodeIgniter.php(482): CodeIgniter\CodeIgniter->runController(Object(App\Controllers\Main))
 8 SYSTEMPATH/CodeIgniter.php(351): CodeIgniter\CodeIgniter->handleRequest(null, Object(Config\Cache), false)
 9 FCPATH/index.php(67): CodeIgniter\CodeIgniter->run()
CRITICAL - 2023-02-12 12:31:53 --> Undefined index: width
in APPPATH/Views/layouts/container1.php on line 54.
 1 APPPATH/Views/layouts/container1.php(54): CodeIgniter\Debug\Exceptions->errorHandler(8, 'Undefined index: width', 'APPPATH/Views/layouts/container1.php', 54, [...])
 2 SYSTEMPATH/View/View.php(213): include('APPPATH/Views/layouts/container1.php')
 3 SYSTEMPATH/View/View.php(216): CodeIgniter\View\View->CodeIgniter\View\{closure}()
 4 SYSTEMPATH/Common.php(1134): CodeIgniter\View\View->render('layouts/container1', [], true)
 5 APPPATH/Controllers/Main.php(84): view('layouts/container1', [...])
 6 SYSTEMPATH/CodeIgniter.php(927): App\Controllers\Main->container1()
 7 SYSTEMPATH/CodeIgniter.php(482): CodeIgniter\CodeIgniter->runController(Object(App\Controllers\Main))
 8 SYSTEMPATH/CodeIgniter.php(351): CodeIgniter\CodeIgniter->handleRequest(null, Object(Config\Cache), false)
 9 FCPATH/index.php(67): CodeIgniter\CodeIgniter->run()
CRITICAL - 2023-02-12 12:31:57 --> Undefined index: width
in APPPATH/Views/layouts/container1.php on line 54.
 1 APPPATH/Views/layouts/container1.php(54): CodeIgniter\Debug\Exceptions->errorHandler(8, 'Undefined index: width', 'APPPATH/Views/layouts/container1.php', 54, [...])
 2 SYSTEMPATH/View/View.php(213): include('APPPATH/Views/layouts/container1.php')
 3 SYSTEMPATH/View/View.php(216): CodeIgniter\View\View->CodeIgniter\View\{closure}()
 4 SYSTEMPATH/Common.php(1134): CodeIgniter\View\View->render('layouts/container1', [], true)
 5 APPPATH/Controllers/Main.php(84): view('layouts/container1', [...])
 6 SYSTEMPATH/CodeIgniter.php(927): App\Controllers\Main->container1()
 7 SYSTEMPATH/CodeIgniter.php(482): CodeIgniter\CodeIgniter->runController(Object(App\Controllers\Main))
 8 SYSTEMPATH/CodeIgniter.php(351): CodeIgniter\CodeIgniter->handleRequest(null, Object(Config\Cache), false)
 9 FCPATH/index.php(67): CodeIgniter\CodeIgniter->run()
CRITICAL - 2023-02-12 23:32:52 --> Undefined index: width
in APPPATH/Views/layouts/container1.php on line 53.
 1 APPPATH/Views/layouts/container1.php(53): CodeIgniter\Debug\Exceptions->errorHandler(8, 'Undefined index: width', 'APPPATH/Views/layouts/container1.php', 53, [...])
 2 SYSTEMPATH/View/View.php(213): include('APPPATH/Views/layouts/container1.php')
 3 SYSTEMPATH/View/View.php(216): CodeIgniter\View\View->CodeIgniter\View\{closure}()
 4 SYSTEMPATH/Common.php(1134): CodeIgniter\View\View->render('layouts/container1', [], true)
 5 APPPATH/Controllers/Main.php(84): view('layouts/container1', [...])
 6 SYSTEMPATH/CodeIgniter.php(927): App\Controllers\Main->container1()
 7 SYSTEMPATH/CodeIgniter.php(482): CodeIgniter\CodeIgniter->runController(Object(App\Controllers\Main))
 8 SYSTEMPATH/CodeIgniter.php(351): CodeIgniter\CodeIgniter->handleRequest(null, Object(Config\Cache), false)
 9 FCPATH/index.php(67): CodeIgniter\CodeIgniter->run()
CRITICAL - 2023-02-12 23:33:10 --> Undefined index: width
in APPPATH/Views/layouts/container1.php on line 53.
 1 APPPATH/Views/layouts/container1.php(53): CodeIgniter\Debug\Exceptions->errorHandler(8, 'Undefined index: width', 'APPPATH/Views/layouts/container1.php', 53, [...])
 2 SYSTEMPATH/View/View.php(213): include('APPPATH/Views/layouts/container1.php')
 3 SYSTEMPATH/View/View.php(216): CodeIgniter\View\View->CodeIgniter\View\{closure}()
 4 SYSTEMPATH/Common.php(1134): CodeIgniter\View\View->render('layouts/container1', [], true)
 5 APPPATH/Controllers/Main.php(84): view('layouts/container1', [...])
 6 SYSTEMPATH/CodeIgniter.php(927): App\Controllers\Main->container1()
 7 SYSTEMPATH/CodeIgniter.php(482): CodeIgniter\CodeIgniter->runController(Object(App\Controllers\Main))
 8 SYSTEMPATH/CodeIgniter.php(351): CodeIgniter\CodeIgniter->handleRequest(null, Object(Config\Cache), false)
 9 FCPATH/index.php(67): CodeIgniter\CodeIgniter->run()
